[154640.280] ###############################################################################################
[154640.284] #  Itn.    time          dt         CFL#       D#         visc       DilMin        DilMax     #
[154640.287] ###############################################################################################
[154640.334] 0       0  0.000000E+00  0.599E-02  0.120E+01  0.523E-01  0.250E-02 -0.526934E-03  0.585180E-03
[154750.315] 0      10  0.607006E-01  0.627E-02  0.120E+01  0.548E-01  0.250E-02 -0.572617E-03  0.494999E-03
[154900.291] 0      20  0.125942E+00  0.663E-02  0.120E+01  0.579E-01  0.250E-02 -0.953969E-03  0.102601E-02
[155010.275] 0      30  0.194781E+00  0.705E-02  0.120E+01  0.615E-01  0.250E-02 -0.156457E-02  0.135882E-02
[155120.257] 0      40  0.266078E+00  0.732E-02  0.120E+01  0.639E-01  0.250E-02 -0.132408E-02  0.129665E-02
[155230.218] 0      50  0.340963E+00  0.764E-02  0.120E+01  0.667E-01  0.250E-02 -0.138041E-02  0.157209E-02
[155340.171] 0      60  0.417684E+00  0.777E-02  0.120E+01  0.679E-01  0.250E-02 -0.162801E-02  0.134831E-02
[155450.119] 0      70  0.498317E+00  0.838E-02  0.120E+01  0.732E-01  0.250E-02 -0.176857E-02  0.110160E-02
[155600.056] 0      80  0.581444E+00  0.816E-02  0.120E+01  0.713E-01  0.250E-02 -0.145658E-02  0.133182E-02
[155709.998] 0      90  0.662813E+00  0.836E-02  0.120E+01  0.730E-01  0.250E-02 -0.168821E-02  0.131077E-02
[160132.902] 0     100  0.751259E+00  0.907E-02  0.120E+01  0.792E-01  0.250E-02 -0.139692E-02  0.932930E-03
[160242.792] 0     110  0.842619E+00  0.933E-02  0.120E+01  0.814E-01  0.250E-02 -0.134222E-02  0.740239E-03
[160352.676] 0     120  0.938882E+00  0.100E-01  0.120E+01  0.874E-01  0.250E-02 -0.126260E-02  0.734114E-03
[160502.567] 0     130  0.104397E+01  0.113E-01  0.120E+01  0.986E-01  0.250E-02 -0.848083E-03  0.840020E-03
[160612.469] 0     140  0.115858E+01  0.116E-01  0.120E+01  0.102E+00  0.250E-02 -0.784150E-03  0.858802E-03
[160722.368] 0     150  0.127722E+01  0.125E-01  0.120E+01  0.109E+00  0.250E-02 -0.674998E-03  0.564585E-03
[160832.257] 0     160  0.140069E+01  0.119E-01  0.120E+01  0.104E+00  0.250E-02 -0.607878E-03  0.749752E-03
[160942.136] 0     170  0.151791E+01  0.117E-01  0.120E+01  0.102E+00  0.250E-02 -0.786188E-03  0.746082E-03
[161052.029] 0     180  0.163521E+01  0.118E-01  0.120E+01  0.103E+00  0.250E-02 -0.761560E-03  0.668488E-03
[161201.912] 0     190  0.175496E+01  0.122E-01  0.120E+01  0.107E+00  0.250E-02 -0.642030E-03  0.527246E-03
[161617.047] 0     200  0.188074E+01  0.131E-01  0.120E+01  0.115E+00  0.250E-02 -0.571281E-03  0.585025E-03
[161726.935] 0     210  0.201450E+01  0.133E-01  0.120E+01  0.116E+00  0.250E-02 -0.717204E-03  0.577243E-03
[161836.814] 0     220  0.214861E+01  0.134E-01  0.120E+01  0.117E+00  0.250E-02 -0.673453E-03  0.826986E-03
[161946.700] 0     230  0.228261E+01  0.135E-01  0.120E+01  0.118E+00  0.250E-02 -0.623889E-03  0.935655E-03
[162056.573] 0     240  0.241539E+01  0.130E-01  0.120E+01  0.113E+00  0.250E-02 -0.588736E-03  0.764883E-03
[162206.467] 0     250  0.254458E+01  0.128E-01  0.120E+01  0.112E+00  0.250E-02 -0.642929E-03  0.849757E-03
[162316.354] 0     260  0.267111E+01  0.123E-01  0.120E+01  0.108E+00  0.250E-02 -0.673932E-03  0.661970E-03
[162426.229] 0     270  0.279175E+01  0.117E-01  0.120E+01  0.102E+00  0.250E-02 -0.625540E-03  0.569521E-03
[162536.108] 0     280  0.290631E+01  0.112E-01  0.120E+01  0.976E-01  0.250E-02 -0.551881E-03  0.673391E-03
[162645.978] 0     290  0.301603E+01  0.107E-01  0.120E+01  0.937E-01  0.250E-02 -0.485996E-03  0.704711E-03
[163102.330] 0     300  0.312199E+01  0.105E-01  0.120E+01  0.914E-01  0.250E-02 -0.606647E-03  0.504821E-03
[163212.180] 0     310  0.322606E+01  0.103E-01  0.120E+01  0.903E-01  0.250E-02 -0.590205E-03  0.454972E-03
[163322.032] 0     320  0.332917E+01  0.103E-01  0.120E+01  0.897E-01  0.250E-02 -0.482045E-03  0.518336E-03
[163431.875] 0     330  0.343030E+01  0.992E-02  0.120E+01  0.866E-01  0.250E-02 -0.510453E-03  0.595319E-03
[163541.715] 0     340  0.352806E+01  0.960E-02  0.120E+01  0.839E-01  0.250E-02 -0.555214E-03  0.553444E-03
[163651.552] 0     350  0.362302E+01  0.937E-02  0.120E+01  0.818E-01  0.250E-02 -0.577437E-03  0.538792E-03
[163801.402] 0     360  0.371586E+01  0.919E-02  0.120E+01  0.802E-01  0.250E-02 -0.639332E-03  0.593549E-03
[163911.231] 0     370  0.380701E+01  0.901E-02  0.120E+01  0.787E-01  0.250E-02 -0.615048E-03  0.746590E-03
[164021.057] 0     380  0.389640E+01  0.884E-02  0.120E+01  0.772E-01  0.250E-02 -0.683993E-03  0.781105E-03
[164130.877] 0     390  0.398416E+01  0.872E-02  0.120E+01  0.761E-01  0.250E-02 -0.658774E-03  0.617871E-03
[164547.340] 0     400  0.407095E+01  0.865E-02  0.120E+01  0.756E-01  0.250E-02 -0.599953E-03  0.598377E-03
[164657.153] 0     410  0.415679E+01  0.845E-02  0.120E+01  0.738E-01  0.250E-02 -0.555754E-03  0.609109E-03
[164806.974] 0     420  0.423894E+01  0.794E-02  0.120E+01  0.693E-01  0.250E-02 -0.550146E-03  0.627488E-03
[164916.809] 0     430  0.431633E+01  0.750E-02  0.120E+01  0.655E-01  0.250E-02 -0.484885E-03  0.635140E-03
[165026.645] 0     440  0.438949E+01  0.713E-02  0.120E+01  0.622E-01  0.250E-02 -0.490953E-03  0.688849E-03
[165136.465] 0     450  0.445924E+01  0.684E-02  0.120E+01  0.597E-01  0.250E-02 -0.443292E-03  0.723737E-03
[165246.294] 0     460  0.452628E+01  0.658E-02  0.120E+01  0.575E-01  0.250E-02 -0.535315E-03  0.761051E-03
[165356.127] 0     470  0.459095E+01  0.635E-02  0.120E+01  0.554E-01  0.250E-02 -0.574725E-03  0.820271E-03
[165505.961] 0     480  0.465321E+01  0.621E-02  0.120E+01  0.542E-01  0.250E-02 -0.494012E-03  0.817741E-03
[165615.788] 0     490  0.471458E+01  0.610E-02  0.120E+01  0.533E-01  0.250E-02 -0.468631E-03  0.754948E-03
[170036.185] 0     500  0.477552E+01  0.610E-02  0.120E+01  0.533E-01  0.250E-02 -0.488649E-03  0.734218E-03
[170146.066] 0     510  0.483788E+01  0.649E-02  0.120E+01  0.567E-01  0.250E-02 -0.512012E-03  0.677929E-03
[170255.924] 0     520  0.490278E+01  0.645E-02  0.120E+01  0.563E-01  0.250E-02 -0.463275E-03  0.763248E-03
[170405.798] 0     530  0.496789E+01  0.654E-02  0.120E+01  0.571E-01  0.250E-02 -0.493152E-03  0.844176E-03
[170515.645] 0     540  0.503401E+01  0.664E-02  0.120E+01  0.580E-01  0.250E-02 -0.564730E-03  0.810743E-03
[170625.507] 0     550  0.509929E+01  0.644E-02  0.120E+01  0.562E-01  0.250E-02 -0.586589E-03  0.789924E-03
[170735.371] 0     560  0.516371E+01  0.650E-02  0.120E+01  0.567E-01  0.250E-02 -0.720303E-03  0.761478E-03
[170845.217] 0     570  0.522920E+01  0.651E-02  0.120E+01  0.569E-01  0.250E-02 -0.779083E-03  0.788558E-03
[170955.063] 0     580  0.529342E+01  0.639E-02  0.120E+01  0.558E-01  0.250E-02 -0.800816E-03  0.849160E-03
[171104.900] 0     590  0.535733E+01  0.637E-02  0.120E+01  0.556E-01  0.250E-02 -0.829669E-03  0.920680E-03
[171529.669] 0     600  0.542019E+01  0.619E-02  0.120E+01  0.540E-01  0.250E-02 -0.748831E-03  0.805909E-03
[171639.464] 0     610  0.548125E+01  0.597E-02  0.120E+01  0.522E-01  0.250E-02 -0.672764E-03  0.589786E-03
[171749.258] 0     620  0.553972E+01  0.577E-02  0.120E+01  0.504E-01  0.250E-02 -0.586085E-03  0.571480E-03
[171859.054] 0     630  0.559682E+01  0.572E-02  0.120E+01  0.500E-01  0.250E-02 -0.642440E-03  0.524730E-03
[172008.836] 0     640  0.565367E+01  0.561E-02  0.120E+01  0.490E-01  0.250E-02 -0.740784E-03  0.646450E-03
[172118.626] 0     650  0.570925E+01  0.547E-02  0.120E+01  0.477E-01  0.250E-02 -0.671453E-03  0.702656E-03
[172228.397] 0     660  0.576390E+01  0.544E-02  0.120E+01  0.475E-01  0.250E-02 -0.718823E-03  0.558743E-03
[172338.168] 0     670  0.581911E+01  0.556E-02  0.120E+01  0.485E-01  0.250E-02 -0.704201E-03  0.570478E-03
[172447.958] 0     680  0.587484E+01  0.551E-02  0.120E+01  0.481E-01  0.250E-02 -0.770026E-03  0.697185E-03
[172557.724] 0     690  0.592946E+01  0.543E-02  0.120E+01  0.475E-01  0.250E-02 -0.774074E-03  0.737251E-03
[173015.154] 0     700  0.598340E+01  0.537E-02  0.120E+01  0.469E-01  0.250E-02 -0.779348E-03  0.926359E-03
[173124.924] 0     710  0.603715E+01  0.538E-02  0.120E+01  0.470E-01  0.250E-02 -0.667138E-03  0.100914E-02
[173234.677] 0     720  0.609087E+01  0.536E-02  0.120E+01  0.468E-01  0.250E-02 -0.651725E-03  0.103658E-02
[173344.435] 0     730  0.614433E+01  0.533E-02  0.120E+01  0.466E-01  0.250E-02 -0.815104E-03  0.995525E-03
[173454.177] 0     740  0.619706E+01  0.514E-02  0.120E+01  0.449E-01  0.250E-02 -0.808977E-03  0.837243E-03
[173603.920] 0     750  0.624776E+01  0.502E-02  0.120E+01  0.439E-01  0.250E-02 -0.712692E-03  0.951662E-03
[173713.660] 0     760  0.629835E+01  0.515E-02  0.120E+01  0.450E-01  0.250E-02 -0.879625E-03  0.102067E-02
[173823.423] 0     770  0.635056E+01  0.511E-02  0.120E+01  0.446E-01  0.250E-02 -0.973553E-03  0.943984E-03
[173933.177] 0     780  0.640142E+01  0.507E-02  0.120E+01  0.443E-01  0.250E-02 -0.756166E-03  0.867648E-03
[174042.905] 0     790  0.645195E+01  0.506E-02  0.120E+01  0.441E-01  0.250E-02 -0.629777E-03  0.777617E-03
[174502.738] 0     800  0.650217E+01  0.506E-02  0.120E+01  0.442E-01  0.250E-02 -0.725258E-03  0.739669E-03
[174612.466] 0     810  0.655482E+01  0.532E-02  0.120E+01  0.464E-01  0.250E-02 -0.829321E-03  0.733794E-03
[174722.196] 0     820  0.660722E+01  0.524E-02  0.120E+01  0.458E-01  0.250E-02 -0.819446E-03  0.876655E-03
[174831.908] 0     830  0.665984E+01  0.529E-02  0.120E+01  0.462E-01  0.250E-02 -0.863180E-03  0.923362E-03
[174941.628] 0     840  0.671304E+01  0.536E-02  0.120E+01  0.468E-01  0.250E-02 -0.804796E-03  0.845406E-03
[175051.345] 0     850  0.676639E+01  0.529E-02  0.120E+01  0.462E-01  0.250E-02 -0.721714E-03  0.992996E-03
[175201.065] 0     860  0.681881E+01  0.518E-02  0.120E+01  0.453E-01  0.250E-02 -0.905958E-03  0.110282E-02
[175310.769] 0     870  0.687003E+01  0.501E-02  0.120E+01  0.437E-01  0.250E-02 -0.125633E-02  0.107283E-02
[175420.473] 0     880  0.691876E+01  0.478E-02  0.120E+01  0.418E-01  0.250E-02 -0.131482E-02  0.103558E-02
[175530.166] 0     890  0.696644E+01  0.477E-02  0.120E+01  0.417E-01  0.250E-02 -0.131625E-02  0.927700E-03
[175956.522] 0     900  0.701430E+01  0.475E-02  0.120E+01  0.415E-01  0.250E-02 -0.124740E-02  0.813248E-03
[180106.173] 0     910  0.706129E+01  0.470E-02  0.120E+01  0.410E-01  0.250E-02 -0.108433E-02  0.839267E-03
[180215.822] 0     920  0.710833E+01  0.468E-02  0.120E+01  0.409E-01  0.250E-02 -0.107770E-02  0.797470E-03
[180325.458] 0     930  0.715563E+01  0.479E-02  0.120E+01  0.418E-01  0.250E-02 -0.104232E-02  0.914713E-03
[180435.086] 0     940  0.720317E+01  0.473E-02  0.120E+01  0.413E-01  0.250E-02 -0.908828E-03  0.105293E-02
[180544.710] 0     950  0.725064E+01  0.475E-02  0.120E+01  0.415E-01  0.250E-02 -0.787108E-03  0.108507E-02
[180654.331] 0     960  0.729844E+01  0.479E-02  0.120E+01  0.419E-01  0.250E-02 -0.718503E-03  0.100571E-02
[180803.963] 0     970  0.734575E+01  0.467E-02  0.120E+01  0.407E-01  0.250E-02 -0.786117E-03  0.107585E-02
[180913.592] 0     980  0.739258E+01  0.467E-02  0.120E+01  0.408E-01  0.250E-02 -0.821403E-03  0.999369E-03
[181023.205] 0     990  0.743937E+01  0.472E-02  0.120E+01  0.413E-01  0.250E-02 -0.719186E-03  0.898951E-03
[181439.011] 0    1000  0.748682E+01  0.480E-02  0.120E+01  0.420E-01  0.250E-02 -0.929054E-03  0.882417E-03
[181548.674] 0    1010  0.753497E+01  0.480E-02  0.120E+01  0.419E-01  0.250E-02 -0.982333E-03  0.757648E-03
[181658.301] 0    1020  0.758250E+01  0.469E-02  0.120E+01  0.409E-01  0.250E-02 -0.864021E-03  0.956955E-03
[181807.938] 0    1030  0.762928E+01  0.468E-02  0.120E+01  0.409E-01  0.250E-02 -0.856700E-03  0.113871E-02
[181917.568] 0    1040  0.767632E+01  0.473E-02  0.120E+01  0.413E-01  0.250E-02 -0.100819E-02  0.950537E-03
[182027.177] 0    1050  0.772415E+01  0.480E-02  0.120E+01  0.419E-01  0.250E-02 -0.986350E-03  0.805304E-03
[182136.791] 0    1060  0.777239E+01  0.484E-02  0.120E+01  0.423E-01  0.250E-02 -0.864971E-03  0.138117E-02
[182246.410] 0    1070  0.782103E+01  0.488E-02  0.120E+01  0.426E-01  0.250E-02 -0.797549E-03  0.173890E-02
[182356.040] 0    1080  0.787007E+01  0.492E-02  0.120E+01  0.430E-01  0.250E-02 -0.825430E-03  0.192995E-02
[182505.643] 0    1090  0.791877E+01  0.485E-02  0.120E+01  0.423E-01  0.250E-02 -0.761161E-03  0.170109E-02
[182924.710] 0    1100  0.796658E+01  0.469E-02  0.120E+01  0.410E-01  0.250E-02 -0.889258E-03  0.164055E-02
[183034.301] 0    1110  0.801315E+01  0.462E-02  0.120E+01  0.404E-01  0.250E-02 -0.966089E-03  0.163121E-02
[183143.902] 0    1120  0.805951E+01  0.466E-02  0.120E+01  0.407E-01  0.250E-02 -0.108758E-02  0.163449E-02
[183253.499] 0    1130  0.810588E+01  0.455E-02  0.120E+01  0.397E-01  0.250E-02 -0.121400E-02  0.146015E-02
[183403.089] 0    1140  0.815075E+01  0.441E-02  0.120E+01  0.385E-01  0.250E-02 -0.123049E-02  0.143215E-02
[183512.664] 0    1150  0.819531E+01  0.455E-02  0.120E+01  0.397E-01  0.250E-02 -0.126635E-02  0.141036E-02
[183622.248] 0    1160  0.824188E+01  0.470E-02  0.120E+01  0.410E-01  0.250E-02 -0.116517E-02  0.129557E-02
[183731.823] 0    1170  0.828829E+01  0.459E-02  0.120E+01  0.400E-01  0.250E-02 -0.110063E-02  0.112933E-02
[183841.402] 0    1180  0.833368E+01  0.450E-02  0.120E+01  0.393E-01  0.250E-02 -0.110710E-02  0.124656E-02
[183950.980] 0    1190  0.837799E+01  0.430E-02  0.120E+01  0.376E-01  0.250E-02 -0.101056E-02  0.107020E-02
[184417.846] 0    1200  0.841902E+01  0.381E-02  0.120E+01  0.333E-01  0.250E-02 -0.765735E-03  0.101515E-02
[184527.437] 0    1210  0.845532E+01  0.346E-02  0.120E+01  0.302E-01  0.250E-02 -0.877873E-03  0.120513E-02
[184637.041] 0    1220  0.848917E+01  0.335E-02  0.120E+01  0.293E-01  0.250E-02 -0.969928E-03  0.145816E-02
[184746.635] 0    1230  0.852297E+01  0.346E-02  0.120E+01  0.303E-01  0.250E-02 -0.102601E-02  0.156941E-02
[184856.230] 0    1240  0.855869E+01  0.361E-02  0.120E+01  0.315E-01  0.250E-02 -0.104395E-02  0.144804E-02
[185005.838] 0    1250  0.859420E+01  0.354E-02  0.120E+01  0.309E-01  0.250E-02 -0.108690E-02  0.124247E-02
[185115.446] 0    1260  0.862981E+01  0.356E-02  0.120E+01  0.311E-01  0.250E-02 -0.105781E-02  0.103315E-02
[185225.052] 0    1270  0.866596E+01  0.366E-02  0.120E+01  0.320E-01  0.250E-02 -0.879266E-03  0.101181E-02
[185334.656] 0    1280  0.870384E+01  0.397E-02  0.120E+01  0.347E-01  0.250E-02 -0.106062E-02  0.117364E-02
[185444.258] 0    1290  0.874447E+01  0.415E-02  0.120E+01  0.362E-01  0.250E-02 -0.147683E-02  0.129423E-02
[185903.099] 0    1300  0.878593E+01  0.411E-02  0.120E+01  0.359E-01  0.250E-02 -0.134995E-02  0.117969E-02
[190012.684] 0    1310  0.882693E+01  0.413E-02  0.120E+01  0.361E-01  0.250E-02 -0.137353E-02  0.101281E-02
[190122.282] 0    1320  0.886851E+01  0.420E-02  0.120E+01  0.367E-01  0.250E-02 -0.107244E-02  0.103428E-02
[190231.891] 0    1330  0.891104E+01  0.431E-02  0.120E+01  0.376E-01  0.250E-02 -0.981693E-03  0.116920E-02
[190341.484] 0    1340  0.895346E+01  0.417E-02  0.120E+01  0.364E-01  0.250E-02 -0.104937E-02  0.109401E-02
[190451.071] 0    1350  0.899490E+01  0.418E-02  0.120E+01  0.365E-01  0.250E-02 -0.120131E-02  0.877578E-03
[190600.669] 0    1360  0.903755E+01  0.441E-02  0.120E+01  0.385E-01  0.250E-02 -0.100024E-02  0.990646E-03
[190710.252] 0    1370  0.908151E+01  0.436E-02  0.120E+01  0.381E-01  0.250E-02 -0.128486E-02  0.115053E-02
[190819.845] 0    1380  0.912421E+01  0.416E-02  0.120E+01  0.364E-01  0.250E-02 -0.104875E-02  0.131578E-02
[190929.427] 0    1390  0.916517E+01  0.402E-02  0.120E+01  0.351E-01  0.250E-02 -0.105573E-02  0.132491E-02
[191358.581] 0    1400  0.920505E+01  0.395E-02  0.120E+01  0.345E-01  0.250E-02 -0.152740E-02  0.129034E-02
[191508.216] 0    1410  0.924451E+01  0.395E-02  0.120E+01  0.345E-01  0.250E-02 -0.156498E-02  0.131560E-02
[191617.847] 0    1420  0.928420E+01  0.400E-02  0.120E+01  0.349E-01  0.250E-02 -0.140064E-02  0.120043E-02
[191727.482] 0    1430  0.932439E+01  0.399E-02  0.120E+01  0.348E-01  0.250E-02 -0.140790E-02  0.117394E-02
[191837.110] 0    1440  0.936389E+01  0.389E-02  0.120E+01  0.340E-01  0.250E-02 -0.139196E-02  0.128146E-02
[191946.736] 0    1450  0.940218E+01  0.378E-02  0.120E+01  0.330E-01  0.250E-02 -0.120205E-02  0.135854E-02
[192056.366] 0    1460  0.943987E+01  0.378E-02  0.120E+01  0.330E-01  0.250E-02 -0.122136E-02  0.116836E-02
[192206.001] 0    1470  0.947767E+01  0.378E-02  0.120E+01  0.330E-01  0.250E-02 -0.101409E-02  0.113682E-02
[192315.641] 0    1480  0.951559E+01  0.381E-02  0.120E+01  0.333E-01  0.250E-02 -0.944701E-03  0.101180E-02
[192425.283] 0    1490  0.955351E+01  0.373E-02  0.120E+01  0.325E-01  0.250E-02 -0.954944E-03  0.896078E-03
[192851.366] 0    1500  0.959084E+01  0.373E-02  0.120E+01  0.326E-01  0.250E-02 -0.883679E-03  0.934939E-03
[193000.932] 0    1510  0.962812E+01  0.377E-02  0.120E+01  0.329E-01  0.250E-02 -0.101666E-02  0.108588E-02
[193110.505] 0    1520  0.966678E+01  0.393E-02  0.120E+01  0.343E-01  0.250E-02 -0.108412E-02  0.118403E-02
[193220.071] 0    1530  0.970612E+01  0.391E-02  0.120E+01  0.342E-01  0.250E-02 -0.112582E-02  0.117009E-02
[193329.633] 0    1540  0.974472E+01  0.374E-02  0.120E+01  0.327E-01  0.250E-02 -0.118904E-02  0.917328E-03
[193439.198] 0    1550  0.978172E+01  0.369E-02  0.120E+01  0.322E-01  0.250E-02 -0.119130E-02  0.111419E-02
[193548.741] 0    1560  0.981930E+01  0.384E-02  0.120E+01  0.335E-01  0.250E-02 -0.884616E-03  0.126341E-02
[193658.312] 0    1570  0.985742E+01  0.377E-02  0.120E+01  0.329E-01  0.250E-02 -0.995540E-03  0.117922E-02
[193807.872] 0    1580  0.989389E+01  0.337E-02  0.120E+01  0.294E-01  0.250E-02 -0.992303E-03  0.870912E-03
[193917.415] 0    1590  0.992636E+01  0.311E-02  0.120E+01  0.272E-01  0.250E-02 -0.100535E-02  0.104292E-02
[194339.992] 0    1600  0.995754E+01  0.315E-02  0.120E+01  0.275E-01  0.250E-02 -0.106748E-02  0.106528E-02
[194449.532] 0    1610  0.998978E+01  0.332E-02  0.120E+01  0.290E-01  0.250E-02 -0.898033E-03  0.131736E-02
[194559.070] 0    1620  0.100233E+02  0.341E-02  0.120E+01  0.297E-01  0.250E-02 -0.785708E-03  0.148971E-02
[194708.614] 0    1630  0.100578E+02  0.347E-02  0.120E+01  0.303E-01  0.250E-02 -0.740263E-03  0.131619E-02
[194818.163] 0    1640  0.100923E+02  0.350E-02  0.120E+01  0.305E-01  0.250E-02 -0.859087E-03  0.111494E-02
[194927.720] 0    1650  0.101276E+02  0.355E-02  0.120E+01  0.310E-01  0.250E-02 -0.104090E-02  0.125882E-02
[195037.276] 0    1660  0.101636E+02  0.366E-02  0.120E+01  0.320E-01  0.250E-02 -0.108050E-02  0.105548E-02
[195146.817] 0    1670  0.102010E+02  0.380E-02  0.120E+01  0.332E-01  0.250E-02 -0.105959E-02  0.120738E-02
[195256.381] 0    1680  0.102391E+02  0.380E-02  0.120E+01  0.331E-01  0.250E-02 -0.100063E-02  0.113625E-02
[195405.909] 0    1690  0.102765E+02  0.368E-02  0.120E+01  0.321E-01  0.250E-02 -0.961594E-03  0.985297E-03
[195826.136] 0    1700  0.103127E+02  0.356E-02  0.120E+01  0.311E-01  0.250E-02 -0.970138E-03  0.976174E-03
[195935.706] 0    1710  0.103478E+02  0.346E-02  0.120E+01  0.302E-01  0.250E-02 -0.110834E-02  0.102092E-02
[200045.270] 0    1720  0.103824E+02  0.342E-02  0.120E+01  0.298E-01  0.250E-02 -0.129320E-02  0.112768E-02
[200154.839] 0    1730  0.104164E+02  0.340E-02  0.120E+01  0.297E-01  0.250E-02 -0.117729E-02  0.972116E-03
[200304.394] 0    1740  0.104500E+02  0.335E-02  0.120E+01  0.293E-01  0.250E-02 -0.998777E-03  0.131841E-02
[200413.954] 0    1750  0.104838E+02  0.339E-02  0.120E+01  0.296E-01  0.250E-02 -0.117744E-02  0.171624E-02
[200523.503] 0    1760  0.105186E+02  0.352E-02  0.120E+01  0.307E-01  0.250E-02 -0.141038E-02  0.186385E-02
[200633.054] 0    1770  0.105535E+02  0.344E-02  0.120E+01  0.300E-01  0.250E-02 -0.143783E-02  0.152949E-02
[200742.613] 0    1780  0.105878E+02  0.344E-02  0.120E+01  0.300E-01  0.250E-02 -0.142951E-02  0.135876E-02
[200852.166] 0    1790  0.106221E+02  0.346E-02  0.120E+01  0.302E-01  0.250E-02 -0.114581E-02  0.122154E-02
[201310.090] 0    1800  0.106568E+02  0.349E-02  0.120E+01  0.305E-01  0.250E-02 -0.779319E-03  0.116445E-02
[201419.633] 0    1810  0.106919E+02  0.351E-02  0.120E+01  0.306E-01  0.250E-02 -0.658311E-03  0.107413E-02
[201529.177] 0    1820  0.107273E+02  0.357E-02  0.120E+01  0.311E-01  0.250E-02 -0.712569E-03  0.102738E-02
[201638.721] 0    1830  0.107634E+02  0.357E-02  0.120E+01  0.312E-01  0.250E-02 -0.847871E-03  0.104332E-02
[201748.258] 0    1840  0.107990E+02  0.361E-02  0.120E+01  0.315E-01  0.250E-02 -0.866169E-03  0.954991E-03
[201857.791] 0    1850  0.108357E+02  0.370E-02  0.120E+01  0.323E-01  0.250E-02 -0.760852E-03  0.113154E-02
[202007.321] 0    1860  0.108726E+02  0.374E-02  0.120E+01  0.327E-01  0.250E-02 -0.876456E-03  0.117649E-02
[202116.861] 0    1870  0.109100E+02  0.378E-02  0.120E+01  0.330E-01  0.250E-02 -0.122532E-02  0.933149E-03
[202226.378] 0    1880  0.109480E+02  0.382E-02  0.120E+01  0.334E-01  0.250E-02 -0.126243E-02  0.948645E-03
[202335.907] 0    1890  0.109862E+02  0.379E-02  0.120E+01  0.331E-01  0.250E-02 -0.128904E-02  0.945657E-03
[202803.747] 0    1900  0.110239E+02  0.375E-02  0.120E+01  0.327E-01  0.250E-02 -0.145759E-02  0.105707E-02
[202913.224] 0    1910  0.110611E+02  0.373E-02  0.120E+01  0.326E-01  0.250E-02 -0.128764E-02  0.979267E-03
[203022.705] 0    1920  0.110982E+02  0.370E-02  0.120E+01  0.323E-01  0.250E-02 -0.827008E-03  0.877431E-03
[203132.179] 0    1930  0.111352E+02  0.367E-02  0.120E+01  0.321E-01  0.250E-02 -0.912742E-03  0.943525E-03
[203241.642] 0    1940  0.111713E+02  0.353E-02  0.120E+01  0.308E-01  0.250E-02 -0.978359E-03  0.979838E-03
[203351.093] 0    1950  0.112063E+02  0.348E-02  0.120E+01  0.304E-01  0.250E-02 -0.112477E-02  0.930712E-03
[203500.534] 0    1960  0.112410E+02  0.347E-02  0.120E+01  0.303E-01  0.250E-02 -0.105614E-02  0.899436E-03
[203609.986] 0    1970  0.112759E+02  0.353E-02  0.120E+01  0.308E-01  0.250E-02 -0.909409E-03  0.872560E-03
[203719.430] 0    1980  0.113117E+02  0.362E-02  0.120E+01  0.316E-01  0.250E-02 -0.881776E-03  0.115285E-02
[203828.869] 0    1990  0.113486E+02  0.370E-02  0.120E+01  0.323E-01  0.250E-02 -0.881490E-03  0.118541E-02
[204245.866] 0    2000  0.113853E+02  0.365E-02  0.120E+01  0.319E-01  0.250E-02 -0.105406E-02  0.112803E-02
[204355.279] 0    2010  0.114219E+02  0.367E-02  0.120E+01  0.320E-01  0.250E-02 -0.106970E-02  0.109446E-02
[204504.697] 0    2020  0.114597E+02  0.391E-02  0.120E+01  0.342E-01  0.250E-02 -0.998693E-03  0.127007E-02
[204614.124] 0    2030  0.114987E+02  0.388E-02  0.120E+01  0.339E-01  0.250E-02 -0.104340E-02  0.148258E-02
[204723.538] 0    2040  0.115376E+02  0.390E-02  0.120E+01  0.341E-01  0.250E-02 -0.116411E-02  0.153348E-02
[204832.956] 0    2050  0.115757E+02  0.366E-02  0.120E+01  0.320E-01  0.250E-02 -0.127739E-02  0.166427E-02
[204942.359] 0    2060  0.116111E+02  0.345E-02  0.120E+01  0.301E-01  0.250E-02 -0.114946E-02  0.199437E-02
[205051.752] 0    2070  0.116457E+02  0.347E-02  0.120E+01  0.303E-01  0.250E-02 -0.124863E-02  0.194522E-02
[205201.149] 0    2080  0.116814E+02  0.360E-02  0.120E+01  0.314E-01  0.250E-02 -0.110861E-02  0.189150E-02
[205310.544] 0    2090  0.117181E+02  0.370E-02  0.120E+01  0.323E-01  0.250E-02 -0.112991E-02  0.173290E-02
[205733.609] 0    2100  0.117554E+02  0.388E-02  0.120E+01  0.339E-01  0.250E-02 -0.125019E-02  0.142149E-02
[205842.984] 0    2110  0.117941E+02  0.382E-02  0.120E+01  0.334E-01  0.250E-02 -0.121320E-02  0.120475E-02
[205952.366] 0    2120  0.118330E+02  0.402E-02  0.120E+01  0.351E-01  0.250E-02 -0.998852E-03  0.113630E-02
[210101.745] 0    2130  0.118742E+02  0.410E-02  0.120E+01  0.358E-01  0.250E-02 -0.860744E-03  0.137184E-02
[210211.129] 0    2140  0.119149E+02  0.405E-02  0.120E+01  0.354E-01  0.250E-02 -0.965286E-03  0.169661E-02
[210320.491] 0    2150  0.119555E+02  0.411E-02  0.120E+01  0.359E-01  0.250E-02 -0.874264E-03  0.159425E-02
[210429.846] 0    2160  0.119970E+02  0.416E-02  0.120E+01  0.363E-01  0.250E-02 -0.116137E-02  0.165692E-02
[210539.197] 0    2170  0.120381E+02  0.403E-02  0.120E+01  0.352E-01  0.250E-02 -0.110855E-02  0.188570E-02
[210648.554] 0    2180  0.120783E+02  0.397E-02  0.120E+01  0.347E-01  0.250E-02 -0.116514E-02  0.174207E-02
[210757.911] 0    2190  0.121173E+02  0.382E-02  0.120E+01  0.333E-01  0.250E-02 -0.120969E-02  0.128827E-02
[211207.161] 0    2200  0.121552E+02  0.373E-02  0.120E+01  0.326E-01  0.250E-02 -0.116016E-02  0.104331E-02
[211316.554] 0    2210  0.121928E+02  0.376E-02  0.120E+01  0.328E-01  0.250E-02 -0.954993E-03  0.121196E-02
[211425.962] 0    2220  0.122305E+02  0.384E-02  0.120E+01  0.335E-01  0.250E-02 -0.102624E-02  0.140253E-02
[211535.356] 0    2230  0.122691E+02  0.370E-02  0.120E+01  0.323E-01  0.250E-02 -0.978043E-03  0.111344E-02
[211644.755] 0    2240  0.123059E+02  0.361E-02  0.120E+01  0.315E-01  0.250E-02 -0.897396E-03  0.781536E-03
[211754.143] 0    2250  0.123426E+02  0.367E-02  0.120E+01  0.320E-01  0.250E-02 -0.947433E-03  0.990048E-03
[211903.520] 0    2260  0.123805E+02  0.392E-02  0.120E+01  0.342E-01  0.250E-02 -0.117591E-02  0.111345E-02
[212012.889] 0    2270  0.124201E+02  0.400E-02  0.120E+01  0.349E-01  0.250E-02 -0.126357E-02  0.133535E-02
[212122.262] 0    2280  0.124600E+02  0.394E-02  0.120E+01  0.344E-01  0.250E-02 -0.138670E-02  0.127989E-02
[212231.626] 0    2290  0.124990E+02  0.384E-02  0.120E+01  0.335E-01  0.250E-02 -0.127661E-02  0.119877E-02
[212650.824] 0    2300  0.125371E+02  0.380E-02  0.120E+01  0.332E-01  0.250E-02 -0.105143E-02  0.108432E-02
[212800.165] 0    2310  0.125750E+02  0.376E-02  0.120E+01  0.329E-01  0.250E-02 -0.877805E-03  0.967032E-03
[212909.488] 0    2320  0.126126E+02  0.379E-02  0.120E+01  0.331E-01  0.250E-02 -0.889352E-03  0.904638E-03
[213018.816] 0    2330  0.126505E+02  0.381E-02  0.120E+01  0.332E-01  0.250E-02 -0.106051E-02  0.955627E-03
[213128.141] 0    2340  0.126886E+02  0.380E-02  0.120E+01  0.332E-01  0.250E-02 -0.109146E-02  0.111684E-02
[213237.462] 0    2350  0.127262E+02  0.371E-02  0.120E+01  0.324E-01  0.250E-02 -0.122372E-02  0.111095E-02
[213346.794] 0    2360  0.127630E+02  0.364E-02  0.120E+01  0.318E-01  0.250E-02 -0.132022E-02  0.115613E-02
[213456.128] 0    2370  0.127985E+02  0.347E-02  0.120E+01  0.303E-01  0.250E-02 -0.118131E-02  0.116716E-02
[213605.456] 0    2380  0.128333E+02  0.344E-02  0.120E+01  0.300E-01  0.250E-02 -0.134401E-02  0.115294E-02
[213714.758] 0    2390  0.128678E+02  0.341E-02  0.120E+01  0.298E-01  0.250E-02 -0.148375E-02  0.107392E-02
[214140.967] 0    2400  0.129019E+02  0.338E-02  0.120E+01  0.295E-01  0.250E-02 -0.162452E-02  0.935302E-03
[214250.345] 0    2410  0.129354E+02  0.335E-02  0.120E+01  0.292E-01  0.250E-02 -0.163076E-02  0.918551E-03
[214359.702] 0    2420  0.129688E+02  0.329E-02  0.120E+01  0.288E-01  0.250E-02 -0.162367E-02  0.910134E-03
[214509.045] 0    2430  0.130010E+02  0.315E-02  0.120E+01  0.275E-01  0.250E-02 -0.150264E-02  0.948961E-03
[214618.399] 0    2440  0.130320E+02  0.303E-02  0.120E+01  0.265E-01  0.250E-02 -0.134598E-02  0.108408E-02
[214727.744] 0    2450  0.130625E+02  0.305E-02  0.120E+01  0.266E-01  0.250E-02 -0.121606E-02  0.977594E-03
[214837.087] 0    2460  0.130931E+02  0.306E-02  0.120E+01  0.267E-01  0.250E-02 -0.102712E-02  0.953860E-03
[214946.434] 0    2470  0.131238E+02  0.308E-02  0.120E+01  0.269E-01  0.250E-02 -0.783905E-03  0.101325E-02
[215055.784] 0    2480  0.131545E+02  0.308E-02  0.120E+01  0.269E-01  0.250E-02 -0.844841E-03  0.983477E-03
[215205.126] 0    2490  0.131854E+02  0.310E-02  0.120E+01  0.271E-01  0.250E-02 -0.784513E-03  0.960912E-03
[215626.865] 0    2500  0.132169E+02  0.319E-02  0.120E+01  0.279E-01  0.250E-02 -0.102944E-02  0.922128E-03
[215736.114] 0    2510  0.132490E+02  0.325E-02  0.120E+01  0.284E-01  0.250E-02 -0.899467E-03  0.113565E-02
[215845.381] 0    2520  0.132818E+02  0.332E-02  0.120E+01  0.290E-01  0.250E-02 -0.827244E-03  0.110360E-02
[215954.629] 0    2530  0.133153E+02  0.340E-02  0.120E+01  0.297E-01  0.250E-02 -0.117686E-02  0.110204E-02
[220103.878] 0    2540  0.133495E+02  0.339E-02  0.120E+01  0.296E-01  0.250E-02 -0.168996E-02  0.940968E-03
[220213.127] 0    2550  0.133833E+02  0.337E-02  0.120E+01  0.295E-01  0.250E-02 -0.188832E-02  0.108960E-02
[220322.361] 0    2560  0.134167E+02  0.332E-02  0.120E+01  0.290E-01  0.250E-02 -0.152936E-02  0.107204E-02
[220431.594] 0    2570  0.134486E+02  0.309E-02  0.120E+01  0.270E-01  0.250E-02 -0.102261E-02  0.810229E-03
[220540.802] 0    2580  0.134788E+02  0.307E-02  0.120E+01  0.268E-01  0.250E-02 -0.991797E-03  0.774060E-03
[220650.038] 0    2590  0.135111E+02  0.332E-02  0.120E+01  0.290E-01  0.250E-02 -0.971762E-03  0.861422E-03
[221107.825] 0    2600  0.135446E+02  0.337E-02  0.120E+01  0.294E-01  0.250E-02 -0.975149E-03  0.110582E-02
[221217.016] 0    2610  0.135780E+02  0.324E-02  0.120E+01  0.283E-01  0.250E-02 -0.726948E-03  0.107872E-02
[221326.195] 0    2620  0.136096E+02  0.308E-02  0.120E+01  0.269E-01  0.250E-02 -0.736930E-03  0.104881E-02
[221435.374] 0    2630  0.136401E+02  0.300E-02  0.120E+01  0.262E-01  0.250E-02 -0.822511E-03  0.113366E-02
[221544.541] 0    2640  0.136704E+02  0.309E-02  0.120E+01  0.270E-01  0.250E-02 -0.881719E-03  0.126432E-02
[221653.713] 0    2650  0.137008E+02  0.294E-02  0.120E+01  0.257E-01  0.250E-02 -0.103105E-02  0.139659E-02
[221802.883] 0    2660  0.137297E+02  0.286E-02  0.120E+01  0.250E-01  0.250E-02 -0.111491E-02  0.139216E-02
[221912.037] 0    2670  0.137584E+02  0.290E-02  0.120E+01  0.253E-01  0.250E-02 -0.116703E-02  0.128545E-02
[222021.205] 0    2680  0.137883E+02  0.310E-02  0.120E+01  0.271E-01  0.250E-02 -0.107298E-02  0.149825E-02
[222130.375] 0    2690  0.138206E+02  0.330E-02  0.120E+01  0.288E-01  0.250E-02 -0.105426E-02  0.149221E-02
[222552.365] 0    2700  0.138536E+02  0.334E-02  0.120E+01  0.292E-01  0.250E-02 -0.112106E-02  0.135400E-02
[222701.565] 0    2710  0.138870E+02  0.334E-02  0.120E+01  0.292E-01  0.250E-02 -0.992665E-03  0.101032E-02
[222810.757] 0    2720  0.139197E+02  0.320E-02  0.120E+01  0.279E-01  0.250E-02 -0.979715E-03  0.956022E-03
[222919.946] 0    2730  0.139505E+02  0.297E-02  0.120E+01  0.259E-01  0.250E-02 -0.100482E-02  0.117506E-02
[223029.114] 0    2740  0.139791E+02  0.277E-02  0.120E+01  0.242E-01  0.250E-02 -0.106079E-02  0.100398E-02
[223138.300] 0    2750  0.140072E+02  0.288E-02  0.120E+01  0.252E-01  0.250E-02 -0.144572E-02  0.964085E-03
[223247.463] 0    2760  0.140370E+02  0.310E-02  0.120E+01  0.270E-01  0.250E-02 -0.200777E-02  0.970641E-03
[223356.624] 0    2770  0.140685E+02  0.314E-02  0.120E+01  0.274E-01  0.250E-02 -0.249279E-02  0.105293E-02
[223505.787] 0    2780  0.140998E+02  0.315E-02  0.120E+01  0.275E-01  0.250E-02 -0.239468E-02  0.108850E-02
[223614.933] 0    2790  0.141312E+02  0.313E-02  0.120E+01  0.273E-01  0.250E-02 -0.230055E-02  0.139341E-02
[224047.114] 0    2800  0.141628E+02  0.319E-02  0.120E+01  0.279E-01  0.250E-02 -0.229870E-02  0.166712E-02
[224156.245] 0    2810  0.141946E+02  0.314E-02  0.120E+01  0.274E-01  0.250E-02 -0.184257E-02  0.181992E-02
[224305.358] 0    2820  0.142248E+02  0.285E-02  0.120E+01  0.249E-01  0.250E-02 -0.131587E-02  0.190973E-02
[224414.469] 0    2830  0.142531E+02  0.295E-02  0.120E+01  0.258E-01  0.250E-02 -0.104144E-02  0.172644E-02
[224523.584] 0    2840  0.142844E+02  0.317E-02  0.120E+01  0.277E-01  0.250E-02 -0.102606E-02  0.151139E-02
[224632.693] 0    2850  0.143158E+02  0.314E-02  0.120E+01  0.274E-01  0.250E-02 -0.833368E-03  0.132705E-02
[224741.792] 0    2860  0.143470E+02  0.310E-02  0.120E+01  0.270E-01  0.250E-02 -0.854596E-03  0.108622E-02
[224850.887] 0    2870  0.143774E+02  0.302E-02  0.120E+01  0.263E-01  0.250E-02 -0.835774E-03  0.827657E-03
[224959.993] 0    2880  0.144077E+02  0.307E-02  0.120E+01  0.268E-01  0.250E-02 -0.864966E-03  0.133550E-02
[225109.097] 0    2890  0.144384E+02  0.307E-02  0.120E+01  0.268E-01  0.250E-02 -0.968394E-03  0.217659E-02
[225534.703] 0    2900  0.144692E+02  0.302E-02  0.120E+01  0.264E-01  0.250E-02 -0.984343E-03  0.265703E-02
[225643.788] 0    2910  0.144991E+02  0.293E-02  0.120E+01  0.256E-01  0.250E-02 -0.106842E-02  0.258280E-02
[225752.881] 0    2920  0.145285E+02  0.286E-02  0.120E+01  0.250E-01  0.250E-02 -0.104484E-02  0.254727E-02
[225901.971] 0    2930  0.145572E+02  0.299E-02  0.120E+01  0.261E-01  0.250E-02 -0.957351E-03  0.236862E-02
[230011.050] 0    2940  0.145881E+02  0.314E-02  0.120E+01  0.274E-01  0.250E-02 -0.973436E-03  0.248742E-02
[230120.127] 0    2950  0.146199E+02  0.306E-02  0.120E+01  0.267E-01  0.250E-02 -0.942232E-03  0.211613E-02
[230229.192] 0    2960  0.146508E+02  0.303E-02  0.120E+01  0.264E-01  0.250E-02 -0.104220E-02  0.178408E-02
[230338.266] 0    2970  0.146829E+02  0.328E-02  0.120E+01  0.287E-01  0.250E-02 -0.114533E-02  0.182557E-02
[230447.344] 0    2980  0.147157E+02  0.328E-02  0.120E+01  0.287E-01  0.250E-02 -0.104233E-02  0.208625E-02
[230556.393] 0    2990  0.147486E+02  0.332E-02  0.120E+01  0.290E-01  0.250E-02 -0.965911E-03  0.226530E-02
[231018.570] 0    3000  0.147804E+02  0.304E-02  0.120E+01  0.265E-01  0.250E-02 -0.907745E-03  0.173837E-02
[231127.621] 0    3010  0.148104E+02  0.296E-02  0.120E+01  0.259E-01  0.250E-02 -0.114093E-02  0.118726E-02
[231236.665] 0    3020  0.148403E+02  0.302E-02  0.120E+01  0.264E-01  0.250E-02 -0.139895E-02  0.102880E-02
[231345.697] 0    3030  0.148712E+02  0.318E-02  0.120E+01  0.278E-01  0.250E-02 -0.120736E-02  0.881878E-03
[231454.743] 0    3040  0.149025E+02  0.306E-02  0.120E+01  0.267E-01  0.250E-02 -0.100781E-02  0.129936E-02
[231603.777] 0    3050  0.149333E+02  0.310E-02  0.120E+01  0.271E-01  0.250E-02 -0.118248E-02  0.145840E-02
[231712.829] 0    3060  0.149656E+02  0.344E-02  0.120E+01  0.300E-01  0.250E-02 -0.135360E-02  0.134974E-02
[231821.870] 0    3070  0.150003E+02  0.342E-02  0.120E+01  0.299E-01  0.250E-02 -0.173516E-02  0.130771E-02
[231930.917] 0    3080  0.150343E+02  0.340E-02  0.120E+01  0.297E-01  0.250E-02 -0.146885E-02  0.104363E-02
[232039.946] 0    3090  0.150682E+02  0.338E-02  0.120E+01  0.295E-01  0.250E-02 -0.139450E-02  0.113931E-02
[232505.024] 0    3100  0.151019E+02  0.338E-02  0.120E+01  0.295E-01  0.250E-02 -0.136891E-02  0.118510E-02
[232613.984] 0    3110  0.151357E+02  0.334E-02  0.120E+01  0.292E-01  0.250E-02 -0.117329E-02  0.128436E-02
[232722.956] 0    3120  0.151691E+02  0.339E-02  0.120E+01  0.296E-01  0.250E-02 -0.845233E-03  0.135373E-02
[232831.938] 0    3130  0.152030E+02  0.331E-02  0.120E+01  0.289E-01  0.250E-02 -0.100154E-02  0.134656E-02
[232940.910] 0    3140  0.152358E+02  0.321E-02  0.120E+01  0.280E-01  0.250E-02 -0.981230E-03  0.140438E-02
[233049.881] 0    3150  0.152681E+02  0.327E-02  0.120E+01  0.286E-01  0.250E-02 -0.978925E-03  0.121603E-02
[233158.838] 0    3160  0.153014E+02  0.329E-02  0.120E+01  0.288E-01  0.250E-02 -0.109767E-02  0.140975E-02
[233307.793] 0    3170  0.153341E+02  0.329E-02  0.120E+01  0.288E-01  0.250E-02 -0.129068E-02  0.164296E-02
[233416.748] 0    3180  0.153666E+02  0.318E-02  0.120E+01  0.277E-01  0.250E-02 -0.141279E-02  0.191500E-02
[233525.692] 0    3190  0.153974E+02  0.297E-02  0.120E+01  0.259E-01  0.250E-02 -0.141593E-02  0.193641E-02
[233947.832] 0    3200  0.154272E+02  0.303E-02  0.120E+01  0.265E-01  0.250E-02 -0.125155E-02  0.186581E-02
[234056.809] 0    3210  0.154584E+02  0.325E-02  0.120E+01  0.284E-01  0.250E-02 -0.111039E-02  0.154936E-02
[234205.770] 0    3220  0.154912E+02  0.330E-02  0.120E+01  0.289E-01  0.250E-02 -0.110827E-02  0.128661E-02
[234314.744] 0    3230  0.155242E+02  0.326E-02  0.120E+01  0.285E-01  0.250E-02 -0.122944E-02  0.108680E-02
[234423.709] 0    3240  0.155567E+02  0.322E-02  0.120E+01  0.281E-01  0.250E-02 -0.121863E-02  0.104013E-02
[234532.675] 0    3250  0.155881E+02  0.310E-02  0.120E+01  0.271E-01  0.250E-02 -0.153015E-02  0.101583E-02
[234641.637] 0    3260  0.156195E+02  0.318E-02  0.120E+01  0.278E-01  0.250E-02 -0.158469E-02  0.105767E-02
[234750.583] 0    3270  0.156511E+02  0.310E-02  0.120E+01  0.270E-01  0.250E-02 -0.138501E-02  0.107058E-02
[234859.536] 0    3280  0.156813E+02  0.297E-02  0.120E+01  0.260E-01  0.250E-02 -0.156382E-02  0.135010E-02
[235008.496] 0    3290  0.157106E+02  0.289E-02  0.120E+01  0.253E-01  0.250E-02 -0.147077E-02  0.147823E-02
[235432.033] 0    3300  0.157396E+02  0.292E-02  0.120E+01  0.255E-01  0.250E-02 -0.142431E-02  0.139289E-02
[235541.084] 0    3310  0.157689E+02  0.294E-02  0.120E+01  0.257E-01  0.250E-02 -0.125208E-02  0.122498E-02
[235650.138] 0    3320  0.157984E+02  0.295E-02  0.120E+01  0.258E-01  0.250E-02 -0.130002E-02  0.105618E-02
[235759.182] 0    3330  0.158290E+02  0.315E-02  0.120E+01  0.275E-01  0.250E-02 -0.121416E-02  0.102787E-02
[235908.231] 0    3340  0.158619E+02  0.341E-02  0.120E+01  0.298E-01  0.250E-02 -0.138851E-02  0.127861E-02
[000017.280] 0    3350  0.158954E+02  0.327E-02  0.120E+01  0.285E-01  0.250E-02 -0.159254E-02  0.111253E-02
[000126.322] 0    3360  0.159276E+02  0.324E-02  0.120E+01  0.283E-01  0.250E-02 -0.179550E-02  0.977798E-03
[000235.362] 0    3370  0.159608E+02  0.342E-02  0.120E+01  0.299E-01  0.250E-02 -0.156122E-02  0.115915E-02
[000344.401] 0    3380  0.159954E+02  0.345E-02  0.120E+01  0.301E-01  0.250E-02 -0.136509E-02  0.126533E-02
[000453.439] 0    3390  0.160292E+02  0.328E-02  0.120E+01  0.286E-01  0.250E-02 -0.150075E-02  0.133256E-02
[000904.449] 0    3400  0.160612E+02  0.313E-02  0.120E+01  0.273E-01  0.250E-02 -0.161017E-02  0.111560E-02
[001013.482] 0    3410  0.160924E+02  0.310E-02  0.120E+01  0.271E-01  0.250E-02 -0.150871E-02  0.107892E-02
[001122.485] 0    3420  0.161230E+02  0.305E-02  0.120E+01  0.266E-01  0.250E-02 -0.143692E-02  0.113731E-02
[001231.485] 0    3430  0.161540E+02  0.318E-02  0.120E+01  0.278E-01  0.250E-02 -0.136240E-02  0.108350E-02
[001340.503] 0    3440  0.161864E+02  0.332E-02  0.120E+01  0.290E-01  0.250E-02 -0.128862E-02  0.113120E-02
[001449.513] 0    3450  0.162196E+02  0.325E-02  0.120E+01  0.284E-01  0.250E-02 -0.122989E-02  0.115052E-02
[001558.509] 0    3460  0.162514E+02  0.315E-02  0.120E+01  0.275E-01  0.250E-02 -0.115029E-02  0.104854E-02
[001707.501] 0    3470  0.162830E+02  0.319E-02  0.120E+01  0.279E-01  0.250E-02 -0.106007E-02  0.977460E-03
[001816.493] 0    3480  0.163149E+02  0.316E-02  0.120E+01  0.276E-01  0.250E-02 -0.103912E-02  0.121848E-02
[001925.480] 0    3490  0.163463E+02  0.308E-02  0.120E+01  0.269E-01  0.250E-02 -0.129948E-02  0.107408E-02
[002351.124] 0    3500  0.163770E+02  0.307E-02  0.120E+01  0.268E-01  0.250E-02 -0.131797E-02  0.117418E-02
[002500.041] 0    3510  0.164074E+02  0.304E-02  0.120E+01  0.265E-01  0.250E-02 -0.144451E-02  0.113320E-02
[002608.947] 0    3520  0.164376E+02  0.301E-02  0.120E+01  0.263E-01  0.250E-02 -0.162835E-02  0.880270E-03
[002717.858] 0    3530  0.164677E+02  0.301E-02  0.120E+01  0.263E-01  0.250E-02 -0.166095E-02  0.805078E-03
[002826.767] 0    3540  0.164980E+02  0.306E-02  0.120E+01  0.267E-01  0.250E-02 -0.167662E-02  0.102495E-02
[002935.675] 0    3550  0.165291E+02  0.316E-02  0.120E+01  0.276E-01  0.250E-02 -0.163441E-02  0.100692E-02
[003044.591] 0    3560  0.165610E+02  0.322E-02  0.120E+01  0.281E-01  0.250E-02 -0.162755E-02  0.985091E-03
[003153.507] 0    3570  0.165931E+02  0.321E-02  0.120E+01  0.280E-01  0.250E-02 -0.169166E-02  0.108160E-02
[003302.430] 0    3580  0.166253E+02  0.327E-02  0.120E+01  0.286E-01  0.250E-02 -0.167892E-02  0.117549E-02
[003411.368] 0    3590  0.166579E+02  0.328E-02  0.120E+01  0.286E-01  0.250E-02 -0.149468E-02  0.108535E-02
[003829.580] 0    3600  0.166907E+02  0.331E-02  0.120E+01  0.289E-01  0.250E-02 -0.154312E-02  0.123310E-02
