[123808.054] ###############################################################################################
[123808.057] #  Itn.    time          dt         CFL#       D#         visc       DilMin        DilMax     #
[123808.060] ###############################################################################################
[123808.105] 0       0  0.000000E+00  0.380E-02  0.120E+01  0.460E-01  0.125E-02 -0.227669E-04  0.275811E-04
[123917.218] 0      10  0.370392E-01  0.359E-02  0.120E+01  0.435E-01  0.125E-02 -0.118148E-04  0.141399E-04
[124026.326] 0      20  0.721411E-01  0.346E-02  0.120E+01  0.419E-01  0.125E-02 -0.136878E-04  0.210238E-04
[124135.437] 0      30  0.107024E+00  0.356E-02  0.120E+01  0.432E-01  0.125E-02 -0.179895E-04  0.200303E-04
[124244.534] 0      40  0.143422E+00  0.372E-02  0.120E+01  0.451E-01  0.125E-02 -0.575890E-04  0.432099E-04
[124353.633] 0      50  0.181300E+00  0.385E-02  0.120E+01  0.467E-01  0.125E-02 -0.562436E-04  0.482276E-04
[124502.719] 0      60  0.220396E+00  0.399E-02  0.120E+01  0.484E-01  0.125E-02 -0.556505E-04  0.519096E-04
[124611.791] 0      70  0.260947E+00  0.408E-02  0.120E+01  0.495E-01  0.125E-02 -0.479459E-04  0.462971E-04
[124720.875] 0      80  0.302994E+00  0.433E-02  0.120E+01  0.526E-01  0.125E-02 -0.428539E-04  0.442631E-04
[124829.944] 0      90  0.346999E+00  0.449E-02  0.120E+01  0.544E-01  0.125E-02 -0.416154E-04  0.441351E-04
[125247.327] 0     100  0.392693E+00  0.456E-02  0.120E+01  0.553E-01  0.125E-02 -0.420610E-04  0.289145E-04
[125356.351] 0     110  0.438600E+00  0.473E-02  0.120E+01  0.574E-01  0.125E-02 -0.320742E-04  0.256002E-04
[125505.370] 0     120  0.486381E+00  0.461E-02  0.120E+01  0.559E-01  0.125E-02 -0.311555E-04  0.344226E-04
[125614.383] 0     130  0.532299E+00  0.461E-02  0.120E+01  0.560E-01  0.125E-02 -0.286659E-04  0.499009E-04
[125723.386] 0     140  0.579635E+00  0.483E-02  0.120E+01  0.586E-01  0.125E-02 -0.254066E-04  0.380728E-04
[125832.376] 0     150  0.628848E+00  0.506E-02  0.120E+01  0.614E-01  0.125E-02 -0.228578E-04  0.254496E-04
[125941.377] 0     160  0.680789E+00  0.536E-02  0.120E+01  0.650E-01  0.125E-02 -0.281212E-04  0.408093E-04
[130050.373] 0     170  0.735792E+00  0.574E-02  0.120E+01  0.696E-01  0.125E-02 -0.447346E-04  0.441614E-04
[130159.357] 0     180  0.793726E+00  0.585E-02  0.120E+01  0.710E-01  0.125E-02 -0.341170E-04  0.339269E-04
[130308.343] 0     190  0.854377E+00  0.625E-02  0.120E+01  0.758E-01  0.125E-02 -0.322284E-04  0.246723E-04
[130729.834] 0     200  0.916663E+00  0.622E-02  0.120E+01  0.754E-01  0.125E-02 -0.326850E-04  0.249170E-04
[130838.806] 0     210  0.979454E+00  0.640E-02  0.120E+01  0.776E-01  0.125E-02 -0.297402E-04  0.242699E-04
[130947.788] 0     220  0.104453E+01  0.653E-02  0.120E+01  0.792E-01  0.125E-02 -0.276375E-04  0.221020E-04
[131056.766] 0     230  0.110931E+01  0.642E-02  0.120E+01  0.778E-01  0.125E-02 -0.199605E-04  0.242380E-04
[131205.720] 0     240  0.117276E+01  0.635E-02  0.120E+01  0.771E-01  0.125E-02 -0.243268E-04  0.165005E-04
[131314.671] 0     250  0.123611E+01  0.644E-02  0.120E+01  0.781E-01  0.125E-02 -0.220053E-04  0.161863E-04
[131423.622] 0     260  0.130213E+01  0.684E-02  0.120E+01  0.829E-01  0.125E-02 -0.206911E-04  0.199332E-04
[131532.568] 0     270  0.137226E+01  0.709E-02  0.120E+01  0.860E-01  0.125E-02 -0.185652E-04  0.178819E-04
[131641.521] 0     280  0.144422E+01  0.742E-02  0.120E+01  0.900E-01  0.125E-02 -0.144728E-04  0.190414E-04
[131750.471] 0     290  0.152064E+01  0.795E-02  0.120E+01  0.964E-01  0.125E-02 -0.181518E-04  0.163768E-04
[132209.072] 0     300  0.160137E+01  0.829E-02  0.120E+01  0.101E+00  0.125E-02 -0.175849E-04  0.169104E-04
[132318.006] 0     310  0.168513E+01  0.852E-02  0.120E+01  0.103E+00  0.125E-02 -0.168729E-04  0.131712E-04
[132426.937] 0     320  0.177120E+01  0.874E-02  0.120E+01  0.106E+00  0.125E-02 -0.178687E-04  0.156868E-04
[132535.869] 0     330  0.186052E+01  0.919E-02  0.120E+01  0.112E+00  0.125E-02 -0.165383E-04  0.170103E-04
[132644.802] 0     340  0.195181E+01  0.907E-02  0.120E+01  0.110E+00  0.125E-02 -0.172133E-04  0.144165E-04
[132753.741] 0     350  0.204210E+01  0.898E-02  0.120E+01  0.109E+00  0.125E-02 -0.148577E-04  0.127468E-04
[132902.667] 0     360  0.212959E+01  0.856E-02  0.120E+01  0.104E+00  0.125E-02 -0.187703E-04  0.165597E-04
[133011.573] 0     370  0.221474E+01  0.850E-02  0.120E+01  0.103E+00  0.125E-02 -0.194187E-04  0.127133E-04
[133120.481] 0     380  0.229983E+01  0.856E-02  0.120E+01  0.104E+00  0.125E-02 -0.195963E-04  0.146203E-04
[133229.376] 0     390  0.238541E+01  0.855E-02  0.120E+01  0.104E+00  0.125E-02 -0.225118E-04  0.170069E-04
[133658.568] 0     400  0.247097E+01  0.831E-02  0.120E+01  0.101E+00  0.125E-02 -0.186499E-04  0.152747E-04
[133807.464] 0     410  0.255134E+01  0.775E-02  0.120E+01  0.940E-01  0.125E-02 -0.180185E-04  0.156110E-04
[133916.361] 0     420  0.262713E+01  0.741E-02  0.120E+01  0.899E-01  0.125E-02 -0.171161E-04  0.147689E-04
[134025.259] 0     430  0.270053E+01  0.729E-02  0.120E+01  0.884E-01  0.125E-02 -0.166695E-04  0.180036E-04
[134134.148] 0     440  0.277359E+01  0.734E-02  0.120E+01  0.891E-01  0.125E-02 -0.158248E-04  0.177318E-04
[134243.046] 0     450  0.284766E+01  0.747E-02  0.120E+01  0.906E-01  0.125E-02 -0.161739E-04  0.152979E-04
[134351.946] 0     460  0.292081E+01  0.715E-02  0.120E+01  0.867E-01  0.125E-02 -0.176136E-04  0.133742E-04
[134500.839] 0     470  0.299134E+01  0.695E-02  0.120E+01  0.843E-01  0.125E-02 -0.201238E-04  0.162155E-04
[134609.744] 0     480  0.306043E+01  0.686E-02  0.120E+01  0.832E-01  0.125E-02 -0.224648E-04  0.132464E-04
[134718.652] 0     490  0.312858E+01  0.666E-02  0.120E+01  0.808E-01  0.125E-02 -0.242165E-04  0.138747E-04
[135143.381] 0     500  0.319375E+01  0.635E-02  0.120E+01  0.771E-01  0.125E-02 -0.218162E-04  0.164916E-04
[135252.357] 0     510  0.325654E+01  0.622E-02  0.120E+01  0.754E-01  0.125E-02 -0.165094E-04  0.193079E-04
[135401.323] 0     520  0.331890E+01  0.629E-02  0.120E+01  0.763E-01  0.125E-02 -0.175686E-04  0.186369E-04
[135510.276] 0     530  0.338311E+01  0.659E-02  0.120E+01  0.800E-01  0.125E-02 -0.170603E-04  0.127444E-04
[135619.226] 0     540  0.344832E+01  0.635E-02  0.120E+01  0.771E-01  0.125E-02 -0.211804E-04  0.113630E-04
[135728.150] 0     550  0.351030E+01  0.602E-02  0.120E+01  0.730E-01  0.125E-02 -0.263354E-04  0.145443E-04
[135837.083] 0     560  0.356915E+01  0.573E-02  0.120E+01  0.695E-01  0.125E-02 -0.248814E-04  0.169191E-04
[135945.998] 0     570  0.362565E+01  0.556E-02  0.120E+01  0.675E-01  0.125E-02 -0.190045E-04  0.195788E-04
[140054.922] 0     580  0.368067E+01  0.542E-02  0.120E+01  0.658E-01  0.125E-02 -0.152499E-04  0.194166E-04
[140203.850] 0     590  0.373425E+01  0.528E-02  0.120E+01  0.641E-01  0.125E-02 -0.123485E-04  0.192626E-04
[140623.839] 0     600  0.378649E+01  0.516E-02  0.120E+01  0.625E-01  0.125E-02 -0.133861E-04  0.163533E-04
[140732.717] 0     610  0.383757E+01  0.504E-02  0.120E+01  0.611E-01  0.125E-02 -0.144450E-04  0.163490E-04
[140841.595] 0     620  0.388747E+01  0.493E-02  0.120E+01  0.598E-01  0.125E-02 -0.152000E-04  0.137375E-04
[140950.451] 0     630  0.393637E+01  0.486E-02  0.120E+01  0.589E-01  0.125E-02 -0.170424E-04  0.135601E-04
[141059.321] 0     640  0.398469E+01  0.482E-02  0.120E+01  0.584E-01  0.125E-02 -0.175453E-04  0.144103E-04
[141208.191] 0     650  0.403293E+01  0.484E-02  0.120E+01  0.587E-01  0.125E-02 -0.185590E-04  0.180204E-04
[141317.064] 0     660  0.408176E+01  0.494E-02  0.120E+01  0.599E-01  0.125E-02 -0.182751E-04  0.200349E-04
[141425.922] 0     670  0.413172E+01  0.506E-02  0.120E+01  0.614E-01  0.125E-02 -0.155591E-04  0.158043E-04
[141534.792] 0     680  0.418277E+01  0.515E-02  0.120E+01  0.625E-01  0.125E-02 -0.130735E-04  0.114396E-04
[141643.630] 0     690  0.423436E+01  0.516E-02  0.120E+01  0.625E-01  0.125E-02 -0.103823E-04  0.110433E-04
[142104.679] 0     700  0.428523E+01  0.506E-02  0.120E+01  0.614E-01  0.125E-02 -0.115700E-04  0.110857E-04
[142213.533] 0     710  0.433620E+01  0.518E-02  0.120E+01  0.628E-01  0.125E-02 -0.154843E-04  0.114822E-04
[142322.387] 0     720  0.438754E+01  0.508E-02  0.120E+01  0.617E-01  0.125E-02 -0.184178E-04  0.158322E-04
[142431.229] 0     730  0.443797E+01  0.500E-02  0.120E+01  0.607E-01  0.125E-02 -0.181375E-04  0.202843E-04
[142540.074] 0     740  0.448776E+01  0.495E-02  0.120E+01  0.601E-01  0.125E-02 -0.147688E-04  0.200929E-04
[142648.908] 0     750  0.453720E+01  0.492E-02  0.120E+01  0.597E-01  0.125E-02 -0.150233E-04  0.193852E-04
[142757.742] 0     760  0.458625E+01  0.489E-02  0.120E+01  0.593E-01  0.125E-02 -0.191966E-04  0.217374E-04
[142906.580] 0     770  0.463520E+01  0.491E-02  0.120E+01  0.595E-01  0.125E-02 -0.197024E-04  0.205533E-04
[143015.420] 0     780  0.468426E+01  0.490E-02  0.120E+01  0.595E-01  0.125E-02 -0.189190E-04  0.179166E-04
[143124.243] 0     790  0.473276E+01  0.471E-02  0.120E+01  0.571E-01  0.125E-02 -0.163468E-04  0.144899E-04
[143540.246] 0     800  0.477869E+01  0.449E-02  0.120E+01  0.544E-01  0.125E-02 -0.139835E-04  0.130575E-04
[143649.049] 0     810  0.482275E+01  0.431E-02  0.120E+01  0.523E-01  0.125E-02 -0.166238E-04  0.121328E-04
[143757.861] 0     820  0.486546E+01  0.421E-02  0.120E+01  0.511E-01  0.125E-02 -0.179463E-04  0.128032E-04
[143906.663] 0     830  0.490694E+01  0.408E-02  0.120E+01  0.495E-01  0.125E-02 -0.161621E-04  0.142001E-04
[144015.458] 0     840  0.494764E+01  0.406E-02  0.120E+01  0.493E-01  0.125E-02 -0.158218E-04  0.173057E-04
[144124.255] 0     850  0.498835E+01  0.410E-02  0.120E+01  0.497E-01  0.125E-02 -0.153333E-04  0.178906E-04
[144233.058] 0     860  0.502959E+01  0.417E-02  0.120E+01  0.506E-01  0.125E-02 -0.139622E-04  0.170240E-04
[144341.861] 0     870  0.507157E+01  0.423E-02  0.120E+01  0.513E-01  0.125E-02 -0.120843E-04  0.129203E-04
[144450.641] 0     880  0.511398E+01  0.423E-02  0.120E+01  0.513E-01  0.125E-02 -0.119868E-04  0.118503E-04
[144559.411] 0     890  0.515583E+01  0.415E-02  0.120E+01  0.503E-01  0.125E-02 -0.128762E-04  0.103381E-04
[145017.427] 0     900  0.519694E+01  0.408E-02  0.120E+01  0.495E-01  0.125E-02 -0.121425E-04  0.904504E-05
[145126.146] 0     910  0.523771E+01  0.407E-02  0.120E+01  0.493E-01  0.125E-02 -0.116125E-04  0.967597E-05
[145234.858] 0     920  0.527851E+01  0.407E-02  0.120E+01  0.493E-01  0.125E-02 -0.123878E-04  0.125635E-04
[145343.566] 0     930  0.531898E+01  0.402E-02  0.120E+01  0.488E-01  0.125E-02 -0.171563E-04  0.115228E-04
[145452.271] 0     940  0.535920E+01  0.402E-02  0.120E+01  0.487E-01  0.125E-02 -0.144294E-04  0.154914E-04
[145600.973] 0     950  0.539858E+01  0.383E-02  0.120E+01  0.464E-01  0.125E-02 -0.153525E-04  0.183087E-04
[145709.676] 0     960  0.543592E+01  0.364E-02  0.120E+01  0.441E-01  0.125E-02 -0.183977E-04  0.162765E-04
[145818.377] 0     970  0.547202E+01  0.360E-02  0.120E+01  0.436E-01  0.125E-02 -0.183579E-04  0.158280E-04
[145927.079] 0     980  0.550819E+01  0.367E-02  0.120E+01  0.445E-01  0.125E-02 -0.179432E-04  0.151933E-04
[150035.788] 0     990  0.554485E+01  0.364E-02  0.120E+01  0.442E-01  0.125E-02 -0.166221E-04  0.142430E-04
[150456.307] 0    1000  0.558134E+01  0.364E-02  0.120E+01  0.441E-01  0.125E-02 -0.140249E-04  0.158478E-04
[150605.025] 0    1010  0.561800E+01  0.369E-02  0.120E+01  0.447E-01  0.125E-02 -0.143014E-04  0.152805E-04
[150713.744] 0    1020  0.565527E+01  0.379E-02  0.120E+01  0.460E-01  0.125E-02 -0.135771E-04  0.144325E-04
[150822.456] 0    1030  0.569325E+01  0.376E-02  0.120E+01  0.455E-01  0.125E-02 -0.180229E-04  0.196839E-04
[150931.172] 0    1040  0.572999E+01  0.359E-02  0.120E+01  0.435E-01  0.125E-02 -0.215183E-04  0.199789E-04
[151039.897] 0    1050  0.576527E+01  0.346E-02  0.120E+01  0.419E-01  0.125E-02 -0.232078E-04  0.208158E-04
[151148.616] 0    1060  0.579967E+01  0.341E-02  0.120E+01  0.413E-01  0.125E-02 -0.208605E-04  0.155722E-04
[151257.316] 0    1070  0.583270E+01  0.320E-02  0.120E+01  0.388E-01  0.125E-02 -0.201782E-04  0.162961E-04
[151406.023] 0    1080  0.586413E+01  0.311E-02  0.120E+01  0.377E-01  0.125E-02 -0.181785E-04  0.224747E-04
[151514.722] 0    1090  0.589523E+01  0.313E-02  0.120E+01  0.380E-01  0.125E-02 -0.208632E-04  0.254649E-04
[151942.143] 0    1100  0.592678E+01  0.321E-02  0.120E+01  0.389E-01  0.125E-02 -0.221224E-04  0.258225E-04
[152050.820] 0    1110  0.595876E+01  0.315E-02  0.120E+01  0.382E-01  0.125E-02 -0.264352E-04  0.257119E-04
[152159.503] 0    1120  0.598987E+01  0.308E-02  0.120E+01  0.373E-01  0.125E-02 -0.203045E-04  0.264354E-04
[152308.180] 0    1130  0.602084E+01  0.311E-02  0.120E+01  0.377E-01  0.125E-02 -0.223140E-04  0.235233E-04
[152416.849] 0    1140  0.605227E+01  0.317E-02  0.120E+01  0.384E-01  0.125E-02 -0.188181E-04  0.208214E-04
[152525.515] 0    1150  0.608397E+01  0.309E-02  0.120E+01  0.375E-01  0.125E-02 -0.221804E-04  0.226471E-04
[152634.183] 0    1160  0.611413E+01  0.296E-02  0.120E+01  0.359E-01  0.125E-02 -0.288872E-04  0.240093E-04
[152742.865] 0    1170  0.614365E+01  0.296E-02  0.120E+01  0.359E-01  0.125E-02 -0.278121E-04  0.294100E-04
[152851.517] 0    1180  0.617370E+01  0.307E-02  0.120E+01  0.372E-01  0.125E-02 -0.263506E-04  0.322320E-04
[153000.161] 0    1190  0.620521E+01  0.325E-02  0.120E+01  0.394E-01  0.125E-02 -0.239895E-04  0.280100E-04
[153417.750] 0    1200  0.623867E+01  0.342E-02  0.120E+01  0.415E-01  0.125E-02 -0.193031E-04  0.268210E-04
[153526.441] 0    1210  0.627284E+01  0.343E-02  0.120E+01  0.416E-01  0.125E-02 -0.207689E-04  0.355579E-04
[153635.115] 0    1220  0.630733E+01  0.347E-02  0.120E+01  0.421E-01  0.125E-02 -0.237187E-04  0.414325E-04
[153743.791] 0    1230  0.634158E+01  0.339E-02  0.120E+01  0.411E-01  0.125E-02 -0.297365E-04  0.427873E-04
[153852.439] 0    1240  0.637536E+01  0.338E-02  0.120E+01  0.410E-01  0.125E-02 -0.340409E-04  0.411612E-04
[154001.111] 0    1250  0.640937E+01  0.340E-02  0.120E+01  0.412E-01  0.125E-02 -0.308693E-04  0.417041E-04
[154109.773] 0    1260  0.644314E+01  0.328E-02  0.120E+01  0.398E-01  0.125E-02 -0.326285E-04  0.398030E-04
[154218.416] 0    1270  0.647503E+01  0.309E-02  0.120E+01  0.375E-01  0.125E-02 -0.314774E-04  0.432598E-04
[154327.059] 0    1280  0.650543E+01  0.300E-02  0.120E+01  0.364E-01  0.125E-02 -0.283129E-04  0.471238E-04
[154435.697] 0    1290  0.653542E+01  0.301E-02  0.120E+01  0.365E-01  0.125E-02 -0.225284E-04  0.436957E-04
[154854.347] 0    1300  0.656559E+01  0.302E-02  0.120E+01  0.366E-01  0.125E-02 -0.256208E-04  0.375360E-04
[155002.967] 0    1310  0.659559E+01  0.298E-02  0.120E+01  0.361E-01  0.125E-02 -0.306854E-04  0.272416E-04
[155111.607] 0    1320  0.662537E+01  0.298E-02  0.120E+01  0.361E-01  0.125E-02 -0.193591E-04  0.250353E-04
[155220.230] 0    1330  0.665469E+01  0.288E-02  0.120E+01  0.349E-01  0.125E-02 -0.175628E-04  0.216681E-04
[155328.847] 0    1340  0.668293E+01  0.276E-02  0.120E+01  0.335E-01  0.125E-02 -0.192146E-04  0.195922E-04
[155437.459] 0    1350  0.671016E+01  0.268E-02  0.120E+01  0.325E-01  0.125E-02 -0.231405E-04  0.231037E-04
[155546.075] 0    1360  0.673654E+01  0.258E-02  0.120E+01  0.313E-01  0.125E-02 -0.233558E-04  0.262183E-04
[155654.680] 0    1370  0.676220E+01  0.257E-02  0.120E+01  0.312E-01  0.125E-02 -0.235373E-04  0.256563E-04
[155803.292] 0    1380  0.678795E+01  0.260E-02  0.120E+01  0.315E-01  0.125E-02 -0.241046E-04  0.355046E-04
[155911.902] 0    1390  0.681399E+01  0.262E-02  0.120E+01  0.318E-01  0.125E-02 -0.309493E-04  0.363475E-04
[160337.263] 0    1400  0.684049E+01  0.272E-02  0.120E+01  0.330E-01  0.125E-02 -0.335086E-04  0.322852E-04
[160445.913] 0    1410  0.686764E+01  0.264E-02  0.120E+01  0.321E-01  0.125E-02 -0.318970E-04  0.278458E-04
[160554.560] 0    1420  0.689421E+01  0.264E-02  0.120E+01  0.320E-01  0.125E-02 -0.219381E-04  0.259354E-04
[160703.204] 0    1430  0.692044E+01  0.260E-02  0.120E+01  0.316E-01  0.125E-02 -0.176054E-04  0.197409E-04
[160811.871] 0    1440  0.694702E+01  0.270E-02  0.120E+01  0.328E-01  0.125E-02 -0.176780E-04  0.176930E-04
[160920.537] 0    1450  0.697400E+01  0.274E-02  0.120E+01  0.333E-01  0.125E-02 -0.198401E-04  0.274375E-04
[161029.208] 0    1460  0.700142E+01  0.273E-02  0.120E+01  0.331E-01  0.125E-02 -0.234863E-04  0.224146E-04
[161137.877] 0    1470  0.702864E+01  0.271E-02  0.120E+01  0.328E-01  0.125E-02 -0.240261E-04  0.223780E-04
[161246.540] 0    1480  0.705596E+01  0.277E-02  0.120E+01  0.335E-01  0.125E-02 -0.303953E-04  0.275217E-04
[161355.210] 0    1490  0.708385E+01  0.283E-02  0.120E+01  0.343E-01  0.125E-02 -0.314775E-04  0.242028E-04
[161816.966] 0    1500  0.711267E+01  0.294E-02  0.120E+01  0.356E-01  0.125E-02 -0.277259E-04  0.202780E-04
[161925.549] 0    1510  0.714245E+01  0.293E-02  0.120E+01  0.355E-01  0.125E-02 -0.236898E-04  0.220999E-04
[162034.126] 0    1520  0.717136E+01  0.283E-02  0.120E+01  0.344E-01  0.125E-02 -0.261207E-04  0.299810E-04
[162142.699] 0    1530  0.719973E+01  0.284E-02  0.120E+01  0.345E-01  0.125E-02 -0.363057E-04  0.447088E-04
[162251.253] 0    1540  0.722842E+01  0.289E-02  0.120E+01  0.351E-01  0.125E-02 -0.290039E-04  0.506786E-04
[162359.822] 0    1550  0.725748E+01  0.293E-02  0.120E+01  0.356E-01  0.125E-02 -0.370376E-04  0.502525E-04
[162508.368] 0    1560  0.728587E+01  0.278E-02  0.120E+01  0.337E-01  0.125E-02 -0.348769E-04  0.449297E-04
[162616.914] 0    1570  0.731374E+01  0.279E-02  0.120E+01  0.338E-01  0.125E-02 -0.311042E-04  0.458243E-04
[162725.445] 0    1580  0.734178E+01  0.283E-02  0.120E+01  0.343E-01  0.125E-02 -0.343007E-04  0.436828E-04
[162833.948] 0    1590  0.737036E+01  0.283E-02  0.120E+01  0.343E-01  0.125E-02 -0.429038E-04  0.429496E-04
[163256.847] 0    1600  0.739844E+01  0.275E-02  0.120E+01  0.333E-01  0.125E-02 -0.429452E-04  0.462667E-04
[163405.332] 0    1610  0.742559E+01  0.271E-02  0.120E+01  0.329E-01  0.125E-02 -0.397921E-04  0.489058E-04
[163513.822] 0    1620  0.745303E+01  0.272E-02  0.120E+01  0.330E-01  0.125E-02 -0.351609E-04  0.442523E-04
[163622.298] 0    1630  0.747988E+01  0.265E-02  0.120E+01  0.322E-01  0.125E-02 -0.403420E-04  0.377039E-04
[163730.775] 0    1640  0.750618E+01  0.262E-02  0.120E+01  0.318E-01  0.125E-02 -0.407021E-04  0.445600E-04
[163839.225] 0    1650  0.753246E+01  0.263E-02  0.120E+01  0.319E-01  0.125E-02 -0.397573E-04  0.507983E-04
[163947.676] 0    1660  0.755899E+01  0.265E-02  0.120E+01  0.322E-01  0.125E-02 -0.499934E-04  0.603872E-04
[164056.123] 0    1670  0.758535E+01  0.262E-02  0.120E+01  0.318E-01  0.125E-02 -0.488715E-04  0.553518E-04
[164204.548] 0    1680  0.761133E+01  0.258E-02  0.120E+01  0.313E-01  0.125E-02 -0.432513E-04  0.588493E-04
[164312.979] 0    1690  0.763703E+01  0.256E-02  0.120E+01  0.311E-01  0.125E-02 -0.492732E-04  0.481512E-04
[164736.547] 0    1700  0.766264E+01  0.256E-02  0.120E+01  0.311E-01  0.125E-02 -0.512236E-04  0.459342E-04
[164844.998] 0    1710  0.768801E+01  0.248E-02  0.120E+01  0.301E-01  0.125E-02 -0.454980E-04  0.403344E-04
[164953.442] 0    1720  0.771238E+01  0.240E-02  0.120E+01  0.291E-01  0.125E-02 -0.572124E-04  0.541043E-04
[165101.881] 0    1730  0.773616E+01  0.237E-02  0.120E+01  0.287E-01  0.125E-02 -0.471385E-04  0.442527E-04
[165210.316] 0    1740  0.775991E+01  0.238E-02  0.120E+01  0.289E-01  0.125E-02 -0.375167E-04  0.363520E-04
[165318.739] 0    1750  0.778394E+01  0.243E-02  0.120E+01  0.295E-01  0.125E-02 -0.370970E-04  0.339292E-04
[165427.161] 0    1760  0.780856E+01  0.250E-02  0.120E+01  0.303E-01  0.125E-02 -0.516737E-04  0.312421E-04
[165535.579] 0    1770  0.783355E+01  0.250E-02  0.120E+01  0.303E-01  0.125E-02 -0.492921E-04  0.352897E-04
[165643.994] 0    1780  0.785867E+01  0.255E-02  0.120E+01  0.310E-01  0.125E-02 -0.300977E-04  0.414686E-04
[165752.423] 0    1790  0.788454E+01  0.260E-02  0.120E+01  0.315E-01  0.125E-02 -0.218477E-04  0.407977E-04
[170205.678] 0    1800  0.791056E+01  0.261E-02  0.120E+01  0.317E-01  0.125E-02 -0.222568E-04  0.388335E-04
[170314.093] 0    1810  0.793667E+01  0.258E-02  0.120E+01  0.313E-01  0.125E-02 -0.257470E-04  0.278818E-04
[170422.491] 0    1820  0.796202E+01  0.250E-02  0.120E+01  0.303E-01  0.125E-02 -0.376189E-04  0.286184E-04
[170530.899] 0    1830  0.798711E+01  0.254E-02  0.120E+01  0.308E-01  0.125E-02 -0.346312E-04  0.308775E-04
[170639.310] 0    1840  0.801218E+01  0.245E-02  0.120E+01  0.297E-01  0.125E-02 -0.292614E-04  0.250251E-04
[170747.721] 0    1850  0.803653E+01  0.245E-02  0.120E+01  0.297E-01  0.125E-02 -0.286687E-04  0.352043E-04
[170856.135] 0    1860  0.806131E+01  0.249E-02  0.120E+01  0.302E-01  0.125E-02 -0.309085E-04  0.342240E-04
[171004.551] 0    1870  0.808625E+01  0.249E-02  0.120E+01  0.302E-01  0.125E-02 -0.329191E-04  0.272592E-04
[171112.964] 0    1880  0.811110E+01  0.247E-02  0.120E+01  0.300E-01  0.125E-02 -0.357150E-04  0.312251E-04
[171221.369] 0    1890  0.813559E+01  0.240E-02  0.120E+01  0.291E-01  0.125E-02 -0.309507E-04  0.342542E-04
[171635.958] 0    1900  0.815938E+01  0.237E-02  0.120E+01  0.287E-01  0.125E-02 -0.282289E-04  0.380653E-04
[171744.336] 0    1910  0.818301E+01  0.237E-02  0.120E+01  0.288E-01  0.125E-02 -0.364282E-04  0.334456E-04
[171852.714] 0    1920  0.820717E+01  0.248E-02  0.120E+01  0.300E-01  0.125E-02 -0.464372E-04  0.492482E-04
[172001.097] 0    1930  0.823124E+01  0.233E-02  0.120E+01  0.283E-01  0.125E-02 -0.482092E-04  0.528224E-04
[172109.463] 0    1940  0.825407E+01  0.224E-02  0.120E+01  0.272E-01  0.125E-02 -0.545942E-04  0.642174E-04
[172217.837] 0    1950  0.827642E+01  0.223E-02  0.120E+01  0.270E-01  0.125E-02 -0.528806E-04  0.685028E-04
[172326.196] 0    1960  0.829919E+01  0.232E-02  0.120E+01  0.282E-01  0.125E-02 -0.423665E-04  0.630044E-04
[172434.558] 0    1970  0.832277E+01  0.234E-02  0.120E+01  0.283E-01  0.125E-02 -0.435775E-04  0.681244E-04
[172542.930] 0    1980  0.834535E+01  0.217E-02  0.120E+01  0.263E-01  0.125E-02 -0.521945E-04  0.711847E-04
[172651.278] 0    1990  0.836678E+01  0.210E-02  0.120E+01  0.255E-01  0.125E-02 -0.617779E-04  0.664866E-04
[173116.700] 0    2000  0.838777E+01  0.212E-02  0.120E+01  0.257E-01  0.125E-02 -0.661455E-04  0.702243E-04
[173225.039] 0    2010  0.840916E+01  0.218E-02  0.120E+01  0.265E-01  0.125E-02 -0.685924E-04  0.701279E-04
[173333.383] 0    2020  0.843143E+01  0.229E-02  0.120E+01  0.278E-01  0.125E-02 -0.604026E-04  0.673377E-04
[173441.723] 0    2030  0.845478E+01  0.240E-02  0.120E+01  0.291E-01  0.125E-02 -0.466441E-04  0.575993E-04
[173550.054] 0    2040  0.847896E+01  0.242E-02  0.120E+01  0.294E-01  0.125E-02 -0.365650E-04  0.418854E-04
[173658.372] 0    2050  0.850290E+01  0.238E-02  0.120E+01  0.288E-01  0.125E-02 -0.547568E-04  0.511572E-04
[173806.686] 0    2060  0.852661E+01  0.238E-02  0.120E+01  0.289E-01  0.125E-02 -0.528256E-04  0.617103E-04
[173914.994] 0    2070  0.855015E+01  0.228E-02  0.120E+01  0.276E-01  0.125E-02 -0.416783E-04  0.748341E-04
[174023.292] 0    2080  0.857242E+01  0.218E-02  0.120E+01  0.265E-01  0.125E-02 -0.501947E-04  0.766122E-04
[174131.594] 0    2090  0.859396E+01  0.213E-02  0.120E+01  0.259E-01  0.125E-02 -0.547952E-04  0.732483E-04
[174551.636] 0    2100  0.861521E+01  0.212E-02  0.120E+01  0.257E-01  0.125E-02 -0.477274E-04  0.584191E-04
[174659.922] 0    2110  0.863659E+01  0.216E-02  0.120E+01  0.262E-01  0.125E-02 -0.453464E-04  0.567339E-04
[174808.190] 0    2120  0.865844E+01  0.223E-02  0.120E+01  0.270E-01  0.125E-02 -0.255005E-04  0.479561E-04
[174916.450] 0    2130  0.868086E+01  0.223E-02  0.120E+01  0.270E-01  0.125E-02 -0.319970E-04  0.387818E-04
[175024.698] 0    2140  0.870302E+01  0.221E-02  0.120E+01  0.268E-01  0.125E-02 -0.464919E-04  0.444923E-04
[175132.953] 0    2150  0.872563E+01  0.233E-02  0.120E+01  0.283E-01  0.125E-02 -0.567307E-04  0.412860E-04
[175241.197] 0    2160  0.874936E+01  0.239E-02  0.120E+01  0.290E-01  0.125E-02 -0.520508E-04  0.555860E-04
[175349.452] 0    2170  0.877351E+01  0.245E-02  0.120E+01  0.297E-01  0.125E-02 -0.530771E-04  0.506106E-04
[175457.708] 0    2180  0.879791E+01  0.238E-02  0.120E+01  0.289E-01  0.125E-02 -0.499562E-04  0.608648E-04
[175605.948] 0    2190  0.882109E+01  0.227E-02  0.120E+01  0.275E-01  0.125E-02 -0.489660E-04  0.728010E-04
[180030.976] 0    2200  0.884371E+01  0.227E-02  0.120E+01  0.276E-01  0.125E-02 -0.475884E-04  0.548954E-04
[180139.283] 0    2210  0.886665E+01  0.233E-02  0.120E+01  0.283E-01  0.125E-02 -0.361112E-04  0.446692E-04
[180247.588] 0    2220  0.889026E+01  0.240E-02  0.120E+01  0.292E-01  0.125E-02 -0.356882E-04  0.409292E-04
[180355.878] 0    2230  0.891427E+01  0.236E-02  0.120E+01  0.286E-01  0.125E-02 -0.392375E-04  0.392900E-04
[180504.178] 0    2240  0.893750E+01  0.232E-02  0.120E+01  0.282E-01  0.125E-02 -0.427559E-04  0.399145E-04
[180612.471] 0    2250  0.896042E+01  0.228E-02  0.120E+01  0.276E-01  0.125E-02 -0.411820E-04  0.307044E-04
[180720.775] 0    2260  0.898380E+01  0.233E-02  0.120E+01  0.282E-01  0.125E-02 -0.478977E-04  0.287162E-04
[180829.079] 0    2270  0.900686E+01  0.228E-02  0.120E+01  0.276E-01  0.125E-02 -0.591797E-04  0.292136E-04
[180937.379] 0    2280  0.902960E+01  0.227E-02  0.120E+01  0.276E-01  0.125E-02 -0.511759E-04  0.303051E-04
[181045.668] 0    2290  0.905227E+01  0.225E-02  0.120E+01  0.273E-01  0.125E-02 -0.456782E-04  0.346195E-04
[181459.657] 0    2300  0.907497E+01  0.234E-02  0.120E+01  0.284E-01  0.125E-02 -0.413579E-04  0.331853E-04
[181607.934] 0    2310  0.909799E+01  0.229E-02  0.120E+01  0.278E-01  0.125E-02 -0.347429E-04  0.398626E-04
[181716.210] 0    2320  0.912063E+01  0.222E-02  0.120E+01  0.270E-01  0.125E-02 -0.469996E-04  0.548158E-04
[181824.490] 0    2330  0.914261E+01  0.216E-02  0.120E+01  0.262E-01  0.125E-02 -0.559978E-04  0.587349E-04
[181932.789] 0    2340  0.916438E+01  0.219E-02  0.120E+01  0.266E-01  0.125E-02 -0.435098E-04  0.573735E-04
[182041.118] 0    2350  0.918643E+01  0.223E-02  0.120E+01  0.271E-01  0.125E-02 -0.471514E-04  0.560040E-04
[182149.514] 0    2360  0.920897E+01  0.226E-02  0.120E+01  0.274E-01  0.125E-02 -0.492437E-04  0.649338E-04
[182257.958] 0    2370  0.923142E+01  0.216E-02  0.120E+01  0.262E-01  0.125E-02 -0.456942E-04  0.717859E-04
[182406.428] 0    2380  0.925341E+01  0.216E-02  0.120E+01  0.262E-01  0.125E-02 -0.389174E-04  0.595985E-04
[182514.946] 0    2390  0.927540E+01  0.230E-02  0.120E+01  0.279E-01  0.125E-02 -0.412675E-04  0.395111E-04
[182931.554] 0    2400  0.929790E+01  0.222E-02  0.120E+01  0.269E-01  0.125E-02 -0.413621E-04  0.313506E-04
[183040.259] 0    2410  0.932012E+01  0.218E-02  0.120E+01  0.265E-01  0.125E-02 -0.366691E-04  0.399907E-04
[183149.046] 0    2420  0.934177E+01  0.215E-02  0.120E+01  0.261E-01  0.125E-02 -0.353345E-04  0.458294E-04
[183257.900] 0    2430  0.936337E+01  0.222E-02  0.120E+01  0.269E-01  0.125E-02 -0.357394E-04  0.430470E-04
[183406.798] 0    2440  0.938561E+01  0.223E-02  0.120E+01  0.270E-01  0.125E-02 -0.339047E-04  0.555369E-04
[183515.770] 0    2450  0.940805E+01  0.224E-02  0.120E+01  0.271E-01  0.125E-02 -0.328385E-04  0.413027E-04
[183624.811] 0    2460  0.943037E+01  0.224E-02  0.120E+01  0.272E-01  0.125E-02 -0.406383E-04  0.428331E-04
[183733.897] 0    2470  0.945301E+01  0.230E-02  0.120E+01  0.279E-01  0.125E-02 -0.485482E-04  0.372862E-04
[183843.064] 0    2480  0.947569E+01  0.221E-02  0.120E+01  0.268E-01  0.125E-02 -0.443958E-04  0.377203E-04
[183952.292] 0    2490  0.949880E+01  0.236E-02  0.120E+01  0.286E-01  0.125E-02 -0.390029E-04  0.368471E-04
[184421.005] 0    2500  0.952231E+01  0.231E-02  0.120E+01  0.280E-01  0.125E-02 -0.392670E-04  0.365436E-04
[184530.364] 0    2510  0.954521E+01  0.232E-02  0.120E+01  0.281E-01  0.125E-02 -0.406517E-04  0.393419E-04
[184639.809] 0    2520  0.956860E+01  0.234E-02  0.120E+01  0.283E-01  0.125E-02 -0.465385E-04  0.404909E-04
[184749.296] 0    2530  0.959168E+01  0.231E-02  0.120E+01  0.281E-01  0.125E-02 -0.548221E-04  0.356207E-04
[184858.841] 0    2540  0.961459E+01  0.224E-02  0.120E+01  0.271E-01  0.125E-02 -0.704695E-04  0.345756E-04
[185008.461] 0    2550  0.963652E+01  0.215E-02  0.120E+01  0.260E-01  0.125E-02 -0.619547E-04  0.304373E-04
[185118.166] 0    2560  0.965764E+01  0.209E-02  0.120E+01  0.253E-01  0.125E-02 -0.490538E-04  0.384209E-04
[185227.923] 0    2570  0.967827E+01  0.205E-02  0.120E+01  0.249E-01  0.125E-02 -0.374109E-04  0.367694E-04
[185337.779] 0    2580  0.969867E+01  0.202E-02  0.120E+01  0.245E-01  0.125E-02 -0.374755E-04  0.323266E-04
[185447.696] 0    2590  0.971876E+01  0.200E-02  0.120E+01  0.242E-01  0.125E-02 -0.442616E-04  0.372596E-04
[185911.319] 0    2600  0.973870E+01  0.200E-02  0.120E+01  0.243E-01  0.125E-02 -0.398026E-04  0.348629E-04
[190021.369] 0    2610  0.975877E+01  0.201E-02  0.120E+01  0.244E-01  0.125E-02 -0.426410E-04  0.358304E-04
[190131.485] 0    2620  0.977865E+01  0.196E-02  0.120E+01  0.238E-01  0.125E-02 -0.466804E-04  0.490051E-04
[190241.680] 0    2630  0.979829E+01  0.197E-02  0.120E+01  0.239E-01  0.125E-02 -0.513149E-04  0.471417E-04
[190351.944] 0    2640  0.981824E+01  0.203E-02  0.120E+01  0.246E-01  0.125E-02 -0.603043E-04  0.406282E-04
[190502.270] 0    2650  0.983900E+01  0.209E-02  0.120E+01  0.253E-01  0.125E-02 -0.482812E-04  0.372064E-04
[190612.661] 0    2660  0.986022E+01  0.212E-02  0.120E+01  0.257E-01  0.125E-02 -0.341863E-04  0.386312E-04
[190723.115] 0    2670  0.988182E+01  0.213E-02  0.120E+01  0.259E-01  0.125E-02 -0.432615E-04  0.430106E-04
[190833.590] 0    2680  0.990287E+01  0.208E-02  0.120E+01  0.253E-01  0.125E-02 -0.495273E-04  0.438541E-04
[190944.112] 0    2690  0.992373E+01  0.209E-02  0.120E+01  0.254E-01  0.125E-02 -0.456940E-04  0.508695E-04
[191404.507] 0    2700  0.994507E+01  0.217E-02  0.120E+01  0.263E-01  0.125E-02 -0.424015E-04  0.432789E-04
[191515.220] 0    2710  0.996674E+01  0.215E-02  0.120E+01  0.261E-01  0.125E-02 -0.480392E-04  0.563047E-04
[191625.991] 0    2720  0.998806E+01  0.213E-02  0.120E+01  0.259E-01  0.125E-02 -0.477732E-04  0.560067E-04
[191736.791] 0    2730  0.100094E+02  0.217E-02  0.120E+01  0.263E-01  0.125E-02 -0.430572E-04  0.508199E-04
[191847.638] 0    2740  0.100312E+02  0.218E-02  0.120E+01  0.265E-01  0.125E-02 -0.462748E-04  0.485939E-04
[191958.546] 0    2750  0.100529E+02  0.215E-02  0.120E+01  0.261E-01  0.125E-02 -0.467757E-04  0.452770E-04
[192109.498] 0    2760  0.100744E+02  0.217E-02  0.120E+01  0.264E-01  0.125E-02 -0.623409E-04  0.388674E-04
[192220.484] 0    2770  0.100952E+02  0.198E-02  0.120E+01  0.240E-01  0.125E-02 -0.849483E-04  0.654571E-04
[192331.502] 0    2780  0.101150E+02  0.202E-02  0.120E+01  0.245E-01  0.125E-02 -0.964487E-04  0.780656E-04
[192442.586] 0    2790  0.101352E+02  0.200E-02  0.120E+01  0.242E-01  0.125E-02 -0.119971E-03  0.846729E-04
[192903.193] 0    2800  0.101558E+02  0.221E-02  0.120E+01  0.267E-01  0.125E-02 -0.127324E-03  0.856683E-04
[193014.391] 0    2810  0.101788E+02  0.233E-02  0.120E+01  0.283E-01  0.125E-02 -0.128840E-03  0.734666E-04
[193125.663] 0    2820  0.102021E+02  0.234E-02  0.120E+01  0.284E-01  0.125E-02 -0.119013E-03  0.606686E-04
[193236.984] 0    2830  0.102257E+02  0.237E-02  0.120E+01  0.288E-01  0.125E-02 -0.972357E-04  0.640699E-04
[193348.367] 0    2840  0.102495E+02  0.238E-02  0.120E+01  0.289E-01  0.125E-02 -0.794718E-04  0.117421E-03
[193459.781] 0    2850  0.102734E+02  0.240E-02  0.120E+01  0.291E-01  0.125E-02 -0.137854E-03  0.513132E-04
[193611.257] 0    2860  0.102973E+02  0.234E-02  0.120E+01  0.284E-01  0.125E-02 -0.556519E-04  0.517543E-04
[193722.743] 0    2870  0.103205E+02  0.230E-02  0.120E+01  0.279E-01  0.125E-02 -0.130682E-03  0.451941E-04
[193834.262] 0    2880  0.103432E+02  0.226E-02  0.120E+01  0.274E-01  0.125E-02 -0.170045E-03  0.689369E-04
[193945.796] 0    2890  0.103655E+02  0.223E-02  0.120E+01  0.270E-01  0.125E-02 -0.779290E-04  0.714293E-04
[194413.271] 0    2900  0.103881E+02  0.233E-02  0.120E+01  0.282E-01  0.125E-02 -0.671650E-04  0.199126E-03
[194524.834] 0    2910  0.104118E+02  0.238E-02  0.120E+01  0.289E-01  0.125E-02 -0.116403E-03  0.136221E-03
[194636.454] 0    2920  0.104354E+02  0.234E-02  0.120E+01  0.284E-01  0.125E-02 -0.187055E-03  0.138960E-03
[194748.096] 0    2930  0.104585E+02  0.228E-02  0.120E+01  0.276E-01  0.125E-02 -0.512688E-03  0.108575E-03
[194859.793] 0    2940  0.104812E+02  0.228E-02  0.120E+01  0.277E-01  0.125E-02 -0.301358E-03  0.125822E-03
[195011.536] 0    2950  0.105044E+02  0.236E-02  0.120E+01  0.287E-01  0.125E-02 -0.522636E-03  0.147079E-03
[195123.323] 0    2960  0.105285E+02  0.244E-02  0.120E+01  0.296E-01  0.125E-02 -0.312212E-03  0.288787E-03
[195235.165] 0    2970  0.105526E+02  0.237E-02  0.120E+01  0.288E-01  0.125E-02 -0.587330E-03  0.396548E-03
[195347.103] 0    2980  0.105761E+02  0.232E-02  0.120E+01  0.281E-01  0.125E-02 -0.637835E-03  0.239626E-03
[195459.118] 0    2990  0.105992E+02  0.227E-02  0.120E+01  0.275E-01  0.125E-02 -0.262930E-03  0.307472E-03
[195920.069] 0    3000  0.106216E+02  0.221E-02  0.120E+01  0.268E-01  0.125E-02 -0.593316E-03  0.279048E-03
[200032.178] 0    3010  0.106436E+02  0.219E-02  0.120E+01  0.265E-01  0.125E-02 -0.773698E-03  0.427649E-03
[200144.291] 0    3020  0.106655E+02  0.218E-02  0.120E+01  0.264E-01  0.125E-02 -0.244006E-03  0.506190E-03
[200256.430] 0    3030  0.106873E+02  0.219E-02  0.120E+01  0.266E-01  0.125E-02 -0.243131E-03  0.679175E-03
[200408.527] 0    3040  0.107097E+02  0.227E-02  0.120E+01  0.276E-01  0.125E-02 -0.301135E-03  0.564529E-03
[200520.640] 0    3050  0.107326E+02  0.230E-02  0.120E+01  0.279E-01  0.125E-02 -0.521982E-03  0.432525E-03
[200632.788] 0    3060  0.107552E+02  0.224E-02  0.120E+01  0.272E-01  0.125E-02 -0.878422E-03  0.329364E-03
[200745.005] 0    3070  0.107776E+02  0.224E-02  0.120E+01  0.271E-01  0.125E-02 -0.949228E-03  0.456940E-03
[200857.319] 0    3080  0.108001E+02  0.225E-02  0.120E+01  0.273E-01  0.125E-02 -0.537389E-03  0.103214E-02
[201009.729] 0    3090  0.108226E+02  0.226E-02  0.120E+01  0.274E-01  0.125E-02 -0.270937E-03  0.764636E-03
[201427.881] 0    3100  0.108454E+02  0.230E-02  0.120E+01  0.279E-01  0.125E-02 -0.513579E-03  0.835619E-03
[201540.293] 0    3110  0.108679E+02  0.222E-02  0.120E+01  0.270E-01  0.125E-02 -0.515118E-03  0.737754E-03
[201652.744] 0    3120  0.108901E+02  0.221E-02  0.120E+01  0.268E-01  0.125E-02 -0.115047E-02  0.329075E-03
[201805.219] 0    3130  0.109121E+02  0.222E-02  0.120E+01  0.269E-01  0.125E-02 -0.106660E-02  0.288058E-03
[201917.739] 0    3140  0.109344E+02  0.197E-02  0.120E+01  0.239E-01  0.125E-02 -0.613677E-03  0.153733E-03
