[114028.818] ###############################################################################################
[114028.818] #  Itn.    time          dt         CFL#       D#         visc       DilMin        DilMax     #
[114028.818] ###############################################################################################
[114029.096] 0       0  0.000000E+00  0.799E-02  0.120E+01  0.465E-01  0.250E-02 -0.325902E-02  0.208576E-02
[114218.145] 0      10  0.810967E-01  0.829E-02  0.120E+01  0.483E-01  0.250E-02 -0.372863E-02  0.268863E-02
[114404.585] 0      20  0.169326E+00  0.931E-02  0.120E+01  0.542E-01  0.250E-02 -0.284296E-02  0.386717E-02
[114552.255] 0      30  0.267227E+00  0.101E-01  0.120E+01  0.588E-01  0.250E-02 -0.433619E-02  0.346005E-02
[114745.838] 0      40  0.366833E+00  0.985E-02  0.120E+01  0.573E-01  0.250E-02 -0.302577E-02  0.324680E-02
[114936.228] 0      50  0.467675E+00  0.106E-01  0.120E+01  0.616E-01  0.250E-02 -0.467438E-02  0.320722E-02
[115129.907] 0      60  0.576980E+00  0.112E-01  0.120E+01  0.651E-01  0.250E-02 -0.392684E-02  0.245195E-02
[115320.114] 0      70  0.692238E+00  0.120E-01  0.120E+01  0.699E-01  0.250E-02 -0.395882E-02  0.245961E-02
[115508.902] 0      80  0.817824E+00  0.133E-01  0.120E+01  0.775E-01  0.250E-02 -0.514755E-02  0.576714E-02
[115657.716] 0      90  0.950537E+00  0.130E-01  0.120E+01  0.754E-01  0.250E-02 -0.199929E-02  0.205223E-02
[115852.599] 0     100  0.107703E+01  0.121E-01  0.120E+01  0.703E-01  0.250E-02 -0.224732E-02  0.451690E-02
[120038.681] 0     110  0.119279E+01  0.110E-01  0.120E+01  0.643E-01  0.250E-02 -0.402227E-02  0.249596E-02
[120229.912] 0     120  0.130011E+01  0.104E-01  0.120E+01  0.607E-01  0.250E-02 -0.379209E-02  0.345725E-02
[120427.925] 0     130  0.140367E+01  0.103E-01  0.120E+01  0.600E-01  0.250E-02 -0.230648E-02  0.445613E-02
[120617.024] 0     140  0.150684E+01  0.104E-01  0.120E+01  0.604E-01  0.250E-02 -0.282246E-02  0.412643E-02
[120808.689] 0     150  0.161135E+01  0.106E-01  0.120E+01  0.614E-01  0.250E-02 -0.282311E-02  0.467882E-02
[121004.977] 0     160  0.171800E+01  0.108E-01  0.120E+01  0.630E-01  0.250E-02 -0.304128E-02  0.434530E-02
[121157.797] 0     170  0.182705E+01  0.110E-01  0.120E+01  0.641E-01  0.250E-02 -0.234695E-02  0.267846E-02
[121344.677] 0     180  0.193816E+01  0.112E-01  0.120E+01  0.651E-01  0.250E-02 -0.318153E-02  0.293823E-02
[121532.248] 0     190  0.205072E+01  0.113E-01  0.120E+01  0.660E-01  0.250E-02 -0.424246E-02  0.373755E-02
[121722.325] 0     200  0.216457E+01  0.114E-01  0.120E+01  0.665E-01  0.250E-02 -0.290110E-02  0.307923E-02
[124334.780] ###############################################################################################
[124334.780] #  Itn.    time          dt         CFL#       D#         visc       DilMin        DilMax     #
[124334.780] ###############################################################################################
[124334.842] 0     200  0.216457E+01  0.114E-01  0.120E+01  0.665E-01  0.250E-02 -0.290110E-02  0.307923E-02
[124650.671] 0     210  0.227934E+01  0.116E-01  0.120E+01  0.673E-01  0.250E-02 -0.204506E-02  0.257824E-02
[125106.674] 0     220  0.239546E+01  0.117E-01  0.120E+01  0.680E-01  0.250E-02 -0.180457E-02  0.232187E-02
[125523.089] 0     230  0.251326E+01  0.119E-01  0.120E+01  0.691E-01  0.250E-02 -0.301311E-02  0.249735E-02
[125937.998] 0     240  0.263294E+01  0.121E-01  0.120E+01  0.704E-01  0.250E-02 -0.247980E-02  0.241320E-02
[130353.360] 0     250  0.275357E+01  0.119E-01  0.120E+01  0.695E-01  0.250E-02 -0.205020E-02  0.186839E-02
[130817.497] 0     260  0.287270E+01  0.120E-01  0.120E+01  0.697E-01  0.250E-02 -0.165404E-02  0.198580E-02
[131237.622] 0     270  0.299341E+01  0.122E-01  0.120E+01  0.712E-01  0.250E-02 -0.234414E-02  0.212314E-02
[131647.739] 0     280  0.311628E+01  0.123E-01  0.120E+01  0.717E-01  0.250E-02 -0.245324E-02  0.315328E-02
[132109.956] 0     290  0.323880E+01  0.121E-01  0.120E+01  0.703E-01  0.250E-02 -0.295889E-02  0.292874E-02
[132530.160] 0     300  0.335805E+01  0.118E-01  0.120E+01  0.685E-01  0.250E-02 -0.248225E-02  0.176348E-02
[132936.334] 0     310  0.347440E+01  0.113E-01  0.120E+01  0.660E-01  0.250E-02 -0.225369E-02  0.113303E-02
[133334.384] 0     320  0.358556E+01  0.109E-01  0.120E+01  0.634E-01  0.250E-02 -0.185288E-02  0.219572E-02
[133752.243] 0     330  0.369289E+01  0.106E-01  0.120E+01  0.614E-01  0.250E-02 -0.258874E-02  0.215812E-02
[134210.144] 0     340  0.379748E+01  0.104E-01  0.120E+01  0.604E-01  0.250E-02 -0.189348E-02  0.334792E-02
[134626.883] 0     350  0.390134E+01  0.104E-01  0.120E+01  0.608E-01  0.250E-02 -0.237844E-02  0.255219E-02
[135034.898] 0     360  0.400699E+01  0.108E-01  0.120E+01  0.627E-01  0.250E-02 -0.158162E-02  0.318983E-02
[135445.873] 0     370  0.411429E+01  0.105E-01  0.120E+01  0.610E-01  0.250E-02 -0.358921E-02  0.200616E-02
[135902.063] 0     380  0.421684E+01  0.996E-02  0.120E+01  0.580E-01  0.250E-02 -0.359480E-02  0.260913E-02
[140315.946] 0     390  0.431392E+01  0.941E-02  0.120E+01  0.548E-01  0.250E-02 -0.379721E-02  0.262513E-02
[140857.413] 0     400  0.440589E+01  0.895E-02  0.120E+01  0.521E-01  0.250E-02 -0.303787E-02  0.257715E-02
[141253.855] 0     410  0.449355E+01  0.856E-02  0.120E+01  0.498E-01  0.250E-02 -0.333432E-02  0.247343E-02
[141714.228] 0     420  0.457751E+01  0.820E-02  0.120E+01  0.477E-01  0.250E-02 -0.278783E-02  0.184114E-02
[142126.444] 0     430  0.465796E+01  0.787E-02  0.120E+01  0.458E-01  0.250E-02 -0.209592E-02  0.197122E-02
[142537.751] 0     440  0.473544E+01  0.761E-02  0.120E+01  0.443E-01  0.250E-02 -0.225678E-02  0.296189E-02
[142945.288] 0     450  0.481058E+01  0.741E-02  0.120E+01  0.431E-01  0.250E-02 -0.258526E-02  0.247014E-02
[143356.348] 0     460  0.488392E+01  0.725E-02  0.120E+01  0.422E-01  0.250E-02 -0.157021E-02  0.242755E-02
[143811.388] 0     470  0.495588E+01  0.713E-02  0.120E+01  0.415E-01  0.250E-02 -0.220213E-02  0.182904E-02
[144222.783] 0     480  0.502680E+01  0.705E-02  0.120E+01  0.410E-01  0.250E-02 -0.307287E-02  0.194421E-02
[144642.389] 0     490  0.509691E+01  0.697E-02  0.120E+01  0.406E-01  0.250E-02 -0.429005E-02  0.333004E-02
[145102.982] 0     500  0.516625E+01  0.689E-02  0.120E+01  0.401E-01  0.250E-02 -0.497105E-02  0.403380E-02
