[094141.214] ###############################################################################################
[094141.214] #  Itn.    time          dt         CFL#       D#         visc       DilMin        DilMax     #
[094141.214] ###############################################################################################
[094141.267] 0       0  0.000000E+00  0.799E-02  0.120E+01  0.465E-01  0.250E-02 -0.325902E-02  0.208576E-02
[094302.110] 0      10  0.810891E-01  0.829E-02  0.120E+01  0.483E-01  0.250E-02 -0.220194E-02  0.239963E-02
[094422.696] 0      20  0.169276E+00  0.930E-02  0.120E+01  0.541E-01  0.250E-02 -0.192789E-02  0.296705E-02
[094543.840] 0      30  0.267105E+00  0.101E-01  0.120E+01  0.588E-01  0.250E-02 -0.280691E-02  0.252976E-02
[094704.545] 0      40  0.366660E+00  0.983E-02  0.120E+01  0.572E-01  0.250E-02 -0.243845E-02  0.236216E-02
[094825.719] 0      50  0.467261E+00  0.106E-01  0.120E+01  0.614E-01  0.250E-02 -0.156792E-02  0.191590E-02
[094946.308] 0      60  0.576785E+00  0.114E-01  0.120E+01  0.662E-01  0.250E-02 -0.130691E-02  0.132099E-02
[095107.537] 0      70  0.695335E+00  0.125E-01  0.120E+01  0.726E-01  0.250E-02 -0.130338E-02  0.140135E-02
[095228.188] 0      80  0.825102E+00  0.131E-01  0.120E+01  0.763E-01  0.250E-02 -0.140298E-02  0.108187E-02
[095348.798] 0      90  0.952844E+00  0.124E-01  0.120E+01  0.719E-01  0.250E-02 -0.191897E-02  0.223981E-02
[095512.003] 0     100  0.107240E+01  0.115E-01  0.120E+01  0.667E-01  0.250E-02 -0.166061E-02  0.110192E-02
[095632.852] 0     110  0.118307E+01  0.107E-01  0.120E+01  0.621E-01  0.250E-02 -0.179376E-02  0.124478E-02
[095753.465] 0     120  0.128739E+01  0.102E-01  0.120E+01  0.594E-01  0.250E-02 -0.116511E-02  0.129074E-02
[095914.131] 0     130  0.138910E+01  0.101E-01  0.120E+01  0.589E-01  0.250E-02 -0.143908E-02  0.107812E-02
[100034.933] 0     140  0.149066E+01  0.102E-01  0.120E+01  0.594E-01  0.250E-02 -0.109511E-02  0.677416E-03
[100155.610] 0     150  0.159338E+01  0.103E-01  0.120E+01  0.602E-01  0.250E-02 -0.795307E-03  0.123864E-02
[100316.465] 0     160  0.169779E+01  0.105E-01  0.120E+01  0.614E-01  0.250E-02 -0.962691E-03  0.145398E-02
[100437.697] 0     170  0.180402E+01  0.107E-01  0.120E+01  0.624E-01  0.250E-02 -0.720178E-03  0.134642E-02
[100558.911] 0     180  0.191187E+01  0.108E-01  0.120E+01  0.631E-01  0.250E-02 -0.993106E-03  0.142656E-02
[100720.278] 0     190  0.202098E+01  0.110E-01  0.120E+01  0.639E-01  0.250E-02 -0.774231E-03  0.128368E-02
[100858.328] 0     200  0.213115E+01  0.111E-01  0.120E+01  0.644E-01  0.250E-02 -0.815709E-03  0.585749E-03
[101019.159] 0     210  0.224240E+01  0.112E-01  0.120E+01  0.651E-01  0.250E-02 -0.115621E-02  0.104495E-02
[101139.911] 0     220  0.235472E+01  0.113E-01  0.120E+01  0.658E-01  0.250E-02 -0.788657E-03  0.928705E-03
[101300.587] 0     230  0.246843E+01  0.114E-01  0.120E+01  0.666E-01  0.250E-02 -0.650425E-03  0.116270E-02
[101421.306] 0     240  0.258355E+01  0.116E-01  0.120E+01  0.673E-01  0.250E-02 -0.735599E-03  0.516499E-03
[101542.039] 0     250  0.269953E+01  0.116E-01  0.120E+01  0.676E-01  0.250E-02 -0.698149E-03  0.833766E-03
[101702.715] 0     260  0.281546E+01  0.116E-01  0.120E+01  0.673E-01  0.250E-02 -0.299626E-03  0.497753E-03
[101823.350] 0     270  0.293083E+01  0.115E-01  0.120E+01  0.670E-01  0.250E-02 -0.125775E-02  0.811668E-03
[101944.099] 0     280  0.304579E+01  0.115E-01  0.120E+01  0.668E-01  0.250E-02 -0.944898E-03  0.936674E-03
[102105.012] 0     290  0.316072E+01  0.115E-01  0.120E+01  0.671E-01  0.250E-02 -0.109719E-02  0.669471E-03
[102228.478] 0     300  0.327647E+01  0.117E-01  0.120E+01  0.679E-01  0.250E-02 -0.173466E-02  0.122727E-02
[102352.431] 0     310  0.339394E+01  0.118E-01  0.120E+01  0.690E-01  0.250E-02 -0.187451E-02  0.149633E-02
[102514.786] 0     320  0.350972E+01  0.111E-01  0.120E+01  0.649E-01  0.250E-02 -0.153573E-02  0.146599E-02
[102635.542] 0     330  0.361817E+01  0.105E-01  0.120E+01  0.613E-01  0.250E-02 -0.943139E-03  0.786969E-03
[102756.467] 0     340  0.372174E+01  0.102E-01  0.120E+01  0.592E-01  0.250E-02 -0.980266E-03  0.920098E-03
[102918.075] 0     350  0.382275E+01  0.100E-01  0.120E+01  0.584E-01  0.250E-02 -0.110012E-02  0.115891E-02
[103039.602] 0     360  0.392265E+01  0.993E-02  0.120E+01  0.578E-01  0.250E-02 -0.123096E-02  0.104231E-02
[103205.179] 0     370  0.402141E+01  0.980E-02  0.120E+01  0.570E-01  0.250E-02 -0.103160E-02  0.838981E-03
[103328.303] 0     380  0.411886E+01  0.969E-02  0.120E+01  0.564E-01  0.250E-02 -0.582132E-03  0.732499E-03
[103452.681] 0     390  0.421548E+01  0.964E-02  0.120E+01  0.561E-01  0.250E-02 -0.511502E-03  0.771395E-03
[103631.951] 0     400  0.431183E+01  0.965E-02  0.120E+01  0.562E-01  0.250E-02 -0.754578E-03  0.888030E-03
[103755.324] 0     410  0.440852E+01  0.972E-02  0.120E+01  0.565E-01  0.250E-02 -0.102178E-02  0.875734E-03
[103919.309] 0     420  0.450619E+01  0.979E-02  0.120E+01  0.570E-01  0.250E-02 -0.844829E-03  0.571310E-03
[104041.647] 0     430  0.460294E+01  0.945E-02  0.120E+01  0.550E-01  0.250E-02 -0.968809E-03  0.756748E-03
[104204.214] 0     440  0.469481E+01  0.893E-02  0.120E+01  0.520E-01  0.250E-02 -0.521232E-03  0.799829E-03
[104327.016] 0     450  0.478258E+01  0.867E-02  0.120E+01  0.505E-01  0.250E-02 -0.538559E-03  0.761873E-03
[104450.621] 0     460  0.486929E+01  0.849E-02  0.120E+01  0.494E-01  0.250E-02 -0.611403E-03  0.939093E-03
[104612.380] 0     470  0.495159E+01  0.798E-02  0.120E+01  0.464E-01  0.250E-02 -0.813328E-03  0.102039E-02
[104737.053] 0     480  0.503003E+01  0.763E-02  0.120E+01  0.444E-01  0.250E-02 -0.117042E-02  0.102848E-02
[104859.689] 0     490  0.510342E+01  0.703E-02  0.120E+01  0.409E-01  0.250E-02 -0.852954E-03  0.103828E-02
[105024.754] 0     500  0.517191E+01  0.665E-02  0.120E+01  0.387E-01  0.250E-02 -0.763144E-03  0.150869E-02
[174324.839] ###############################################################################################
[174324.839] #  Itn.    time          dt         CFL#       D#         visc       DilMin        DilMax     #
[174324.840] ###############################################################################################
[174324.919] 0       0  0.000000E+00  0.799E-02  0.120E+01  0.465E-01  0.250E-02 -0.325902E-02  0.208576E-02
[174530.828] 0      10  0.810790E-01  0.829E-02  0.120E+01  0.482E-01  0.250E-02 -0.265302E-02  0.203379E-02
[174741.984] 0      20  0.169247E+00  0.931E-02  0.120E+01  0.542E-01  0.250E-02 -0.258399E-02  0.217119E-02
[174956.318] 0      30  0.267123E+00  0.101E-01  0.120E+01  0.588E-01  0.250E-02 -0.257969E-02  0.229843E-02
[175203.199] 0      40  0.366569E+00  0.981E-02  0.120E+01  0.571E-01  0.250E-02 -0.163741E-02  0.188166E-02
[175414.444] 0      50  0.466880E+00  0.105E-01  0.120E+01  0.611E-01  0.250E-02 -0.134110E-02  0.161709E-02
[175626.912] 0      60  0.578472E+00  0.119E-01  0.120E+01  0.692E-01  0.250E-02 -0.961829E-03  0.186124E-02
[175839.910] 0      70  0.702751E+00  0.131E-01  0.120E+01  0.761E-01  0.250E-02 -0.106211E-02  0.151359E-02
[180051.461] 0      80  0.834110E+00  0.128E-01  0.120E+01  0.744E-01  0.250E-02 -0.151196E-02  0.130779E-02
[180306.209] 0      90  0.958997E+00  0.121E-01  0.120E+01  0.705E-01  0.250E-02 -0.136531E-02  0.144804E-02
[180519.664] 0     100  0.107705E+01  0.114E-01  0.120E+01  0.663E-01  0.250E-02 -0.103337E-02  0.869905E-03
[180730.806] 0     110  0.118794E+01  0.108E-01  0.120E+01  0.628E-01  0.250E-02 -0.105273E-02  0.910830E-03
[180945.395] 0     120  0.129445E+01  0.105E-01  0.120E+01  0.612E-01  0.250E-02 -0.133744E-02  0.101567E-02
[181158.982] 0     130  0.139935E+01  0.105E-01  0.120E+01  0.609E-01  0.250E-02 -0.109986E-02  0.119765E-02
[181414.629] 0     140  0.150403E+01  0.105E-01  0.120E+01  0.609E-01  0.250E-02 -0.100794E-02  0.877471E-03
[181631.049] 0     150  0.160896E+01  0.105E-01  0.120E+01  0.613E-01  0.250E-02 -0.496380E-03  0.767804E-03
[181849.826] 0     160  0.171444E+01  0.106E-01  0.120E+01  0.617E-01  0.250E-02 -0.936340E-03  0.710408E-03
[182102.075] 0     170  0.182048E+01  0.106E-01  0.120E+01  0.619E-01  0.250E-02 -0.996426E-03  0.655926E-03
[182311.774] 0     180  0.192700E+01  0.107E-01  0.120E+01  0.621E-01  0.250E-02 -0.548640E-03  0.625150E-03
[182522.891] 0     190  0.203405E+01  0.107E-01  0.120E+01  0.624E-01  0.250E-02 -0.391124E-03  0.466550E-03
[182757.071] 0     200  0.214170E+01  0.108E-01  0.120E+01  0.629E-01  0.250E-02 -0.948759E-03  0.867314E-03
[183012.047] 0     210  0.225008E+01  0.109E-01  0.120E+01  0.634E-01  0.250E-02 -0.831566E-03  0.693188E-03
[183220.949] 0     220  0.235952E+01  0.110E-01  0.120E+01  0.640E-01  0.250E-02 -0.893248E-03  0.656025E-03
[183429.307] 0     230  0.247000E+01  0.111E-01  0.120E+01  0.647E-01  0.250E-02 -0.645229E-03  0.862007E-03
[183635.596] 0     240  0.258133E+01  0.112E-01  0.120E+01  0.649E-01  0.250E-02 -0.759761E-03  0.984187E-03
[183843.243] 0     250  0.269269E+01  0.111E-01  0.120E+01  0.646E-01  0.250E-02 -0.841235E-03  0.864509E-03
[184050.120] 0     260  0.280324E+01  0.110E-01  0.120E+01  0.639E-01  0.250E-02 -0.107447E-02  0.927746E-03
[184256.461] 0     270  0.291256E+01  0.109E-01  0.120E+01  0.632E-01  0.250E-02 -0.497425E-03  0.442861E-03
[184507.242] 0     280  0.302074E+01  0.108E-01  0.120E+01  0.627E-01  0.250E-02 -0.110440E-02  0.563806E-03
[184711.883] 0     290  0.312827E+01  0.107E-01  0.120E+01  0.625E-01  0.250E-02 -0.145507E-02  0.652950E-03
[184921.472] 0     300  0.323576E+01  0.108E-01  0.120E+01  0.627E-01  0.250E-02 -0.466986E-03  0.532612E-03
[185125.892] 0     310  0.334386E+01  0.109E-01  0.120E+01  0.632E-01  0.250E-02 -0.407925E-03  0.376211E-03
[185334.995] 0     320  0.345301E+01  0.110E-01  0.120E+01  0.640E-01  0.250E-02 -0.347591E-03  0.710408E-03
[185541.798] 0     330  0.356253E+01  0.108E-01  0.120E+01  0.626E-01  0.250E-02 -0.603220E-03  0.817661E-03
[185748.478] 0     340  0.366831E+01  0.103E-01  0.120E+01  0.602E-01  0.250E-02 -0.880400E-03  0.113081E-02
[185953.135] 0     350  0.376988E+01  0.994E-02  0.120E+01  0.579E-01  0.250E-02 -0.890678E-03  0.118723E-02
[190203.670] 0     360  0.386765E+01  0.958E-02  0.120E+01  0.557E-01  0.250E-02 -0.100626E-02  0.104261E-02
[190414.642] 0     370  0.396205E+01  0.928E-02  0.120E+01  0.540E-01  0.250E-02 -0.105052E-02  0.817062E-03
[190619.522] 0     380  0.405380E+01  0.904E-02  0.120E+01  0.526E-01  0.250E-02 -0.941162E-03  0.918569E-03
[190825.819] 0     390  0.414328E+01  0.884E-02  0.120E+01  0.515E-01  0.250E-02 -0.794401E-03  0.596607E-03
[191047.557] 0     400  0.423099E+01  0.869E-02  0.120E+01  0.506E-01  0.250E-02 -0.101191E-02  0.566632E-03
[191250.185] 0     410  0.431747E+01  0.860E-02  0.120E+01  0.501E-01  0.250E-02 -0.105611E-02  0.858858E-03
[191458.816] 0     420  0.440322E+01  0.856E-02  0.120E+01  0.498E-01  0.250E-02 -0.156789E-02  0.916117E-03
[191715.368] 0     430  0.448885E+01  0.858E-02  0.120E+01  0.499E-01  0.250E-02 -0.185914E-02  0.655218E-03
[191929.937] 0     440  0.457499E+01  0.867E-02  0.120E+01  0.504E-01  0.250E-02 -0.169771E-02  0.642397E-03
[192133.615] 0     450  0.466244E+01  0.885E-02  0.120E+01  0.515E-01  0.250E-02 -0.509850E-03  0.714751E-03
[192342.838] 0     460  0.475215E+01  0.912E-02  0.120E+01  0.531E-01  0.250E-02 -0.478309E-03  0.562285E-03
[192552.188] 0     470  0.484493E+01  0.947E-02  0.120E+01  0.551E-01  0.250E-02 -0.621649E-03  0.455282E-03
[192754.263] 0     480  0.494134E+01  0.985E-02  0.120E+01  0.573E-01  0.250E-02 -0.501811E-03  0.428995E-03
[192953.949] 0     490  0.504173E+01  0.103E-01  0.120E+01  0.598E-01  0.250E-02 -0.645654E-03  0.672771E-03
[193154.581] 0     500  0.514385E+01  0.100E-01  0.120E+01  0.585E-01  0.250E-02 -0.653741E-03  0.777277E-03
