0.312199E+01  
0.407095E+01  
0.477552E+01  
0.542019E+01  
0.598340E+01  
0.650217E+01  
0.701430E+01  
0.748682E+01  
0.796658E+01
0.841902E+01  
0.878593E+01  
0.920505E+01  
0.959084E+01  
0.995754E+01  
0.103127E+02  
0.106568E+02  
0.110239E+02  
0.113853E+02  
0.117554E+02  
0.121552E+02  
0.125371E+02  
0.129018E+02
0.132169E+02  
0.135446E+02  
0.138536E+02  
0.141628E+02  
0.144692E+02  
0.147804E+02  
0.151019E+02  
0.154272E+02  
0.157396E+02  
0.160612E+02  
0.163770E+02  
0.166907E+02  
