[163436.882] ###############################################################################################
[163436.886] #  Itn.    time          dt         CFL#       D#         visc       DilMin        DilMax     #
[163436.889] ###############################################################################################
[163436.936] 0       0  0.000000E+00  0.904E-02  0.120E+01  0.568E-01  0.500E-02 -0.293162E-02  0.311701E-02
[163546.688] 0      10  0.960958E-01  0.106E-01  0.120E+01  0.666E-01  0.500E-02 -0.585230E-03  0.630439E-03
[163656.454] 0      20  0.210151E+00  0.126E-01  0.120E+01  0.795E-01  0.500E-02 -0.665340E-03  0.641183E-03
[163806.196] 0      30  0.344969E+00  0.143E-01  0.120E+01  0.897E-01  0.500E-02 -0.131625E-02  0.120842E-02
[163915.966] 0      40  0.499184E+00  0.170E-01  0.120E+01  0.107E+00  0.500E-02 -0.154627E-02  0.140382E-02
[164025.714] 0      50  0.676309E+00  0.189E-01  0.120E+01  0.119E+00  0.500E-02 -0.161338E-02  0.144533E-02
[164135.451] 0      60  0.871782E+00  0.202E-01  0.120E+01  0.127E+00  0.500E-02 -0.156439E-02  0.145461E-02
[164245.195] 0      70  0.108126E+01  0.221E-01  0.120E+01  0.139E+00  0.500E-02 -0.151195E-02  0.145339E-02
[164354.929] 0      80  0.131646E+01  0.252E-01  0.120E+01  0.159E+00  0.500E-02 -0.146356E-02  0.138426E-02
[164504.682] 0      90  0.157406E+01  0.263E-01  0.120E+01  0.166E+00  0.500E-02 -0.139160E-02  0.130164E-02
[164924.838] 0     100  0.184125E+01  0.271E-01  0.120E+01  0.170E+00  0.500E-02 -0.136772E-02  0.125017E-02
[165034.538] 0     110  0.211094E+01  0.266E-01  0.120E+01  0.167E+00  0.500E-02 -0.135758E-02  0.120239E-02
[165144.237] 0     120  0.236750E+01  0.245E-01  0.120E+01  0.154E+00  0.500E-02 -0.133701E-02  0.118161E-02
[165253.934] 0     130  0.260657E+01  0.234E-01  0.120E+01  0.147E+00  0.500E-02 -0.129612E-02  0.114102E-02
[165403.633] 0     140  0.283691E+01  0.227E-01  0.120E+01  0.143E+00  0.500E-02 -0.131848E-02  0.113128E-02
[165513.334] 0     150  0.305647E+01  0.210E-01  0.120E+01  0.132E+00  0.500E-02 -0.124760E-02  0.111959E-02
[165623.016] 0     160  0.326038E+01  0.196E-01  0.120E+01  0.123E+00  0.500E-02 -0.120270E-02  0.111183E-02
[165732.700] 0     170  0.345176E+01  0.185E-01  0.120E+01  0.117E+00  0.500E-02 -0.119048E-02  0.110584E-02
[165842.381] 0     180  0.363340E+01  0.176E-01  0.120E+01  0.110E+00  0.500E-02 -0.116360E-02  0.108859E-02
[165952.061] 0     190  0.380255E+01  0.162E-01  0.120E+01  0.102E+00  0.500E-02 -0.113050E-02  0.105461E-02
[170415.044] 0     200  0.396022E+01  0.153E-01  0.120E+01  0.964E-01  0.500E-02 -0.111261E-02  0.102628E-02
[170524.735] 0     210  0.411177E+01  0.149E-01  0.120E+01  0.938E-01  0.500E-02 -0.110430E-02  0.998061E-03
[170634.425] 0     220  0.426029E+01  0.147E-01  0.120E+01  0.927E-01  0.500E-02 -0.108446E-02  0.980905E-03
[170744.099] 0     230  0.440730E+01  0.147E-01  0.120E+01  0.926E-01  0.500E-02 -0.107551E-02  0.971888E-03
[170853.781] 0     240  0.455382E+01  0.144E-01  0.120E+01  0.906E-01  0.500E-02 -0.107263E-02  0.968971E-03
[171003.466] 0     250  0.469439E+01  0.135E-01  0.120E+01  0.851E-01  0.500E-02 -0.107019E-02  0.959509E-03
[171113.132] 0     260  0.482621E+01  0.128E-01  0.120E+01  0.803E-01  0.500E-02 -0.107352E-02  0.946023E-03
[171222.798] 0     270  0.494917E+01  0.116E-01  0.120E+01  0.731E-01  0.500E-02 -0.107091E-02  0.936946E-03
[171332.453] 0     280  0.506109E+01  0.108E-01  0.120E+01  0.678E-01  0.500E-02 -0.105387E-02  0.931763E-03
[171442.126] 0     290  0.516758E+01  0.106E-01  0.120E+01  0.664E-01  0.500E-02 -0.103266E-02  0.934338E-03
[171915.649] 0     300  0.527254E+01  0.104E-01  0.120E+01  0.654E-01  0.500E-02 -0.101815E-02  0.936562E-03
[172025.287] 0     310  0.537618E+01  0.105E-01  0.120E+01  0.659E-01  0.500E-02 -0.100712E-02  0.929653E-03
[172134.919] 0     320  0.547973E+01  0.101E-01  0.120E+01  0.637E-01  0.500E-02 -0.998104E-03  0.918126E-03
[172244.565] 0     330  0.557908E+01  0.971E-02  0.120E+01  0.611E-01  0.500E-02 -0.985157E-03  0.902129E-03
[172354.192] 0     340  0.567442E+01  0.937E-02  0.120E+01  0.589E-01  0.500E-02 -0.968303E-03  0.887390E-03
[172503.806] 0     350  0.576606E+01  0.894E-02  0.120E+01  0.562E-01  0.500E-02 -0.954406E-03  0.873028E-03
[172613.443] 0     360  0.585444E+01  0.874E-02  0.120E+01  0.550E-01  0.500E-02 -0.944375E-03  0.866427E-03
[172723.056] 0     370  0.594124E+01  0.873E-02  0.120E+01  0.549E-01  0.500E-02 -0.939117E-03  0.861892E-03
[172832.688] 0     380  0.602914E+01  0.893E-02  0.120E+01  0.562E-01  0.500E-02 -0.936857E-03  0.852838E-03
[172942.306] 0     390  0.612048E+01  0.936E-02  0.120E+01  0.589E-01  0.500E-02 -0.932299E-03  0.844544E-03
[173410.700] 0     400  0.621374E+01  0.905E-02  0.120E+01  0.569E-01  0.500E-02 -0.927071E-03  0.833376E-03
[173520.325] 0     410  0.630314E+01  0.886E-02  0.120E+01  0.557E-01  0.500E-02 -0.926460E-03  0.824603E-03
[173629.941] 0     420  0.639238E+01  0.895E-02  0.120E+01  0.563E-01  0.500E-02 -0.924811E-03  0.813487E-03
[173739.563] 0     430  0.648194E+01  0.902E-02  0.120E+01  0.567E-01  0.500E-02 -0.921054E-03  0.801263E-03
[173849.165] 0     440  0.657049E+01  0.867E-02  0.120E+01  0.545E-01  0.500E-02 -0.916722E-03  0.797716E-03
[173958.774] 0     450  0.665539E+01  0.823E-02  0.120E+01  0.517E-01  0.500E-02 -0.916442E-03  0.798769E-03
[174108.375] 0     460  0.673641E+01  0.799E-02  0.120E+01  0.503E-01  0.500E-02 -0.913352E-03  0.802438E-03
[174217.975] 0     470  0.681718E+01  0.806E-02  0.120E+01  0.507E-01  0.500E-02 -0.905177E-03  0.804356E-03
[174327.573] 0     480  0.689743E+01  0.803E-02  0.120E+01  0.505E-01  0.500E-02 -0.888923E-03  0.798110E-03
[174437.167] 0     490  0.697791E+01  0.813E-02  0.120E+01  0.511E-01  0.500E-02 -0.871682E-03  0.789668E-03
[174859.755] 0     500  0.706029E+01  0.842E-02  0.120E+01  0.530E-01  0.500E-02 -0.859429E-03  0.785321E-03
[175009.390] 0     510  0.714506E+01  0.851E-02  0.120E+01  0.535E-01  0.500E-02 -0.849174E-03  0.779903E-03
[175119.035] 0     520  0.722988E+01  0.841E-02  0.120E+01  0.529E-01  0.500E-02 -0.845875E-03  0.777833E-03
[175228.665] 0     530  0.731375E+01  0.836E-02  0.120E+01  0.526E-01  0.500E-02 -0.852690E-03  0.790057E-03
[175338.321] 0     540  0.739726E+01  0.831E-02  0.120E+01  0.523E-01  0.500E-02 -0.846771E-03  0.787218E-03
[175447.956] 0     550  0.747954E+01  0.826E-02  0.120E+01  0.520E-01  0.500E-02 -0.836175E-03  0.772520E-03
[175557.605] 0     560  0.756156E+01  0.798E-02  0.120E+01  0.502E-01  0.500E-02 -0.831128E-03  0.761744E-03
[175707.234] 0     570  0.764022E+01  0.770E-02  0.120E+01  0.484E-01  0.500E-02 -0.825962E-03  0.753004E-03
[175816.858] 0     580  0.771630E+01  0.755E-02  0.120E+01  0.475E-01  0.500E-02 -0.836591E-03  0.747317E-03
[175926.481] 0     590  0.779184E+01  0.759E-02  0.120E+01  0.478E-01  0.500E-02 -0.858999E-03  0.755896E-03
[180355.391] 0     600  0.786828E+01  0.770E-02  0.120E+01  0.485E-01  0.500E-02 -0.854985E-03  0.758274E-03
[180504.962] 0     610  0.794696E+01  0.802E-02  0.120E+01  0.504E-01  0.500E-02 -0.828714E-03  0.743744E-03
[180614.529] 0     620  0.802953E+01  0.856E-02  0.120E+01  0.538E-01  0.500E-02 -0.815393E-03  0.734706E-03
[180724.086] 0     630  0.811503E+01  0.852E-02  0.120E+01  0.536E-01  0.500E-02 -0.809767E-03  0.724208E-03
[180833.638] 0     640  0.819939E+01  0.831E-02  0.120E+01  0.523E-01  0.500E-02 -0.790412E-03  0.709832E-03
[180943.189] 0     650  0.828226E+01  0.830E-02  0.120E+01  0.522E-01  0.500E-02 -0.770771E-03  0.717785E-03
[181052.755] 0     660  0.836503E+01  0.830E-02  0.120E+01  0.522E-01  0.500E-02 -0.768454E-03  0.726469E-03
[181202.302] 0     670  0.844993E+01  0.871E-02  0.120E+01  0.548E-01  0.500E-02 -0.757318E-03  0.725210E-03
[181311.860] 0     680  0.853573E+01  0.843E-02  0.120E+01  0.530E-01  0.500E-02 -0.745208E-03  0.700876E-03
[181421.418] 0     690  0.861974E+01  0.834E-02  0.120E+01  0.525E-01  0.500E-02 -0.748103E-03  0.683124E-03
[181847.847] 0     700  0.870241E+01  0.822E-02  0.120E+01  0.517E-01  0.500E-02 -0.757796E-03  0.685018E-03
[181957.392] 0     710  0.878389E+01  0.806E-02  0.120E+01  0.507E-01  0.500E-02 -0.741956E-03  0.677367E-03
[182106.939] 0     720  0.886427E+01  0.804E-02  0.120E+01  0.506E-01  0.500E-02 -0.722063E-03  0.675566E-03
[182216.492] 0     730  0.894374E+01  0.780E-02  0.120E+01  0.491E-01  0.500E-02 -0.731406E-03  0.677086E-03
[182326.038] 0     740  0.902119E+01  0.774E-02  0.120E+01  0.487E-01  0.500E-02 -0.747205E-03  0.663840E-03
[182435.579] 0     750  0.909976E+01  0.788E-02  0.120E+01  0.496E-01  0.500E-02 -0.743276E-03  0.649002E-03
[182545.119] 0     760  0.917793E+01  0.772E-02  0.120E+01  0.486E-01  0.500E-02 -0.748122E-03  0.641690E-03
[182654.652] 0     770  0.925438E+01  0.763E-02  0.120E+01  0.480E-01  0.500E-02 -0.749310E-03  0.619430E-03
[182804.184] 0     780  0.933125E+01  0.778E-02  0.120E+01  0.489E-01  0.500E-02 -0.758458E-03  0.623489E-03
[182913.707] 0     790  0.940933E+01  0.780E-02  0.120E+01  0.491E-01  0.500E-02 -0.760998E-03  0.638489E-03
[183333.588] 0     800  0.948737E+01  0.784E-02  0.120E+01  0.493E-01  0.500E-02 -0.769510E-03  0.654098E-03
[183443.098] 0     810  0.956581E+01  0.778E-02  0.120E+01  0.489E-01  0.500E-02 -0.751630E-03  0.662744E-03
[183552.590] 0     820  0.964357E+01  0.784E-02  0.120E+01  0.493E-01  0.500E-02 -0.743538E-03  0.671804E-03
[183702.095] 0     830  0.972135E+01  0.774E-02  0.120E+01  0.487E-01  0.500E-02 -0.735948E-03  0.677660E-03
[183811.589] 0     840  0.979894E+01  0.788E-02  0.120E+01  0.496E-01  0.500E-02 -0.736134E-03  0.673007E-03
[183921.078] 0     850  0.987829E+01  0.810E-02  0.120E+01  0.510E-01  0.500E-02 -0.733768E-03  0.644904E-03
[184030.578] 0     860  0.995997E+01  0.822E-02  0.120E+01  0.517E-01  0.500E-02 -0.730720E-03  0.625154E-03
[184140.060] 0     870  0.100419E+02  0.821E-02  0.120E+01  0.517E-01  0.500E-02 -0.714916E-03  0.597376E-03
[184249.535] 0     880  0.101242E+02  0.816E-02  0.120E+01  0.513E-01  0.500E-02 -0.701784E-03  0.597969E-03
[184359.007] 0     890  0.102048E+02  0.785E-02  0.120E+01  0.494E-01  0.500E-02 -0.683746E-03  0.603168E-03
[184823.770] 0     900  0.102816E+02  0.749E-02  0.120E+01  0.471E-01  0.500E-02 -0.682759E-03  0.613379E-03
[184933.196] 0     910  0.103555E+02  0.728E-02  0.120E+01  0.458E-01  0.500E-02 -0.689978E-03  0.617943E-03
[185042.624] 0     920  0.104281E+02  0.725E-02  0.120E+01  0.456E-01  0.500E-02 -0.686833E-03  0.608623E-03
[185152.061] 0     930  0.105011E+02  0.742E-02  0.120E+01  0.467E-01  0.500E-02 -0.679055E-03  0.600882E-03
[185301.488] 0     940  0.105769E+02  0.774E-02  0.120E+01  0.487E-01  0.500E-02 -0.677537E-03  0.585167E-03
[185410.913] 0     950  0.106562E+02  0.817E-02  0.120E+01  0.514E-01  0.500E-02 -0.656895E-03  0.565600E-03
[185520.331] 0     960  0.107370E+02  0.798E-02  0.120E+01  0.502E-01  0.500E-02 -0.658917E-03  0.570650E-03
[185629.748] 0     970  0.108164E+02  0.790E-02  0.120E+01  0.497E-01  0.500E-02 -0.643126E-03  0.598062E-03
[185739.160] 0     980  0.108953E+02  0.788E-02  0.120E+01  0.496E-01  0.500E-02 -0.628453E-03  0.618406E-03
[185848.565] 0     990  0.109742E+02  0.789E-02  0.120E+01  0.497E-01  0.500E-02 -0.627969E-03  0.640656E-03
[190305.939] 0    1000  0.110531E+02  0.786E-02  0.120E+01  0.495E-01  0.500E-02 -0.648988E-03  0.657828E-03
[190415.380] 0    1010  0.111317E+02  0.780E-02  0.120E+01  0.490E-01  0.500E-02 -0.680588E-03  0.641636E-03
[190524.827] 0    1020  0.112089E+02  0.763E-02  0.120E+01  0.480E-01  0.500E-02 -0.671793E-03  0.609739E-03
[190634.253] 0    1030  0.112844E+02  0.747E-02  0.120E+01  0.470E-01  0.500E-02 -0.644972E-03  0.580818E-03
[190743.692] 0    1040  0.113586E+02  0.738E-02  0.120E+01  0.464E-01  0.500E-02 -0.636266E-03  0.571357E-03
[190853.117] 0    1050  0.114319E+02  0.729E-02  0.120E+01  0.458E-01  0.500E-02 -0.623827E-03  0.560500E-03
[191002.536] 0    1060  0.115049E+02  0.734E-02  0.120E+01  0.461E-01  0.500E-02 -0.617408E-03  0.539697E-03
[191111.966] 0    1070  0.115786E+02  0.740E-02  0.120E+01  0.466E-01  0.500E-02 -0.587308E-03  0.517570E-03
[191221.400] 0    1080  0.116529E+02  0.747E-02  0.120E+01  0.470E-01  0.500E-02 -0.581273E-03  0.512484E-03
[191330.802] 0    1090  0.117277E+02  0.749E-02  0.120E+01  0.471E-01  0.500E-02 -0.591466E-03  0.520401E-03
[191750.598] 0    1100  0.118024E+02  0.748E-02  0.120E+01  0.470E-01  0.500E-02 -0.578620E-03  0.537104E-03
[191859.987] 0    1110  0.118760E+02  0.722E-02  0.120E+01  0.454E-01  0.500E-02 -0.579146E-03  0.544924E-03
[192009.381] 0    1120  0.119474E+02  0.708E-02  0.120E+01  0.445E-01  0.500E-02 -0.579881E-03  0.536571E-03
[192118.770] 0    1130  0.120186E+02  0.718E-02  0.120E+01  0.452E-01  0.500E-02 -0.595233E-03  0.532309E-03
[192228.147] 0    1140  0.120914E+02  0.745E-02  0.120E+01  0.468E-01  0.500E-02 -0.609351E-03  0.535637E-03
[192337.517] 0    1150  0.121676E+02  0.776E-02  0.120E+01  0.488E-01  0.500E-02 -0.615891E-03  0.544134E-03
[192446.889] 0    1160  0.122447E+02  0.760E-02  0.120E+01  0.478E-01  0.500E-02 -0.599854E-03  0.563637E-03
[192556.249] 0    1170  0.123204E+02  0.757E-02  0.120E+01  0.476E-01  0.500E-02 -0.588870E-03  0.581616E-03
[192705.592] 0    1180  0.123969E+02  0.767E-02  0.120E+01  0.482E-01  0.500E-02 -0.584256E-03  0.547662E-03
[192814.943] 0    1190  0.124736E+02  0.770E-02  0.120E+01  0.485E-01  0.500E-02 -0.583084E-03  0.533717E-03
[193240.062] 0    1200  0.125498E+02  0.764E-02  0.120E+01  0.481E-01  0.500E-02 -0.590893E-03  0.536884E-03
[193349.441] 0    1210  0.126255E+02  0.750E-02  0.120E+01  0.472E-01  0.500E-02 -0.605847E-03  0.526927E-03
[193458.821] 0    1220  0.127003E+02  0.755E-02  0.120E+01  0.475E-01  0.500E-02 -0.608277E-03  0.516864E-03
[193608.194] 0    1230  0.127764E+02  0.765E-02  0.120E+01  0.481E-01  0.500E-02 -0.613238E-03  0.514390E-03
[193717.550] 0    1240  0.128532E+02  0.771E-02  0.120E+01  0.485E-01  0.500E-02 -0.605096E-03  0.509405E-03
[193826.903] 0    1250  0.129296E+02  0.758E-02  0.120E+01  0.477E-01  0.500E-02 -0.589686E-03  0.497316E-03
[193936.254] 0    1260  0.130054E+02  0.754E-02  0.120E+01  0.474E-01  0.500E-02 -0.577722E-03  0.505452E-03
[194045.588] 0    1270  0.130786E+02  0.710E-02  0.120E+01  0.447E-01  0.500E-02 -0.572340E-03  0.512342E-03
[194154.918] 0    1280  0.131495E+02  0.710E-02  0.120E+01  0.446E-01  0.500E-02 -0.561475E-03  0.500686E-03
[194304.255] 0    1290  0.132215E+02  0.734E-02  0.120E+01  0.462E-01  0.500E-02 -0.547919E-03  0.474328E-03
[194723.230] 0    1300  0.132961E+02  0.757E-02  0.120E+01  0.476E-01  0.500E-02 -0.525290E-03  0.456075E-03
[194832.563] 0    1310  0.133722E+02  0.758E-02  0.120E+01  0.476E-01  0.500E-02 -0.531975E-03  0.443737E-03
[194941.905] 0    1320  0.134480E+02  0.760E-02  0.120E+01  0.478E-01  0.500E-02 -0.538469E-03  0.436530E-03
[195051.236] 0    1330  0.135233E+02  0.751E-02  0.120E+01  0.472E-01  0.500E-02 -0.519685E-03  0.434810E-03
[195200.559] 0    1340  0.135997E+02  0.763E-02  0.120E+01  0.480E-01  0.500E-02 -0.512668E-03  0.441718E-03
[195309.890] 0    1350  0.136763E+02  0.774E-02  0.120E+01  0.487E-01  0.500E-02 -0.501696E-03  0.461241E-03
[195419.206] 0    1360  0.137536E+02  0.756E-02  0.120E+01  0.475E-01  0.500E-02 -0.495926E-03  0.481289E-03
[195528.530] 0    1370  0.138291E+02  0.762E-02  0.120E+01  0.479E-01  0.500E-02 -0.504901E-03  0.476890E-03
[195637.837] 0    1380  0.139051E+02  0.749E-02  0.120E+01  0.471E-01  0.500E-02 -0.512321E-03  0.450727E-03
[195747.148] 0    1390  0.139793E+02  0.742E-02  0.120E+01  0.467E-01  0.500E-02 -0.511430E-03  0.463403E-03
[200216.306] 0    1400  0.140525E+02  0.725E-02  0.120E+01  0.456E-01  0.500E-02 -0.510096E-03  0.497214E-03
[200325.634] 0    1410  0.141250E+02  0.730E-02  0.120E+01  0.459E-01  0.500E-02 -0.516331E-03  0.511524E-03
[200434.976] 0    1420  0.141990E+02  0.746E-02  0.120E+01  0.469E-01  0.500E-02 -0.522936E-03  0.520206E-03
[200544.311] 0    1430  0.142730E+02  0.740E-02  0.120E+01  0.465E-01  0.500E-02 -0.532337E-03  0.516156E-03
[200653.656] 0    1440  0.143463E+02  0.727E-02  0.120E+01  0.457E-01  0.500E-02 -0.517137E-03  0.473912E-03
[200802.985] 0    1450  0.144191E+02  0.725E-02  0.120E+01  0.456E-01  0.500E-02 -0.518126E-03  0.455141E-03
[200912.315] 0    1460  0.144902E+02  0.685E-02  0.120E+01  0.431E-01  0.500E-02 -0.501293E-03  0.441177E-03
[201021.618] 0    1470  0.145570E+02  0.653E-02  0.120E+01  0.411E-01  0.500E-02 -0.499440E-03  0.449661E-03
[201130.946] 0    1480  0.146219E+02  0.650E-02  0.120E+01  0.409E-01  0.500E-02 -0.524926E-03  0.462156E-03
[201240.266] 0    1490  0.146877E+02  0.681E-02  0.120E+01  0.428E-01  0.500E-02 -0.534049E-03  0.480735E-03
[201701.601] 0    1500  0.147565E+02  0.709E-02  0.120E+01  0.446E-01  0.500E-02 -0.537942E-03  0.492232E-03
[201810.859] 0    1510  0.148281E+02  0.716E-02  0.120E+01  0.450E-01  0.500E-02 -0.535238E-03  0.495544E-03
[201920.100] 0    1520  0.148979E+02  0.680E-02  0.120E+01  0.428E-01  0.500E-02 -0.537039E-03  0.475239E-03
[202029.335] 0    1530  0.149649E+02  0.668E-02  0.120E+01  0.420E-01  0.500E-02 -0.519254E-03  0.456567E-03
[202138.581] 0    1540  0.150326E+02  0.680E-02  0.120E+01  0.428E-01  0.500E-02 -0.528318E-03  0.447515E-03
[202247.814] 0    1550  0.151002E+02  0.680E-02  0.120E+01  0.428E-01  0.500E-02 -0.531862E-03  0.456288E-03
[202357.045] 0    1560  0.151683E+02  0.692E-02  0.120E+01  0.435E-01  0.500E-02 -0.514446E-03  0.447446E-03
[202506.275] 0    1570  0.152379E+02  0.702E-02  0.120E+01  0.441E-01  0.500E-02 -0.516954E-03  0.438027E-03
[202615.500] 0    1580  0.153081E+02  0.704E-02  0.120E+01  0.443E-01  0.500E-02 -0.518269E-03  0.442907E-03
[202724.702] 0    1590  0.153769E+02  0.668E-02  0.120E+01  0.420E-01  0.500E-02 -0.521395E-03  0.428703E-03
[203144.517] 0    1600  0.154424E+02  0.642E-02  0.120E+01  0.404E-01  0.500E-02 -0.526274E-03  0.417059E-03
[203253.698] 0    1610  0.155058E+02  0.626E-02  0.120E+01  0.394E-01  0.500E-02 -0.529866E-03  0.433083E-03
[203402.884] 0    1620  0.155680E+02  0.618E-02  0.120E+01  0.388E-01  0.500E-02 -0.527356E-03  0.447014E-03
[203512.066] 0    1630  0.156297E+02  0.616E-02  0.120E+01  0.387E-01  0.500E-02 -0.514945E-03  0.443370E-03
[203621.240] 0    1640  0.156915E+02  0.620E-02  0.120E+01  0.390E-01  0.500E-02 -0.508476E-03  0.440035E-03
[203730.421] 0    1650  0.157539E+02  0.628E-02  0.120E+01  0.395E-01  0.500E-02 -0.508588E-03  0.437814E-03
[203839.616] 0    1660  0.158171E+02  0.638E-02  0.120E+01  0.402E-01  0.500E-02 -0.496469E-03  0.435014E-03
[203948.787] 0    1670  0.158816E+02  0.653E-02  0.120E+01  0.410E-01  0.500E-02 -0.504739E-03  0.440470E-03
[204057.959] 0    1680  0.159473E+02  0.656E-02  0.120E+01  0.412E-01  0.500E-02 -0.515654E-03  0.449850E-03
[204207.122] 0    1690  0.160129E+02  0.654E-02  0.120E+01  0.411E-01  0.500E-02 -0.505732E-03  0.435677E-03
[204627.822] 0    1700  0.160779E+02  0.643E-02  0.120E+01  0.405E-01  0.500E-02 -0.504550E-03  0.419353E-03
[204737.017] 0    1710  0.161415E+02  0.627E-02  0.120E+01  0.395E-01  0.500E-02 -0.496436E-03  0.403367E-03
[204846.195] 0    1720  0.162037E+02  0.614E-02  0.120E+01  0.386E-01  0.500E-02 -0.499121E-03  0.390833E-03
[204955.378] 0    1730  0.162647E+02  0.606E-02  0.120E+01  0.381E-01  0.500E-02 -0.503949E-03  0.391277E-03
[205104.545] 0    1740  0.163250E+02  0.598E-02  0.120E+01  0.376E-01  0.500E-02 -0.495967E-03  0.397202E-03
[205213.696] 0    1750  0.163835E+02  0.571E-02  0.120E+01  0.359E-01  0.500E-02 -0.490691E-03  0.411030E-03
[205322.854] 0    1760  0.164400E+02  0.559E-02  0.120E+01  0.352E-01  0.500E-02 -0.474541E-03  0.427564E-03
[205432.019] 0    1770  0.164954E+02  0.550E-02  0.120E+01  0.346E-01  0.500E-02 -0.464313E-03  0.423967E-03
[205541.176] 0    1780  0.165504E+02  0.550E-02  0.120E+01  0.346E-01  0.500E-02 -0.455162E-03  0.430268E-03
[205650.337] 0    1790  0.166056E+02  0.554E-02  0.120E+01  0.348E-01  0.500E-02 -0.450942E-03  0.428329E-03
[210110.972] 0    1800  0.166598E+02  0.527E-02  0.120E+01  0.331E-01  0.500E-02 -0.450164E-03  0.424548E-03
[210220.111] 0    1810  0.167116E+02  0.519E-02  0.120E+01  0.326E-01  0.500E-02 -0.453572E-03  0.413489E-03
[210329.248] 0    1820  0.167640E+02  0.532E-02  0.120E+01  0.335E-01  0.500E-02 -0.463870E-03  0.397451E-03
[210438.371] 0    1830  0.168179E+02  0.545E-02  0.120E+01  0.343E-01  0.500E-02 -0.462312E-03  0.375136E-03
[210547.498] 0    1840  0.168726E+02  0.553E-02  0.120E+01  0.348E-01  0.500E-02 -0.460423E-03  0.375844E-03
[210656.631] 0    1850  0.169283E+02  0.563E-02  0.120E+01  0.354E-01  0.500E-02 -0.464672E-03  0.398637E-03
[210805.754] 0    1860  0.169843E+02  0.558E-02  0.120E+01  0.351E-01  0.500E-02 -0.455201E-03  0.408288E-03
[210914.876] 0    1870  0.170409E+02  0.584E-02  0.120E+01  0.367E-01  0.500E-02 -0.437899E-03  0.415739E-03
[211023.993] 0    1880  0.170996E+02  0.587E-02  0.120E+01  0.369E-01  0.500E-02 -0.437451E-03  0.413775E-03
[211133.105] 0    1890  0.171584E+02  0.590E-02  0.120E+01  0.371E-01  0.500E-02 -0.430990E-03  0.419790E-03
[211604.306] 0    1900  0.172176E+02  0.591E-02  0.120E+01  0.372E-01  0.500E-02 -0.427576E-03  0.396737E-03
[211713.382] 0    1910  0.172762E+02  0.580E-02  0.120E+01  0.365E-01  0.500E-02 -0.424044E-03  0.377657E-03
[211822.441] 0    1920  0.173339E+02  0.572E-02  0.120E+01  0.360E-01  0.500E-02 -0.427918E-03  0.364339E-03
[211931.493] 0    1930  0.173908E+02  0.565E-02  0.120E+01  0.355E-01  0.500E-02 -0.441440E-03  0.374277E-03
[212040.547] 0    1940  0.174470E+02  0.559E-02  0.120E+01  0.352E-01  0.500E-02 -0.446317E-03  0.373727E-03
[212149.595] 0    1950  0.175026E+02  0.552E-02  0.120E+01  0.347E-01  0.500E-02 -0.444659E-03  0.376050E-03
[212258.650] 0    1960  0.175577E+02  0.549E-02  0.120E+01  0.345E-01  0.500E-02 -0.435999E-03  0.375138E-03
[212407.724] 0    1970  0.176123E+02  0.544E-02  0.120E+01  0.342E-01  0.500E-02 -0.431217E-03  0.376191E-03
[212516.784] 0    1980  0.176667E+02  0.543E-02  0.120E+01  0.342E-01  0.500E-02 -0.417598E-03  0.378230E-03
[212625.844] 0    1990  0.177210E+02  0.541E-02  0.120E+01  0.341E-01  0.500E-02 -0.422314E-03  0.385922E-03
[213052.805] 0    2000  0.177748E+02  0.538E-02  0.120E+01  0.338E-01  0.500E-02 -0.414274E-03  0.397654E-03
[213201.860] 0    2010  0.178288E+02  0.545E-02  0.120E+01  0.343E-01  0.500E-02 -0.423375E-03  0.403874E-03
[213310.901] 0    2020  0.178839E+02  0.559E-02  0.120E+01  0.352E-01  0.500E-02 -0.422270E-03  0.419411E-03
[213419.948] 0    2030  0.179405E+02  0.567E-02  0.120E+01  0.357E-01  0.500E-02 -0.427894E-03  0.414130E-03
[213529.011] 0    2040  0.179970E+02  0.566E-02  0.120E+01  0.356E-01  0.500E-02 -0.430616E-03  0.418262E-03
[213638.057] 0    2050  0.180537E+02  0.566E-02  0.120E+01  0.356E-01  0.500E-02 -0.437494E-03  0.427621E-03
[213747.112] 0    2060  0.181099E+02  0.554E-02  0.120E+01  0.348E-01  0.500E-02 -0.457068E-03  0.428537E-03
[213856.170] 0    2070  0.181644E+02  0.537E-02  0.120E+01  0.338E-01  0.500E-02 -0.465750E-03  0.423778E-03
[214005.218] 0    2080  0.182175E+02  0.524E-02  0.120E+01  0.330E-01  0.500E-02 -0.463622E-03  0.402525E-03
[214114.252] 0    2090  0.182696E+02  0.515E-02  0.120E+01  0.324E-01  0.500E-02 -0.457246E-03  0.405922E-03
[214538.830] 0    2100  0.183212E+02  0.513E-02  0.120E+01  0.323E-01  0.500E-02 -0.464617E-03  0.404758E-03
[214647.866] 0    2110  0.183726E+02  0.515E-02  0.120E+01  0.324E-01  0.500E-02 -0.465404E-03  0.405223E-03
[214756.902] 0    2120  0.184243E+02  0.518E-02  0.120E+01  0.326E-01  0.500E-02 -0.465165E-03  0.402577E-03
[214905.935] 0    2130  0.184766E+02  0.527E-02  0.120E+01  0.332E-01  0.500E-02 -0.460919E-03  0.396477E-03
[215014.959] 0    2140  0.185298E+02  0.537E-02  0.120E+01  0.338E-01  0.500E-02 -0.432949E-03  0.376831E-03
[215123.981] 0    2150  0.185838E+02  0.546E-02  0.120E+01  0.343E-01  0.500E-02 -0.420237E-03  0.379919E-03
[215232.998] 0    2160  0.186389E+02  0.559E-02  0.120E+01  0.352E-01  0.500E-02 -0.428839E-03  0.385038E-03
[215342.029] 0    2170  0.186952E+02  0.565E-02  0.120E+01  0.355E-01  0.500E-02 -0.431360E-03  0.380282E-03
[215451.063] 0    2180  0.187517E+02  0.564E-02  0.120E+01  0.355E-01  0.500E-02 -0.421772E-03  0.377400E-03
[215600.076] 0    2190  0.188082E+02  0.563E-02  0.120E+01  0.354E-01  0.500E-02 -0.416369E-03  0.364365E-03
[220015.174] 0    2200  0.188640E+02  0.553E-02  0.120E+01  0.348E-01  0.500E-02 -0.427544E-03  0.348369E-03
[220124.245] 0    2210  0.189193E+02  0.553E-02  0.120E+01  0.348E-01  0.500E-02 -0.433872E-03  0.343317E-03
[220233.306] 0    2220  0.189746E+02  0.552E-02  0.120E+01  0.347E-01  0.500E-02 -0.411212E-03  0.348524E-03
[220342.360] 0    2230  0.190293E+02  0.542E-02  0.120E+01  0.341E-01  0.500E-02 -0.417680E-03  0.369105E-03
[220451.419] 0    2240  0.190831E+02  0.535E-02  0.120E+01  0.336E-01  0.500E-02 -0.409415E-03  0.363632E-03
[220600.467] 0    2250  0.191366E+02  0.533E-02  0.120E+01  0.335E-01  0.500E-02 -0.383657E-03  0.371585E-03
[220709.528] 0    2260  0.191891E+02  0.516E-02  0.120E+01  0.325E-01  0.500E-02 -0.375962E-03  0.371226E-03
[220818.585] 0    2270  0.192402E+02  0.503E-02  0.120E+01  0.317E-01  0.500E-02 -0.383070E-03  0.374602E-03
[220927.637] 0    2280  0.192897E+02  0.486E-02  0.120E+01  0.306E-01  0.500E-02 -0.395622E-03  0.385214E-03
[221036.690] 0    2290  0.193376E+02  0.473E-02  0.120E+01  0.297E-01  0.500E-02 -0.398078E-03  0.390859E-03
[221506.444] 0    2300  0.193848E+02  0.475E-02  0.120E+01  0.299E-01  0.500E-02 -0.387786E-03  0.389118E-03
[221615.461] 0    2310  0.194327E+02  0.485E-02  0.120E+01  0.305E-01  0.500E-02 -0.383615E-03  0.391153E-03
[221724.503] 0    2320  0.194817E+02  0.498E-02  0.120E+01  0.313E-01  0.500E-02 -0.377064E-03  0.390749E-03
[221833.527] 0    2330  0.195325E+02  0.519E-02  0.120E+01  0.326E-01  0.500E-02 -0.357946E-03  0.376369E-03
[221942.557] 0    2340  0.195860E+02  0.555E-02  0.120E+01  0.349E-01  0.500E-02 -0.361837E-03  0.376250E-03
[222051.602] 0    2350  0.196427E+02  0.566E-02  0.120E+01  0.356E-01  0.500E-02 -0.368658E-03  0.392938E-03
[222200.625] 0    2360  0.196982E+02  0.541E-02  0.120E+01  0.340E-01  0.500E-02 -0.371415E-03  0.404972E-03
[222309.635] 0    2370  0.197514E+02  0.523E-02  0.120E+01  0.329E-01  0.500E-02 -0.364101E-03  0.405208E-03
[222418.641] 0    2380  0.198033E+02  0.515E-02  0.120E+01  0.324E-01  0.500E-02 -0.367594E-03  0.379848E-03
[222527.641] 0    2390  0.198548E+02  0.518E-02  0.120E+01  0.326E-01  0.500E-02 -0.370526E-03  0.356768E-03
[222952.375] 0    2400  0.199071E+02  0.531E-02  0.120E+01  0.334E-01  0.500E-02 -0.386544E-03  0.345085E-03
[223101.461] 0    2410  0.199604E+02  0.534E-02  0.120E+01  0.336E-01  0.500E-02 -0.379759E-03  0.336771E-03
[223210.544] 0    2420  0.200133E+02  0.522E-02  0.120E+01  0.328E-01  0.500E-02 -0.375303E-03  0.336998E-03
[223319.613] 0    2430  0.200642E+02  0.495E-02  0.120E+01  0.311E-01  0.500E-02 -0.384155E-03  0.336389E-03
[223428.687] 0    2440  0.201129E+02  0.485E-02  0.120E+01  0.305E-01  0.500E-02 -0.371289E-03  0.329790E-03
[223537.762] 0    2450  0.201615E+02  0.491E-02  0.120E+01  0.309E-01  0.500E-02 -0.363277E-03  0.337389E-03
[223646.844] 0    2460  0.202110E+02  0.500E-02  0.120E+01  0.315E-01  0.500E-02 -0.355695E-03  0.337824E-03
[223755.940] 0    2470  0.202619E+02  0.509E-02  0.120E+01  0.320E-01  0.500E-02 -0.361087E-03  0.337293E-03
[223905.027] 0    2480  0.203127E+02  0.507E-02  0.120E+01  0.319E-01  0.500E-02 -0.366297E-03  0.319506E-03
[224014.104] 0    2490  0.203634E+02  0.505E-02  0.120E+01  0.318E-01  0.500E-02 -0.371994E-03  0.317248E-03
[224435.704] 0    2500  0.204137E+02  0.502E-02  0.120E+01  0.315E-01  0.500E-02 -0.365423E-03  0.340717E-03
[224544.697] 0    2510  0.204635E+02  0.491E-02  0.120E+01  0.309E-01  0.500E-02 -0.358373E-03  0.354966E-03
[224653.703] 0    2520  0.205121E+02  0.482E-02  0.120E+01  0.303E-01  0.500E-02 -0.363625E-03  0.343509E-03
[224802.690] 0    2530  0.205598E+02  0.474E-02  0.120E+01  0.298E-01  0.500E-02 -0.378759E-03  0.335712E-03
[224911.685] 0    2540  0.206070E+02  0.469E-02  0.120E+01  0.295E-01  0.500E-02 -0.379952E-03  0.326480E-03
[225020.679] 0    2550  0.206540E+02  0.472E-02  0.120E+01  0.297E-01  0.500E-02 -0.366038E-03  0.319764E-03
[225129.655] 0    2560  0.207017E+02  0.483E-02  0.120E+01  0.304E-01  0.500E-02 -0.364485E-03  0.323010E-03
[225238.643] 0    2570  0.207505E+02  0.497E-02  0.120E+01  0.312E-01  0.500E-02 -0.360376E-03  0.332858E-03
[225347.634] 0    2580  0.208010E+02  0.512E-02  0.120E+01  0.322E-01  0.500E-02 -0.359423E-03  0.337076E-03
[225456.619] 0    2590  0.208509E+02  0.489E-02  0.120E+01  0.307E-01  0.500E-02 -0.377034E-03  0.345936E-03
[225927.365] 0    2600  0.208991E+02  0.486E-02  0.120E+01  0.306E-01  0.500E-02 -0.380656E-03  0.343723E-03
[230036.320] 0    2610  0.209474E+02  0.483E-02  0.120E+01  0.304E-01  0.500E-02 -0.367607E-03  0.349725E-03
[230145.268] 0    2620  0.209961E+02  0.489E-02  0.120E+01  0.308E-01  0.500E-02 -0.360976E-03  0.346596E-03
[230254.210] 0    2630  0.210450E+02  0.485E-02  0.120E+01  0.305E-01  0.500E-02 -0.367021E-03  0.338673E-03
[230403.139] 0    2640  0.210932E+02  0.480E-02  0.120E+01  0.302E-01  0.500E-02 -0.360562E-03  0.335921E-03
[230512.081] 0    2650  0.211415E+02  0.487E-02  0.120E+01  0.306E-01  0.500E-02 -0.352762E-03  0.320054E-03
[230621.028] 0    2660  0.211902E+02  0.499E-02  0.120E+01  0.314E-01  0.500E-02 -0.335092E-03  0.294846E-03
[230729.975] 0    2670  0.212433E+02  0.542E-02  0.120E+01  0.341E-01  0.500E-02 -0.319705E-03  0.288180E-03
[230838.897] 0    2680  0.212972E+02  0.535E-02  0.120E+01  0.337E-01  0.500E-02 -0.336620E-03  0.287868E-03
[230947.829] 0    2690  0.213506E+02  0.539E-02  0.120E+01  0.339E-01  0.500E-02 -0.347860E-03  0.288565E-03
[231406.090] 0    2700  0.214046E+02  0.544E-02  0.120E+01  0.342E-01  0.500E-02 -0.359082E-03  0.303717E-03
[231515.051] 0    2710  0.214595E+02  0.552E-02  0.120E+01  0.347E-01  0.500E-02 -0.367904E-03  0.316427E-03
[231624.018] 0    2720  0.215145E+02  0.542E-02  0.120E+01  0.341E-01  0.500E-02 -0.368983E-03  0.318806E-03
[231732.978] 0    2730  0.215685E+02  0.549E-02  0.120E+01  0.345E-01  0.500E-02 -0.377629E-03  0.325423E-03
[231841.912] 0    2740  0.216232E+02  0.537E-02  0.120E+01  0.338E-01  0.500E-02 -0.380022E-03  0.342149E-03
[231950.845] 0    2750  0.216765E+02  0.532E-02  0.120E+01  0.334E-01  0.500E-02 -0.398353E-03  0.337998E-03
[232059.751] 0    2760  0.217312E+02  0.566E-02  0.120E+01  0.356E-01  0.500E-02 -0.406646E-03  0.334085E-03
[232208.675] 0    2770  0.217873E+02  0.556E-02  0.120E+01  0.349E-01  0.500E-02 -0.408718E-03  0.337474E-03
[232317.597] 0    2780  0.218425E+02  0.545E-02  0.120E+01  0.343E-01  0.500E-02 -0.400795E-03  0.347181E-03
[232426.522] 0    2790  0.218961E+02  0.529E-02  0.120E+01  0.333E-01  0.500E-02 -0.378554E-03  0.345147E-03
[232852.032] 0    2800  0.219487E+02  0.525E-02  0.120E+01  0.330E-01  0.500E-02 -0.369038E-03  0.342050E-03
[233000.930] 0    2810  0.220015E+02  0.539E-02  0.120E+01  0.339E-01  0.500E-02 -0.371899E-03  0.335214E-03
[233109.842] 0    2820  0.220558E+02  0.541E-02  0.120E+01  0.340E-01  0.500E-02 -0.382663E-03  0.342826E-03
[233218.755] 0    2830  0.221098E+02  0.539E-02  0.120E+01  0.339E-01  0.500E-02 -0.400632E-03  0.329778E-03
[233327.660] 0    2840  0.221638E+02  0.540E-02  0.120E+01  0.340E-01  0.500E-02 -0.415522E-03  0.307811E-03
[233436.549] 0    2850  0.222174E+02  0.534E-02  0.120E+01  0.336E-01  0.500E-02 -0.396712E-03  0.292806E-03
[233545.427] 0    2860  0.222695E+02  0.510E-02  0.120E+01  0.321E-01  0.500E-02 -0.373021E-03  0.289606E-03
[233654.310] 0    2870  0.223201E+02  0.501E-02  0.120E+01  0.315E-01  0.500E-02 -0.361336E-03  0.273055E-03
[233803.182] 0    2880  0.223706E+02  0.505E-02  0.120E+01  0.318E-01  0.500E-02 -0.343384E-03  0.280574E-03
[233912.044] 0    2890  0.224218E+02  0.526E-02  0.120E+01  0.331E-01  0.500E-02 -0.355525E-03  0.292606E-03
[234326.253] 0    2900  0.224749E+02  0.528E-02  0.120E+01  0.332E-01  0.500E-02 -0.357178E-03  0.288198E-03
[234435.115] 0    2910  0.225277E+02  0.528E-02  0.120E+01  0.332E-01  0.500E-02 -0.349089E-03  0.295683E-03
[234543.989] 0    2920  0.225802E+02  0.524E-02  0.120E+01  0.329E-01  0.500E-02 -0.334310E-03  0.299180E-03
[234652.847] 0    2930  0.226324E+02  0.518E-02  0.120E+01  0.326E-01  0.500E-02 -0.325681E-03  0.298021E-03
[234801.723] 0    2940  0.226840E+02  0.511E-02  0.120E+01  0.321E-01  0.500E-02 -0.336491E-03  0.304573E-03
[234910.592] 0    2950  0.227349E+02  0.507E-02  0.120E+01  0.319E-01  0.500E-02 -0.347663E-03  0.310111E-03
[235019.453] 0    2960  0.227857E+02  0.507E-02  0.120E+01  0.319E-01  0.500E-02 -0.339978E-03  0.300890E-03
[235128.335] 0    2970  0.228366E+02  0.511E-02  0.120E+01  0.321E-01  0.500E-02 -0.322585E-03  0.303496E-03
[235237.245] 0    2980  0.228878E+02  0.515E-02  0.120E+01  0.324E-01  0.500E-02 -0.341386E-03  0.303964E-03
[235346.159] 0    2990  0.229394E+02  0.517E-02  0.120E+01  0.325E-01  0.500E-02 -0.363577E-03  0.326608E-03
[235802.609] 0    3000  0.229914E+02  0.521E-02  0.120E+01  0.328E-01  0.500E-02 -0.369524E-03  0.337674E-03
[235911.571] 0    3010  0.230432E+02  0.517E-02  0.120E+01  0.325E-01  0.500E-02 -0.363224E-03  0.321647E-03
[000020.551] 0    3020  0.230947E+02  0.511E-02  0.120E+01  0.322E-01  0.500E-02 -0.359923E-03  0.293940E-03
[000129.551] 0    3030  0.231452E+02  0.500E-02  0.120E+01  0.314E-01  0.500E-02 -0.349758E-03  0.271468E-03
[000238.600] 0    3040  0.231948E+02  0.492E-02  0.120E+01  0.309E-01  0.500E-02 -0.341332E-03  0.266904E-03
[000347.673] 0    3050  0.232437E+02  0.486E-02  0.120E+01  0.306E-01  0.500E-02 -0.337001E-03  0.247854E-03
[000456.767] 0    3060  0.232922E+02  0.480E-02  0.120E+01  0.302E-01  0.500E-02 -0.320851E-03  0.232751E-03
[000605.917] 0    3070  0.233397E+02  0.469E-02  0.120E+01  0.295E-01  0.500E-02 -0.318798E-03  0.232790E-03
[000715.090] 0    3080  0.233862E+02  0.460E-02  0.120E+01  0.289E-01  0.500E-02 -0.334834E-03  0.244143E-03
[000824.289] 0    3090  0.234321E+02  0.459E-02  0.120E+01  0.288E-01  0.500E-02 -0.340868E-03  0.226998E-03
[001245.720] 0    3100  0.234781E+02  0.460E-02  0.120E+01  0.290E-01  0.500E-02 -0.342305E-03  0.240674E-03
[001355.004] 0    3110  0.235244E+02  0.469E-02  0.120E+01  0.295E-01  0.500E-02 -0.342626E-03  0.264054E-03
[001504.347] 0    3120  0.235716E+02  0.478E-02  0.120E+01  0.301E-01  0.500E-02 -0.329480E-03  0.268336E-03
[001613.730] 0    3130  0.236187E+02  0.462E-02  0.120E+01  0.291E-01  0.500E-02 -0.325553E-03  0.275832E-03
[001723.151] 0    3140  0.236650E+02  0.466E-02  0.120E+01  0.293E-01  0.500E-02 -0.310354E-03  0.279860E-03
[001832.631] 0    3150  0.237116E+02  0.468E-02  0.120E+01  0.294E-01  0.500E-02 -0.311506E-03  0.289584E-03
[001942.148] 0    3160  0.237584E+02  0.470E-02  0.120E+01  0.295E-01  0.500E-02 -0.314360E-03  0.271204E-03
[002051.743] 0    3170  0.238057E+02  0.478E-02  0.120E+01  0.300E-01  0.500E-02 -0.304740E-03  0.297342E-03
[002201.374] 0    3180  0.238540E+02  0.487E-02  0.120E+01  0.306E-01  0.500E-02 -0.309888E-03  0.311119E-03
[002311.080] 0    3190  0.239028E+02  0.490E-02  0.120E+01  0.308E-01  0.500E-02 -0.293156E-03  0.300771E-03
[002726.674] 0    3200  0.239525E+02  0.503E-02  0.120E+01  0.317E-01  0.500E-02 -0.288662E-03  0.277699E-03
[002836.508] 0    3210  0.240027E+02  0.499E-02  0.120E+01  0.314E-01  0.500E-02 -0.286504E-03  0.263148E-03
[002946.379] 0    3220  0.240523E+02  0.492E-02  0.120E+01  0.309E-01  0.500E-02 -0.295452E-03  0.253380E-03
[003056.303] 0    3230  0.241008E+02  0.478E-02  0.120E+01  0.301E-01  0.500E-02 -0.308523E-03  0.261420E-03
[003206.273] 0    3240  0.241481E+02  0.469E-02  0.120E+01  0.295E-01  0.500E-02 -0.311429E-03  0.253433E-03
[003316.295] 0    3250  0.241950E+02  0.469E-02  0.120E+01  0.295E-01  0.500E-02 -0.314983E-03  0.246275E-03
[003426.369] 0    3260  0.242418E+02  0.468E-02  0.120E+01  0.294E-01  0.500E-02 -0.332703E-03  0.279464E-03
[003536.482] 0    3270  0.242886E+02  0.469E-02  0.120E+01  0.295E-01  0.500E-02 -0.359799E-03  0.303197E-03
[003646.661] 0    3280  0.243354E+02  0.466E-02  0.120E+01  0.293E-01  0.500E-02 -0.362188E-03  0.299574E-03
[003756.878] 0    3290  0.243817E+02  0.462E-02  0.120E+01  0.291E-01  0.500E-02 -0.370708E-03  0.302172E-03
[004213.067] 0    3300  0.244282E+02  0.465E-02  0.120E+01  0.293E-01  0.500E-02 -0.357940E-03  0.295030E-03
[004323.488] 0    3310  0.244746E+02  0.463E-02  0.120E+01  0.291E-01  0.500E-02 -0.347834E-03  0.310777E-03
[004433.958] 0    3320  0.245209E+02  0.466E-02  0.120E+01  0.293E-01  0.500E-02 -0.344662E-03  0.327455E-03
[004544.440] 0    3330  0.245679E+02  0.474E-02  0.120E+01  0.298E-01  0.500E-02 -0.322434E-03  0.318888E-03
[004654.948] 0    3340  0.246153E+02  0.471E-02  0.120E+01  0.296E-01  0.500E-02 -0.306477E-03  0.331645E-03
[004805.501] 0    3350  0.246621E+02  0.465E-02  0.120E+01  0.292E-01  0.500E-02 -0.304843E-03  0.329035E-03
[004916.097] 0    3360  0.247090E+02  0.473E-02  0.120E+01  0.298E-01  0.500E-02 -0.321357E-03  0.301256E-03
[005026.744] 0    3370  0.247556E+02  0.457E-02  0.120E+01  0.287E-01  0.500E-02 -0.329924E-03  0.280595E-03
[005137.390] 0    3380  0.248009E+02  0.448E-02  0.120E+01  0.282E-01  0.500E-02 -0.319161E-03  0.273983E-03
[005248.075] 0    3390  0.248455E+02  0.445E-02  0.120E+01  0.280E-01  0.500E-02 -0.310659E-03  0.271347E-03
[005702.772] 0    3400  0.248903E+02  0.444E-02  0.120E+01  0.279E-01  0.500E-02 -0.309841E-03  0.266682E-03
[005813.557] 0    3410  0.249343E+02  0.439E-02  0.120E+01  0.276E-01  0.500E-02 -0.300819E-03  0.255268E-03
[005924.384] 0    3420  0.249782E+02  0.441E-02  0.120E+01  0.277E-01  0.500E-02 -0.291490E-03  0.255595E-03
[010035.227] 0    3430  0.250226E+02  0.443E-02  0.120E+01  0.278E-01  0.500E-02 -0.290652E-03  0.251848E-03
[010146.109] 0    3440  0.250663E+02  0.431E-02  0.120E+01  0.271E-01  0.500E-02 -0.284496E-03  0.252869E-03
[010257.023] 0    3450  0.251093E+02  0.430E-02  0.120E+01  0.270E-01  0.500E-02 -0.282793E-03  0.259350E-03
[010407.976] 0    3460  0.251526E+02  0.438E-02  0.120E+01  0.275E-01  0.500E-02 -0.287032E-03  0.253524E-03
[010518.920] 0    3470  0.251970E+02  0.451E-02  0.120E+01  0.284E-01  0.500E-02 -0.291024E-03  0.256777E-03
[010629.890] 0    3480  0.252422E+02  0.454E-02  0.120E+01  0.286E-01  0.500E-02 -0.282085E-03  0.259016E-03
[010740.883] 0    3490  0.252879E+02  0.460E-02  0.120E+01  0.289E-01  0.500E-02 -0.284920E-03  0.267299E-03
[011200.907] 0    3500  0.253342E+02  0.468E-02  0.120E+01  0.294E-01  0.500E-02 -0.296948E-03  0.266168E-03
[011311.865] 0    3510  0.253813E+02  0.474E-02  0.120E+01  0.298E-01  0.500E-02 -0.317298E-03  0.268553E-03
[011422.847] 0    3520  0.254287E+02  0.472E-02  0.120E+01  0.297E-01  0.500E-02 -0.332270E-03  0.271800E-03
[011533.896] 0    3530  0.254758E+02  0.465E-02  0.120E+01  0.293E-01  0.500E-02 -0.332680E-03  0.271123E-03
[011644.941] 0    3540  0.255219E+02  0.455E-02  0.120E+01  0.286E-01  0.500E-02 -0.307396E-03  0.254598E-03
[011756.005] 0    3550  0.255674E+02  0.454E-02  0.120E+01  0.286E-01  0.500E-02 -0.299136E-03  0.254595E-03
[011907.080] 0    3560  0.256135E+02  0.467E-02  0.120E+01  0.294E-01  0.500E-02 -0.330198E-03  0.263823E-03
[012018.156] 0    3570  0.256611E+02  0.481E-02  0.120E+01  0.302E-01  0.500E-02 -0.343010E-03  0.283440E-03
[012129.260] 0    3580  0.257085E+02  0.474E-02  0.120E+01  0.298E-01  0.500E-02 -0.324343E-03  0.241988E-03
[012240.361] 0    3590  0.257567E+02  0.493E-02  0.120E+01  0.310E-01  0.500E-02 -0.305341E-03  0.241324E-03
[012654.235] 0    3600  0.258057E+02  0.488E-02  0.120E+01  0.307E-01  0.500E-02 -0.303772E-03  0.235015E-03
