0.184125E+01
0.396022E+01
0.527254E+01
0.621374E+01
0.706029E+01
0.786828E+01
0.870241E+01
0.948737E+01
0.102816E+02
0.110531E+02
0.118024E+02
0.125498E+02
0.132961E+02
0.140525E+02
0.147565E+02
0.154425E+02
0.160788E+02
0.166619E+02
0.172287E+02
0.178330E+02
0.184289E+02
0.189731E+02
0.194982E+02
0.200378E+02
0.205889E+02
0.211474E+02
0.216944E+02
0.222435E+02
0.227589E+02
0.232875E+02
0.238188E+02
0.243240E+02
0.248582E+02
0.253740E+02
0.258897E+02
0.263765E+02
0.268832E+02
0.273775E+02
0.278542E+02
0.283350E+02
0.288138E+02
0.292993E+02
0.298079E+02
0.303368E+02
0.308797E+02
0.314177E+02
0.318808E+02
0.323645E+02
0.328971E+02
0.334415E+02
0.339720E+02
0.345110E+02
0.350155E+02
0.355520E+02
0.360863E+02
0.366495E+02
0.372202E+02
0.377704E+02
0.383557E+02
0.389089E+02
0.394715E+02
0.400116E+02
0.405809E+02
0.411339E+02
0.416493E+02
0.421449E+02
0.426948E+02
0.432480E+02
0.437848E+02
0.443395E+02
0.448660E+02
0.454098E+02
0.459566E+02
0.464580E+02
0.469784E+02
0.474986E+02
0.480212E+02
0.485348E+02
0.490552E+02
0.495825E+02
0.500965E+02
0.506061E+02
0.511047E+02
0.515845E+02
0.520658E+02
0.525449E+02
0.530336E+02
0.535246E+02
0.540291E+02
0.544982E+02
0.549375E+02
0.553247E+02
0.557017E+02
0.561699E+02
0.566738E+02
0.571716E+02
0.576832E+02
0.581729E+02
0.586590E+02
0.591579E+02
0.596339E+02
0.601082E+02
0.605889E+02
0.610991E+02
0.616226E+02
0.621164E+02
0.626060E+02
0.631009E+02
0.635827E+02
0.640680E+02
0.645611E+02
0.650263E+02
0.654865E+02
0.659369E+02
0.664175E+02
0.668982E+02
0.673706E+02
0.678733E+02
0.683585E+02
0.688369E+02
0.692853E+02
0.697538E+02
0.701658E+02
0.705913E+02
0.710721E+02
0.715324E+02
0.719409E+02
0.724104E+02
0.729000E+02
0.734004E+02
0.738979E+02
0.743746E+02
0.748464E+02
0.753361E+02
0.758288E+02
0.763597E+02
0.768611E+02
0.773422E+02
0.777486E+02
0.781352E+02
0.785198E+02
0.789440E+02
0.794041E+02
0.798564E+02
0.803261E+02
0.807796E+02
0.812347E+02
0.816894E+02
0.821078E+02
0.825588E+02
0.830094E+02
0.834891E+02
0.839317E+02
0.843824E+02
0.848601E+02
0.853458E+02
0.858200E+02
0.863028E+02
0.867807E+02
0.872601E+02
0.877365E+02
0.882193E+02
0.886917E+02
0.891479E+02
0.896040E+02
0.900435E+02
0.904632E+02
0.908982E+02
0.913473E+02
0.918210E+02
0.923057E+02
0.927978E+02
0.932726E+02
0.937229E+02
0.941667E+02
0.946134E+02
0.950906E+02
0.955539E+02
0.959992E+02
0.964337E+02
0.968333E+02
0.972252E+02
0.976398E+02
0.980712E+02
0.984837E+02
0.989038E+02
0.993356E+02
0.997766E+02
0.100201E+03
