[113507.002] ###############################################################################################
[113507.002] #  Itn.    time          dt         CFL#       D#         visc       DilMin        DilMax     #
[113507.002] ###############################################################################################
[113507.058] 0       0  0.000000E+00  0.538E-02  0.120E+01  0.435E-01  0.125E-02 -0.146082E-03  0.203523E-03
[114019.071] ###############################################################################################
[114019.071] #  Itn.    time          dt         CFL#       D#         visc       DilMin        DilMax     #
[114019.071] ###############################################################################################
[114019.122] 0       0  0.000000E+00  0.538E-02  0.120E+01  0.435E-01  0.125E-02 -0.146082E-03  0.203523E-03
[114159.488] 0      10  0.559251E-01  0.542E-02  0.120E+01  0.438E-01  0.125E-02 -0.254714E-04  0.315316E-04
[114355.318] 0      20  0.110819E+00  0.556E-02  0.120E+01  0.450E-01  0.125E-02 -0.782851E-04  0.138988E-03
[114550.599] 0      30  0.165784E+00  0.552E-02  0.120E+01  0.446E-01  0.125E-02 -0.724653E-04  0.783355E-04
[114739.745] 0      40  0.222518E+00  0.587E-02  0.120E+01  0.474E-01  0.125E-02 -0.975208E-04  0.100247E-03
[114926.512] 0      50  0.279818E+00  0.567E-02  0.120E+01  0.458E-01  0.125E-02 -0.710001E-04  0.903693E-04
[115115.883] 0      60  0.338113E+00  0.601E-02  0.120E+01  0.486E-01  0.125E-02 -0.131329E-03  0.162983E-03
[115305.720] 0      70  0.398464E+00  0.611E-02  0.120E+01  0.494E-01  0.125E-02 -0.144477E-03  0.164131E-03
[115459.481] 0      80  0.461438E+00  0.656E-02  0.120E+01  0.530E-01  0.125E-02 -0.202453E-03  0.158609E-03
[115652.217] 0      90  0.530529E+00  0.731E-02  0.120E+01  0.591E-01  0.125E-02 -0.122733E-03  0.161707E-03
[115843.773] 0     100  0.603463E+00  0.738E-02  0.120E+01  0.596E-01  0.125E-02 -0.192033E-03  0.151397E-03
[120039.019] 0     110  0.679122E+00  0.784E-02  0.120E+01  0.634E-01  0.125E-02 -0.218083E-03  0.183289E-03
[120229.211] 0     120  0.758609E+00  0.794E-02  0.120E+01  0.642E-01  0.125E-02 -0.151223E-03  0.922374E-04
[120418.183] 0     130  0.838123E+00  0.800E-02  0.120E+01  0.646E-01  0.125E-02 -0.236214E-03  0.187445E-03
[120608.529] 0     140  0.918306E+00  0.795E-02  0.120E+01  0.643E-01  0.125E-02 -0.280483E-03  0.220378E-03
[120757.858] 0     150  0.997273E+00  0.789E-02  0.120E+01  0.638E-01  0.125E-02 -0.287022E-03  0.146605E-03
[120950.884] 0     160  0.107317E+01  0.712E-02  0.120E+01  0.575E-01  0.125E-02 -0.268893E-03  0.138777E-03
[121135.511] 0     170  0.114144E+01  0.653E-02  0.120E+01  0.528E-01  0.125E-02 -0.269810E-03  0.150018E-03
[121326.983] 0     180  0.120530E+01  0.624E-02  0.120E+01  0.505E-01  0.125E-02 -0.229840E-03  0.135933E-03
[121520.168] 0     190  0.126723E+01  0.616E-02  0.120E+01  0.498E-01  0.125E-02 -0.215015E-03  0.160331E-03
[121716.272] 0     200  0.132858E+01  0.616E-02  0.120E+01  0.498E-01  0.125E-02 -0.141254E-03  0.134370E-03
[124511.856] ###############################################################################################
[124511.856] #  Itn.    time          dt         CFL#       D#         visc       DilMin        DilMax     #
[124511.856] ###############################################################################################
[124511.957] 0     200  0.132858E+01  0.616E-02  0.120E+01  0.498E-01  0.125E-02 -0.141254E-03  0.134370E-03
[124925.337] 0     210  0.139042E+01  0.624E-02  0.120E+01  0.505E-01  0.125E-02 -0.114789E-03  0.948630E-04
[125339.846] 0     220  0.145358E+01  0.640E-02  0.120E+01  0.517E-01  0.125E-02 -0.207422E-03  0.166986E-03
[125753.106] 0     230  0.151851E+01  0.659E-02  0.120E+01  0.533E-01  0.125E-02 -0.184997E-03  0.163962E-03
[130207.375] 0     240  0.158549E+01  0.682E-02  0.120E+01  0.551E-01  0.125E-02 -0.120732E-03  0.182057E-03
[130620.887] 0     250  0.165466E+01  0.705E-02  0.120E+01  0.570E-01  0.125E-02 -0.190875E-03  0.226003E-03
[131031.904] 0     260  0.172637E+01  0.732E-02  0.120E+01  0.591E-01  0.125E-02 -0.226762E-03  0.228520E-03
[131448.735] 0     270  0.180068E+01  0.747E-02  0.120E+01  0.603E-01  0.125E-02 -0.208253E-03  0.170748E-03
[131853.674] 0     280  0.187493E+01  0.741E-02  0.120E+01  0.599E-01  0.125E-02 -0.766192E-04  0.738636E-04
[132312.105] 0     290  0.194914E+01  0.748E-02  0.120E+01  0.604E-01  0.125E-02 -0.183723E-03  0.155182E-03
[132740.118] 0     300  0.202431E+01  0.759E-02  0.120E+01  0.614E-01  0.125E-02 -0.124775E-03  0.871258E-04
[133211.303] 0     310  0.210139E+01  0.787E-02  0.120E+01  0.636E-01  0.125E-02 -0.118645E-03  0.121734E-03
[133633.259] 0     320  0.218142E+01  0.806E-02  0.120E+01  0.651E-01  0.125E-02 -0.104076E-03  0.146203E-03
[134047.237] 0     330  0.226119E+01  0.787E-02  0.120E+01  0.636E-01  0.125E-02 -0.101224E-03  0.664630E-04
[134457.437] 0     340  0.233924E+01  0.773E-02  0.120E+01  0.625E-01  0.125E-02 -0.127159E-03  0.891296E-04
[134914.372] 0     350  0.241611E+01  0.765E-02  0.120E+01  0.618E-01  0.125E-02 -0.109293E-03  0.115907E-03
[135337.659] 0     360  0.249238E+01  0.760E-02  0.120E+01  0.614E-01  0.125E-02 -0.142107E-03  0.145007E-03
[135756.763] 0     370  0.256838E+01  0.759E-02  0.120E+01  0.613E-01  0.125E-02 -0.127363E-03  0.117732E-03
[140208.185] 0     380  0.264422E+01  0.757E-02  0.120E+01  0.612E-01  0.125E-02 -0.720379E-04  0.489365E-04
[140627.404] 0     390  0.271970E+01  0.752E-02  0.120E+01  0.608E-01  0.125E-02 -0.903505E-04  0.904193E-04
[141136.962] 0     400  0.279466E+01  0.745E-02  0.120E+01  0.602E-01  0.125E-02 -0.674237E-04  0.531677E-04
[141547.669] 0     410  0.286888E+01  0.735E-02  0.120E+01  0.594E-01  0.125E-02 -0.724274E-04  0.105969E-03
[141959.741] 0     420  0.294164E+01  0.722E-02  0.120E+01  0.584E-01  0.125E-02 -0.701930E-04  0.729459E-04
[142417.933] 0     430  0.301372E+01  0.720E-02  0.120E+01  0.582E-01  0.125E-02 -0.196254E-03  0.143110E-03
[142848.829] 0     440  0.308401E+01  0.684E-02  0.120E+01  0.553E-01  0.125E-02 -0.336685E-03  0.264858E-03
[143313.756] 0     450  0.315099E+01  0.654E-02  0.120E+01  0.529E-01  0.125E-02 -0.322062E-03  0.185148E-03
[143729.808] 0     460  0.321533E+01  0.631E-02  0.120E+01  0.510E-01  0.125E-02 -0.192046E-03  0.210044E-03
[144149.694] 0     470  0.327759E+01  0.612E-02  0.120E+01  0.495E-01  0.125E-02 -0.748576E-04  0.136341E-03
[144558.106] 0     480  0.333816E+01  0.597E-02  0.120E+01  0.483E-01  0.125E-02 -0.129492E-03  0.100501E-03
[145012.798] 0     490  0.339730E+01  0.585E-02  0.120E+01  0.473E-01  0.125E-02 -0.988003E-04  0.124032E-03
[145327.729] 0     500  0.345522E+01  0.574E-02  0.120E+01  0.464E-01  0.125E-02 -0.658246E-04  0.747943E-04
