[151713.549] ###############################################################################################
[151713.553] #  Itn.    time          dt         CFL#       D#         visc       DilMin        DilMax     #
[151713.556] ###############################################################################################
[151713.602] 0       0  0.000000E+00  0.599E-02  0.120E+01  0.523E-01  0.250E-02 -0.526934E-03  0.585180E-03
[151823.566] 0      10  0.607006E-01  0.627E-02  0.120E+01  0.548E-01  0.250E-02 -0.572617E-03  0.494999E-03
[151933.548] 0      20  0.125942E+00  0.663E-02  0.120E+01  0.579E-01  0.250E-02 -0.953969E-03  0.102601E-02
[152043.510] 0      30  0.194781E+00  0.705E-02  0.120E+01  0.615E-01  0.250E-02 -0.156457E-02  0.135882E-02
[152153.482] 0      40  0.266078E+00  0.732E-02  0.120E+01  0.639E-01  0.250E-02 -0.132408E-02  0.129665E-02
[152303.425] 0      50  0.340963E+00  0.764E-02  0.120E+01  0.667E-01  0.250E-02 -0.138041E-02  0.157209E-02
[152413.388] 0      60  0.417684E+00  0.777E-02  0.120E+01  0.679E-01  0.250E-02 -0.162801E-02  0.134831E-02
[152523.335] 0      70  0.498317E+00  0.838E-02  0.120E+01  0.732E-01  0.250E-02 -0.176857E-02  0.110160E-02
[152633.274] 0      80  0.581444E+00  0.816E-02  0.120E+01  0.713E-01  0.250E-02 -0.145658E-02  0.133182E-02
[152743.210] 0      90  0.662813E+00  0.836E-02  0.120E+01  0.730E-01  0.250E-02 -0.168821E-02  0.131077E-02
[153208.542] 0     100  0.751259E+00  0.907E-02  0.120E+01  0.792E-01  0.250E-02 -0.139692E-02  0.932930E-03
[153318.447] 0     110  0.842619E+00  0.933E-02  0.120E+01  0.814E-01  0.250E-02 -0.134222E-02  0.740239E-03
[153428.345] 0     120  0.938882E+00  0.100E-01  0.120E+01  0.874E-01  0.250E-02 -0.126260E-02  0.734114E-03
[153538.247] 0     130  0.104397E+01  0.113E-01  0.120E+01  0.986E-01  0.250E-02 -0.848083E-03  0.840020E-03
[153648.142] 0     140  0.115858E+01  0.116E-01  0.120E+01  0.102E+00  0.250E-02 -0.784150E-03  0.858802E-03
[153758.032] 0     150  0.127722E+01  0.125E-01  0.120E+01  0.109E+00  0.250E-02 -0.674998E-03  0.564585E-03
[153907.906] 0     160  0.140069E+01  0.119E-01  0.120E+01  0.104E+00  0.250E-02 -0.607878E-03  0.749752E-03
[154017.796] 0     170  0.151791E+01  0.117E-01  0.120E+01  0.102E+00  0.250E-02 -0.786188E-03  0.746082E-03
[154127.683] 0     180  0.163521E+01  0.118E-01  0.120E+01  0.103E+00  0.250E-02 -0.761560E-03  0.668488E-03
[154237.578] 0     190  0.175496E+01  0.122E-01  0.120E+01  0.107E+00  0.250E-02 -0.642030E-03  0.527246E-03
[154705.689] 0     200  0.188074E+01  0.131E-01  0.120E+01  0.115E+00  0.250E-02 -0.571281E-03  0.585025E-03
[154815.571] 0     210  0.201450E+01  0.133E-01  0.120E+01  0.116E+00  0.250E-02 -0.717204E-03  0.577243E-03
[154925.460] 0     220  0.214861E+01  0.134E-01  0.120E+01  0.117E+00  0.250E-02 -0.673453E-03  0.826986E-03
[155035.355] 0     230  0.228261E+01  0.135E-01  0.120E+01  0.118E+00  0.250E-02 -0.623889E-03  0.935655E-03
[155145.244] 0     240  0.241539E+01  0.130E-01  0.120E+01  0.113E+00  0.250E-02 -0.588736E-03  0.764883E-03
[155255.127] 0     250  0.254458E+01  0.128E-01  0.120E+01  0.112E+00  0.250E-02 -0.642929E-03  0.849757E-03
[155405.009] 0     260  0.267111E+01  0.123E-01  0.120E+01  0.108E+00  0.250E-02 -0.673932E-03  0.661970E-03
[155514.889] 0     270  0.279175E+01  0.117E-01  0.120E+01  0.102E+00  0.250E-02 -0.625540E-03  0.569521E-03
[155624.767] 0     280  0.290631E+01  0.112E-01  0.120E+01  0.976E-01  0.250E-02 -0.551881E-03  0.673391E-03
[155734.651] 0     290  0.301603E+01  0.107E-01  0.120E+01  0.937E-01  0.250E-02 -0.485996E-03  0.704711E-03
[160203.965] 0     300  0.312199E+01  0.105E-01  0.120E+01  0.914E-01  0.250E-02 -0.606647E-03  0.504821E-03
[160313.810] 0     310  0.322606E+01  0.103E-01  0.120E+01  0.903E-01  0.250E-02 -0.590205E-03  0.454972E-03
[160423.656] 0     320  0.332917E+01  0.103E-01  0.120E+01  0.897E-01  0.250E-02 -0.482045E-03  0.518336E-03
[160533.505] 0     330  0.343030E+01  0.992E-02  0.120E+01  0.866E-01  0.250E-02 -0.510453E-03  0.595319E-03
[160643.362] 0     340  0.352806E+01  0.960E-02  0.120E+01  0.839E-01  0.250E-02 -0.555214E-03  0.553444E-03
[160753.196] 0     350  0.362302E+01  0.937E-02  0.120E+01  0.818E-01  0.250E-02 -0.577437E-03  0.538792E-03
[160903.035] 0     360  0.371586E+01  0.919E-02  0.120E+01  0.802E-01  0.250E-02 -0.639332E-03  0.593549E-03
[161012.883] 0     370  0.380701E+01  0.901E-02  0.120E+01  0.787E-01  0.250E-02 -0.615048E-03  0.746590E-03
[161122.722] 0     380  0.389640E+01  0.884E-02  0.120E+01  0.772E-01  0.250E-02 -0.683993E-03  0.781105E-03
[161232.548] 0     390  0.398416E+01  0.872E-02  0.120E+01  0.761E-01  0.250E-02 -0.658774E-03  0.617871E-03
[161707.170] 0     400  0.407095E+01  0.865E-02  0.120E+01  0.756E-01  0.250E-02 -0.599953E-03  0.598377E-03
[161817.015] 0     410  0.415679E+01  0.845E-02  0.120E+01  0.738E-01  0.250E-02 -0.555754E-03  0.609109E-03
[161926.865] 0     420  0.423894E+01  0.794E-02  0.120E+01  0.693E-01  0.250E-02 -0.550146E-03  0.627488E-03
[162036.696] 0     430  0.431633E+01  0.750E-02  0.120E+01  0.655E-01  0.250E-02 -0.484885E-03  0.635140E-03
[162146.544] 0     440  0.438949E+01  0.713E-02  0.120E+01  0.622E-01  0.250E-02 -0.490953E-03  0.688849E-03
[162256.378] 0     450  0.445924E+01  0.684E-02  0.120E+01  0.597E-01  0.250E-02 -0.443292E-03  0.723737E-03
[162406.212] 0     460  0.452628E+01  0.658E-02  0.120E+01  0.575E-01  0.250E-02 -0.535315E-03  0.761051E-03
[162516.051] 0     470  0.459095E+01  0.635E-02  0.120E+01  0.554E-01  0.250E-02 -0.574725E-03  0.820271E-03
[162625.888] 0     480  0.465321E+01  0.621E-02  0.120E+01  0.542E-01  0.250E-02 -0.494012E-03  0.817741E-03
[162735.725] 0     490  0.471458E+01  0.610E-02  0.120E+01  0.533E-01  0.250E-02 -0.468631E-03  0.754948E-03
[163200.452] 0     500  0.477552E+01  0.610E-02  0.120E+01  0.533E-01  0.250E-02 -0.488649E-03  0.734218E-03
[163310.340] 0     510  0.483788E+01  0.649E-02  0.120E+01  0.567E-01  0.250E-02 -0.512012E-03  0.677929E-03
[163420.242] 0     520  0.490278E+01  0.645E-02  0.120E+01  0.563E-01  0.250E-02 -0.463275E-03  0.763248E-03
[163530.137] 0     530  0.496789E+01  0.654E-02  0.120E+01  0.571E-01  0.250E-02 -0.493152E-03  0.844176E-03
[163640.012] 0     540  0.503401E+01  0.664E-02  0.120E+01  0.580E-01  0.250E-02 -0.564730E-03  0.810743E-03
[163749.894] 0     550  0.509929E+01  0.644E-02  0.120E+01  0.562E-01  0.250E-02 -0.586589E-03  0.789924E-03
[163859.775] 0     560  0.516371E+01  0.650E-02  0.120E+01  0.567E-01  0.250E-02 -0.720303E-03  0.761478E-03
[164009.654] 0     570  0.522920E+01  0.651E-02  0.120E+01  0.569E-01  0.250E-02 -0.779083E-03  0.788558E-03
[164119.515] 0     580  0.529342E+01  0.639E-02  0.120E+01  0.558E-01  0.250E-02 -0.800816E-03  0.849160E-03
[164229.381] 0     590  0.535733E+01  0.637E-02  0.120E+01  0.556E-01  0.250E-02 -0.829669E-03  0.920680E-03
[164656.362] 0     600  0.542019E+01  0.619E-02  0.120E+01  0.540E-01  0.250E-02 -0.748831E-03  0.805909E-03
[164806.159] 0     610  0.548125E+01  0.597E-02  0.120E+01  0.522E-01  0.250E-02 -0.672764E-03  0.589786E-03
[164915.954] 0     620  0.553972E+01  0.577E-02  0.120E+01  0.504E-01  0.250E-02 -0.586085E-03  0.571480E-03
[165025.745] 0     630  0.559682E+01  0.572E-02  0.120E+01  0.500E-01  0.250E-02 -0.642440E-03  0.524730E-03
[165135.538] 0     640  0.565367E+01  0.561E-02  0.120E+01  0.490E-01  0.250E-02 -0.740784E-03  0.646450E-03
[165245.341] 0     650  0.570925E+01  0.547E-02  0.120E+01  0.477E-01  0.250E-02 -0.671453E-03  0.702656E-03
[165355.128] 0     660  0.576390E+01  0.544E-02  0.120E+01  0.475E-01  0.250E-02 -0.718823E-03  0.558743E-03
[165504.908] 0     670  0.581911E+01  0.556E-02  0.120E+01  0.485E-01  0.250E-02 -0.704201E-03  0.570478E-03
[165614.683] 0     680  0.587484E+01  0.551E-02  0.120E+01  0.481E-01  0.250E-02 -0.770026E-03  0.697185E-03
[165724.442] 0     690  0.592946E+01  0.543E-02  0.120E+01  0.475E-01  0.250E-02 -0.774074E-03  0.737251E-03
[170139.646] 0     700  0.598340E+01  0.537E-02  0.120E+01  0.469E-01  0.250E-02 -0.779348E-03  0.926359E-03
[170249.413] 0     710  0.603715E+01  0.538E-02  0.120E+01  0.470E-01  0.250E-02 -0.667138E-03  0.100914E-02
[170359.185] 0     720  0.609087E+01  0.536E-02  0.120E+01  0.468E-01  0.250E-02 -0.651725E-03  0.103658E-02
[170508.937] 0     730  0.614433E+01  0.533E-02  0.120E+01  0.466E-01  0.250E-02 -0.815104E-03  0.995525E-03
[170618.705] 0     740  0.619706E+01  0.514E-02  0.120E+01  0.449E-01  0.250E-02 -0.808977E-03  0.837243E-03
[170728.459] 0     750  0.624776E+01  0.502E-02  0.120E+01  0.439E-01  0.250E-02 -0.712692E-03  0.951662E-03
[170838.217] 0     760  0.629835E+01  0.515E-02  0.120E+01  0.450E-01  0.250E-02 -0.879625E-03  0.102067E-02
[170947.967] 0     770  0.635056E+01  0.511E-02  0.120E+01  0.446E-01  0.250E-02 -0.973553E-03  0.943984E-03
[171057.707] 0     780  0.640142E+01  0.507E-02  0.120E+01  0.443E-01  0.250E-02 -0.756166E-03  0.867648E-03
[171207.461] 0     790  0.645195E+01  0.506E-02  0.120E+01  0.441E-01  0.250E-02 -0.629777E-03  0.777617E-03
[171636.445] 0     800  0.650217E+01  0.506E-02  0.120E+01  0.442E-01  0.250E-02 -0.725258E-03  0.739669E-03
[171746.173] 0     810  0.655482E+01  0.532E-02  0.120E+01  0.464E-01  0.250E-02 -0.829321E-03  0.733794E-03
[171855.891] 0     820  0.660722E+01  0.524E-02  0.120E+01  0.458E-01  0.250E-02 -0.819446E-03  0.876655E-03
[172005.611] 0     830  0.665984E+01  0.529E-02  0.120E+01  0.462E-01  0.250E-02 -0.863180E-03  0.923362E-03
[172115.330] 0     840  0.671304E+01  0.536E-02  0.120E+01  0.468E-01  0.250E-02 -0.804796E-03  0.845406E-03
[172225.049] 0     850  0.676639E+01  0.529E-02  0.120E+01  0.462E-01  0.250E-02 -0.721714E-03  0.992996E-03
[172334.763] 0     860  0.681881E+01  0.518E-02  0.120E+01  0.453E-01  0.250E-02 -0.905958E-03  0.110282E-02
[172444.470] 0     870  0.687003E+01  0.501E-02  0.120E+01  0.437E-01  0.250E-02 -0.125633E-02  0.107283E-02
[172554.180] 0     880  0.691876E+01  0.478E-02  0.120E+01  0.418E-01  0.250E-02 -0.131482E-02  0.103558E-02
[172703.877] 0     890  0.696644E+01  0.477E-02  0.120E+01  0.417E-01  0.250E-02 -0.131625E-02  0.927700E-03
[173133.892] 0     900  0.701430E+01  0.475E-02  0.120E+01  0.415E-01  0.250E-02 -0.124740E-02  0.813248E-03
[173243.537] 0     910  0.706129E+01  0.470E-02  0.120E+01  0.410E-01  0.250E-02 -0.108433E-02  0.839267E-03
[173353.200] 0     920  0.710833E+01  0.468E-02  0.120E+01  0.409E-01  0.250E-02 -0.107770E-02  0.797470E-03
[173502.863] 0     930  0.715563E+01  0.479E-02  0.120E+01  0.418E-01  0.250E-02 -0.104232E-02  0.914713E-03
[173612.508] 0     940  0.720317E+01  0.473E-02  0.120E+01  0.413E-01  0.250E-02 -0.908828E-03  0.105293E-02
[173722.147] 0     950  0.725064E+01  0.475E-02  0.120E+01  0.415E-01  0.250E-02 -0.787108E-03  0.108507E-02
[173831.799] 0     960  0.729844E+01  0.479E-02  0.120E+01  0.419E-01  0.250E-02 -0.718503E-03  0.100571E-02
[173941.444] 0     970  0.734575E+01  0.467E-02  0.120E+01  0.407E-01  0.250E-02 -0.786117E-03  0.107585E-02
[174051.083] 0     980  0.739258E+01  0.467E-02  0.120E+01  0.408E-01  0.250E-02 -0.821403E-03  0.999369E-03
[174200.704] 0     990  0.743937E+01  0.472E-02  0.120E+01  0.413E-01  0.250E-02 -0.719186E-03  0.898951E-03
[174618.954] 0    1000  0.748682E+01  0.480E-02  0.120E+01  0.420E-01  0.250E-02 -0.929054E-03  0.882417E-03
[174728.597] 0    1010  0.753497E+01  0.480E-02  0.120E+01  0.419E-01  0.250E-02 -0.982333E-03  0.757648E-03
[174838.251] 0    1020  0.758250E+01  0.469E-02  0.120E+01  0.409E-01  0.250E-02 -0.864021E-03  0.956955E-03
[174947.880] 0    1030  0.762928E+01  0.468E-02  0.120E+01  0.409E-01  0.250E-02 -0.856700E-03  0.113871E-02
[175057.528] 0    1040  0.767632E+01  0.473E-02  0.120E+01  0.413E-01  0.250E-02 -0.100819E-02  0.950537E-03
[175207.159] 0    1050  0.772415E+01  0.480E-02  0.120E+01  0.419E-01  0.250E-02 -0.986350E-03  0.805304E-03
[175316.788] 0    1060  0.777239E+01  0.484E-02  0.120E+01  0.423E-01  0.250E-02 -0.864971E-03  0.138117E-02
[175426.401] 0    1070  0.782103E+01  0.488E-02  0.120E+01  0.426E-01  0.250E-02 -0.797549E-03  0.173890E-02
[175536.022] 0    1080  0.787007E+01  0.492E-02  0.120E+01  0.430E-01  0.250E-02 -0.825430E-03  0.192995E-02
[175645.643] 0    1090  0.791877E+01  0.485E-02  0.120E+01  0.423E-01  0.250E-02 -0.761161E-03  0.170109E-02
[180110.237] 0    1100  0.796658E+01  0.469E-02  0.120E+01  0.410E-01  0.250E-02 -0.889258E-03  0.164055E-02
[180219.856] 0    1110  0.801315E+01  0.462E-02  0.120E+01  0.404E-01  0.250E-02 -0.966089E-03  0.163121E-02
[180329.457] 0    1120  0.805951E+01  0.466E-02  0.120E+01  0.407E-01  0.250E-02 -0.108758E-02  0.163449E-02
[180439.060] 0    1130  0.810588E+01  0.455E-02  0.120E+01  0.397E-01  0.250E-02 -0.121400E-02  0.146015E-02
[180548.653] 0    1140  0.815075E+01  0.441E-02  0.120E+01  0.385E-01  0.250E-02 -0.123049E-02  0.143215E-02
[180658.248] 0    1150  0.819531E+01  0.455E-02  0.120E+01  0.397E-01  0.250E-02 -0.126635E-02  0.141036E-02
[180807.835] 0    1160  0.824188E+01  0.470E-02  0.120E+01  0.410E-01  0.250E-02 -0.116517E-02  0.129557E-02
[180917.420] 0    1170  0.828829E+01  0.459E-02  0.120E+01  0.400E-01  0.250E-02 -0.110063E-02  0.112933E-02
[181027.001] 0    1180  0.833368E+01  0.450E-02  0.120E+01  0.393E-01  0.250E-02 -0.110710E-02  0.124656E-02
[181136.572] 0    1190  0.837799E+01  0.430E-02  0.120E+01  0.376E-01  0.250E-02 -0.101056E-02  0.107020E-02
[181607.006] 0    1200  0.841902E+01  0.381E-02  0.120E+01  0.333E-01  0.250E-02 -0.765735E-03  0.101515E-02
[181716.614] 0    1210  0.845532E+01  0.346E-02  0.120E+01  0.302E-01  0.250E-02 -0.877873E-03  0.120513E-02
[181826.218] 0    1220  0.848917E+01  0.335E-02  0.120E+01  0.293E-01  0.250E-02 -0.969928E-03  0.145816E-02
[181935.831] 0    1230  0.852297E+01  0.346E-02  0.120E+01  0.303E-01  0.250E-02 -0.102601E-02  0.156941E-02
[182045.460] 0    1240  0.855869E+01  0.361E-02  0.120E+01  0.315E-01  0.250E-02 -0.104395E-02  0.144804E-02
[182155.085] 0    1250  0.859420E+01  0.354E-02  0.120E+01  0.309E-01  0.250E-02 -0.108690E-02  0.124247E-02
[182304.699] 0    1260  0.862981E+01  0.356E-02  0.120E+01  0.311E-01  0.250E-02 -0.105781E-02  0.103315E-02
[182414.312] 0    1270  0.866596E+01  0.366E-02  0.120E+01  0.320E-01  0.250E-02 -0.879266E-03  0.101181E-02
[182523.925] 0    1280  0.870384E+01  0.397E-02  0.120E+01  0.347E-01  0.250E-02 -0.106062E-02  0.117364E-02
[182633.546] 0    1290  0.874447E+01  0.415E-02  0.120E+01  0.362E-01  0.250E-02 -0.147683E-02  0.129423E-02
[183100.678] 0    1300  0.878593E+01  0.411E-02  0.120E+01  0.359E-01  0.250E-02 -0.134995E-02  0.117969E-02
[183210.277] 0    1310  0.882693E+01  0.413E-02  0.120E+01  0.361E-01  0.250E-02 -0.137353E-02  0.101281E-02
[183319.874] 0    1320  0.886851E+01  0.420E-02  0.120E+01  0.367E-01  0.250E-02 -0.107244E-02  0.103428E-02
[183429.475] 0    1330  0.891104E+01  0.431E-02  0.120E+01  0.376E-01  0.250E-02 -0.981693E-03  0.116920E-02
[183539.090] 0    1340  0.895346E+01  0.417E-02  0.120E+01  0.364E-01  0.250E-02 -0.104937E-02  0.109401E-02
[183648.697] 0    1350  0.899490E+01  0.418E-02  0.120E+01  0.365E-01  0.250E-02 -0.120131E-02  0.877578E-03
[183758.296] 0    1360  0.903755E+01  0.441E-02  0.120E+01  0.385E-01  0.250E-02 -0.100024E-02  0.990646E-03
[183907.906] 0    1370  0.908151E+01  0.436E-02  0.120E+01  0.381E-01  0.250E-02 -0.128486E-02  0.115053E-02
[184017.508] 0    1380  0.912421E+01  0.416E-02  0.120E+01  0.364E-01  0.250E-02 -0.104875E-02  0.131578E-02
[184127.100] 0    1390  0.916517E+01  0.402E-02  0.120E+01  0.351E-01  0.250E-02 -0.105573E-02  0.132491E-02
[184551.271] 0    1400  0.920505E+01  0.395E-02  0.120E+01  0.345E-01  0.250E-02 -0.152740E-02  0.129034E-02
[184700.919] 0    1410  0.924451E+01  0.395E-02  0.120E+01  0.345E-01  0.250E-02 -0.156498E-02  0.131560E-02
[184810.563] 0    1420  0.928420E+01  0.400E-02  0.120E+01  0.349E-01  0.250E-02 -0.140064E-02  0.120043E-02
[184920.223] 0    1430  0.932439E+01  0.399E-02  0.120E+01  0.348E-01  0.250E-02 -0.140790E-02  0.117394E-02
[185029.867] 0    1440  0.936389E+01  0.389E-02  0.120E+01  0.340E-01  0.250E-02 -0.139196E-02  0.128146E-02
[185139.518] 0    1450  0.940218E+01  0.378E-02  0.120E+01  0.330E-01  0.250E-02 -0.120205E-02  0.135854E-02
[185249.153] 0    1460  0.943987E+01  0.378E-02  0.120E+01  0.330E-01  0.250E-02 -0.122136E-02  0.116836E-02
[185358.804] 0    1470  0.947767E+01  0.378E-02  0.120E+01  0.330E-01  0.250E-02 -0.101409E-02  0.113682E-02
[185508.443] 0    1480  0.951559E+01  0.381E-02  0.120E+01  0.333E-01  0.250E-02 -0.944701E-03  0.101180E-02
[185618.079] 0    1490  0.955351E+01  0.373E-02  0.120E+01  0.325E-01  0.250E-02 -0.954944E-03  0.896078E-03
[190041.921] 0    1500  0.959084E+01  0.373E-02  0.120E+01  0.326E-01  0.250E-02 -0.883679E-03  0.934939E-03
[190151.508] 0    1510  0.962812E+01  0.377E-02  0.120E+01  0.329E-01  0.250E-02 -0.101666E-02  0.108588E-02
[190301.116] 0    1520  0.966678E+01  0.393E-02  0.120E+01  0.343E-01  0.250E-02 -0.108412E-02  0.118403E-02
[190410.700] 0    1530  0.970612E+01  0.391E-02  0.120E+01  0.342E-01  0.250E-02 -0.112582E-02  0.117009E-02
[190520.279] 0    1540  0.974472E+01  0.374E-02  0.120E+01  0.327E-01  0.250E-02 -0.118904E-02  0.917328E-03
[190629.863] 0    1550  0.978172E+01  0.369E-02  0.120E+01  0.322E-01  0.250E-02 -0.119130E-02  0.111419E-02
[190739.435] 0    1560  0.981930E+01  0.384E-02  0.120E+01  0.335E-01  0.250E-02 -0.884616E-03  0.126341E-02
[190849.024] 0    1570  0.985742E+01  0.377E-02  0.120E+01  0.329E-01  0.250E-02 -0.995540E-03  0.117922E-02
[190958.584] 0    1580  0.989389E+01  0.337E-02  0.120E+01  0.294E-01  0.250E-02 -0.992303E-03  0.870912E-03
[191108.137] 0    1590  0.992636E+01  0.311E-02  0.120E+01  0.272E-01  0.250E-02 -0.100535E-02  0.104292E-02
[191536.510] 0    1600  0.995754E+01  0.315E-02  0.120E+01  0.275E-01  0.250E-02 -0.106748E-02  0.106528E-02
[191646.040] 0    1610  0.998978E+01  0.332E-02  0.120E+01  0.290E-01  0.250E-02 -0.898033E-03  0.131736E-02
[191755.585] 0    1620  0.100233E+02  0.341E-02  0.120E+01  0.297E-01  0.250E-02 -0.785708E-03  0.148971E-02
[191905.140] 0    1630  0.100578E+02  0.347E-02  0.120E+01  0.303E-01  0.250E-02 -0.740263E-03  0.131619E-02
[192014.687] 0    1640  0.100923E+02  0.350E-02  0.120E+01  0.305E-01  0.250E-02 -0.859087E-03  0.111494E-02
[192124.244] 0    1650  0.101276E+02  0.355E-02  0.120E+01  0.310E-01  0.250E-02 -0.104090E-02  0.125882E-02
[192233.795] 0    1660  0.101636E+02  0.366E-02  0.120E+01  0.320E-01  0.250E-02 -0.108050E-02  0.105548E-02
[192343.340] 0    1670  0.102010E+02  0.380E-02  0.120E+01  0.332E-01  0.250E-02 -0.105959E-02  0.120738E-02
[192452.873] 0    1680  0.102391E+02  0.380E-02  0.120E+01  0.331E-01  0.250E-02 -0.100063E-02  0.113625E-02
[192602.417] 0    1690  0.102765E+02  0.368E-02  0.120E+01  0.321E-01  0.250E-02 -0.961594E-03  0.985297E-03
[193029.765] 0    1700  0.103127E+02  0.356E-02  0.120E+01  0.311E-01  0.250E-02 -0.970138E-03  0.976174E-03
[193139.339] 0    1710  0.103478E+02  0.346E-02  0.120E+01  0.302E-01  0.250E-02 -0.110834E-02  0.102092E-02
[193248.908] 0    1720  0.103824E+02  0.342E-02  0.120E+01  0.298E-01  0.250E-02 -0.129320E-02  0.112768E-02
[193358.461] 0    1730  0.104164E+02  0.340E-02  0.120E+01  0.297E-01  0.250E-02 -0.117729E-02  0.972116E-03
[193508.016] 0    1740  0.104500E+02  0.335E-02  0.120E+01  0.293E-01  0.250E-02 -0.998777E-03  0.131841E-02
[193617.568] 0    1750  0.104838E+02  0.339E-02  0.120E+01  0.296E-01  0.250E-02 -0.117744E-02  0.171624E-02
[193727.141] 0    1760  0.105186E+02  0.352E-02  0.120E+01  0.307E-01  0.250E-02 -0.141038E-02  0.186385E-02
[193836.696] 0    1770  0.105535E+02  0.344E-02  0.120E+01  0.300E-01  0.250E-02 -0.143783E-02  0.152949E-02
[193946.269] 0    1780  0.105878E+02  0.344E-02  0.120E+01  0.300E-01  0.250E-02 -0.142951E-02  0.135876E-02
[194055.826] 0    1790  0.106221E+02  0.346E-02  0.120E+01  0.302E-01  0.250E-02 -0.114581E-02  0.122154E-02
[194517.705] 0    1800  0.106568E+02  0.349E-02  0.120E+01  0.305E-01  0.250E-02 -0.779319E-03  0.116445E-02
[194627.251] 0    1810  0.106919E+02  0.351E-02  0.120E+01  0.306E-01  0.250E-02 -0.658311E-03  0.107413E-02
[194736.801] 0    1820  0.107273E+02  0.357E-02  0.120E+01  0.311E-01  0.250E-02 -0.712569E-03  0.102738E-02
[194846.342] 0    1830  0.107634E+02  0.357E-02  0.120E+01  0.312E-01  0.250E-02 -0.847871E-03  0.104332E-02
[194955.882] 0    1840  0.107990E+02  0.361E-02  0.120E+01  0.315E-01  0.250E-02 -0.866169E-03  0.954991E-03
[195105.410] 0    1850  0.108357E+02  0.370E-02  0.120E+01  0.323E-01  0.250E-02 -0.760852E-03  0.113154E-02
[195214.940] 0    1860  0.108726E+02  0.374E-02  0.120E+01  0.327E-01  0.250E-02 -0.876456E-03  0.117649E-02
[195324.468] 0    1870  0.109100E+02  0.378E-02  0.120E+01  0.330E-01  0.250E-02 -0.122532E-02  0.933149E-03
[195433.984] 0    1880  0.109480E+02  0.382E-02  0.120E+01  0.334E-01  0.250E-02 -0.126243E-02  0.948645E-03
[195543.502] 0    1890  0.109862E+02  0.379E-02  0.120E+01  0.331E-01  0.250E-02 -0.128904E-02  0.945657E-03
[200000.127] 0    1900  0.110239E+02  0.375E-02  0.120E+01  0.327E-01  0.250E-02 -0.145759E-02  0.105707E-02
[200109.602] 0    1910  0.110611E+02  0.373E-02  0.120E+01  0.326E-01  0.250E-02 -0.128764E-02  0.979267E-03
[200219.053] 0    1920  0.110982E+02  0.370E-02  0.120E+01  0.323E-01  0.250E-02 -0.827008E-03  0.877431E-03
[200328.525] 0    1930  0.111352E+02  0.367E-02  0.120E+01  0.321E-01  0.250E-02 -0.912742E-03  0.943525E-03
[200437.993] 0    1940  0.111713E+02  0.353E-02  0.120E+01  0.308E-01  0.250E-02 -0.978359E-03  0.979838E-03
[200547.448] 0    1950  0.112063E+02  0.348E-02  0.120E+01  0.304E-01  0.250E-02 -0.112477E-02  0.930712E-03
[200656.903] 0    1960  0.112410E+02  0.347E-02  0.120E+01  0.303E-01  0.250E-02 -0.105614E-02  0.899436E-03
[200806.351] 0    1970  0.112759E+02  0.353E-02  0.120E+01  0.308E-01  0.250E-02 -0.909409E-03  0.872560E-03
[200915.797] 0    1980  0.113117E+02  0.362E-02  0.120E+01  0.316E-01  0.250E-02 -0.881776E-03  0.115285E-02
[201025.238] 0    1990  0.113486E+02  0.370E-02  0.120E+01  0.323E-01  0.250E-02 -0.881490E-03  0.118541E-02
[201447.082] 0    2000  0.113853E+02  0.365E-02  0.120E+01  0.319E-01  0.250E-02 -0.105406E-02  0.112803E-02
[201556.498] 0    2010  0.114219E+02  0.367E-02  0.120E+01  0.320E-01  0.250E-02 -0.106970E-02  0.109446E-02
[201705.914] 0    2020  0.114597E+02  0.391E-02  0.120E+01  0.342E-01  0.250E-02 -0.998693E-03  0.127007E-02
[201815.340] 0    2030  0.114987E+02  0.388E-02  0.120E+01  0.339E-01  0.250E-02 -0.104340E-02  0.148258E-02
[201924.746] 0    2040  0.115376E+02  0.390E-02  0.120E+01  0.341E-01  0.250E-02 -0.116411E-02  0.153348E-02
[202034.147] 0    2050  0.115757E+02  0.366E-02  0.120E+01  0.320E-01  0.250E-02 -0.127739E-02  0.166427E-02
[202143.552] 0    2060  0.116111E+02  0.345E-02  0.120E+01  0.301E-01  0.250E-02 -0.114946E-02  0.199437E-02
[202252.931] 0    2070  0.116457E+02  0.347E-02  0.120E+01  0.303E-01  0.250E-02 -0.124863E-02  0.194522E-02
[202402.329] 0    2080  0.116814E+02  0.360E-02  0.120E+01  0.314E-01  0.250E-02 -0.110861E-02  0.189150E-02
[202511.735] 0    2090  0.117181E+02  0.370E-02  0.120E+01  0.323E-01  0.250E-02 -0.112991E-02  0.173290E-02
[202940.685] 0    2100  0.117554E+02  0.388E-02  0.120E+01  0.339E-01  0.250E-02 -0.125019E-02  0.142149E-02
[203050.054] 0    2110  0.117941E+02  0.382E-02  0.120E+01  0.334E-01  0.250E-02 -0.121320E-02  0.120475E-02
[203159.429] 0    2120  0.118330E+02  0.402E-02  0.120E+01  0.351E-01  0.250E-02 -0.998852E-03  0.113630E-02
[203308.786] 0    2130  0.118742E+02  0.410E-02  0.120E+01  0.358E-01  0.250E-02 -0.860744E-03  0.137184E-02
[203418.146] 0    2140  0.119149E+02  0.405E-02  0.120E+01  0.354E-01  0.250E-02 -0.965286E-03  0.169661E-02
[203527.499] 0    2150  0.119555E+02  0.411E-02  0.120E+01  0.359E-01  0.250E-02 -0.874264E-03  0.159425E-02
[203636.856] 0    2160  0.119970E+02  0.416E-02  0.120E+01  0.363E-01  0.250E-02 -0.116137E-02  0.165692E-02
[203746.224] 0    2170  0.120381E+02  0.403E-02  0.120E+01  0.352E-01  0.250E-02 -0.110855E-02  0.188570E-02
[203855.584] 0    2180  0.120783E+02  0.397E-02  0.120E+01  0.347E-01  0.250E-02 -0.116514E-02  0.174207E-02
[204004.928] 0    2190  0.121173E+02  0.382E-02  0.120E+01  0.333E-01  0.250E-02 -0.120969E-02  0.128827E-02
[204424.629] 0    2200  0.121552E+02  0.373E-02  0.120E+01  0.326E-01  0.250E-02 -0.116016E-02  0.104331E-02
[204534.025] 0    2210  0.121928E+02  0.376E-02  0.120E+01  0.328E-01  0.250E-02 -0.954993E-03  0.121196E-02
[204643.407] 0    2220  0.122305E+02  0.384E-02  0.120E+01  0.335E-01  0.250E-02 -0.102624E-02  0.140253E-02
[204752.795] 0    2230  0.122691E+02  0.370E-02  0.120E+01  0.323E-01  0.250E-02 -0.978043E-03  0.111344E-02
[204902.179] 0    2240  0.123059E+02  0.361E-02  0.120E+01  0.315E-01  0.250E-02 -0.897396E-03  0.781536E-03
[205011.545] 0    2250  0.123426E+02  0.367E-02  0.120E+01  0.320E-01  0.250E-02 -0.947433E-03  0.990048E-03
[205120.916] 0    2260  0.123805E+02  0.392E-02  0.120E+01  0.342E-01  0.250E-02 -0.117591E-02  0.111345E-02
[205230.279] 0    2270  0.124201E+02  0.400E-02  0.120E+01  0.349E-01  0.250E-02 -0.126357E-02  0.133535E-02
[205339.649] 0    2280  0.124600E+02  0.394E-02  0.120E+01  0.344E-01  0.250E-02 -0.138670E-02  0.127989E-02
[205449.007] 0    2290  0.124990E+02  0.384E-02  0.120E+01  0.335E-01  0.250E-02 -0.127661E-02  0.119877E-02
[205914.577] 0    2300  0.125371E+02  0.380E-02  0.120E+01  0.332E-01  0.250E-02 -0.105143E-02  0.108432E-02
[210023.908] 0    2310  0.125750E+02  0.376E-02  0.120E+01  0.329E-01  0.250E-02 -0.877805E-03  0.967032E-03
[210133.239] 0    2320  0.126126E+02  0.379E-02  0.120E+01  0.331E-01  0.250E-02 -0.889352E-03  0.904638E-03
[210242.562] 0    2330  0.126505E+02  0.381E-02  0.120E+01  0.332E-01  0.250E-02 -0.106051E-02  0.955627E-03
[210351.890] 0    2340  0.126886E+02  0.380E-02  0.120E+01  0.332E-01  0.250E-02 -0.109146E-02  0.111684E-02
[210501.210] 0    2350  0.127262E+02  0.371E-02  0.120E+01  0.324E-01  0.250E-02 -0.122372E-02  0.111095E-02
[210610.529] 0    2360  0.127630E+02  0.364E-02  0.120E+01  0.318E-01  0.250E-02 -0.132022E-02  0.115613E-02
[210719.852] 0    2370  0.127985E+02  0.347E-02  0.120E+01  0.303E-01  0.250E-02 -0.118131E-02  0.116716E-02
[210829.169] 0    2380  0.128333E+02  0.344E-02  0.120E+01  0.300E-01  0.250E-02 -0.134401E-02  0.115294E-02
[210938.467] 0    2390  0.128678E+02  0.341E-02  0.120E+01  0.298E-01  0.250E-02 -0.148375E-02  0.107392E-02
[211359.861] 0    2400  0.129019E+02  0.338E-02  0.120E+01  0.295E-01  0.250E-02 -0.162452E-02  0.935302E-03
[211509.244] 0    2410  0.129354E+02  0.335E-02  0.120E+01  0.292E-01  0.250E-02 -0.163076E-02  0.918551E-03
[211618.619] 0    2420  0.129688E+02  0.329E-02  0.120E+01  0.288E-01  0.250E-02 -0.162367E-02  0.910134E-03
[211727.989] 0    2430  0.130010E+02  0.315E-02  0.120E+01  0.275E-01  0.250E-02 -0.150264E-02  0.948961E-03
[211837.360] 0    2440  0.130320E+02  0.303E-02  0.120E+01  0.265E-01  0.250E-02 -0.134598E-02  0.108408E-02
[211946.725] 0    2450  0.130625E+02  0.305E-02  0.120E+01  0.266E-01  0.250E-02 -0.121606E-02  0.977594E-03
[212056.075] 0    2460  0.130931E+02  0.306E-02  0.120E+01  0.267E-01  0.250E-02 -0.102712E-02  0.953860E-03
[212205.435] 0    2470  0.131238E+02  0.308E-02  0.120E+01  0.269E-01  0.250E-02 -0.783905E-03  0.101325E-02
[212314.800] 0    2480  0.131545E+02  0.308E-02  0.120E+01  0.269E-01  0.250E-02 -0.844841E-03  0.983477E-03
[212424.158] 0    2490  0.131854E+02  0.310E-02  0.120E+01  0.271E-01  0.250E-02 -0.784513E-03  0.960912E-03
[212839.600] 0    2500  0.132169E+02  0.319E-02  0.120E+01  0.279E-01  0.250E-02 -0.102944E-02  0.922128E-03
[212948.870] 0    2510  0.132490E+02  0.325E-02  0.120E+01  0.284E-01  0.250E-02 -0.899467E-03  0.113565E-02
[213058.131] 0    2520  0.132818E+02  0.332E-02  0.120E+01  0.290E-01  0.250E-02 -0.827244E-03  0.110360E-02
[213207.391] 0    2530  0.133153E+02  0.340E-02  0.120E+01  0.297E-01  0.250E-02 -0.117686E-02  0.110204E-02
[213316.631] 0    2540  0.133495E+02  0.339E-02  0.120E+01  0.296E-01  0.250E-02 -0.168996E-02  0.940968E-03
[213425.872] 0    2550  0.133833E+02  0.337E-02  0.120E+01  0.295E-01  0.250E-02 -0.188832E-02  0.108960E-02
[213535.093] 0    2560  0.134167E+02  0.332E-02  0.120E+01  0.290E-01  0.250E-02 -0.152936E-02  0.107204E-02
[213644.328] 0    2570  0.134486E+02  0.309E-02  0.120E+01  0.270E-01  0.250E-02 -0.102261E-02  0.810230E-03
[213753.556] 0    2580  0.134788E+02  0.307E-02  0.120E+01  0.268E-01  0.250E-02 -0.991797E-03  0.774060E-03
[213902.782] 0    2590  0.135111E+02  0.332E-02  0.120E+01  0.290E-01  0.250E-02 -0.971762E-03  0.861422E-03
[214326.338] 0    2600  0.135446E+02  0.337E-02  0.120E+01  0.294E-01  0.250E-02 -0.975149E-03  0.110582E-02
[214435.530] 0    2610  0.135780E+02  0.324E-02  0.120E+01  0.283E-01  0.250E-02 -0.726948E-03  0.107872E-02
[214544.706] 0    2620  0.136096E+02  0.308E-02  0.120E+01  0.269E-01  0.250E-02 -0.736930E-03  0.104881E-02
[214653.874] 0    2630  0.136401E+02  0.300E-02  0.120E+01  0.262E-01  0.250E-02 -0.822511E-03  0.113366E-02
[214803.022] 0    2640  0.136704E+02  0.309E-02  0.120E+01  0.270E-01  0.250E-02 -0.881719E-03  0.126432E-02
[214912.184] 0    2650  0.137008E+02  0.294E-02  0.120E+01  0.257E-01  0.250E-02 -0.103105E-02  0.139659E-02
[215021.326] 0    2660  0.137297E+02  0.286E-02  0.120E+01  0.250E-01  0.250E-02 -0.111491E-02  0.139216E-02
[215130.479] 0    2670  0.137584E+02  0.290E-02  0.120E+01  0.253E-01  0.250E-02 -0.116703E-02  0.128545E-02
[215239.637] 0    2680  0.137883E+02  0.310E-02  0.120E+01  0.271E-01  0.250E-02 -0.107298E-02  0.149825E-02
[215348.779] 0    2690  0.138206E+02  0.330E-02  0.120E+01  0.288E-01  0.250E-02 -0.105426E-02  0.149221E-02
[215821.349] 0    2700  0.138536E+02  0.334E-02  0.120E+01  0.292E-01  0.250E-02 -0.112106E-02  0.135400E-02
[215930.535] 0    2710  0.138870E+02  0.334E-02  0.120E+01  0.292E-01  0.250E-02 -0.992665E-03  0.101032E-02
[220039.710] 0    2720  0.139197E+02  0.320E-02  0.120E+01  0.279E-01  0.250E-02 -0.979715E-03  0.956022E-03
[220148.902] 0    2730  0.139505E+02  0.297E-02  0.120E+01  0.259E-01  0.250E-02 -0.100482E-02  0.117506E-02
[220258.069] 0    2740  0.139791E+02  0.277E-02  0.120E+01  0.242E-01  0.250E-02 -0.106079E-02  0.100398E-02
[220407.224] 0    2750  0.140072E+02  0.288E-02  0.120E+01  0.252E-01  0.250E-02 -0.144572E-02  0.964085E-03
[220516.382] 0    2760  0.140370E+02  0.310E-02  0.120E+01  0.270E-01  0.250E-02 -0.200777E-02  0.970641E-03
[220625.547] 0    2770  0.140685E+02  0.314E-02  0.120E+01  0.274E-01  0.250E-02 -0.249279E-02  0.105293E-02
[220734.707] 0    2780  0.140998E+02  0.315E-02  0.120E+01  0.275E-01  0.250E-02 -0.239468E-02  0.108850E-02
[220843.855] 0    2790  0.141312E+02  0.313E-02  0.120E+01  0.273E-01  0.250E-02 -0.230055E-02  0.139341E-02
[221311.796] 0    2800  0.141628E+02  0.319E-02  0.120E+01  0.279E-01  0.250E-02 -0.229870E-02  0.166712E-02
[221420.929] 0    2810  0.141946E+02  0.314E-02  0.120E+01  0.274E-01  0.250E-02 -0.184257E-02  0.181992E-02
[221530.043] 0    2820  0.142248E+02  0.285E-02  0.120E+01  0.249E-01  0.250E-02 -0.131587E-02  0.190973E-02
[221639.160] 0    2830  0.142531E+02  0.295E-02  0.120E+01  0.258E-01  0.250E-02 -0.104144E-02  0.172644E-02
[221748.287] 0    2840  0.142844E+02  0.317E-02  0.120E+01  0.277E-01  0.250E-02 -0.102606E-02  0.151139E-02
[221857.417] 0    2850  0.143158E+02  0.314E-02  0.120E+01  0.274E-01  0.250E-02 -0.833368E-03  0.132705E-02
[222006.553] 0    2860  0.143470E+02  0.310E-02  0.120E+01  0.270E-01  0.250E-02 -0.854596E-03  0.108622E-02
[222115.664] 0    2870  0.143774E+02  0.302E-02  0.120E+01  0.263E-01  0.250E-02 -0.835774E-03  0.827657E-03
[222224.787] 0    2880  0.144077E+02  0.307E-02  0.120E+01  0.268E-01  0.250E-02 -0.864966E-03  0.133550E-02
[222333.908] 0    2890  0.144384E+02  0.307E-02  0.120E+01  0.268E-01  0.250E-02 -0.968394E-03  0.217659E-02
[222754.836] 0    2900  0.144692E+02  0.302E-02  0.120E+01  0.264E-01  0.250E-02 -0.984343E-03  0.265703E-02
[222903.922] 0    2910  0.144991E+02  0.293E-02  0.120E+01  0.256E-01  0.250E-02 -0.106842E-02  0.258280E-02
[223013.017] 0    2920  0.145285E+02  0.286E-02  0.120E+01  0.250E-01  0.250E-02 -0.104484E-02  0.254727E-02
[223122.112] 0    2930  0.145572E+02  0.299E-02  0.120E+01  0.261E-01  0.250E-02 -0.957351E-03  0.236862E-02
[223231.207] 0    2940  0.145881E+02  0.314E-02  0.120E+01  0.274E-01  0.250E-02 -0.973435E-03  0.248742E-02
[223340.290] 0    2950  0.146199E+02  0.306E-02  0.120E+01  0.267E-01  0.250E-02 -0.942231E-03  0.211613E-02
[223449.375] 0    2960  0.146508E+02  0.303E-02  0.120E+01  0.264E-01  0.250E-02 -0.104220E-02  0.178408E-02
[223558.450] 0    2970  0.146829E+02  0.328E-02  0.120E+01  0.287E-01  0.250E-02 -0.114533E-02  0.182557E-02
[223707.538] 0    2980  0.147157E+02  0.328E-02  0.120E+01  0.287E-01  0.250E-02 -0.104233E-02  0.208625E-02
[223816.615] 0    2990  0.147486E+02  0.332E-02  0.120E+01  0.290E-01  0.250E-02 -0.965911E-03  0.226530E-02
[224245.410] 0    3000  0.147804E+02  0.304E-02  0.120E+01  0.265E-01  0.250E-02 -0.907745E-03  0.173837E-02
[224354.478] 0    3010  0.148104E+02  0.296E-02  0.120E+01  0.259E-01  0.250E-02 -0.114093E-02  0.118726E-02
[224503.538] 0    3020  0.148403E+02  0.302E-02  0.120E+01  0.264E-01  0.250E-02 -0.139895E-02  0.102880E-02
[224612.599] 0    3030  0.148712E+02  0.318E-02  0.120E+01  0.278E-01  0.250E-02 -0.120736E-02  0.881878E-03
[224721.648] 0    3040  0.149025E+02  0.306E-02  0.120E+01  0.267E-01  0.250E-02 -0.100781E-02  0.129936E-02
[224830.698] 0    3050  0.149333E+02  0.310E-02  0.120E+01  0.271E-01  0.250E-02 -0.118248E-02  0.145840E-02
[224939.745] 0    3060  0.149656E+02  0.344E-02  0.120E+01  0.300E-01  0.250E-02 -0.135360E-02  0.134974E-02
[225048.802] 0    3070  0.150003E+02  0.342E-02  0.120E+01  0.299E-01  0.250E-02 -0.173516E-02  0.130771E-02
[225157.851] 0    3080  0.150343E+02  0.340E-02  0.120E+01  0.297E-01  0.250E-02 -0.146885E-02  0.104363E-02
[225306.883] 0    3090  0.150682E+02  0.338E-02  0.120E+01  0.295E-01  0.250E-02 -0.139450E-02  0.113931E-02
[225729.602] 0    3100  0.151019E+02  0.338E-02  0.120E+01  0.295E-01  0.250E-02 -0.136891E-02  0.118510E-02
[225838.574] 0    3110  0.151357E+02  0.334E-02  0.120E+01  0.292E-01  0.250E-02 -0.117329E-02  0.128436E-02
[225947.546] 0    3120  0.151691E+02  0.339E-02  0.120E+01  0.296E-01  0.250E-02 -0.845233E-03  0.135373E-02
[230056.519] 0    3130  0.152030E+02  0.331E-02  0.120E+01  0.289E-01  0.250E-02 -0.100154E-02  0.134656E-02
[230205.499] 0    3140  0.152358E+02  0.321E-02  0.120E+01  0.280E-01  0.250E-02 -0.981229E-03  0.140438E-02
[230314.461] 0    3150  0.152681E+02  0.327E-02  0.120E+01  0.286E-01  0.250E-02 -0.978925E-03  0.121603E-02
[230423.413] 0    3160  0.153014E+02  0.329E-02  0.120E+01  0.288E-01  0.250E-02 -0.109767E-02  0.140975E-02
[230532.364] 0    3170  0.153341E+02  0.329E-02  0.120E+01  0.288E-01  0.250E-02 -0.129068E-02  0.164296E-02
[230641.306] 0    3180  0.153666E+02  0.318E-02  0.120E+01  0.277E-01  0.250E-02 -0.141279E-02  0.191500E-02
[230750.236] 0    3190  0.153974E+02  0.297E-02  0.120E+01  0.259E-01  0.250E-02 -0.141593E-02  0.193641E-02
[231206.829] 0    3200  0.154272E+02  0.303E-02  0.120E+01  0.265E-01  0.250E-02 -0.125155E-02  0.186581E-02
[231315.785] 0    3210  0.154584E+02  0.325E-02  0.120E+01  0.284E-01  0.250E-02 -0.111039E-02  0.154936E-02
[231424.748] 0    3220  0.154912E+02  0.330E-02  0.120E+01  0.289E-01  0.250E-02 -0.110827E-02  0.128661E-02
[231533.705] 0    3230  0.155242E+02  0.326E-02  0.120E+01  0.285E-01  0.250E-02 -0.122944E-02  0.108680E-02
[231642.660] 0    3240  0.155567E+02  0.322E-02  0.120E+01  0.281E-01  0.250E-02 -0.121863E-02  0.104013E-02
[231751.614] 0    3250  0.155881E+02  0.310E-02  0.120E+01  0.271E-01  0.250E-02 -0.153015E-02  0.101583E-02
[231900.573] 0    3260  0.156195E+02  0.318E-02  0.120E+01  0.278E-01  0.250E-02 -0.158469E-02  0.105767E-02
[232009.537] 0    3270  0.156511E+02  0.310E-02  0.120E+01  0.270E-01  0.250E-02 -0.138500E-02  0.107058E-02
[232118.490] 0    3280  0.156813E+02  0.297E-02  0.120E+01  0.260E-01  0.250E-02 -0.156382E-02  0.135010E-02
[232227.440] 0    3290  0.157106E+02  0.289E-02  0.120E+01  0.253E-01  0.250E-02 -0.147077E-02  0.147823E-02
[232652.525] 0    3300  0.157396E+02  0.292E-02  0.120E+01  0.255E-01  0.250E-02 -0.142431E-02  0.139289E-02
[232801.569] 0    3310  0.157689E+02  0.294E-02  0.120E+01  0.257E-01  0.250E-02 -0.125208E-02  0.122498E-02
[232910.612] 0    3320  0.157984E+02  0.295E-02  0.120E+01  0.258E-01  0.250E-02 -0.130002E-02  0.105618E-02
[233019.670] 0    3330  0.158290E+02  0.315E-02  0.120E+01  0.275E-01  0.250E-02 -0.121416E-02  0.102787E-02
[233128.720] 0    3340  0.158619E+02  0.341E-02  0.120E+01  0.298E-01  0.250E-02 -0.138851E-02  0.127861E-02
[233237.769] 0    3350  0.158954E+02  0.327E-02  0.120E+01  0.285E-01  0.250E-02 -0.159254E-02  0.111253E-02
[233346.806] 0    3360  0.159276E+02  0.324E-02  0.120E+01  0.283E-01  0.250E-02 -0.179550E-02  0.977799E-03
[233455.842] 0    3370  0.159608E+02  0.342E-02  0.120E+01  0.299E-01  0.250E-02 -0.156122E-02  0.115915E-02
[233604.883] 0    3380  0.159954E+02  0.345E-02  0.120E+01  0.301E-01  0.250E-02 -0.136509E-02  0.126533E-02
[233713.922] 0    3390  0.160292E+02  0.328E-02  0.120E+01  0.286E-01  0.250E-02 -0.150075E-02  0.133256E-02
[234137.401] 0    3400  0.160612E+02  0.313E-02  0.120E+01  0.273E-01  0.250E-02 -0.161017E-02  0.111560E-02
[234246.447] 0    3410  0.160924E+02  0.310E-02  0.120E+01  0.271E-01  0.250E-02 -0.150871E-02  0.107892E-02
[234355.495] 0    3420  0.161230E+02  0.305E-02  0.120E+01  0.266E-01  0.250E-02 -0.143692E-02  0.113731E-02
[234504.550] 0    3430  0.161540E+02  0.318E-02  0.120E+01  0.278E-01  0.250E-02 -0.136240E-02  0.108350E-02
[234613.606] 0    3440  0.161864E+02  0.332E-02  0.120E+01  0.290E-01  0.250E-02 -0.128862E-02  0.113120E-02
[234722.649] 0    3450  0.162196E+02  0.325E-02  0.120E+01  0.284E-01  0.250E-02 -0.122989E-02  0.115052E-02
[234831.679] 0    3460  0.162514E+02  0.315E-02  0.120E+01  0.275E-01  0.250E-02 -0.115029E-02  0.104854E-02
[234940.691] 0    3470  0.162830E+02  0.319E-02  0.120E+01  0.279E-01  0.250E-02 -0.106007E-02  0.977459E-03
[235049.701] 0    3480  0.163149E+02  0.316E-02  0.120E+01  0.276E-01  0.250E-02 -0.103912E-02  0.121848E-02
[235158.711] 0    3490  0.163463E+02  0.308E-02  0.120E+01  0.269E-01  0.250E-02 -0.129948E-02  0.107408E-02
[235620.774] 0    3500  0.163770E+02  0.307E-02  0.120E+01  0.268E-01  0.250E-02 -0.131797E-02  0.117418E-02
[235729.686] 0    3510  0.164074E+02  0.304E-02  0.120E+01  0.265E-01  0.250E-02 -0.144451E-02  0.113320E-02
[235838.602] 0    3520  0.164376E+02  0.301E-02  0.120E+01  0.263E-01  0.250E-02 -0.162835E-02  0.880271E-03
[235947.535] 0    3530  0.164677E+02  0.301E-02  0.120E+01  0.263E-01  0.250E-02 -0.166095E-02  0.805077E-03
[000056.467] 0    3540  0.164980E+02  0.306E-02  0.120E+01  0.267E-01  0.250E-02 -0.167662E-02  0.102495E-02
[000205.407] 0    3550  0.165291E+02  0.316E-02  0.120E+01  0.276E-01  0.250E-02 -0.163442E-02  0.100692E-02
[000314.339] 0    3560  0.165610E+02  0.322E-02  0.120E+01  0.281E-01  0.250E-02 -0.162755E-02  0.985091E-03
[000423.288] 0    3570  0.165931E+02  0.321E-02  0.120E+01  0.280E-01  0.250E-02 -0.169166E-02  0.108160E-02
[000532.225] 0    3580  0.166253E+02  0.327E-02  0.120E+01  0.286E-01  0.250E-02 -0.167892E-02  0.117549E-02
[000641.170] 0    3590  0.166579E+02  0.328E-02  0.120E+01  0.286E-01  0.250E-02 -0.149468E-02  0.108535E-02
[001102.655] 0    3600  0.166907E+02  0.331E-02  0.120E+01  0.289E-01  0.250E-02 -0.154312E-02  0.123310E-02
