[113946.514] ###############################################################################################
[113946.518] #  Itn.    time          dt         CFL#       D#         visc       DilMin        DilMax     #
[113946.521] ###############################################################################################
[113946.569] 0       0  0.000000E+00  0.380E-02  0.120E+01  0.921E-01  0.250E-02 -0.227669E-04  0.275811E-04
[114038.335] 0      10  0.374020E-01  0.366E-02  0.120E+01  0.888E-01  0.250E-02 -0.870850E-05  0.693474E-05
[114130.108] 0      20  0.735014E-01  0.359E-02  0.120E+01  0.870E-01  0.250E-02 -0.118263E-04  0.164162E-04
[114221.885] 0      30  0.109877E+00  0.373E-02  0.120E+01  0.904E-01  0.250E-02 -0.168380E-04  0.207369E-04
[114313.664] 0      40  0.148182E+00  0.396E-02  0.120E+01  0.961E-01  0.250E-02 -0.227577E-04  0.181067E-04
[114405.437] 0      50  0.188735E+00  0.418E-02  0.120E+01  0.101E+00  0.250E-02 -0.182097E-04  0.181625E-04
[114457.205] 0      60  0.231614E+00  0.442E-02  0.120E+01  0.107E+00  0.250E-02 -0.106695E-04  0.164572E-04
[114548.969] 0      70  0.277281E+00  0.475E-02  0.120E+01  0.115E+00  0.250E-02 -0.165162E-04  0.121949E-04
[114640.738] 0      80  0.325859E+00  0.496E-02  0.120E+01  0.120E+00  0.250E-02 -0.174611E-04  0.130566E-04
[114732.507] 0      90  0.376172E+00  0.514E-02  0.120E+01  0.125E+00  0.250E-02 -0.185440E-04  0.162623E-04
[115034.253] 0     100  0.427661E+00  0.520E-02  0.120E+01  0.126E+00  0.250E-02 -0.189403E-04  0.135046E-04
[115126.090] 0     110  0.480713E+00  0.541E-02  0.120E+01  0.131E+00  0.250E-02 -0.232833E-04  0.181206E-04
[115217.935] 0     120  0.535050E+00  0.547E-02  0.120E+01  0.133E+00  0.250E-02 -0.160186E-04  0.220609E-04
[115309.780] 0     130  0.590336E+00  0.562E-02  0.120E+01  0.136E+00  0.250E-02 -0.154921E-04  0.178619E-04
[115401.618] 0     140  0.647586E+00  0.586E-02  0.120E+01  0.142E+00  0.250E-02 -0.107689E-04  0.122461E-04
[115453.475] 0     150  0.707333E+00  0.612E-02  0.120E+01  0.148E+00  0.250E-02 -0.177368E-04  0.173688E-04
[115545.316] 0     160  0.769912E+00  0.645E-02  0.120E+01  0.156E+00  0.250E-02 -0.252380E-04  0.213097E-04
[115637.151] 0     170  0.836126E+00  0.684E-02  0.120E+01  0.166E+00  0.250E-02 -0.204739E-04  0.168742E-04
[115728.997] 0     180  0.906491E+00  0.729E-02  0.120E+01  0.177E+00  0.250E-02 -0.197742E-04  0.185642E-04
[115820.829] 0     190  0.980406E+00  0.740E-02  0.120E+01  0.179E+00  0.250E-02 -0.221663E-04  0.185415E-04
[120127.649] 0     200  0.105487E+01  0.753E-02  0.120E+01  0.183E+00  0.250E-02 -0.195212E-04  0.185391E-04
[125057.851] ###############################################################################################
[125057.858] #  Itn.    time          dt         CFL#       D#         visc       DilMin        DilMax     #
[125057.860] ###############################################################################################
[125057.906] 0     200  0.105487E+01  0.753E-02  0.120E+01  0.183E+00  0.250E-02 -0.195212E-04  0.185391E-04
[125207.020] 0     210  0.113167E+01  0.783E-02  0.120E+01  0.190E+00  0.250E-02 -0.104247E-04  0.153603E-04
[125316.114] 0     220  0.121131E+01  0.810E-02  0.120E+01  0.196E+00  0.250E-02 -0.139012E-04  0.182873E-04
[125425.198] 0     230  0.129339E+01  0.838E-02  0.120E+01  0.203E+00  0.250E-02 -0.162566E-04  0.162003E-04
[125534.295] 0     240  0.137572E+01  0.816E-02  0.120E+01  0.198E+00  0.250E-02 -0.148408E-04  0.157913E-04
[125643.372] 0     250  0.145838E+01  0.829E-02  0.120E+01  0.201E+00  0.250E-02 -0.154549E-04  0.155968E-04
[125752.423] 0     260  0.154137E+01  0.837E-02  0.120E+01  0.203E+00  0.250E-02 -0.178261E-04  0.176143E-04
[125901.483] 0     270  0.162673E+01  0.880E-02  0.120E+01  0.213E+00  0.250E-02 -0.157971E-04  0.159934E-04
[130010.531] 0     280  0.171683E+01  0.913E-02  0.120E+01  0.221E+00  0.250E-02 -0.111221E-04  0.143914E-04
[130119.562] 0     290  0.180855E+01  0.925E-02  0.120E+01  0.224E+00  0.250E-02 -0.155108E-04  0.148542E-04
[130541.490] 0     300  0.190089E+01  0.917E-02  0.120E+01  0.222E+00  0.250E-02 -0.120132E-04  0.143905E-04
[130650.453] 0     310  0.199166E+01  0.894E-02  0.120E+01  0.217E+00  0.250E-02 -0.108703E-04  0.127760E-04
[130759.412] 0     320  0.208019E+01  0.875E-02  0.120E+01  0.212E+00  0.250E-02 -0.163585E-04  0.158369E-04
[130908.372] 0     330  0.216695E+01  0.858E-02  0.120E+01  0.208E+00  0.250E-02 -0.130016E-04  0.181269E-04
[131017.321] 0     340  0.225206E+01  0.843E-02  0.120E+01  0.205E+00  0.250E-02 -0.172246E-04  0.183953E-04
[131126.270] 0     350  0.233573E+01  0.830E-02  0.120E+01  0.201E+00  0.250E-02 -0.148139E-04  0.187134E-04
[131235.213] 0     360  0.241814E+01  0.816E-02  0.120E+01  0.198E+00  0.250E-02 -0.118397E-04  0.142447E-04
[131344.162] 0     370  0.249910E+01  0.802E-02  0.120E+01  0.194E+00  0.250E-02 -0.151360E-04  0.184538E-04
[131453.118] 0     380  0.257848E+01  0.783E-02  0.120E+01  0.190E+00  0.250E-02 -0.161751E-04  0.147627E-04
[131602.079] 0     390  0.265604E+01  0.766E-02  0.120E+01  0.186E+00  0.250E-02 -0.133723E-04  0.982914E-05
[132022.028] 0     400  0.273170E+01  0.746E-02  0.120E+01  0.181E+00  0.250E-02 -0.201408E-04  0.152585E-04
[132130.977] 0     410  0.280552E+01  0.729E-02  0.120E+01  0.177E+00  0.250E-02 -0.186483E-04  0.173533E-04
[132239.925] 0     420  0.287779E+01  0.716E-02  0.120E+01  0.174E+00  0.250E-02 -0.129567E-04  0.196640E-04
[132348.852] 0     430  0.294887E+01  0.706E-02  0.120E+01  0.171E+00  0.250E-02 -0.184475E-04  0.181658E-04
[132457.792] 0     440  0.301915E+01  0.701E-02  0.120E+01  0.170E+00  0.250E-02 -0.183024E-04  0.134360E-04
[132606.715] 0     450  0.308907E+01  0.698E-02  0.120E+01  0.169E+00  0.250E-02 -0.194678E-04  0.120517E-04
[132715.633] 0     460  0.315894E+01  0.697E-02  0.120E+01  0.169E+00  0.250E-02 -0.149443E-04  0.118891E-04
[132824.553] 0     470  0.322715E+01  0.665E-02  0.120E+01  0.161E+00  0.250E-02 -0.161253E-04  0.139247E-04
[132933.475] 0     480  0.329264E+01  0.644E-02  0.120E+01  0.156E+00  0.250E-02 -0.179746E-04  0.141995E-04
[133042.377] 0     490  0.335639E+01  0.631E-02  0.120E+01  0.153E+00  0.250E-02 -0.178981E-04  0.191649E-04
[133510.048] 0     500  0.341921E+01  0.625E-02  0.120E+01  0.152E+00  0.250E-02 -0.998174E-05  0.129459E-04
[133618.948] 0     510  0.348170E+01  0.624E-02  0.120E+01  0.151E+00  0.250E-02 -0.107962E-04  0.103462E-04
[133727.836] 0     520  0.354339E+01  0.608E-02  0.120E+01  0.147E+00  0.250E-02 -0.138372E-04  0.132142E-04
[133836.723] 0     530  0.360357E+01  0.595E-02  0.120E+01  0.144E+00  0.250E-02 -0.184247E-04  0.135397E-04
[133945.608] 0     540  0.366269E+01  0.586E-02  0.120E+01  0.142E+00  0.250E-02 -0.147529E-04  0.157749E-04
[134054.493] 0     550  0.372098E+01  0.580E-02  0.120E+01  0.141E+00  0.250E-02 -0.137887E-04  0.220239E-04
[134203.382] 0     560  0.377888E+01  0.578E-02  0.120E+01  0.140E+00  0.250E-02 -0.150690E-04  0.244440E-04
[134312.266] 0     570  0.383673E+01  0.581E-02  0.120E+01  0.141E+00  0.250E-02 -0.186321E-04  0.200411E-04
[134421.134] 0     580  0.389499E+01  0.581E-02  0.120E+01  0.141E+00  0.250E-02 -0.211981E-04  0.148099E-04
[134530.016] 0     590  0.395262E+01  0.572E-02  0.120E+01  0.139E+00  0.250E-02 -0.184658E-04  0.132768E-04
[134959.233] 0     600  0.400978E+01  0.574E-02  0.120E+01  0.139E+00  0.250E-02 -0.142723E-04  0.953298E-05
[135108.098] 0     610  0.406704E+01  0.569E-02  0.120E+01  0.138E+00  0.250E-02 -0.134395E-04  0.137136E-04
[135216.955] 0     620  0.412361E+01  0.562E-02  0.120E+01  0.136E+00  0.250E-02 -0.180401E-04  0.178242E-04
[135325.800] 0     630  0.417931E+01  0.545E-02  0.120E+01  0.132E+00  0.250E-02 -0.180458E-04  0.220885E-04
[135434.633] 0     640  0.423287E+01  0.526E-02  0.120E+01  0.128E+00  0.250E-02 -0.174291E-04  0.191181E-04
[135543.483] 0     650  0.428505E+01  0.518E-02  0.120E+01  0.126E+00  0.250E-02 -0.170737E-04  0.170534E-04
[135652.324] 0     660  0.433675E+01  0.517E-02  0.120E+01  0.125E+00  0.250E-02 -0.168560E-04  0.182971E-04
[135801.150] 0     670  0.438828E+01  0.514E-02  0.120E+01  0.125E+00  0.250E-02 -0.187346E-04  0.224761E-04
[135909.968] 0     680  0.443960E+01  0.512E-02  0.120E+01  0.124E+00  0.250E-02 -0.199206E-04  0.185330E-04
[140018.799] 0     690  0.449082E+01  0.512E-02  0.120E+01  0.124E+00  0.250E-02 -0.173245E-04  0.130338E-04
[140437.129] 0     700  0.454158E+01  0.500E-02  0.120E+01  0.121E+00  0.250E-02 -0.188203E-04  0.145989E-04
[140545.997] 0     710  0.459114E+01  0.494E-02  0.120E+01  0.120E+00  0.250E-02 -0.213962E-04  0.161603E-04
[140654.855] 0     720  0.464059E+01  0.499E-02  0.120E+01  0.121E+00  0.250E-02 -0.182155E-04  0.163785E-04
[140803.715] 0     730  0.469079E+01  0.503E-02  0.120E+01  0.122E+00  0.250E-02 -0.138963E-04  0.160855E-04
[140912.579] 0     740  0.474092E+01  0.500E-02  0.120E+01  0.121E+00  0.250E-02 -0.128815E-04  0.147662E-04
[141021.426] 0     750  0.479082E+01  0.498E-02  0.120E+01  0.121E+00  0.250E-02 -0.131088E-04  0.162393E-04
[141130.275] 0     760  0.484013E+01  0.488E-02  0.120E+01  0.118E+00  0.250E-02 -0.153178E-04  0.159102E-04
[141239.108] 0     770  0.488779E+01  0.464E-02  0.120E+01  0.113E+00  0.250E-02 -0.215465E-04  0.144863E-04
[141347.953] 0     780  0.493372E+01  0.458E-02  0.120E+01  0.111E+00  0.250E-02 -0.239367E-04  0.150361E-04
[141456.791] 0     790  0.497955E+01  0.453E-02  0.120E+01  0.110E+00  0.250E-02 -0.212756E-04  0.170960E-04
[141924.047] 0     800  0.502427E+01  0.442E-02  0.120E+01  0.107E+00  0.250E-02 -0.165775E-04  0.209003E-04
[142032.837] 0     810  0.506849E+01  0.444E-02  0.120E+01  0.108E+00  0.250E-02 -0.207989E-04  0.225556E-04
[142141.634] 0     820  0.511267E+01  0.433E-02  0.120E+01  0.105E+00  0.250E-02 -0.218380E-04  0.221747E-04
[142250.419] 0     830  0.515521E+01  0.417E-02  0.120E+01  0.101E+00  0.250E-02 -0.205077E-04  0.211351E-04
[142359.203] 0     840  0.519627E+01  0.404E-02  0.120E+01  0.981E-01  0.250E-02 -0.192721E-04  0.200348E-04
[142507.973] 0     850  0.523636E+01  0.397E-02  0.120E+01  0.963E-01  0.250E-02 -0.194117E-04  0.185016E-04
[142616.738] 0     860  0.527591E+01  0.394E-02  0.120E+01  0.957E-01  0.250E-02 -0.210649E-04  0.209368E-04
[142725.511] 0     870  0.531541E+01  0.397E-02  0.120E+01  0.963E-01  0.250E-02 -0.229110E-04  0.235859E-04
[142834.284] 0     880  0.535538E+01  0.404E-02  0.120E+01  0.981E-01  0.250E-02 -0.204929E-04  0.214327E-04
[142943.046] 0     890  0.539634E+01  0.417E-02  0.120E+01  0.101E+00  0.250E-02 -0.162669E-04  0.229414E-04
[143403.500] 0     900  0.543842E+01  0.418E-02  0.120E+01  0.101E+00  0.250E-02 -0.165639E-04  0.248934E-04
[143512.233] 0     910  0.548005E+01  0.419E-02  0.120E+01  0.102E+00  0.250E-02 -0.200083E-04  0.228665E-04
[143620.957] 0     920  0.552210E+01  0.426E-02  0.120E+01  0.103E+00  0.250E-02 -0.243397E-04  0.195141E-04
[143729.680] 0     930  0.556414E+01  0.413E-02  0.120E+01  0.100E+00  0.250E-02 -0.236887E-04  0.156740E-04
[143838.398] 0     940  0.560498E+01  0.402E-02  0.120E+01  0.975E-01  0.250E-02 -0.174244E-04  0.136599E-04
[143947.117] 0     950  0.564454E+01  0.389E-02  0.120E+01  0.943E-01  0.250E-02 -0.110014E-04  0.148752E-04
[144055.826] 0     960  0.568297E+01  0.380E-02  0.120E+01  0.921E-01  0.250E-02 -0.115868E-04  0.194867E-04
[144204.513] 0     970  0.572065E+01  0.374E-02  0.120E+01  0.908E-01  0.250E-02 -0.130778E-04  0.245170E-04
[144313.206] 0     980  0.575791E+01  0.371E-02  0.120E+01  0.901E-01  0.250E-02 -0.172751E-04  0.277954E-04
[144421.904] 0     990  0.579504E+01  0.372E-02  0.120E+01  0.902E-01  0.250E-02 -0.166979E-04  0.298048E-04
[144845.257] 0    1000  0.583240E+01  0.375E-02  0.120E+01  0.911E-01  0.250E-02 -0.168853E-04  0.310773E-04
[144953.936] 0    1010  0.586973E+01  0.370E-02  0.120E+01  0.899E-01  0.250E-02 -0.198679E-04  0.299309E-04
[145102.602] 0    1020  0.590625E+01  0.360E-02  0.120E+01  0.874E-01  0.250E-02 -0.209946E-04  0.261965E-04
[145211.256] 0    1030  0.594185E+01  0.352E-02  0.120E+01  0.853E-01  0.250E-02 -0.212486E-04  0.213439E-04
[145319.902] 0    1040  0.597677E+01  0.346E-02  0.120E+01  0.840E-01  0.250E-02 -0.224522E-04  0.162285E-04
[145428.543] 0    1050  0.601129E+01  0.344E-02  0.120E+01  0.835E-01  0.250E-02 -0.238141E-04  0.154302E-04
[145537.183] 0    1060  0.604572E+01  0.345E-02  0.120E+01  0.836E-01  0.250E-02 -0.233792E-04  0.163163E-04
[145645.819] 0    1070  0.608035E+01  0.348E-02  0.120E+01  0.844E-01  0.250E-02 -0.221559E-04  0.147381E-04
[145754.445] 0    1080  0.611532E+01  0.352E-02  0.120E+01  0.854E-01  0.250E-02 -0.215352E-04  0.146669E-04
[145903.063] 0    1090  0.615062E+01  0.353E-02  0.120E+01  0.856E-01  0.250E-02 -0.221256E-04  0.196309E-04
[150327.861] 0    1100  0.618543E+01  0.341E-02  0.120E+01  0.827E-01  0.250E-02 -0.201245E-04  0.177484E-04
[150436.420] 0    1110  0.621903E+01  0.331E-02  0.120E+01  0.804E-01  0.250E-02 -0.183910E-04  0.174576E-04
[150544.996] 0    1120  0.625198E+01  0.327E-02  0.120E+01  0.794E-01  0.250E-02 -0.187167E-04  0.199110E-04
[150653.576] 0    1130  0.628460E+01  0.325E-02  0.120E+01  0.788E-01  0.250E-02 -0.204807E-04  0.198804E-04
[150802.136] 0    1140  0.631690E+01  0.320E-02  0.120E+01  0.777E-01  0.250E-02 -0.218010E-04  0.193452E-04
[150910.700] 0    1150  0.634875E+01  0.317E-02  0.120E+01  0.768E-01  0.250E-02 -0.240985E-04  0.187716E-04
[151019.258] 0    1160  0.638040E+01  0.317E-02  0.120E+01  0.768E-01  0.250E-02 -0.228658E-04  0.187032E-04
[151127.810] 0    1170  0.641225E+01  0.321E-02  0.120E+01  0.779E-01  0.250E-02 -0.209710E-04  0.222942E-04
[151236.365] 0    1180  0.644466E+01  0.327E-02  0.120E+01  0.794E-01  0.250E-02 -0.195696E-04  0.208233E-04
[151344.908] 0    1190  0.647735E+01  0.326E-02  0.120E+01  0.790E-01  0.250E-02 -0.177508E-04  0.217492E-04
[151808.615] 0    1200  0.650951E+01  0.315E-02  0.120E+01  0.765E-01  0.250E-02 -0.175409E-04  0.236231E-04
[151917.166] 0    1210  0.654044E+01  0.302E-02  0.120E+01  0.733E-01  0.250E-02 -0.188782E-04  0.209281E-04
[152025.715] 0    1220  0.657028E+01  0.293E-02  0.120E+01  0.710E-01  0.250E-02 -0.216130E-04  0.207217E-04
[152134.255] 0    1230  0.659920E+01  0.285E-02  0.120E+01  0.691E-01  0.250E-02 -0.235254E-04  0.245418E-04
[152242.802] 0    1240  0.662738E+01  0.278E-02  0.120E+01  0.674E-01  0.250E-02 -0.246090E-04  0.274880E-04
[152351.347] 0    1250  0.665503E+01  0.274E-02  0.120E+01  0.665E-01  0.250E-02 -0.252744E-04  0.263564E-04
[152459.874] 0    1260  0.668238E+01  0.273E-02  0.120E+01  0.662E-01  0.250E-02 -0.267018E-04  0.219163E-04
[152608.418] 0    1270  0.670976E+01  0.275E-02  0.120E+01  0.668E-01  0.250E-02 -0.268171E-04  0.153986E-04
[152716.949] 0    1280  0.673752E+01  0.281E-02  0.120E+01  0.681E-01  0.250E-02 -0.229933E-04  0.119553E-04
[152825.476] 0    1290  0.676598E+01  0.290E-02  0.120E+01  0.703E-01  0.250E-02 -0.181050E-04  0.100724E-04
[153243.832] 0    1300  0.679547E+01  0.301E-02  0.120E+01  0.730E-01  0.250E-02 -0.139764E-04  0.996590E-05
[153352.375] 0    1310  0.682606E+01  0.311E-02  0.120E+01  0.755E-01  0.250E-02 -0.124593E-04  0.976696E-05
[153500.915] 0    1320  0.685752E+01  0.319E-02  0.120E+01  0.773E-01  0.250E-02 -0.109153E-04  0.898125E-05
[153609.447] 0    1330  0.688939E+01  0.317E-02  0.120E+01  0.768E-01  0.250E-02 -0.112726E-04  0.107006E-04
[153717.963] 0    1340  0.692110E+01  0.317E-02  0.120E+01  0.770E-01  0.250E-02 -0.122813E-04  0.111135E-04
[153826.472] 0    1350  0.695302E+01  0.321E-02  0.120E+01  0.779E-01  0.250E-02 -0.113837E-04  0.174642E-04
[153934.964] 0    1360  0.698516E+01  0.322E-02  0.120E+01  0.780E-01  0.250E-02 -0.101524E-04  0.219533E-04
[154043.442] 0    1370  0.701707E+01  0.315E-02  0.120E+01  0.764E-01  0.250E-02 -0.134918E-04  0.237480E-04
[154151.913] 0    1380  0.704821E+01  0.307E-02  0.120E+01  0.744E-01  0.250E-02 -0.140313E-04  0.235643E-04
[154300.388] 0    1390  0.707849E+01  0.302E-02  0.120E+01  0.732E-01  0.250E-02 -0.161566E-04  0.225267E-04
[154717.558] 0    1400  0.710850E+01  0.298E-02  0.120E+01  0.722E-01  0.250E-02 -0.175128E-04  0.193461E-04
[154826.061] 0    1410  0.713820E+01  0.296E-02  0.120E+01  0.718E-01  0.250E-02 -0.161999E-04  0.194093E-04
[154934.560] 0    1420  0.716781E+01  0.297E-02  0.120E+01  0.719E-01  0.250E-02 -0.166633E-04  0.191746E-04
[155043.055] 0    1430  0.719753E+01  0.299E-02  0.120E+01  0.725E-01  0.250E-02 -0.153908E-04  0.198111E-04
[155151.552] 0    1440  0.722749E+01  0.300E-02  0.120E+01  0.727E-01  0.250E-02 -0.119141E-04  0.200706E-04
[155300.044] 0    1450  0.725765E+01  0.303E-02  0.120E+01  0.736E-01  0.250E-02 -0.114241E-04  0.237642E-04
[155408.540] 0    1460  0.728778E+01  0.296E-02  0.120E+01  0.717E-01  0.250E-02 -0.127024E-04  0.285478E-04
[155517.016] 0    1470  0.731663E+01  0.285E-02  0.120E+01  0.692E-01  0.250E-02 -0.125059E-04  0.319650E-04
[155625.488] 0    1480  0.734470E+01  0.279E-02  0.120E+01  0.678E-01  0.250E-02 -0.135310E-04  0.320984E-04
[155733.970] 0    1490  0.737250E+01  0.276E-02  0.120E+01  0.670E-01  0.250E-02 -0.139742E-04  0.290505E-04
[160157.785] 0    1500  0.739995E+01  0.274E-02  0.120E+01  0.664E-01  0.250E-02 -0.130474E-04  0.232770E-04
[160306.247] 0    1510  0.742732E+01  0.274E-02  0.120E+01  0.666E-01  0.250E-02 -0.125602E-04  0.174512E-04
[160414.696] 0    1520  0.745504E+01  0.279E-02  0.120E+01  0.678E-01  0.250E-02 -0.130164E-04  0.134729E-04
[160523.158] 0    1530  0.748275E+01  0.276E-02  0.120E+01  0.669E-01  0.250E-02 -0.137641E-04  0.158903E-04
[160631.614] 0    1540  0.751079E+01  0.287E-02  0.120E+01  0.695E-01  0.250E-02 -0.140512E-04  0.198818E-04
[160740.084] 0    1550  0.754021E+01  0.300E-02  0.120E+01  0.728E-01  0.250E-02 -0.140543E-04  0.197292E-04
[160848.546] 0    1560  0.757013E+01  0.299E-02  0.120E+01  0.725E-01  0.250E-02 -0.144230E-04  0.166150E-04
[160956.991] 0    1570  0.760002E+01  0.299E-02  0.120E+01  0.726E-01  0.250E-02 -0.137873E-04  0.139795E-04
[161105.431] 0    1580  0.763005E+01  0.301E-02  0.120E+01  0.731E-01  0.250E-02 -0.135026E-04  0.956078E-05
[161213.878] 0    1590  0.766028E+01  0.304E-02  0.120E+01  0.737E-01  0.250E-02 -0.970620E-05  0.108172E-04
[161634.277] 0    1600  0.769066E+01  0.301E-02  0.120E+01  0.730E-01  0.250E-02 -0.717308E-05  0.106115E-04
[161742.752] 0    1610  0.772031E+01  0.292E-02  0.120E+01  0.708E-01  0.250E-02 -0.833405E-05  0.127571E-04
[161851.215] 0    1620  0.774930E+01  0.288E-02  0.120E+01  0.699E-01  0.250E-02 -0.102089E-04  0.129321E-04
[161959.665] 0    1630  0.777814E+01  0.289E-02  0.120E+01  0.701E-01  0.250E-02 -0.122551E-04  0.115390E-04
[162108.111] 0    1640  0.780730E+01  0.294E-02  0.120E+01  0.713E-01  0.250E-02 -0.134407E-04  0.111336E-04
[162216.564] 0    1650  0.783707E+01  0.302E-02  0.120E+01  0.733E-01  0.250E-02 -0.128590E-04  0.101377E-04
[162324.997] 0    1660  0.786698E+01  0.294E-02  0.120E+01  0.712E-01  0.250E-02 -0.110556E-04  0.876369E-05
[162433.428] 0    1670  0.789601E+01  0.285E-02  0.120E+01  0.691E-01  0.250E-02 -0.137529E-04  0.873488E-05
[162541.847] 0    1680  0.792396E+01  0.273E-02  0.120E+01  0.663E-01  0.250E-02 -0.166929E-04  0.115957E-04
[162650.268] 0    1690  0.795087E+01  0.264E-02  0.120E+01  0.642E-01  0.250E-02 -0.180935E-04  0.101825E-04
[163108.846] 0    1700  0.797699E+01  0.258E-02  0.120E+01  0.625E-01  0.250E-02 -0.194741E-04  0.123181E-04
[163217.179] 0    1710  0.800255E+01  0.253E-02  0.120E+01  0.613E-01  0.250E-02 -0.213073E-04  0.150088E-04
[163325.509] 0    1720  0.802769E+01  0.250E-02  0.120E+01  0.605E-01  0.250E-02 -0.229665E-04  0.181976E-04
[163433.824] 0    1730  0.805254E+01  0.247E-02  0.120E+01  0.600E-01  0.250E-02 -0.224765E-04  0.187790E-04
[163542.137] 0    1740  0.807720E+01  0.246E-02  0.120E+01  0.597E-01  0.250E-02 -0.207998E-04  0.201893E-04
[163650.450] 0    1750  0.810183E+01  0.247E-02  0.120E+01  0.599E-01  0.250E-02 -0.210134E-04  0.243687E-04
[163758.757] 0    1760  0.812664E+01  0.250E-02  0.120E+01  0.606E-01  0.250E-02 -0.194648E-04  0.293442E-04
[163907.056] 0    1770  0.815191E+01  0.256E-02  0.120E+01  0.622E-01  0.250E-02 -0.195080E-04  0.308456E-04
[164015.350] 0    1780  0.817795E+01  0.262E-02  0.120E+01  0.636E-01  0.250E-02 -0.189644E-04  0.273567E-04
[164123.653] 0    1790  0.820408E+01  0.260E-02  0.120E+01  0.631E-01  0.250E-02 -0.145899E-04  0.243971E-04
[164538.994] 0    1800  0.823001E+01  0.258E-02  0.120E+01  0.626E-01  0.250E-02 -0.142946E-04  0.242645E-04
[164647.286] 0    1810  0.825573E+01  0.256E-02  0.120E+01  0.622E-01  0.250E-02 -0.154640E-04  0.252192E-04
[164755.571] 0    1820  0.828132E+01  0.255E-02  0.120E+01  0.620E-01  0.250E-02 -0.159000E-04  0.258342E-04
[164903.845] 0    1830  0.830691E+01  0.257E-02  0.120E+01  0.623E-01  0.250E-02 -0.157329E-04  0.243592E-04
[165012.124] 0    1840  0.833263E+01  0.258E-02  0.120E+01  0.626E-01  0.250E-02 -0.135431E-04  0.191492E-04
[165120.399] 0    1850  0.835826E+01  0.254E-02  0.120E+01  0.617E-01  0.250E-02 -0.938579E-05  0.131714E-04
[165228.683] 0    1860  0.838356E+01  0.252E-02  0.120E+01  0.611E-01  0.250E-02 -0.754243E-05  0.842533E-05
[165336.947] 0    1870  0.840869E+01  0.251E-02  0.120E+01  0.609E-01  0.250E-02 -0.671139E-05  0.692394E-05
[165445.214] 0    1880  0.843385E+01  0.252E-02  0.120E+01  0.612E-01  0.250E-02 -0.838744E-05  0.108441E-04
[165553.487] 0    1890  0.845922E+01  0.256E-02  0.120E+01  0.620E-01  0.250E-02 -0.977747E-05  0.150800E-04
[170015.278] 0    1900  0.848489E+01  0.258E-02  0.120E+01  0.625E-01  0.250E-02 -0.141447E-04  0.151321E-04
[170123.575] 0    1910  0.851080E+01  0.262E-02  0.120E+01  0.636E-01  0.250E-02 -0.196355E-04  0.139035E-04
[170231.880] 0    1920  0.853729E+01  0.269E-02  0.120E+01  0.652E-01  0.250E-02 -0.246558E-04  0.122696E-04
[170340.177] 0    1930  0.856440E+01  0.273E-02  0.120E+01  0.662E-01  0.250E-02 -0.273905E-04  0.111771E-04
[170448.450] 0    1940  0.859161E+01  0.271E-02  0.120E+01  0.657E-01  0.250E-02 -0.268633E-04  0.136538E-04
[170556.726] 0    1950  0.861866E+01  0.270E-02  0.120E+01  0.655E-01  0.250E-02 -0.246798E-04  0.190099E-04
[170704.992] 0    1960  0.864560E+01  0.268E-02  0.120E+01  0.650E-01  0.250E-02 -0.207339E-04  0.231152E-04
[170813.252] 0    1970  0.867231E+01  0.266E-02  0.120E+01  0.645E-01  0.250E-02 -0.158212E-04  0.216256E-04
[170921.492] 0    1980  0.869899E+01  0.268E-02  0.120E+01  0.650E-01  0.250E-02 -0.135741E-04  0.167275E-04
[171029.751] 0    1990  0.872591E+01  0.268E-02  0.120E+01  0.649E-01  0.250E-02 -0.163670E-04  0.159553E-04
[171453.384] 0    2000  0.875250E+01  0.264E-02  0.120E+01  0.641E-01  0.250E-02 -0.212267E-04  0.185603E-04
[171601.609] 0    2010  0.877900E+01  0.266E-02  0.120E+01  0.645E-01  0.250E-02 -0.251903E-04  0.197470E-04
[171709.823] 0    2020  0.880583E+01  0.270E-02  0.120E+01  0.655E-01  0.250E-02 -0.271300E-04  0.194511E-04
[171818.042] 0    2030  0.883271E+01  0.268E-02  0.120E+01  0.649E-01  0.250E-02 -0.247525E-04  0.174745E-04
[171926.260] 0    2040  0.885946E+01  0.268E-02  0.120E+01  0.651E-01  0.250E-02 -0.188656E-04  0.150546E-04
[172034.470] 0    2050  0.888639E+01  0.270E-02  0.120E+01  0.656E-01  0.250E-02 -0.133099E-04  0.160194E-04
[172142.687] 0    2060  0.891346E+01  0.271E-02  0.120E+01  0.657E-01  0.250E-02 -0.892593E-05  0.161717E-04
[172250.890] 0    2070  0.894059E+01  0.271E-02  0.120E+01  0.658E-01  0.250E-02 -0.102484E-04  0.160271E-04
[172359.082] 0    2080  0.896752E+01  0.268E-02  0.120E+01  0.651E-01  0.250E-02 -0.112716E-04  0.156101E-04
[172507.268] 0    2090  0.899432E+01  0.268E-02  0.120E+01  0.650E-01  0.250E-02 -0.134315E-04  0.148430E-04
[172925.482] 0    2100  0.902112E+01  0.268E-02  0.120E+01  0.649E-01  0.250E-02 -0.137980E-04  0.137222E-04
[173033.646] 0    2110  0.904794E+01  0.270E-02  0.120E+01  0.654E-01  0.250E-02 -0.136146E-04  0.131343E-04
[173141.796] 0    2120  0.907498E+01  0.269E-02  0.120E+01  0.652E-01  0.250E-02 -0.101369E-04  0.129183E-04
[173249.946] 0    2130  0.910146E+01  0.261E-02  0.120E+01  0.632E-01  0.250E-02 -0.134261E-04  0.122061E-04
[173358.101] 0    2140  0.912729E+01  0.257E-02  0.120E+01  0.623E-01  0.250E-02 -0.162889E-04  0.142363E-04
[173506.244] 0    2150  0.915280E+01  0.256E-02  0.120E+01  0.620E-01  0.250E-02 -0.161324E-04  0.162095E-04
[173614.389] 0    2160  0.917853E+01  0.259E-02  0.120E+01  0.629E-01  0.250E-02 -0.118922E-04  0.156776E-04
[173722.523] 0    2170  0.920488E+01  0.266E-02  0.120E+01  0.645E-01  0.250E-02 -0.981683E-05  0.175032E-04
[173830.662] 0    2180  0.923142E+01  0.265E-02  0.120E+01  0.643E-01  0.250E-02 -0.115947E-04  0.190937E-04
[173938.815] 0    2190  0.925790E+01  0.265E-02  0.120E+01  0.642E-01  0.250E-02 -0.157869E-04  0.191830E-04
[174358.747] 0    2200  0.928428E+01  0.262E-02  0.120E+01  0.637E-01  0.250E-02 -0.174092E-04  0.187800E-04
[174506.969] 0    2210  0.931034E+01  0.259E-02  0.120E+01  0.629E-01  0.250E-02 -0.132301E-04  0.173841E-04
[174615.239] 0    2220  0.933615E+01  0.257E-02  0.120E+01  0.624E-01  0.250E-02 -0.924110E-05  0.159520E-04
[174723.584] 0    2230  0.936174E+01  0.254E-02  0.120E+01  0.616E-01  0.250E-02 -0.121902E-04  0.125103E-04
[174831.990] 0    2240  0.938702E+01  0.251E-02  0.120E+01  0.609E-01  0.250E-02 -0.134333E-04  0.110018E-04
[174940.464] 0    2250  0.941197E+01  0.248E-02  0.120E+01  0.601E-01  0.250E-02 -0.124788E-04  0.135148E-04
[175049.039] 0    2260  0.943669E+01  0.247E-02  0.120E+01  0.598E-01  0.250E-02 -0.118486E-04  0.157549E-04
[175157.715] 0    2270  0.946131E+01  0.244E-02  0.120E+01  0.592E-01  0.250E-02 -0.119556E-04  0.149877E-04
[175306.458] 0    2280  0.948546E+01  0.238E-02  0.120E+01  0.578E-01  0.250E-02 -0.126174E-04  0.133857E-04
[175415.279] 0    2290  0.950911E+01  0.234E-02  0.120E+01  0.568E-01  0.250E-02 -0.119727E-04  0.129870E-04
[175826.050] 0    2300  0.953235E+01  0.231E-02  0.120E+01  0.559E-01  0.250E-02 -0.110974E-04  0.101535E-04
[175935.051] 0    2310  0.955527E+01  0.228E-02  0.120E+01  0.552E-01  0.250E-02 -0.116406E-04  0.975693E-05
[180044.130] 0    2320  0.957791E+01  0.225E-02  0.120E+01  0.545E-01  0.250E-02 -0.106899E-04  0.121555E-04
[180153.270] 0    2330  0.960025E+01  0.222E-02  0.120E+01  0.537E-01  0.250E-02 -0.100923E-04  0.130594E-04
[180302.499] 0    2340  0.962227E+01  0.219E-02  0.120E+01  0.531E-01  0.250E-02 -0.908469E-05  0.139120E-04
[180411.804] 0    2350  0.964404E+01  0.217E-02  0.120E+01  0.526E-01  0.250E-02 -0.819777E-05  0.152423E-04
[180521.198] 0    2360  0.966566E+01  0.216E-02  0.120E+01  0.523E-01  0.250E-02 -0.820971E-05  0.114273E-04
[180630.663] 0    2370  0.968722E+01  0.216E-02  0.120E+01  0.523E-01  0.250E-02 -0.707316E-05  0.977888E-05
[180740.270] 0    2380  0.970880E+01  0.216E-02  0.120E+01  0.525E-01  0.250E-02 -0.895712E-05  0.107432E-04
[180849.997] 0    2390  0.973049E+01  0.218E-02  0.120E+01  0.529E-01  0.250E-02 -0.104929E-04  0.875183E-05
[181319.134] 0    2400  0.975242E+01  0.221E-02  0.120E+01  0.536E-01  0.250E-02 -0.103123E-04  0.117896E-04
[181429.091] 0    2410  0.977469E+01  0.225E-02  0.120E+01  0.547E-01  0.250E-02 -0.103350E-04  0.910053E-05
[181539.121] 0    2420  0.979713E+01  0.222E-02  0.120E+01  0.538E-01  0.250E-02 -0.106467E-04  0.896722E-05
[181649.243] 0    2430  0.981910E+01  0.217E-02  0.120E+01  0.527E-01  0.250E-02 -0.107061E-04  0.890061E-05
[181759.430] 0    2440  0.984060E+01  0.212E-02  0.120E+01  0.515E-01  0.250E-02 -0.126861E-04  0.945443E-05
[181909.681] 0    2450  0.986166E+01  0.208E-02  0.120E+01  0.505E-01  0.250E-02 -0.147573E-04  0.133216E-04
[182019.996] 0    2460  0.988232E+01  0.204E-02  0.120E+01  0.496E-01  0.250E-02 -0.156539E-04  0.123704E-04
[182130.359] 0    2470  0.990259E+01  0.201E-02  0.120E+01  0.487E-01  0.250E-02 -0.164117E-04  0.119381E-04
[182240.798] 0    2480  0.992256E+01  0.198E-02  0.120E+01  0.481E-01  0.250E-02 -0.178987E-04  0.124477E-04
[182351.316] 0    2490  0.994235E+01  0.197E-02  0.120E+01  0.479E-01  0.250E-02 -0.195790E-04  0.133210E-04
[182815.994] 0    2500  0.996212E+01  0.199E-02  0.120E+01  0.482E-01  0.250E-02 -0.216965E-04  0.139511E-04
[182926.602] 0    2510  0.998215E+01  0.202E-02  0.120E+01  0.491E-01  0.250E-02 -0.212604E-04  0.144531E-04
[183037.262] 0    2520  0.100027E+02  0.210E-02  0.120E+01  0.508E-01  0.250E-02 -0.183624E-04  0.119255E-04
[183147.979] 0    2530  0.100239E+02  0.219E-02  0.120E+01  0.530E-01  0.250E-02 -0.143609E-04  0.142798E-04
[183258.763] 0    2540  0.100462E+02  0.229E-02  0.120E+01  0.555E-01  0.250E-02 -0.123835E-04  0.172883E-04
[183409.619] 0    2550  0.100697E+02  0.239E-02  0.120E+01  0.580E-01  0.250E-02 -0.162429E-04  0.181092E-04
[183520.540] 0    2560  0.100937E+02  0.241E-02  0.120E+01  0.586E-01  0.250E-02 -0.183136E-04  0.164446E-04
[183631.497] 0    2570  0.101180E+02  0.245E-02  0.120E+01  0.593E-01  0.250E-02 -0.179670E-04  0.284607E-04
[183742.503] 0    2580  0.101424E+02  0.242E-02  0.120E+01  0.587E-01  0.250E-02 -0.181511E-04  0.216080E-04
[183853.571] 0    2590  0.101665E+02  0.241E-02  0.120E+01  0.584E-01  0.250E-02 -0.147986E-04  0.206919E-04
[184309.963] 0    2600  0.101909E+02  0.246E-02  0.120E+01  0.597E-01  0.250E-02 -0.322094E-04  0.228117E-04
[184421.176] 0    2610  0.102153E+02  0.243E-02  0.120E+01  0.589E-01  0.250E-02 -0.639705E-04  0.274819E-04
[184532.421] 0    2620  0.102392E+02  0.235E-02  0.120E+01  0.570E-01  0.250E-02 -0.793474E-04  0.176211E-04
[184643.748] 0    2630  0.102624E+02  0.228E-02  0.120E+01  0.554E-01  0.250E-02 -0.473707E-04  0.595888E-04
[184755.127] 0    2640  0.102850E+02  0.223E-02  0.120E+01  0.542E-01  0.250E-02 -0.799784E-04  0.191517E-04
[184906.588] 0    2650  0.103072E+02  0.221E-02  0.120E+01  0.535E-01  0.250E-02 -0.179813E-04  0.951393E-04
[185018.089] 0    2660  0.103292E+02  0.220E-02  0.120E+01  0.533E-01  0.250E-02 -0.119871E-04  0.478291E-04
[185129.637] 0    2670  0.103513E+02  0.224E-02  0.120E+01  0.542E-01  0.250E-02 -0.465011E-04  0.400739E-04
[185241.245] 0    2680  0.103740E+02  0.231E-02  0.120E+01  0.560E-01  0.250E-02 -0.594758E-04  0.358609E-04
[185352.896] 0    2690  0.103975E+02  0.240E-02  0.120E+01  0.581E-01  0.250E-02 -0.107304E-03  0.169105E-03
[185821.641] 0    2700  0.104219E+02  0.249E-02  0.120E+01  0.603E-01  0.250E-02 -0.274480E-04  0.710954E-04
[185933.345] 0    2710  0.104467E+02  0.247E-02  0.120E+01  0.600E-01  0.250E-02 -0.129267E-03  0.135842E-03
[190045.137] 0    2720  0.104714E+02  0.245E-02  0.120E+01  0.595E-01  0.250E-02 -0.435538E-04  0.728576E-04
[190156.969] 0    2730  0.104957E+02  0.240E-02  0.120E+01  0.583E-01  0.250E-02 -0.111547E-03  0.847112E-04
[190308.853] 0    2740  0.105197E+02  0.239E-02  0.120E+01  0.581E-01  0.250E-02 -0.132213E-03  0.282361E-04
[190420.805] 0    2750  0.105437E+02  0.241E-02  0.120E+01  0.583E-01  0.250E-02 -0.221579E-04  0.157172E-03
[190532.830] 0    2760  0.105679E+02  0.247E-02  0.120E+01  0.600E-01  0.250E-02 -0.118044E-03  0.154601E-03
[190644.921] 0    2770  0.105933E+02  0.261E-02  0.120E+01  0.634E-01  0.250E-02 -0.921932E-04  0.619089E-04
[190757.061] 0    2780  0.106199E+02  0.267E-02  0.120E+01  0.648E-01  0.250E-02 -0.130312E-03  0.912684E-04
[190909.283] 0    2790  0.106463E+02  0.262E-02  0.120E+01  0.634E-01  0.250E-02 -0.465162E-03  0.211298E-03
[191330.086] 0    2800  0.106723E+02  0.258E-02  0.120E+01  0.626E-01  0.250E-02 -0.257043E-03  0.162258E-03
[191442.424] 0    2810  0.106981E+02  0.259E-02  0.120E+01  0.628E-01  0.250E-02 -0.133219E-03  0.144633E-03
[191554.875] 0    2820  0.107242E+02  0.264E-02  0.120E+01  0.641E-01  0.250E-02 -0.824602E-03  0.143609E-03
[191707.386] 0    2830  0.107507E+02  0.264E-02  0.120E+01  0.641E-01  0.250E-02 -0.301002E-03  0.343815E-03
[191819.915] 0    2840  0.107772E+02  0.264E-02  0.120E+01  0.642E-01  0.250E-02 -0.563500E-04  0.360304E-03
[191932.465] 0    2850  0.108036E+02  0.264E-02  0.120E+01  0.641E-01  0.250E-02 -0.851702E-03  0.753328E-04
[192045.080] 0    2860  0.108300E+02  0.263E-02  0.120E+01  0.639E-01  0.250E-02 -0.128434E-02  0.227583E-03
[192157.722] 0    2870  0.108563E+02  0.264E-02  0.120E+01  0.641E-01  0.250E-02 -0.646027E-03  0.388678E-03
[192310.380] 0    2880  0.108827E+02  0.263E-02  0.120E+01  0.639E-01  0.250E-02 -0.102212E-02  0.284488E-03
[192423.152] 0    2890  0.109091E+02  0.264E-02  0.120E+01  0.640E-01  0.250E-02 -0.222836E-02  0.411096E-03
[192849.846] 0    2900  0.109356E+02  0.265E-02  0.120E+01  0.643E-01  0.250E-02 -0.525485E-03  0.813438E-03
[193002.811] 0    2910  0.109620E+02  0.263E-02  0.120E+01  0.639E-01  0.250E-02 -0.118182E-02  0.185831E-02
[193115.877] 0    2920  0.109884E+02  0.267E-02  0.120E+01  0.649E-01  0.250E-02 -0.957439E-03  0.549137E-03
[193229.028] 0    2930  0.110154E+02  0.268E-02  0.120E+01  0.649E-01  0.250E-02 -0.241117E-02  0.316012E-03
[193342.347] 0    2940  0.110419E+02  0.265E-02  0.120E+01  0.642E-01  0.250E-02 -0.250969E-02  0.344088E-03
[193455.788] 0    2950  0.110685E+02  0.262E-02  0.120E+01  0.636E-01  0.250E-02 -0.132147E-02  0.510181E-03
[193609.387] 0    2960  0.110941E+02  0.251E-02  0.120E+01  0.609E-01  0.250E-02 -0.394627E-03  0.125005E-02
[193723.089] 0    2970  0.111188E+02  0.241E-02  0.120E+01  0.585E-01  0.250E-02 -0.591203E-03  0.153293E-02
[193836.917] 0    2980  0.111425E+02  0.233E-02  0.120E+01  0.565E-01  0.250E-02 -0.773596E-03  0.255648E-02
[193950.836] 0    2990  0.111655E+02  0.228E-02  0.120E+01  0.552E-01  0.250E-02 -0.210498E-02  0.277217E-02
[194415.496] 0    3000  0.111880E+02  0.224E-02  0.120E+01  0.543E-01  0.250E-02 -0.243908E-02  0.100928E-02
[194529.469] 0    3010  0.112104E+02  0.225E-02  0.120E+01  0.545E-01  0.250E-02 -0.136790E-02  0.572761E-03
[194643.416] 0    3020  0.112328E+02  0.226E-02  0.120E+01  0.549E-01  0.250E-02 -0.803520E-03  0.673185E-03
[194757.394] 0    3030  0.112556E+02  0.229E-02  0.120E+01  0.556E-01  0.250E-02 -0.872860E-03  0.238441E-02
[194911.492] 0    3040  0.112788E+02  0.236E-02  0.120E+01  0.573E-01  0.250E-02 -0.109932E-02  0.300400E-02
[195025.679] 0    3050  0.113028E+02  0.245E-02  0.120E+01  0.593E-01  0.250E-02 -0.654487E-03  0.388053E-02
[195139.982] 0    3060  0.113278E+02  0.256E-02  0.120E+01  0.620E-01  0.250E-02 -0.821922E-03  0.311477E-02
[195254.407] 0    3070  0.113538E+02  0.267E-02  0.120E+01  0.647E-01  0.250E-02 -0.114524E-02  0.342926E-02
[195408.980] 0    3080  0.113808E+02  0.275E-02  0.120E+01  0.667E-01  0.250E-02 -0.187646E-02  0.584646E-02
[195523.814] 0    3090  0.114085E+02  0.279E-02  0.120E+01  0.677E-01  0.250E-02 -0.306158E-02  0.622347E-02
[195943.962] 0    3100  0.114365E+02  0.279E-02  0.120E+01  0.677E-01  0.250E-02 -0.147560E-02  0.669723E-02
[200059.175] 0    3110  0.114640E+02  0.272E-02  0.120E+01  0.659E-01  0.250E-02 -0.152808E-02  0.846645E-02
[200214.482] 0    3120  0.114910E+02  0.270E-02  0.120E+01  0.656E-01  0.250E-02 -0.188507E-02  0.645439E-02
[200330.144] 0    3130  0.115183E+02  0.278E-02  0.120E+01  0.674E-01  0.250E-02 -0.352679E-02  0.167522E-02
[200446.064] 0    3140  0.115460E+02  0.275E-02  0.120E+01  0.668E-01  0.250E-02 -0.666295E-02  0.126477E-02
[200602.133] 0    3150  0.115730E+02  0.266E-02  0.120E+01  0.645E-01  0.250E-02 -0.450428E-02  0.281659E-02
[200718.315] 0    3160  0.115994E+02  0.263E-02  0.120E+01  0.638E-01  0.250E-02 -0.286075E-02  0.560989E-02
[200834.586] 0    3170  0.116257E+02  0.263E-02  0.120E+01  0.638E-01  0.250E-02 -0.519391E-02  0.567034E-02
[200950.898] 0    3180  0.116519E+02  0.262E-02  0.120E+01  0.635E-01  0.250E-02 -0.770523E-02  0.375804E-02
[201107.115] 0    3190  0.116780E+02  0.259E-02  0.120E+01  0.627E-01  0.250E-02 -0.861357E-02  0.248692E-02
[201532.374] 0    3200  0.117037E+02  0.256E-02  0.120E+01  0.622E-01  0.250E-02 -0.883544E-02  0.239055E-02
[201648.390] 0    3210  0.117293E+02  0.255E-02  0.120E+01  0.619E-01  0.250E-02 -0.125112E-01  0.202629E-02
[201804.626] 0    3220  0.117548E+02  0.255E-02  0.120E+01  0.619E-01  0.250E-02 -0.156077E-01  0.399340E-02
[201921.112] 0    3230  0.117804E+02  0.257E-02  0.120E+01  0.623E-01  0.250E-02 -0.195437E-01  0.547563E-02
[202037.919] 0    3240  0.118062E+02  0.260E-02  0.120E+01  0.631E-01  0.250E-02 -0.273966E-01  0.568778E-02
[202155.032] 0    3250  0.118323E+02  0.262E-02  0.120E+01  0.635E-01  0.250E-02 -0.332768E-01  0.618269E-02
[202312.414] 0    3260  0.118585E+02  0.262E-02  0.120E+01  0.635E-01  0.250E-02 -0.353897E-01  0.950586E-02
[202429.907] 0    3270  0.118807E+02  0.478E-03  0.120E+01  0.116E-01  0.250E-02 -0.233348E-01  0.469650E-01
