[110511.297] ###############################################################################################
[110511.297] #  Itn.    time          dt         CFL#       D#         visc       DilMin        DilMax     #
[110511.297] ###############################################################################################
[110511.352] 0       0  0.000000E+00  0.121E-01  0.120E+01  0.508E-01  0.500E-02 -0.253877E-01  0.460363E-01
[110633.155] 0      10  0.131908E+00  0.146E-01  0.120E+01  0.612E-01  0.500E-02 -0.319755E-02  0.269017E-02
[110755.114] 0      20  0.292184E+00  0.179E-01  0.120E+01  0.751E-01  0.500E-02 -0.177634E-01  0.107736E-01
[110917.015] 0      30  0.482268E+00  0.197E-01  0.120E+01  0.824E-01  0.500E-02 -0.234156E-01  0.140930E-01
[111039.482] 0      40  0.689580E+00  0.224E-01  0.120E+01  0.940E-01  0.500E-02 -0.245323E-01  0.147630E-01
[111202.055] 0      50  0.931845E+00  0.266E-01  0.120E+01  0.112E+00  0.500E-02 -0.241056E-01  0.147623E-01
[111323.724] 0      60  0.120499E+01  0.278E-01  0.120E+01  0.117E+00  0.500E-02 -0.232356E-01  0.145251E-01
[111445.436] 0      70  0.148609E+01  0.282E-01  0.120E+01  0.118E+00  0.500E-02 -0.223291E-01  0.141743E-01
[111607.053] 0      80  0.176947E+01  0.289E-01  0.120E+01  0.121E+00  0.500E-02 -0.215297E-01  0.138528E-01
[111728.823] 0      90  0.207009E+01  0.310E-01  0.120E+01  0.130E+00  0.500E-02 -0.208103E-01  0.134035E-01
[111853.138] 0     100  0.236921E+01  0.284E-01  0.120E+01  0.119E+00  0.500E-02 -0.202142E-01  0.130582E-01
[112014.842] 0     110  0.264020E+01  0.254E-01  0.120E+01  0.106E+00  0.500E-02 -0.196340E-01  0.127980E-01
[112136.529] 0     120  0.288105E+01  0.228E-01  0.120E+01  0.958E-01  0.500E-02 -0.191372E-01  0.124076E-01
[112258.222] 0     130  0.310501E+01  0.220E-01  0.120E+01  0.922E-01  0.500E-02 -0.187006E-01  0.121709E-01
[112419.902] 0     140  0.331920E+01  0.206E-01  0.120E+01  0.865E-01  0.500E-02 -0.182133E-01  0.119498E-01
[112541.504] 0     150  0.351867E+01  0.192E-01  0.120E+01  0.806E-01  0.500E-02 -0.177668E-01  0.118187E-01
[112703.270] 0     160  0.370783E+01  0.186E-01  0.120E+01  0.779E-01  0.500E-02 -0.174356E-01  0.117477E-01
[112825.018] 0     170  0.389270E+01  0.185E-01  0.120E+01  0.775E-01  0.500E-02 -0.171524E-01  0.115282E-01
[112946.833] 0     180  0.407785E+01  0.183E-01  0.120E+01  0.767E-01  0.500E-02 -0.168857E-01  0.113261E-01
[113108.675] 0     190  0.425513E+01  0.171E-01  0.120E+01  0.719E-01  0.500E-02 -0.165648E-01  0.111645E-01
[113247.330] 0     200  0.442263E+01  0.163E-01  0.120E+01  0.685E-01  0.500E-02 -0.162547E-01  0.109954E-01
[113409.091] 0     210  0.458434E+01  0.160E-01  0.120E+01  0.670E-01  0.500E-02 -0.159810E-01  0.108627E-01
[113531.692] 0     220  0.474410E+01  0.160E-01  0.120E+01  0.672E-01  0.500E-02 -0.157646E-01  0.107683E-01
[113653.444] 0     230  0.490268E+01  0.152E-01  0.120E+01  0.637E-01  0.500E-02 -0.155349E-01  0.106042E-01
[113815.264] 0     240  0.504951E+01  0.142E-01  0.120E+01  0.595E-01  0.500E-02 -0.153580E-01  0.104280E-01
[113937.129] 0     250  0.518860E+01  0.137E-01  0.120E+01  0.573E-01  0.500E-02 -0.152395E-01  0.103190E-01
[114058.880] 0     260  0.532468E+01  0.136E-01  0.120E+01  0.568E-01  0.500E-02 -0.150894E-01  0.102510E-01
[114220.652] 0     270  0.545860E+01  0.129E-01  0.120E+01  0.540E-01  0.500E-02 -0.149012E-01  0.101629E-01
[114342.397] 0     280  0.558412E+01  0.122E-01  0.120E+01  0.511E-01  0.500E-02 -0.147292E-01  0.101044E-01
[114504.140] 0     290  0.570464E+01  0.119E-01  0.120E+01  0.499E-01  0.500E-02 -0.145775E-01  0.100221E-01
[114628.543] 0     300  0.582378E+01  0.119E-01  0.120E+01  0.501E-01  0.500E-02 -0.144098E-01  0.989050E-02
[114750.409] 0     310  0.594440E+01  0.122E-01  0.120E+01  0.513E-01  0.500E-02 -0.142175E-01  0.974254E-02
[114912.136] 0     320  0.606893E+01  0.128E-01  0.120E+01  0.537E-01  0.500E-02 -0.140299E-01  0.961283E-02
[115033.863] 0     330  0.619995E+01  0.135E-01  0.120E+01  0.568E-01  0.500E-02 -0.138627E-01  0.952896E-02
[115155.651] 0     340  0.634005E+01  0.146E-01  0.120E+01  0.613E-01  0.500E-02 -0.137481E-01  0.946096E-02
[115317.380] 0     350  0.648588E+01  0.142E-01  0.120E+01  0.597E-01  0.500E-02 -0.135575E-01  0.935153E-02
[115439.251] 0     360  0.662559E+01  0.137E-01  0.120E+01  0.573E-01  0.500E-02 -0.134321E-01  0.921033E-02
[115600.996] 0     370  0.676047E+01  0.133E-01  0.120E+01  0.556E-01  0.500E-02 -0.133195E-01  0.916236E-02
[115722.861] 0     380  0.689157E+01  0.129E-01  0.120E+01  0.542E-01  0.500E-02 -0.131562E-01  0.915872E-02
[115844.749] 0     390  0.701904E+01  0.125E-01  0.120E+01  0.525E-01  0.500E-02 -0.130089E-01  0.906304E-02
[120023.469] 0     400  0.714258E+01  0.122E-01  0.120E+01  0.513E-01  0.500E-02 -0.128259E-01  0.893567E-02
[120145.220] 0     410  0.726467E+01  0.123E-01  0.120E+01  0.514E-01  0.500E-02 -0.126177E-01  0.882109E-02
[120306.945] 0     420  0.738900E+01  0.127E-01  0.120E+01  0.532E-01  0.500E-02 -0.125091E-01  0.873853E-02
[120429.159] 0     430  0.751439E+01  0.122E-01  0.120E+01  0.513E-01  0.500E-02 -0.124648E-01  0.869413E-02
[120551.443] 0     440  0.763409E+01  0.117E-01  0.120E+01  0.489E-01  0.500E-02 -0.123288E-01  0.865618E-02
[120713.566] 0     450  0.774877E+01  0.112E-01  0.120E+01  0.472E-01  0.500E-02 -0.121522E-01  0.859443E-02
