[123920.790] ###############################################################################################
[123920.793] #  Itn.    time          dt         CFL#       D#         visc       DilMin        DilMax     #
[123920.796] ###############################################################################################
[123920.842] 0       0  0.000000E+00  0.599E-02  0.120E+01  0.523E-01  0.250E-02 -0.526934E-03  0.585180E-03
[124012.475] 0      10  0.607046E-01  0.627E-02  0.120E+01  0.548E-01  0.250E-02 -0.100006E-02  0.113857E-02
[124104.126] 0      20  0.125943E+00  0.663E-02  0.120E+01  0.579E-01  0.250E-02 -0.118115E-02  0.111053E-02
[124155.771] 0      30  0.194768E+00  0.706E-02  0.120E+01  0.617E-01  0.250E-02 -0.159469E-02  0.188131E-02
[124247.416] 0      40  0.266235E+00  0.736E-02  0.120E+01  0.642E-01  0.250E-02 -0.211673E-02  0.185063E-02
[124339.054] 0      50  0.341371E+00  0.768E-02  0.120E+01  0.671E-01  0.250E-02 -0.200435E-02  0.184841E-02
[124430.697] 0      60  0.418829E+00  0.785E-02  0.120E+01  0.686E-01  0.250E-02 -0.220328E-02  0.163887E-02
[124522.343] 0      70  0.500566E+00  0.854E-02  0.120E+01  0.745E-01  0.250E-02 -0.235121E-02  0.194986E-02
[124613.982] 0      80  0.583499E+00  0.792E-02  0.120E+01  0.692E-01  0.250E-02 -0.166572E-02  0.239497E-02
[124705.623] 0      90  0.663246E+00  0.817E-02  0.120E+01  0.713E-01  0.250E-02 -0.174479E-02  0.187523E-02
[124919.848] 0     100  0.750043E+00  0.913E-02  0.120E+01  0.798E-01  0.250E-02 -0.157065E-02  0.166397E-02
[125011.492] 0     110  0.842089E+00  0.948E-02  0.120E+01  0.828E-01  0.250E-02 -0.165583E-02  0.190560E-02
[125103.139] 0     120  0.939694E+00  0.103E-01  0.120E+01  0.897E-01  0.250E-02 -0.211442E-02  0.179011E-02
[125154.787] 0     130  0.104864E+01  0.117E-01  0.120E+01  0.102E+00  0.250E-02 -0.212740E-02  0.148603E-02
[125246.420] 0     140  0.116655E+01  0.121E-01  0.120E+01  0.105E+00  0.250E-02 -0.127864E-02  0.130225E-02
[125338.062] 0     150  0.128823E+01  0.118E-01  0.120E+01  0.103E+00  0.250E-02 -0.155274E-02  0.145454E-02
[125429.697] 0     160  0.140636E+01  0.121E-01  0.120E+01  0.106E+00  0.250E-02 -0.134128E-02  0.156908E-02
[125521.331] 0     170  0.153096E+01  0.122E-01  0.120E+01  0.107E+00  0.250E-02 -0.146117E-02  0.168596E-02
[125612.982] 0     180  0.165092E+01  0.118E-01  0.120E+01  0.103E+00  0.250E-02 -0.147231E-02  0.144950E-02
[125704.625] 0     190  0.177034E+01  0.120E-01  0.120E+01  0.105E+00  0.250E-02 -0.194462E-02  0.123685E-02
[130002.193] 0     200  0.189141E+01  0.124E-01  0.120E+01  0.108E+00  0.250E-02 -0.140694E-02  0.139104E-02
[142032.434] ###############################################################################################
[142032.441] #  Itn.    time          dt         CFL#       D#         visc       DilMin        DilMax     #
[142032.443] ###############################################################################################
[142032.489] 0     200  0.189141E+01  0.124E-01  0.120E+01  0.108E+00  0.250E-02 -0.140694E-02  0.139104E-02
[142142.485] 0     210  0.202081E+01  0.133E-01  0.120E+01  0.116E+00  0.250E-02 -0.165005E-02  0.138306E-02
[142252.476] 0     220  0.215409E+01  0.135E-01  0.120E+01  0.118E+00  0.250E-02 -0.171825E-02  0.143006E-02
[142402.460] 0     230  0.228737E+01  0.132E-01  0.120E+01  0.115E+00  0.250E-02 -0.138615E-02  0.185033E-02
[142512.434] 0     240  0.242015E+01  0.133E-01  0.120E+01  0.116E+00  0.250E-02 -0.172142E-02  0.169389E-02
[142622.405] 0     250  0.255285E+01  0.130E-01  0.120E+01  0.114E+00  0.250E-02 -0.113038E-02  0.145338E-02
[142732.354] 0     260  0.268123E+01  0.125E-01  0.120E+01  0.109E+00  0.250E-02 -0.149889E-02  0.235484E-02
[142842.300] 0     270  0.280356E+01  0.120E-01  0.120E+01  0.105E+00  0.250E-02 -0.135480E-02  0.215025E-02
[142952.242] 0     280  0.292217E+01  0.116E-01  0.120E+01  0.102E+00  0.250E-02 -0.141027E-02  0.177410E-02
[143102.173] 0     290  0.303631E+01  0.112E-01  0.120E+01  0.977E-01  0.250E-02 -0.158505E-02  0.157123E-02
[143334.948] 0     300  0.314734E+01  0.111E-01  0.120E+01  0.966E-01  0.250E-02 -0.150816E-02  0.196603E-02
[143444.865] 0     310  0.325794E+01  0.110E-01  0.120E+01  0.961E-01  0.250E-02 -0.183658E-02  0.178062E-02
[143554.795] 0     320  0.336775E+01  0.110E-01  0.120E+01  0.958E-01  0.250E-02 -0.180173E-02  0.146948E-02
[143704.716] 0     330  0.347665E+01  0.108E-01  0.120E+01  0.941E-01  0.250E-02 -0.158946E-02  0.168990E-02
[143814.625] 0     340  0.358337E+01  0.105E-01  0.120E+01  0.918E-01  0.250E-02 -0.155693E-02  0.168235E-02
[143924.544] 0     350  0.368389E+01  0.940E-02  0.120E+01  0.821E-01  0.250E-02 -0.198223E-02  0.159426E-02
[144034.461] 0     360  0.377518E+01  0.899E-02  0.120E+01  0.785E-01  0.250E-02 -0.223592E-02  0.152249E-02
[144144.377] 0     370  0.386761E+01  0.978E-02  0.120E+01  0.854E-01  0.250E-02 -0.176988E-02  0.142266E-02
[144254.284] 0     380  0.396174E+01  0.900E-02  0.120E+01  0.786E-01  0.250E-02 -0.174707E-02  0.175882E-02
[144404.185] 0     390  0.404887E+01  0.838E-02  0.120E+01  0.732E-01  0.250E-02 -0.185384E-02  0.169233E-02
[144823.489] 0     400  0.413095E+01  0.807E-02  0.120E+01  0.705E-01  0.250E-02 -0.202442E-02  0.171548E-02
[144933.362] 0     410  0.421115E+01  0.796E-02  0.120E+01  0.695E-01  0.250E-02 -0.212129E-02  0.171723E-02
[145043.235] 0     420  0.429017E+01  0.773E-02  0.120E+01  0.675E-01  0.250E-02 -0.192843E-02  0.155341E-02
[145153.122] 0     430  0.436583E+01  0.743E-02  0.120E+01  0.649E-01  0.250E-02 -0.179004E-02  0.168651E-02
[145303.002] 0     440  0.443969E+01  0.740E-02  0.120E+01  0.646E-01  0.250E-02 -0.183307E-02  0.184747E-02
[145412.887] 0     450  0.451382E+01  0.741E-02  0.120E+01  0.647E-01  0.250E-02 -0.185737E-02  0.199405E-02
[145522.747] 0     460  0.458664E+01  0.702E-02  0.120E+01  0.613E-01  0.250E-02 -0.193349E-02  0.175245E-02
[145632.609] 0     470  0.465513E+01  0.666E-02  0.120E+01  0.582E-01  0.250E-02 -0.158752E-02  0.166828E-02
[145742.459] 0     480  0.472104E+01  0.653E-02  0.120E+01  0.571E-01  0.250E-02 -0.168649E-02  0.174038E-02
[145852.325] 0     490  0.478611E+01  0.650E-02  0.120E+01  0.567E-01  0.250E-02 -0.178497E-02  0.152294E-02
[150125.033] 0     500  0.485067E+01  0.636E-02  0.120E+01  0.555E-01  0.250E-02 -0.184113E-02  0.155689E-02
[150234.887] 0     510  0.491298E+01  0.608E-02  0.120E+01  0.531E-01  0.250E-02 -0.163215E-02  0.155921E-02
[150344.737] 0     520  0.497291E+01  0.591E-02  0.120E+01  0.516E-01  0.250E-02 -0.167373E-02  0.153324E-02
[150454.580] 0     530  0.503206E+01  0.595E-02  0.120E+01  0.519E-01  0.250E-02 -0.196981E-02  0.176270E-02
[150604.427] 0     540  0.509126E+01  0.583E-02  0.120E+01  0.509E-01  0.250E-02 -0.174784E-02  0.210666E-02
[150714.276] 0     550  0.514926E+01  0.576E-02  0.120E+01  0.503E-01  0.250E-02 -0.178701E-02  0.212199E-02
[150824.115] 0     560  0.520649E+01  0.568E-02  0.120E+01  0.496E-01  0.250E-02 -0.210322E-02  0.188466E-02
[150933.949] 0     570  0.526230E+01  0.549E-02  0.120E+01  0.480E-01  0.250E-02 -0.224452E-02  0.181837E-02
[151043.784] 0     580  0.531681E+01  0.548E-02  0.120E+01  0.479E-01  0.250E-02 -0.195940E-02  0.195014E-02
[151153.606] 0     590  0.537172E+01  0.544E-02  0.120E+01  0.475E-01  0.250E-02 -0.187644E-02  0.202808E-02
[151614.309] 0     600  0.542553E+01  0.532E-02  0.120E+01  0.465E-01  0.250E-02 -0.197807E-02  0.240682E-02
[151724.131] 0     610  0.547861E+01  0.528E-02  0.120E+01  0.462E-01  0.250E-02 -0.200695E-02  0.264277E-02
[151833.947] 0     620  0.553180E+01  0.536E-02  0.120E+01  0.468E-01  0.250E-02 -0.205433E-02  0.239125E-02
[151943.769] 0     630  0.558579E+01  0.543E-02  0.120E+01  0.474E-01  0.250E-02 -0.207137E-02  0.253661E-02
[152053.595] 0     640  0.564007E+01  0.539E-02  0.120E+01  0.470E-01  0.250E-02 -0.195153E-02  0.288040E-02
[152203.402] 0     650  0.569346E+01  0.522E-02  0.120E+01  0.456E-01  0.250E-02 -0.265864E-02  0.295709E-02
[152313.206] 0     660  0.574354E+01  0.487E-02  0.120E+01  0.425E-01  0.250E-02 -0.272205E-02  0.255100E-02
[152423.013] 0     670  0.579133E+01  0.475E-02  0.120E+01  0.415E-01  0.250E-02 -0.238414E-02  0.232078E-02
[152532.807] 0     680  0.583967E+01  0.497E-02  0.120E+01  0.434E-01  0.250E-02 -0.211900E-02  0.231796E-02
[152642.607] 0     690  0.589057E+01  0.526E-02  0.120E+01  0.460E-01  0.250E-02 -0.230409E-02  0.221275E-02
[152915.246] 0     700  0.594278E+01  0.512E-02  0.120E+01  0.447E-01  0.250E-02 -0.251136E-02  0.206794E-02
[153025.045] 0     710  0.599381E+01  0.508E-02  0.120E+01  0.443E-01  0.250E-02 -0.271060E-02  0.190525E-02
[153134.823] 0     720  0.604504E+01  0.516E-02  0.120E+01  0.450E-01  0.250E-02 -0.272648E-02  0.200259E-02
[153244.608] 0     730  0.609662E+01  0.515E-02  0.120E+01  0.450E-01  0.250E-02 -0.254359E-02  0.210676E-02
[153354.397] 0     740  0.614800E+01  0.514E-02  0.120E+01  0.449E-01  0.250E-02 -0.236692E-02  0.233388E-02
[153504.176] 0     750  0.619968E+01  0.518E-02  0.120E+01  0.452E-01  0.250E-02 -0.254748E-02  0.224904E-02
[153613.948] 0     760  0.625196E+01  0.519E-02  0.120E+01  0.454E-01  0.250E-02 -0.267903E-02  0.242370E-02
[153723.725] 0     770  0.630286E+01  0.497E-02  0.120E+01  0.434E-01  0.250E-02 -0.264005E-02  0.260191E-02
[153833.502] 0     780  0.635208E+01  0.487E-02  0.120E+01  0.426E-01  0.250E-02 -0.268998E-02  0.260310E-02
[153943.278] 0     790  0.640073E+01  0.486E-02  0.120E+01  0.425E-01  0.250E-02 -0.280455E-02  0.282147E-02
[154401.435] 0     800  0.644955E+01  0.489E-02  0.120E+01  0.427E-01  0.250E-02 -0.286011E-02  0.271559E-02
[154511.166] 0     810  0.649840E+01  0.485E-02  0.120E+01  0.423E-01  0.250E-02 -0.315790E-02  0.218954E-02
[154620.912] 0     820  0.654684E+01  0.485E-02  0.120E+01  0.424E-01  0.250E-02 -0.290804E-02  0.184552E-02
[154730.649] 0     830  0.659571E+01  0.495E-02  0.120E+01  0.432E-01  0.250E-02 -0.232444E-02  0.204087E-02
[154840.390] 0     840  0.664554E+01  0.501E-02  0.120E+01  0.437E-01  0.250E-02 -0.205647E-02  0.212174E-02
[154950.120] 0     850  0.669516E+01  0.489E-02  0.120E+01  0.427E-01  0.250E-02 -0.203483E-02  0.207566E-02
[155059.856] 0     860  0.674326E+01  0.472E-02  0.120E+01  0.412E-01  0.250E-02 -0.214967E-02  0.258353E-02
[155209.589] 0     870  0.679001E+01  0.465E-02  0.120E+01  0.406E-01  0.250E-02 -0.214100E-02  0.310649E-02
[155319.314] 0     880  0.683676E+01  0.466E-02  0.120E+01  0.407E-01  0.250E-02 -0.258652E-02  0.330583E-02
[155429.042] 0     890  0.688268E+01  0.454E-02  0.120E+01  0.396E-01  0.250E-02 -0.262117E-02  0.320348E-02
[155701.630] 0     900  0.692824E+01  0.461E-02  0.120E+01  0.403E-01  0.250E-02 -0.228070E-02  0.287751E-02
[155811.345] 0     910  0.697505E+01  0.474E-02  0.120E+01  0.414E-01  0.250E-02 -0.245829E-02  0.223656E-02
[155921.057] 0     920  0.702312E+01  0.489E-02  0.120E+01  0.427E-01  0.250E-02 -0.278342E-02  0.220075E-02
[160030.769] 0     930  0.707244E+01  0.496E-02  0.120E+01  0.434E-01  0.250E-02 -0.284717E-02  0.272517E-02
[160140.479] 0     940  0.712188E+01  0.489E-02  0.120E+01  0.427E-01  0.250E-02 -0.345612E-02  0.299293E-02
[160250.185] 0     950  0.716963E+01  0.466E-02  0.120E+01  0.407E-01  0.250E-02 -0.345735E-02  0.286847E-02
[160359.888] 0     960  0.721542E+01  0.452E-02  0.120E+01  0.395E-01  0.250E-02 -0.312010E-02  0.260516E-02
[160509.572] 0     970  0.726024E+01  0.447E-02  0.120E+01  0.391E-01  0.250E-02 -0.320353E-02  0.280406E-02
[160619.270] 0     980  0.730527E+01  0.458E-02  0.120E+01  0.400E-01  0.250E-02 -0.370925E-02  0.276263E-02
[160728.967] 0     990  0.735115E+01  0.470E-02  0.120E+01  0.411E-01  0.250E-02 -0.423475E-02  0.271715E-02
[161149.311] 0    1000  0.739866E+01  0.477E-02  0.120E+01  0.416E-01  0.250E-02 -0.481854E-02  0.269929E-02
[161258.993] 0    1010  0.744555E+01  0.455E-02  0.120E+01  0.398E-01  0.250E-02 -0.525729E-02  0.362211E-02
[161408.684] 0    1020  0.749022E+01  0.439E-02  0.120E+01  0.384E-01  0.250E-02 -0.535878E-02  0.431483E-02
[161518.374] 0    1030  0.753415E+01  0.442E-02  0.120E+01  0.386E-01  0.250E-02 -0.518218E-02  0.450455E-02
[161628.060] 0    1040  0.757926E+01  0.467E-02  0.120E+01  0.408E-01  0.250E-02 -0.512361E-02  0.406106E-02
[161737.733] 0    1050  0.762748E+01  0.503E-02  0.120E+01  0.440E-01  0.250E-02 -0.503961E-02  0.311011E-02
[161847.408] 0    1060  0.767803E+01  0.506E-02  0.120E+01  0.442E-01  0.250E-02 -0.508142E-02  0.280501E-02
[161957.065] 0    1070  0.772880E+01  0.512E-02  0.120E+01  0.447E-01  0.250E-02 -0.500861E-02  0.278541E-02
[162106.730] 0    1080  0.777973E+01  0.504E-02  0.120E+01  0.440E-01  0.250E-02 -0.492412E-02  0.298098E-02
[162216.396] 0    1090  0.782974E+01  0.496E-02  0.120E+01  0.433E-01  0.250E-02 -0.480819E-02  0.310730E-02
[162448.883] 0    1100  0.787874E+01  0.484E-02  0.120E+01  0.423E-01  0.250E-02 -0.493504E-02  0.314053E-02
[162558.531] 0    1110  0.792693E+01  0.480E-02  0.120E+01  0.420E-01  0.250E-02 -0.516042E-02  0.301417E-02
[162708.177] 0    1120  0.797575E+01  0.493E-02  0.120E+01  0.431E-01  0.250E-02 -0.513693E-02  0.294342E-02
[162817.815] 0    1130  0.802538E+01  0.499E-02  0.120E+01  0.436E-01  0.250E-02 -0.518020E-02  0.292622E-02
[162927.457] 0    1140  0.807465E+01  0.486E-02  0.120E+01  0.424E-01  0.250E-02 -0.485160E-02  0.244237E-02
[163037.096] 0    1150  0.812282E+01  0.476E-02  0.120E+01  0.416E-01  0.250E-02 -0.428210E-02  0.239417E-02
[163146.737] 0    1160  0.817065E+01  0.481E-02  0.120E+01  0.420E-01  0.250E-02 -0.363875E-02  0.247226E-02
[163256.377] 0    1170  0.821902E+01  0.487E-02  0.120E+01  0.425E-01  0.250E-02 -0.329853E-02  0.228244E-02
[163405.993] 0    1180  0.826776E+01  0.488E-02  0.120E+01  0.426E-01  0.250E-02 -0.321351E-02  0.269855E-02
[163515.637] 0    1190  0.831628E+01  0.480E-02  0.120E+01  0.419E-01  0.250E-02 -0.348803E-02  0.361656E-02
[163934.002] 0    1200  0.836411E+01  0.482E-02  0.120E+01  0.421E-01  0.250E-02 -0.348595E-02  0.443202E-02
[164043.687] 0    1210  0.841280E+01  0.488E-02  0.120E+01  0.426E-01  0.250E-02 -0.337488E-02  0.484308E-02
[164153.357] 0    1220  0.846091E+01  0.472E-02  0.120E+01  0.412E-01  0.250E-02 -0.307941E-02  0.524635E-02
[164303.026] 0    1230  0.850758E+01  0.463E-02  0.120E+01  0.405E-01  0.250E-02 -0.293500E-02  0.545269E-02
[164412.693] 0    1240  0.855398E+01  0.470E-02  0.120E+01  0.411E-01  0.250E-02 -0.303578E-02  0.508574E-02
[164522.358] 0    1250  0.860049E+01  0.464E-02  0.120E+01  0.405E-01  0.250E-02 -0.279859E-02  0.443974E-02
[164632.014] 0    1260  0.864676E+01  0.455E-02  0.120E+01  0.398E-01  0.250E-02 -0.250699E-02  0.390571E-02
[164741.659] 0    1270  0.869179E+01  0.446E-02  0.120E+01  0.390E-01  0.250E-02 -0.254040E-02  0.353631E-02
[164851.308] 0    1280  0.873757E+01  0.465E-02  0.120E+01  0.406E-01  0.250E-02 -0.247191E-02  0.315038E-02
[165000.952] 0    1290  0.878333E+01  0.445E-02  0.120E+01  0.389E-01  0.250E-02 -0.284064E-02  0.282335E-02
[165233.446] 0    1300  0.882731E+01  0.438E-02  0.120E+01  0.382E-01  0.250E-02 -0.328476E-02  0.273590E-02
[165343.074] 0    1310  0.887055E+01  0.428E-02  0.120E+01  0.374E-01  0.250E-02 -0.345440E-02  0.259060E-02
[165452.712] 0    1320  0.891260E+01  0.409E-02  0.120E+01  0.357E-01  0.250E-02 -0.351585E-02  0.248931E-02
[165602.349] 0    1330  0.895293E+01  0.403E-02  0.120E+01  0.352E-01  0.250E-02 -0.336150E-02  0.269993E-02
[165711.975] 0    1340  0.899329E+01  0.403E-02  0.120E+01  0.352E-01  0.250E-02 -0.282654E-02  0.265745E-02
[165821.586] 0    1350  0.903375E+01  0.404E-02  0.120E+01  0.352E-01  0.250E-02 -0.232859E-02  0.252963E-02
[165931.199] 0    1360  0.907359E+01  0.393E-02  0.120E+01  0.343E-01  0.250E-02 -0.277665E-02  0.215347E-02
[170040.814] 0    1370  0.911252E+01  0.393E-02  0.120E+01  0.343E-01  0.250E-02 -0.305893E-02  0.205436E-02
[170150.444] 0    1380  0.915184E+01  0.398E-02  0.120E+01  0.348E-01  0.250E-02 -0.284620E-02  0.193461E-02
[170300.056] 0    1390  0.919177E+01  0.404E-02  0.120E+01  0.352E-01  0.250E-02 -0.213160E-02  0.234167E-02
[170727.229] 0    1400  0.923252E+01  0.412E-02  0.120E+01  0.360E-01  0.250E-02 -0.247920E-02  0.282911E-02
[170836.809] 0    1410  0.927404E+01  0.420E-02  0.120E+01  0.367E-01  0.250E-02 -0.272734E-02  0.343375E-02
[170946.380] 0    1420  0.931696E+01  0.439E-02  0.120E+01  0.383E-01  0.250E-02 -0.256329E-02  0.386270E-02
[171055.937] 0    1430  0.936067E+01  0.429E-02  0.120E+01  0.374E-01  0.250E-02 -0.242733E-02  0.387480E-02
[171205.494] 0    1440  0.940256E+01  0.412E-02  0.120E+01  0.360E-01  0.250E-02 -0.265028E-02  0.374088E-02
[171315.031] 0    1450  0.944391E+01  0.413E-02  0.120E+01  0.361E-01  0.250E-02 -0.273674E-02  0.332300E-02
[171424.574] 0    1460  0.948546E+01  0.418E-02  0.120E+01  0.365E-01  0.250E-02 -0.258367E-02  0.256583E-02
[171534.114] 0    1470  0.952687E+01  0.410E-02  0.120E+01  0.358E-01  0.250E-02 -0.218205E-02  0.244069E-02
[171643.654] 0    1480  0.956779E+01  0.412E-02  0.120E+01  0.359E-01  0.250E-02 -0.179434E-02  0.250634E-02
[171753.185] 0    1490  0.960862E+01  0.407E-02  0.120E+01  0.355E-01  0.250E-02 -0.152144E-02  0.265341E-02
[172025.585] 0    1500  0.964961E+01  0.414E-02  0.120E+01  0.362E-01  0.250E-02 -0.145026E-02  0.256330E-02
[172135.116] 0    1510  0.969093E+01  0.413E-02  0.120E+01  0.360E-01  0.250E-02 -0.169532E-02  0.227849E-02
[172244.650] 0    1520  0.973236E+01  0.417E-02  0.120E+01  0.364E-01  0.250E-02 -0.203899E-02  0.214363E-02
[172354.200] 0    1530  0.977440E+01  0.422E-02  0.120E+01  0.369E-01  0.250E-02 -0.202194E-02  0.183558E-02
[172503.741] 0    1540  0.981685E+01  0.422E-02  0.120E+01  0.368E-01  0.250E-02 -0.188815E-02  0.210754E-02
[172613.268] 0    1550  0.985817E+01  0.412E-02  0.120E+01  0.360E-01  0.250E-02 -0.171268E-02  0.206518E-02
[172722.774] 0    1560  0.989898E+01  0.409E-02  0.120E+01  0.357E-01  0.250E-02 -0.211679E-02  0.211365E-02
[172832.279] 0    1570  0.993955E+01  0.409E-02  0.120E+01  0.357E-01  0.250E-02 -0.230957E-02  0.177386E-02
[172941.789] 0    1580  0.998092E+01  0.408E-02  0.120E+01  0.356E-01  0.250E-02 -0.220034E-02  0.164167E-02
[173051.298] 0    1590  0.100210E+02  0.395E-02  0.120E+01  0.345E-01  0.250E-02 -0.272592E-02  0.221143E-02
[173513.289] 0    1600  0.100604E+02  0.389E-02  0.120E+01  0.340E-01  0.250E-02 -0.284920E-02  0.216867E-02
[173622.800] 0    1610  0.100998E+02  0.405E-02  0.120E+01  0.354E-01  0.250E-02 -0.258974E-02  0.214256E-02
[173732.307] 0    1620  0.101403E+02  0.400E-02  0.120E+01  0.349E-01  0.250E-02 -0.232149E-02  0.234961E-02
[173841.826] 0    1630  0.101797E+02  0.401E-02  0.120E+01  0.350E-01  0.250E-02 -0.193138E-02  0.211528E-02
[173951.330] 0    1640  0.102202E+02  0.412E-02  0.120E+01  0.360E-01  0.250E-02 -0.240143E-02  0.250490E-02
[174100.833] 0    1650  0.102621E+02  0.427E-02  0.120E+01  0.373E-01  0.250E-02 -0.281320E-02  0.325090E-02
[174210.335] 0    1660  0.103053E+02  0.434E-02  0.120E+01  0.379E-01  0.250E-02 -0.234608E-02  0.337280E-02
[174319.847] 0    1670  0.103488E+02  0.443E-02  0.120E+01  0.387E-01  0.250E-02 -0.210822E-02  0.318247E-02
[174429.362] 0    1680  0.103931E+02  0.439E-02  0.120E+01  0.383E-01  0.250E-02 -0.193684E-02  0.273172E-02
[174538.876] 0    1690  0.104370E+02  0.443E-02  0.120E+01  0.387E-01  0.250E-02 -0.248217E-02  0.244147E-02
[174811.230] 0    1700  0.104822E+02  0.454E-02  0.120E+01  0.397E-01  0.250E-02 -0.266070E-02  0.203258E-02
[174920.719] 0    1710  0.105266E+02  0.433E-02  0.120E+01  0.378E-01  0.250E-02 -0.323880E-02  0.230954E-02
[175030.207] 0    1720  0.105696E+02  0.430E-02  0.120E+01  0.376E-01  0.250E-02 -0.339942E-02  0.208923E-02
[175139.704] 0    1730  0.106125E+02  0.431E-02  0.120E+01  0.376E-01  0.250E-02 -0.314508E-02  0.218830E-02
[175249.192] 0    1740  0.106556E+02  0.432E-02  0.120E+01  0.377E-01  0.250E-02 -0.265896E-02  0.311498E-02
[175358.697] 0    1750  0.106986E+02  0.426E-02  0.120E+01  0.372E-01  0.250E-02 -0.208197E-02  0.351196E-02
[175508.177] 0    1760  0.107409E+02  0.421E-02  0.120E+01  0.368E-01  0.250E-02 -0.201913E-02  0.339937E-02
[175617.649] 0    1770  0.107831E+02  0.423E-02  0.120E+01  0.370E-01  0.250E-02 -0.203501E-02  0.316214E-02
[175727.128] 0    1780  0.108260E+02  0.432E-02  0.120E+01  0.377E-01  0.250E-02 -0.183105E-02  0.267547E-02
[175836.595] 0    1790  0.108682E+02  0.419E-02  0.120E+01  0.366E-01  0.250E-02 -0.208979E-02  0.264481E-02
[180257.762] 0    1800  0.109101E+02  0.423E-02  0.120E+01  0.369E-01  0.250E-02 -0.262435E-02  0.309773E-02
[180407.219] 0    1810  0.109529E+02  0.436E-02  0.120E+01  0.381E-01  0.250E-02 -0.265986E-02  0.324456E-02
[180516.666] 0    1820  0.109958E+02  0.420E-02  0.120E+01  0.366E-01  0.250E-02 -0.243147E-02  0.329921E-02
[180626.099] 0    1830  0.110375E+02  0.414E-02  0.120E+01  0.361E-01  0.250E-02 -0.260212E-02  0.337820E-02
[180735.540] 0    1840  0.110785E+02  0.403E-02  0.120E+01  0.352E-01  0.250E-02 -0.279812E-02  0.329298E-02
[180844.971] 0    1850  0.111183E+02  0.391E-02  0.120E+01  0.341E-01  0.250E-02 -0.313373E-02  0.271697E-02
[180954.404] 0    1860  0.111568E+02  0.383E-02  0.120E+01  0.334E-01  0.250E-02 -0.327676E-02  0.248319E-02
[181103.843] 0    1870  0.111947E+02  0.379E-02  0.120E+01  0.331E-01  0.250E-02 -0.333651E-02  0.284575E-02
[181213.268] 0    1880  0.112326E+02  0.382E-02  0.120E+01  0.334E-01  0.250E-02 -0.333309E-02  0.296000E-02
[181322.689] 0    1890  0.112708E+02  0.381E-02  0.120E+01  0.333E-01  0.250E-02 -0.309902E-02  0.284509E-02
[181554.949] 0    1900  0.113088E+02  0.375E-02  0.120E+01  0.328E-01  0.250E-02 -0.289116E-02  0.266261E-02
[181704.377] 0    1910  0.113462E+02  0.375E-02  0.120E+01  0.327E-01  0.250E-02 -0.274166E-02  0.293543E-02
[181813.811] 0    1920  0.113839E+02  0.384E-02  0.120E+01  0.335E-01  0.250E-02 -0.226084E-02  0.301160E-02
[181923.226] 0    1930  0.114219E+02  0.370E-02  0.120E+01  0.323E-01  0.250E-02 -0.202317E-02  0.282566E-02
[182032.649] 0    1940  0.114583E+02  0.359E-02  0.120E+01  0.313E-01  0.250E-02 -0.224062E-02  0.256398E-02
[182142.076] 0    1950  0.114939E+02  0.352E-02  0.120E+01  0.307E-01  0.250E-02 -0.224988E-02  0.228053E-02
[182251.501] 0    1960  0.115290E+02  0.349E-02  0.120E+01  0.305E-01  0.250E-02 -0.197420E-02  0.235246E-02
[182400.923] 0    1970  0.115643E+02  0.362E-02  0.120E+01  0.316E-01  0.250E-02 -0.211791E-02  0.236097E-02
[182510.347] 0    1980  0.116008E+02  0.369E-02  0.120E+01  0.322E-01  0.250E-02 -0.227010E-02  0.205328E-02
[182619.786] 0    1990  0.116381E+02  0.377E-02  0.120E+01  0.329E-01  0.250E-02 -0.235507E-02  0.181806E-02
[183049.156] 0    2000  0.116762E+02  0.386E-02  0.120E+01  0.337E-01  0.250E-02 -0.213936E-02  0.175810E-02
[183158.541] 0    2010  0.117143E+02  0.377E-02  0.120E+01  0.329E-01  0.250E-02 -0.170950E-02  0.149815E-02
[183307.914] 0    2020  0.117522E+02  0.389E-02  0.120E+01  0.339E-01  0.250E-02 -0.161433E-02  0.159885E-02
[183417.282] 0    2030  0.117915E+02  0.392E-02  0.120E+01  0.342E-01  0.250E-02 -0.169864E-02  0.184779E-02
[183526.651] 0    2040  0.118306E+02  0.389E-02  0.120E+01  0.340E-01  0.250E-02 -0.191378E-02  0.201686E-02
[183636.031] 0    2050  0.118692E+02  0.384E-02  0.120E+01  0.335E-01  0.250E-02 -0.266054E-02  0.236996E-02
[183745.394] 0    2060  0.119076E+02  0.391E-02  0.120E+01  0.341E-01  0.250E-02 -0.299530E-02  0.260898E-02
[183854.763] 0    2070  0.119470E+02  0.398E-02  0.120E+01  0.348E-01  0.250E-02 -0.302598E-02  0.252482E-02
[184004.138] 0    2080  0.119871E+02  0.402E-02  0.120E+01  0.351E-01  0.250E-02 -0.281650E-02  0.195653E-02
[184113.506] 0    2090  0.120274E+02  0.404E-02  0.120E+01  0.353E-01  0.250E-02 -0.257142E-02  0.152435E-02
[184345.735] 0    2100  0.120679E+02  0.408E-02  0.120E+01  0.356E-01  0.250E-02 -0.248194E-02  0.213813E-02
[184455.101] 0    2110  0.121078E+02  0.382E-02  0.120E+01  0.333E-01  0.250E-02 -0.236269E-02  0.219795E-02
[184604.464] 0    2120  0.121455E+02  0.374E-02  0.120E+01  0.326E-01  0.250E-02 -0.233398E-02  0.181170E-02
[184713.821] 0    2130  0.121835E+02  0.381E-02  0.120E+01  0.332E-01  0.250E-02 -0.217300E-02  0.174354E-02
[184823.182] 0    2140  0.122207E+02  0.364E-02  0.120E+01  0.318E-01  0.250E-02 -0.233032E-02  0.210250E-02
[184932.538] 0    2150  0.122568E+02  0.357E-02  0.120E+01  0.311E-01  0.250E-02 -0.224873E-02  0.223709E-02
[185041.885] 0    2160  0.122924E+02  0.355E-02  0.120E+01  0.310E-01  0.250E-02 -0.204274E-02  0.191010E-02
[185151.235] 0    2170  0.123282E+02  0.363E-02  0.120E+01  0.317E-01  0.250E-02 -0.214043E-02  0.229756E-02
[185300.584] 0    2180  0.123649E+02  0.373E-02  0.120E+01  0.325E-01  0.250E-02 -0.252476E-02  0.215995E-02
[185409.948] 0    2190  0.124021E+02  0.371E-02  0.120E+01  0.324E-01  0.250E-02 -0.204372E-02  0.173450E-02
[185834.893] 0    2200  0.124394E+02  0.377E-02  0.120E+01  0.329E-01  0.250E-02 -0.182231E-02  0.181747E-02
[185944.261] 0    2210  0.124769E+02  0.376E-02  0.120E+01  0.328E-01  0.250E-02 -0.209862E-02  0.181782E-02
[190053.629] 0    2220  0.125145E+02  0.375E-02  0.120E+01  0.328E-01  0.250E-02 -0.246834E-02  0.173926E-02
[190202.987] 0    2230  0.125518E+02  0.371E-02  0.120E+01  0.324E-01  0.250E-02 -0.292039E-02  0.164793E-02
[190312.322] 0    2240  0.125887E+02  0.369E-02  0.120E+01  0.322E-01  0.250E-02 -0.267631E-02  0.181627E-02
[190421.678] 0    2250  0.126257E+02  0.367E-02  0.120E+01  0.321E-01  0.250E-02 -0.196268E-02  0.177458E-02
[190531.030] 0    2260  0.126614E+02  0.345E-02  0.120E+01  0.301E-01  0.250E-02 -0.200127E-02  0.193753E-02
[190640.370] 0    2270  0.126951E+02  0.330E-02  0.120E+01  0.288E-01  0.250E-02 -0.202250E-02  0.214947E-02
[190749.709] 0    2280  0.127278E+02  0.326E-02  0.120E+01  0.285E-01  0.250E-02 -0.182398E-02  0.224258E-02
[190859.031] 0    2290  0.127603E+02  0.326E-02  0.120E+01  0.284E-01  0.250E-02 -0.187005E-02  0.240342E-02
[191131.211] 0    2300  0.127931E+02  0.332E-02  0.120E+01  0.290E-01  0.250E-02 -0.230446E-02  0.247908E-02
[191240.541] 0    2310  0.128268E+02  0.344E-02  0.120E+01  0.300E-01  0.250E-02 -0.302868E-02  0.227456E-02
[191349.879] 0    2320  0.128616E+02  0.353E-02  0.120E+01  0.309E-01  0.250E-02 -0.343514E-02  0.226606E-02
[191459.218] 0    2330  0.128971E+02  0.356E-02  0.120E+01  0.311E-01  0.250E-02 -0.372867E-02  0.172368E-02
[191608.538] 0    2340  0.129325E+02  0.354E-02  0.120E+01  0.309E-01  0.250E-02 -0.363392E-02  0.203842E-02
[191717.869] 0    2350  0.129679E+02  0.354E-02  0.120E+01  0.309E-01  0.250E-02 -0.318236E-02  0.228957E-02
[191827.188] 0    2360  0.130036E+02  0.359E-02  0.120E+01  0.313E-01  0.250E-02 -0.269417E-02  0.260897E-02
[191936.499] 0    2370  0.130393E+02  0.353E-02  0.120E+01  0.308E-01  0.250E-02 -0.211140E-02  0.294918E-02
[192045.829] 0    2380  0.130743E+02  0.349E-02  0.120E+01  0.305E-01  0.250E-02 -0.174709E-02  0.331105E-02
[192155.141] 0    2390  0.131094E+02  0.351E-02  0.120E+01  0.306E-01  0.250E-02 -0.211880E-02  0.348250E-02
[192616.706] 0    2400  0.131447E+02  0.356E-02  0.120E+01  0.311E-01  0.250E-02 -0.464762E-02  0.336739E-02
[192726.027] 0    2410  0.131797E+02  0.336E-02  0.120E+01  0.293E-01  0.250E-02 -0.581210E-02  0.299756E-02
[192835.348] 0    2420  0.132131E+02  0.327E-02  0.120E+01  0.286E-01  0.250E-02 -0.597530E-02  0.252844E-02
[192944.683] 0    2430  0.132462E+02  0.336E-02  0.120E+01  0.294E-01  0.250E-02 -0.459709E-02  0.242796E-02
[193054.003] 0    2440  0.132802E+02  0.352E-02  0.120E+01  0.308E-01  0.250E-02 -0.350817E-02  0.246017E-02
[193203.327] 0    2450  0.133159E+02  0.358E-02  0.120E+01  0.312E-01  0.250E-02 -0.312154E-02  0.264379E-02
[193312.657] 0    2460  0.133517E+02  0.353E-02  0.120E+01  0.308E-01  0.250E-02 -0.304988E-02  0.258029E-02
[193421.993] 0    2470  0.133871E+02  0.364E-02  0.120E+01  0.317E-01  0.250E-02 -0.304671E-02  0.321949E-02
[193531.329] 0    2480  0.134231E+02  0.357E-02  0.120E+01  0.312E-01  0.250E-02 -0.231050E-02  0.385294E-02
[193640.661] 0    2490  0.134587E+02  0.355E-02  0.120E+01  0.310E-01  0.250E-02 -0.171379E-02  0.402848E-02
[193912.859] 0    2500  0.134940E+02  0.351E-02  0.120E+01  0.306E-01  0.250E-02 -0.194500E-02  0.378799E-02
[194022.199] 0    2510  0.135289E+02  0.347E-02  0.120E+01  0.303E-01  0.250E-02 -0.214704E-02  0.345464E-02
[194131.516] 0    2520  0.135631E+02  0.334E-02  0.120E+01  0.292E-01  0.250E-02 -0.233985E-02  0.330441E-02
[194240.831] 0    2530  0.135964E+02  0.333E-02  0.120E+01  0.290E-01  0.250E-02 -0.247603E-02  0.304233E-02
[194350.151] 0    2540  0.136297E+02  0.334E-02  0.120E+01  0.292E-01  0.250E-02 -0.231892E-02  0.239304E-02
[194459.476] 0    2550  0.136634E+02  0.337E-02  0.120E+01  0.295E-01  0.250E-02 -0.195135E-02  0.250661E-02
[194608.762] 0    2560  0.136970E+02  0.336E-02  0.120E+01  0.293E-01  0.250E-02 -0.167281E-02  0.266642E-02
[194718.071] 0    2570  0.137307E+02  0.341E-02  0.120E+01  0.298E-01  0.250E-02 -0.173559E-02  0.286156E-02
[194827.360] 0    2580  0.137652E+02  0.351E-02  0.120E+01  0.307E-01  0.250E-02 -0.203176E-02  0.290373E-02
[194936.653] 0    2590  0.137998E+02  0.343E-02  0.120E+01  0.300E-01  0.250E-02 -0.209597E-02  0.256844E-02
[195357.145] 0    2600  0.138339E+02  0.340E-02  0.120E+01  0.297E-01  0.250E-02 -0.202770E-02  0.239520E-02
[195506.447] 0    2610  0.138678E+02  0.338E-02  0.120E+01  0.295E-01  0.250E-02 -0.216274E-02  0.245396E-02
[195615.757] 0    2620  0.139020E+02  0.347E-02  0.120E+01  0.303E-01  0.250E-02 -0.229556E-02  0.215388E-02
[195725.052] 0    2630  0.139370E+02  0.354E-02  0.120E+01  0.309E-01  0.250E-02 -0.249435E-02  0.214329E-02
[195834.352] 0    2640  0.139722E+02  0.352E-02  0.120E+01  0.308E-01  0.250E-02 -0.246300E-02  0.251747E-02
[195943.641] 0    2650  0.140081E+02  0.358E-02  0.120E+01  0.313E-01  0.250E-02 -0.244359E-02  0.246532E-02
[200052.920] 0    2660  0.140432E+02  0.348E-02  0.120E+01  0.304E-01  0.250E-02 -0.296729E-02  0.246965E-02
[200202.192] 0    2670  0.140779E+02  0.347E-02  0.120E+01  0.303E-01  0.250E-02 -0.333719E-02  0.247939E-02
[200311.466] 0    2680  0.141128E+02  0.348E-02  0.120E+01  0.304E-01  0.250E-02 -0.342058E-02  0.294386E-02
[200420.738] 0    2690  0.141462E+02  0.317E-02  0.120E+01  0.277E-01  0.250E-02 -0.328150E-02  0.348830E-02
[200652.881] 0    2700  0.141769E+02  0.309E-02  0.120E+01  0.270E-01  0.250E-02 -0.287923E-02  0.362816E-02
[200802.151] 0    2710  0.142090E+02  0.328E-02  0.120E+01  0.287E-01  0.250E-02 -0.240891E-02  0.363405E-02
[200911.408] 0    2720  0.142411E+02  0.323E-02  0.120E+01  0.282E-01  0.250E-02 -0.246836E-02  0.329739E-02
[201020.676] 0    2730  0.142740E+02  0.329E-02  0.120E+01  0.287E-01  0.250E-02 -0.279524E-02  0.279421E-02
[201129.935] 0    2740  0.143076E+02  0.339E-02  0.120E+01  0.296E-01  0.250E-02 -0.310824E-02  0.227749E-02
[201239.207] 0    2750  0.143408E+02  0.317E-02  0.120E+01  0.277E-01  0.250E-02 -0.292914E-02  0.275191E-02
[201348.479] 0    2760  0.143718E+02  0.303E-02  0.120E+01  0.265E-01  0.250E-02 -0.271235E-02  0.308103E-02
[201457.755] 0    2770  0.144020E+02  0.304E-02  0.120E+01  0.265E-01  0.250E-02 -0.281080E-02  0.312033E-02
[201607.019] 0    2780  0.144327E+02  0.313E-02  0.120E+01  0.274E-01  0.250E-02 -0.296097E-02  0.329389E-02
[201716.287] 0    2790  0.144650E+02  0.334E-02  0.120E+01  0.292E-01  0.250E-02 -0.295885E-02  0.314853E-02
[202137.511] 0    2800  0.144984E+02  0.333E-02  0.120E+01  0.290E-01  0.250E-02 -0.275672E-02  0.270198E-02
[202246.770] 0    2810  0.145316E+02  0.332E-02  0.120E+01  0.290E-01  0.250E-02 -0.272553E-02  0.230016E-02
[202356.036] 0    2820  0.145648E+02  0.332E-02  0.120E+01  0.290E-01  0.250E-02 -0.292640E-02  0.229374E-02
[202505.282] 0    2830  0.145980E+02  0.333E-02  0.120E+01  0.291E-01  0.250E-02 -0.287828E-02  0.230380E-02
[202614.523] 0    2840  0.146313E+02  0.335E-02  0.120E+01  0.292E-01  0.250E-02 -0.268840E-02  0.240291E-02
[202723.758] 0    2850  0.146648E+02  0.335E-02  0.120E+01  0.292E-01  0.250E-02 -0.235078E-02  0.226314E-02
[202832.983] 0    2860  0.146984E+02  0.341E-02  0.120E+01  0.298E-01  0.250E-02 -0.212043E-02  0.217986E-02
[202942.211] 0    2870  0.147327E+02  0.346E-02  0.120E+01  0.302E-01  0.250E-02 -0.263751E-02  0.204358E-02
[203051.435] 0    2880  0.147671E+02  0.342E-02  0.120E+01  0.299E-01  0.250E-02 -0.258113E-02  0.192824E-02
[203200.659] 0    2890  0.148013E+02  0.340E-02  0.120E+01  0.297E-01  0.250E-02 -0.261525E-02  0.192255E-02
[203432.715] 0    2900  0.148353E+02  0.338E-02  0.120E+01  0.295E-01  0.250E-02 -0.260113E-02  0.169748E-02
[203541.923] 0    2910  0.148691E+02  0.339E-02  0.120E+01  0.296E-01  0.250E-02 -0.291762E-02  0.155049E-02
[203651.128] 0    2920  0.149032E+02  0.341E-02  0.120E+01  0.298E-01  0.250E-02 -0.283353E-02  0.177505E-02
[203800.328] 0    2930  0.149372E+02  0.337E-02  0.120E+01  0.294E-01  0.250E-02 -0.257458E-02  0.215586E-02
[203909.511] 0    2940  0.149711E+02  0.341E-02  0.120E+01  0.298E-01  0.250E-02 -0.264055E-02  0.272342E-02
[204018.695] 0    2950  0.150054E+02  0.351E-02  0.120E+01  0.307E-01  0.250E-02 -0.261721E-02  0.291174E-02
[204127.852] 0    2960  0.150404E+02  0.339E-02  0.120E+01  0.296E-01  0.250E-02 -0.285574E-02  0.267265E-02
[204237.030] 0    2970  0.150742E+02  0.341E-02  0.120E+01  0.298E-01  0.250E-02 -0.280680E-02  0.208206E-02
[204346.200] 0    2980  0.151082E+02  0.341E-02  0.120E+01  0.298E-01  0.250E-02 -0.285222E-02  0.191752E-02
[204455.367] 0    2990  0.151429E+02  0.348E-02  0.120E+01  0.304E-01  0.250E-02 -0.324924E-02  0.178864E-02
[204911.265] 0    3000  0.151773E+02  0.337E-02  0.120E+01  0.294E-01  0.250E-02 -0.351825E-02  0.183454E-02
[205020.461] 0    3010  0.152114E+02  0.347E-02  0.120E+01  0.303E-01  0.250E-02 -0.309977E-02  0.234319E-02
[205129.653] 0    3020  0.152464E+02  0.355E-02  0.120E+01  0.310E-01  0.250E-02 -0.255377E-02  0.252737E-02
[205238.837] 0    3030  0.152822E+02  0.363E-02  0.120E+01  0.317E-01  0.250E-02 -0.301032E-02  0.326765E-02
[205348.023] 0    3040  0.153179E+02  0.351E-02  0.120E+01  0.307E-01  0.250E-02 -0.323033E-02  0.421725E-02
[205457.186] 0    3050  0.153525E+02  0.341E-02  0.120E+01  0.298E-01  0.250E-02 -0.297149E-02  0.384099E-02
[205606.361] 0    3060  0.153868E+02  0.344E-02  0.120E+01  0.301E-01  0.250E-02 -0.271534E-02  0.291713E-02
[205715.522] 0    3070  0.154211E+02  0.343E-02  0.120E+01  0.299E-01  0.250E-02 -0.254926E-02  0.212320E-02
[205824.669] 0    3080  0.154555E+02  0.349E-02  0.120E+01  0.305E-01  0.250E-02 -0.267902E-02  0.203448E-02
[205933.819] 0    3090  0.154906E+02  0.351E-02  0.120E+01  0.307E-01  0.250E-02 -0.253434E-02  0.216696E-02
[210205.806] 0    3100  0.155255E+02  0.354E-02  0.120E+01  0.310E-01  0.250E-02 -0.261698E-02  0.257653E-02
[210314.959] 0    3110  0.155604E+02  0.343E-02  0.120E+01  0.299E-01  0.250E-02 -0.245886E-02  0.281310E-02
[210424.116] 0    3120  0.155946E+02  0.337E-02  0.120E+01  0.295E-01  0.250E-02 -0.215766E-02  0.260270E-02
[210533.253] 0    3130  0.156280E+02  0.334E-02  0.120E+01  0.291E-01  0.250E-02 -0.243373E-02  0.261096E-02
[210642.383] 0    3140  0.156618E+02  0.337E-02  0.120E+01  0.295E-01  0.250E-02 -0.274417E-02  0.324825E-02
[210751.513] 0    3150  0.156960E+02  0.342E-02  0.120E+01  0.299E-01  0.250E-02 -0.283971E-02  0.378314E-02
[210900.638] 0    3160  0.157300E+02  0.339E-02  0.120E+01  0.296E-01  0.250E-02 -0.296574E-02  0.388290E-02
[211009.762] 0    3170  0.157641E+02  0.340E-02  0.120E+01  0.297E-01  0.250E-02 -0.249086E-02  0.379417E-02
[211118.873] 0    3180  0.157980E+02  0.339E-02  0.120E+01  0.296E-01  0.250E-02 -0.261731E-02  0.372586E-02
[211227.997] 0    3190  0.158320E+02  0.340E-02  0.120E+01  0.297E-01  0.250E-02 -0.253172E-02  0.328607E-02
[211653.142] 0    3200  0.158655E+02  0.333E-02  0.120E+01  0.291E-01  0.250E-02 -0.264225E-02  0.303667E-02
[211802.201] 0    3210  0.158984E+02  0.322E-02  0.120E+01  0.281E-01  0.250E-02 -0.291454E-02  0.234454E-02
[211911.266] 0    3220  0.159303E+02  0.319E-02  0.120E+01  0.278E-01  0.250E-02 -0.275960E-02  0.190782E-02
[212020.337] 0    3230  0.159621E+02  0.320E-02  0.120E+01  0.279E-01  0.250E-02 -0.303369E-02  0.173933E-02
[212129.398] 0    3240  0.159936E+02  0.307E-02  0.120E+01  0.268E-01  0.250E-02 -0.291447E-02  0.168642E-02
[212238.463] 0    3250  0.160238E+02  0.300E-02  0.120E+01  0.262E-01  0.250E-02 -0.267633E-02  0.159171E-02
[212347.519] 0    3260  0.160537E+02  0.301E-02  0.120E+01  0.263E-01  0.250E-02 -0.317282E-02  0.183007E-02
[212456.584] 0    3270  0.160841E+02  0.311E-02  0.120E+01  0.271E-01  0.250E-02 -0.353608E-02  0.194902E-02
[212605.633] 0    3280  0.161161E+02  0.333E-02  0.120E+01  0.290E-01  0.250E-02 -0.357880E-02  0.191428E-02
[212714.693] 0    3290  0.161495E+02  0.332E-02  0.120E+01  0.290E-01  0.250E-02 -0.365512E-02  0.222480E-02
[212946.593] 0    3300  0.161824E+02  0.325E-02  0.120E+01  0.284E-01  0.250E-02 -0.352052E-02  0.266061E-02
[213055.644] 0    3310  0.162149E+02  0.324E-02  0.120E+01  0.283E-01  0.250E-02 -0.306066E-02  0.272350E-02
[213204.670] 0    3320  0.162475E+02  0.325E-02  0.120E+01  0.284E-01  0.250E-02 -0.264511E-02  0.325267E-02
[213313.710] 0    3330  0.162800E+02  0.325E-02  0.120E+01  0.284E-01  0.250E-02 -0.247803E-02  0.390048E-02
[213422.729] 0    3340  0.163114E+02  0.297E-02  0.120E+01  0.259E-01  0.250E-02 -0.282487E-02  0.336948E-02
[213531.768] 0    3350  0.163403E+02  0.276E-02  0.120E+01  0.241E-01  0.250E-02 -0.270182E-02  0.253658E-02
[213640.790] 0    3360  0.163679E+02  0.281E-02  0.120E+01  0.246E-01  0.250E-02 -0.281715E-02  0.216574E-02
[213749.817] 0    3370  0.163964E+02  0.293E-02  0.120E+01  0.256E-01  0.250E-02 -0.259510E-02  0.236852E-02
[213858.829] 0    3380  0.164260E+02  0.293E-02  0.120E+01  0.256E-01  0.250E-02 -0.252049E-02  0.257013E-02
[214007.856] 0    3390  0.164553E+02  0.294E-02  0.120E+01  0.257E-01  0.250E-02 -0.245005E-02  0.264145E-02
[214423.739] 0    3400  0.164847E+02  0.296E-02  0.120E+01  0.258E-01  0.250E-02 -0.250215E-02  0.272626E-02
[214532.753] 0    3410  0.165146E+02  0.301E-02  0.120E+01  0.263E-01  0.250E-02 -0.303598E-02  0.306522E-02
[214641.761] 0    3420  0.165450E+02  0.301E-02  0.120E+01  0.263E-01  0.250E-02 -0.336735E-02  0.352476E-02
[214750.767] 0    3430  0.165746E+02  0.289E-02  0.120E+01  0.252E-01  0.250E-02 -0.340357E-02  0.402536E-02
[214859.766] 0    3440  0.166034E+02  0.290E-02  0.120E+01  0.253E-01  0.250E-02 -0.326148E-02  0.434910E-02
[215008.765] 0    3450  0.166328E+02  0.306E-02  0.120E+01  0.268E-01  0.250E-02 -0.276485E-02  0.460582E-02
[215117.770] 0    3460  0.166643E+02  0.324E-02  0.120E+01  0.283E-01  0.250E-02 -0.216249E-02  0.463269E-02
[215226.798] 0    3470  0.166965E+02  0.326E-02  0.120E+01  0.285E-01  0.250E-02 -0.193915E-02  0.412531E-02
[215335.847] 0    3480  0.167296E+02  0.332E-02  0.120E+01  0.290E-01  0.250E-02 -0.241058E-02  0.352724E-02
[215444.891] 0    3490  0.167620E+02  0.330E-02  0.120E+01  0.288E-01  0.250E-02 -0.261239E-02  0.288280E-02
[215716.807] 0    3500  0.167945E+02  0.320E-02  0.120E+01  0.280E-01  0.250E-02 -0.260483E-02  0.227048E-02
[215825.851] 0    3510  0.168265E+02  0.319E-02  0.120E+01  0.279E-01  0.250E-02 -0.246595E-02  0.209562E-02
[215934.896] 0    3520  0.168589E+02  0.328E-02  0.120E+01  0.287E-01  0.250E-02 -0.228572E-02  0.236673E-02
[220043.942] 0    3530  0.168910E+02  0.317E-02  0.120E+01  0.277E-01  0.250E-02 -0.237759E-02  0.220637E-02
[220152.981] 0    3540  0.169230E+02  0.321E-02  0.120E+01  0.280E-01  0.250E-02 -0.249415E-02  0.271176E-02
[220302.024] 0    3550  0.169543E+02  0.307E-02  0.120E+01  0.268E-01  0.250E-02 -0.230106E-02  0.282284E-02
[220411.065] 0    3560  0.169852E+02  0.314E-02  0.120E+01  0.274E-01  0.250E-02 -0.218522E-02  0.269313E-02
[220520.127] 0    3570  0.170169E+02  0.317E-02  0.120E+01  0.276E-01  0.250E-02 -0.211720E-02  0.276657E-02
[220629.186] 0    3580  0.170487E+02  0.310E-02  0.120E+01  0.271E-01  0.250E-02 -0.243966E-02  0.297597E-02
[220738.239] 0    3590  0.170793E+02  0.310E-02  0.120E+01  0.270E-01  0.250E-02 -0.234584E-02  0.276817E-02
[221205.812] 0    3600  0.171109E+02  0.324E-02  0.120E+01  0.283E-01  0.250E-02 -0.214267E-02  0.256967E-02
