[133854.697] ###############################################################################################
[133854.700] #  Itn.    time          dt         CFL#       D#         visc       DilMin        DilMax     #
[133854.703] ###############################################################################################
[133854.749] 0    1500  0.147565E+02  0.709E-02  0.120E+01  0.446E-01  0.500E-02 -0.537942E-03  0.492232E-03
[134007.524] 0    1510  0.148281E+02  0.716E-02  0.120E+01  0.450E-01  0.500E-02 -0.535234E-03  0.495542E-03
[134120.280] 0    1520  0.148979E+02  0.680E-02  0.120E+01  0.428E-01  0.500E-02 -0.537015E-03  0.475221E-03
[134233.042] 0    1530  0.149649E+02  0.668E-02  0.120E+01  0.420E-01  0.500E-02 -0.519229E-03  0.456547E-03
[134345.800] 0    1540  0.150326E+02  0.680E-02  0.120E+01  0.428E-01  0.500E-02 -0.528301E-03  0.447511E-03
[134458.542] 0    1550  0.151003E+02  0.681E-02  0.120E+01  0.428E-01  0.500E-02 -0.531835E-03  0.456272E-03
[134611.289] 0    1560  0.151684E+02  0.692E-02  0.120E+01  0.436E-01  0.500E-02 -0.514390E-03  0.447421E-03
[134724.046] 0    1570  0.152379E+02  0.701E-02  0.120E+01  0.441E-01  0.500E-02 -0.516917E-03  0.438169E-03
[134836.781] 0    1580  0.153081E+02  0.705E-02  0.120E+01  0.443E-01  0.500E-02 -0.518133E-03  0.442907E-03
[134949.525] 0    1590  0.153769E+02  0.669E-02  0.120E+01  0.420E-01  0.500E-02 -0.521115E-03  0.428420E-03
[135433.790] 0    1600  0.154425E+02  0.642E-02  0.120E+01  0.404E-01  0.500E-02 -0.525777E-03  0.416167E-03
[145135.616] ###############################################################################################
[145135.623] #  Itn.    time          dt         CFL#       D#         visc       DilMin        DilMax     #
[145135.626] ###############################################################################################
[145135.672] 0    1600  0.154425E+02  0.642E-02  0.120E+01  0.404E-01  0.500E-02 -0.525777E-03  0.416167E-03
[145248.381] 0    1610  0.155059E+02  0.626E-02  0.120E+01  0.394E-01  0.500E-02 -0.529275E-03  0.433475E-03
[145401.085] 0    1620  0.155681E+02  0.618E-02  0.120E+01  0.389E-01  0.500E-02 -0.526555E-03  0.448045E-03
[145513.793] 0    1630  0.156300E+02  0.617E-02  0.120E+01  0.388E-01  0.500E-02 -0.513878E-03  0.442699E-03
[145626.494] 0    1640  0.156919E+02  0.621E-02  0.120E+01  0.390E-01  0.500E-02 -0.507592E-03  0.437341E-03
[145739.180] 0    1650  0.157543E+02  0.629E-02  0.120E+01  0.396E-01  0.500E-02 -0.507981E-03  0.433394E-03
[145851.867] 0    1660  0.158177E+02  0.641E-02  0.120E+01  0.403E-01  0.500E-02 -0.496636E-03  0.429728E-03
[150004.566] 0    1670  0.158824E+02  0.655E-02  0.120E+01  0.412E-01  0.500E-02 -0.504053E-03  0.436664E-03
[150117.261] 0    1680  0.159482E+02  0.658E-02  0.120E+01  0.414E-01  0.500E-02 -0.514233E-03  0.446648E-03
[150229.948] 0    1690  0.160138E+02  0.654E-02  0.120E+01  0.411E-01  0.500E-02 -0.505834E-03  0.433158E-03
[150717.078] 0    1700  0.160788E+02  0.644E-02  0.120E+01  0.405E-01  0.500E-02 -0.505679E-03  0.416744E-03
[150829.730] 0    1710  0.161425E+02  0.628E-02  0.120E+01  0.395E-01  0.500E-02 -0.497019E-03  0.401707E-03
[150942.374] 0    1720  0.162047E+02  0.615E-02  0.120E+01  0.387E-01  0.500E-02 -0.497675E-03  0.388585E-03
[151055.014] 0    1730  0.162659E+02  0.608E-02  0.120E+01  0.382E-01  0.500E-02 -0.500062E-03  0.393156E-03
[151207.655] 0    1740  0.163263E+02  0.594E-02  0.120E+01  0.374E-01  0.500E-02 -0.489679E-03  0.399077E-03
[151320.276] 0    1750  0.163848E+02  0.573E-02  0.120E+01  0.361E-01  0.500E-02 -0.483991E-03  0.409552E-03
[151432.899] 0    1760  0.164413E+02  0.558E-02  0.120E+01  0.351E-01  0.500E-02 -0.470079E-03  0.425948E-03
[151545.521] 0    1770  0.164968E+02  0.554E-02  0.120E+01  0.349E-01  0.500E-02 -0.460302E-03  0.431493E-03
[151658.151] 0    1780  0.165520E+02  0.553E-02  0.120E+01  0.348E-01  0.500E-02 -0.452069E-03  0.438415E-03
[151810.770] 0    1790  0.166076E+02  0.558E-02  0.120E+01  0.351E-01  0.500E-02 -0.450410E-03  0.435956E-03
[152249.004] 0    1800  0.166619E+02  0.528E-02  0.120E+01  0.332E-01  0.500E-02 -0.448830E-03  0.431007E-03
[152401.618] 0    1810  0.167140E+02  0.523E-02  0.120E+01  0.329E-01  0.500E-02 -0.456217E-03  0.421031E-03
[152514.236] 0    1820  0.167669E+02  0.540E-02  0.120E+01  0.340E-01  0.500E-02 -0.471450E-03  0.408414E-03
[152626.855] 0    1830  0.168218E+02  0.559E-02  0.120E+01  0.351E-01  0.500E-02 -0.474057E-03  0.382729E-03
[152739.469] 0    1840  0.168781E+02  0.567E-02  0.120E+01  0.357E-01  0.500E-02 -0.466185E-03  0.379059E-03
[152852.096] 0    1850  0.169347E+02  0.561E-02  0.120E+01  0.353E-01  0.500E-02 -0.463752E-03  0.404038E-03
[153004.712] 0    1860  0.169906E+02  0.563E-02  0.120E+01  0.354E-01  0.500E-02 -0.449583E-03  0.412632E-03
[153117.317] 0    1870  0.170479E+02  0.590E-02  0.120E+01  0.371E-01  0.500E-02 -0.434991E-03  0.424803E-03
[153229.930] 0    1880  0.171076E+02  0.604E-02  0.120E+01  0.380E-01  0.500E-02 -0.442409E-03  0.421182E-03
[153342.536] 0    1890  0.171683E+02  0.605E-02  0.120E+01  0.381E-01  0.500E-02 -0.442681E-03  0.425053E-03
[153825.449] 0    1900  0.172287E+02  0.606E-02  0.120E+01  0.381E-01  0.500E-02 -0.441491E-03  0.400662E-03
[153938.024] 0    1910  0.172896E+02  0.614E-02  0.120E+01  0.386E-01  0.500E-02 -0.432249E-03  0.387929E-03
[154050.602] 0    1920  0.173509E+02  0.614E-02  0.120E+01  0.386E-01  0.500E-02 -0.441166E-03  0.394051E-03
[154203.177] 0    1930  0.174123E+02  0.615E-02  0.120E+01  0.387E-01  0.500E-02 -0.438821E-03  0.392622E-03
[154315.741] 0    1940  0.174734E+02  0.604E-02  0.120E+01  0.380E-01  0.500E-02 -0.437808E-03  0.393352E-03
[154428.318] 0    1950  0.175338E+02  0.610E-02  0.120E+01  0.384E-01  0.500E-02 -0.424689E-03  0.383826E-03
[154540.885] 0    1960  0.175945E+02  0.603E-02  0.120E+01  0.379E-01  0.500E-02 -0.422616E-03  0.372764E-03
[154653.457] 0    1970  0.176533E+02  0.572E-02  0.120E+01  0.360E-01  0.500E-02 -0.418999E-03  0.379703E-03
[154806.025] 0    1980  0.177104E+02  0.583E-02  0.120E+01  0.367E-01  0.500E-02 -0.428899E-03  0.378973E-03
[154918.596] 0    1990  0.177706E+02  0.629E-02  0.120E+01  0.396E-01  0.500E-02 -0.410877E-03  0.386363E-03
[155357.021] 0    2000  0.178330E+02  0.612E-02  0.120E+01  0.385E-01  0.500E-02 -0.410838E-03  0.380545E-03
[155509.608] 0    2010  0.178935E+02  0.597E-02  0.120E+01  0.376E-01  0.500E-02 -0.415942E-03  0.409311E-03
[155622.205] 0    2020  0.179527E+02  0.592E-02  0.120E+01  0.372E-01  0.500E-02 -0.425894E-03  0.413788E-03
[155734.773] 0    2030  0.180121E+02  0.598E-02  0.120E+01  0.376E-01  0.500E-02 -0.413924E-03  0.412385E-03
[155847.360] 0    2040  0.180730E+02  0.623E-02  0.120E+01  0.392E-01  0.500E-02 -0.432030E-03  0.395238E-03
[155959.953] 0    2050  0.181359E+02  0.623E-02  0.120E+01  0.392E-01  0.500E-02 -0.442209E-03  0.394148E-03
[160112.533] 0    2060  0.181975E+02  0.615E-02  0.120E+01  0.387E-01  0.500E-02 -0.437803E-03  0.379844E-03
[160225.111] 0    2070  0.182590E+02  0.600E-02  0.120E+01  0.377E-01  0.500E-02 -0.449545E-03  0.371796E-03
[160337.682] 0    2080  0.183174E+02  0.570E-02  0.120E+01  0.359E-01  0.500E-02 -0.455594E-03  0.369677E-03
[160450.241] 0    2090  0.183735E+02  0.559E-02  0.120E+01  0.351E-01  0.500E-02 -0.453697E-03  0.362593E-03
[160932.719] 0    2100  0.184289E+02  0.555E-02  0.120E+01  0.349E-01  0.500E-02 -0.461239E-03  0.372693E-03
[161045.351] 0    2110  0.184836E+02  0.545E-02  0.120E+01  0.343E-01  0.500E-02 -0.448810E-03  0.374656E-03
[161157.988] 0    2120  0.185385E+02  0.539E-02  0.120E+01  0.339E-01  0.500E-02 -0.432880E-03  0.361003E-03
[161310.624] 0    2130  0.185922E+02  0.541E-02  0.120E+01  0.340E-01  0.500E-02 -0.428716E-03  0.359259E-03
[161423.249] 0    2140  0.186472E+02  0.564E-02  0.120E+01  0.355E-01  0.500E-02 -0.424721E-03  0.368839E-03
[161535.888] 0    2150  0.187034E+02  0.561E-02  0.120E+01  0.353E-01  0.500E-02 -0.418599E-03  0.367778E-03
[161648.530] 0    2160  0.187599E+02  0.570E-02  0.120E+01  0.359E-01  0.500E-02 -0.422842E-03  0.372607E-03
[161801.158] 0    2170  0.188162E+02  0.544E-02  0.120E+01  0.342E-01  0.500E-02 -0.423679E-03  0.349515E-03
[161913.808] 0    2180  0.188693E+02  0.521E-02  0.120E+01  0.328E-01  0.500E-02 -0.437619E-03  0.340393E-03
[162026.456] 0    2190  0.189210E+02  0.515E-02  0.120E+01  0.324E-01  0.500E-02 -0.450646E-03  0.353347E-03
[162511.236] 0    2200  0.189731E+02  0.523E-02  0.120E+01  0.329E-01  0.500E-02 -0.434224E-03  0.364557E-03
[162623.895] 0    2210  0.190244E+02  0.503E-02  0.120E+01  0.317E-01  0.500E-02 -0.431884E-03  0.365986E-03
[162736.550] 0    2220  0.190741E+02  0.495E-02  0.120E+01  0.311E-01  0.500E-02 -0.421910E-03  0.362155E-03
[162849.209] 0    2230  0.191238E+02  0.494E-02  0.120E+01  0.311E-01  0.500E-02 -0.407006E-03  0.367298E-03
[163001.867] 0    2240  0.191729E+02  0.489E-02  0.120E+01  0.307E-01  0.500E-02 -0.393230E-03  0.359394E-03
[163114.520] 0    2250  0.192224E+02  0.502E-02  0.120E+01  0.316E-01  0.500E-02 -0.387397E-03  0.364192E-03
[163227.184] 0    2260  0.192739E+02  0.530E-02  0.120E+01  0.334E-01  0.500E-02 -0.391021E-03  0.382286E-03
[163339.854] 0    2270  0.193283E+02  0.556E-02  0.120E+01  0.350E-01  0.500E-02 -0.409995E-03  0.392001E-03
[163452.521] 0    2280  0.193844E+02  0.560E-02  0.120E+01  0.352E-01  0.500E-02 -0.404737E-03  0.374015E-03
[163605.191] 0    2290  0.194406E+02  0.569E-02  0.120E+01  0.358E-01  0.500E-02 -0.408855E-03  0.372323E-03
[164046.510] 0    2300  0.194982E+02  0.581E-02  0.120E+01  0.365E-01  0.500E-02 -0.419065E-03  0.364801E-03
[164159.113] 0    2310  0.195549E+02  0.552E-02  0.120E+01  0.347E-01  0.500E-02 -0.421904E-03  0.352831E-03
[164311.709] 0    2320  0.196091E+02  0.531E-02  0.120E+01  0.334E-01  0.500E-02 -0.415292E-03  0.346191E-03
[164424.314] 0    2330  0.196615E+02  0.519E-02  0.120E+01  0.327E-01  0.500E-02 -0.403795E-03  0.353993E-03
[164536.912] 0    2340  0.197128E+02  0.510E-02  0.120E+01  0.321E-01  0.500E-02 -0.408799E-03  0.360178E-03
[164649.524] 0    2350  0.197641E+02  0.517E-02  0.120E+01  0.325E-01  0.500E-02 -0.429600E-03  0.354341E-03
[164802.129] 0    2360  0.198168E+02  0.543E-02  0.120E+01  0.341E-01  0.500E-02 -0.420075E-03  0.322512E-03
[164914.723] 0    2370  0.198720E+02  0.544E-02  0.120E+01  0.342E-01  0.500E-02 -0.409375E-03  0.315013E-03
[165027.335] 0    2380  0.199256E+02  0.534E-02  0.120E+01  0.336E-01  0.500E-02 -0.420254E-03  0.329900E-03
[165139.935] 0    2390  0.199803E+02  0.564E-02  0.120E+01  0.355E-01  0.500E-02 -0.406014E-03  0.333891E-03
[165624.988] 0    2400  0.200378E+02  0.581E-02  0.120E+01  0.366E-01  0.500E-02 -0.388293E-03  0.331888E-03
[165737.607] 0    2410  0.200941E+02  0.548E-02  0.120E+01  0.344E-01  0.500E-02 -0.391060E-03  0.314661E-03
[165850.232] 0    2420  0.201488E+02  0.552E-02  0.120E+01  0.347E-01  0.500E-02 -0.387069E-03  0.312421E-03
[170002.844] 0    2430  0.202044E+02  0.551E-02  0.120E+01  0.347E-01  0.500E-02 -0.382113E-03  0.332791E-03
[170115.462] 0    2440  0.202588E+02  0.533E-02  0.120E+01  0.335E-01  0.500E-02 -0.380576E-03  0.348832E-03
[170228.090] 0    2450  0.203122E+02  0.536E-02  0.120E+01  0.337E-01  0.500E-02 -0.386352E-03  0.356349E-03
[170340.713] 0    2460  0.203662E+02  0.548E-02  0.120E+01  0.345E-01  0.500E-02 -0.380168E-03  0.349398E-03
[170453.336] 0    2470  0.204212E+02  0.552E-02  0.120E+01  0.347E-01  0.500E-02 -0.381582E-03  0.345416E-03
[170605.968] 0    2480  0.204768E+02  0.564E-02  0.120E+01  0.355E-01  0.500E-02 -0.384203E-03  0.352963E-03
[170718.606] 0    2490  0.205337E+02  0.566E-02  0.120E+01  0.356E-01  0.500E-02 -0.365140E-03  0.359583E-03
[171208.035] 0    2500  0.205889E+02  0.547E-02  0.120E+01  0.344E-01  0.500E-02 -0.358200E-03  0.362270E-03
[171320.655] 0    2510  0.206431E+02  0.543E-02  0.120E+01  0.342E-01  0.500E-02 -0.369812E-03  0.370240E-03
[171433.264] 0    2520  0.206977E+02  0.551E-02  0.120E+01  0.346E-01  0.500E-02 -0.363065E-03  0.361949E-03
[171545.858] 0    2530  0.207532E+02  0.560E-02  0.120E+01  0.352E-01  0.500E-02 -0.362712E-03  0.343779E-03
[171658.456] 0    2540  0.208099E+02  0.570E-02  0.120E+01  0.359E-01  0.500E-02 -0.360017E-03  0.317218E-03
[171811.054] 0    2550  0.208669E+02  0.572E-02  0.120E+01  0.360E-01  0.500E-02 -0.348957E-03  0.300508E-03
[171923.645] 0    2560  0.209238E+02  0.564E-02  0.120E+01  0.354E-01  0.500E-02 -0.367202E-03  0.310447E-03
[172036.215] 0    2570  0.209804E+02  0.566E-02  0.120E+01  0.356E-01  0.500E-02 -0.380483E-03  0.318041E-03
[172148.800] 0    2580  0.210371E+02  0.567E-02  0.120E+01  0.357E-01  0.500E-02 -0.385061E-03  0.336437E-03
[172301.378] 0    2590  0.210932E+02  0.548E-02  0.120E+01  0.345E-01  0.500E-02 -0.377239E-03  0.335204E-03
[172745.756] 0    2600  0.211474E+02  0.538E-02  0.120E+01  0.338E-01  0.500E-02 -0.355210E-03  0.328484E-03
[172858.342] 0    2610  0.212011E+02  0.533E-02  0.120E+01  0.335E-01  0.500E-02 -0.350841E-03  0.322446E-03
[173010.941] 0    2620  0.212544E+02  0.528E-02  0.120E+01  0.332E-01  0.500E-02 -0.338806E-03  0.306825E-03
[173123.531] 0    2630  0.213072E+02  0.527E-02  0.120E+01  0.332E-01  0.500E-02 -0.331497E-03  0.313440E-03
[173236.137] 0    2640  0.213602E+02  0.533E-02  0.120E+01  0.335E-01  0.500E-02 -0.335974E-03  0.336969E-03
[173348.736] 0    2650  0.214143E+02  0.554E-02  0.120E+01  0.348E-01  0.500E-02 -0.349842E-03  0.347264E-03
[173501.328] 0    2660  0.214696E+02  0.542E-02  0.120E+01  0.341E-01  0.500E-02 -0.343368E-03  0.351981E-03
[173613.920] 0    2670  0.215244E+02  0.548E-02  0.120E+01  0.344E-01  0.500E-02 -0.343189E-03  0.357990E-03
[173726.506] 0    2680  0.215799E+02  0.563E-02  0.120E+01  0.354E-01  0.500E-02 -0.354540E-03  0.363235E-03
[173839.081] 0    2690  0.216368E+02  0.575E-02  0.120E+01  0.361E-01  0.500E-02 -0.363235E-03  0.342101E-03
[174325.719] 0    2700  0.216944E+02  0.576E-02  0.120E+01  0.362E-01  0.500E-02 -0.384383E-03  0.337218E-03
[174438.274] 0    2710  0.217505E+02  0.547E-02  0.120E+01  0.344E-01  0.500E-02 -0.378741E-03  0.348096E-03
[174550.818] 0    2720  0.218048E+02  0.539E-02  0.120E+01  0.339E-01  0.500E-02 -0.375396E-03  0.377025E-03
[174703.366] 0    2730  0.218589E+02  0.543E-02  0.120E+01  0.342E-01  0.500E-02 -0.392311E-03  0.380457E-03
[174815.922] 0    2740  0.219139E+02  0.555E-02  0.120E+01  0.349E-01  0.500E-02 -0.387760E-03  0.375031E-03
[174928.463] 0    2750  0.219693E+02  0.555E-02  0.120E+01  0.349E-01  0.500E-02 -0.375156E-03  0.361579E-03
[175041.017] 0    2760  0.220248E+02  0.556E-02  0.120E+01  0.349E-01  0.500E-02 -0.347484E-03  0.366437E-03
[175153.558] 0    2770  0.220802E+02  0.552E-02  0.120E+01  0.347E-01  0.500E-02 -0.348903E-03  0.353590E-03
[175306.108] 0    2780  0.221352E+02  0.544E-02  0.120E+01  0.342E-01  0.500E-02 -0.357035E-03  0.359474E-03
[175418.639] 0    2790  0.221894E+02  0.543E-02  0.120E+01  0.342E-01  0.500E-02 -0.361998E-03  0.331439E-03
[175904.182] 0    2800  0.222435E+02  0.532E-02  0.120E+01  0.335E-01  0.500E-02 -0.348285E-03  0.321522E-03
[180016.714] 0    2810  0.222962E+02  0.523E-02  0.120E+01  0.329E-01  0.500E-02 -0.338734E-03  0.348959E-03
[180129.240] 0    2820  0.223483E+02  0.523E-02  0.120E+01  0.329E-01  0.500E-02 -0.338848E-03  0.329087E-03
[180241.769] 0    2830  0.224003E+02  0.511E-02  0.120E+01  0.321E-01  0.500E-02 -0.326875E-03  0.332607E-03
[180354.317] 0    2840  0.224509E+02  0.501E-02  0.120E+01  0.315E-01  0.500E-02 -0.344636E-03  0.352987E-03
[180506.847] 0    2850  0.225011E+02  0.501E-02  0.120E+01  0.315E-01  0.500E-02 -0.374685E-03  0.379725E-03
[180619.379] 0    2860  0.225515E+02  0.509E-02  0.120E+01  0.320E-01  0.500E-02 -0.400957E-03  0.389497E-03
[180731.924] 0    2870  0.226027E+02  0.516E-02  0.120E+01  0.324E-01  0.500E-02 -0.409687E-03  0.364695E-03
[180844.478] 0    2880  0.226545E+02  0.523E-02  0.120E+01  0.329E-01  0.500E-02 -0.414512E-03  0.364238E-03
[180957.019] 0    2890  0.227066E+02  0.520E-02  0.120E+01  0.327E-01  0.500E-02 -0.416406E-03  0.341449E-03
[181436.330] 0    2900  0.227589E+02  0.531E-02  0.120E+01  0.334E-01  0.500E-02 -0.399104E-03  0.333175E-03
[181548.873] 0    2910  0.228124E+02  0.539E-02  0.120E+01  0.339E-01  0.500E-02 -0.398635E-03  0.324238E-03
[181701.420] 0    2920  0.228657E+02  0.526E-02  0.120E+01  0.331E-01  0.500E-02 -0.388749E-03  0.327724E-03
[181813.975] 0    2930  0.229176E+02  0.513E-02  0.120E+01  0.322E-01  0.500E-02 -0.390199E-03  0.339772E-03
[181926.528] 0    2940  0.229692E+02  0.520E-02  0.120E+01  0.327E-01  0.500E-02 -0.394858E-03  0.364374E-03
[182039.070] 0    2950  0.230218E+02  0.531E-02  0.120E+01  0.334E-01  0.500E-02 -0.397277E-03  0.370824E-03
[182151.618] 0    2960  0.230755E+02  0.535E-02  0.120E+01  0.336E-01  0.500E-02 -0.387838E-03  0.369033E-03
[182304.161] 0    2970  0.231288E+02  0.532E-02  0.120E+01  0.335E-01  0.500E-02 -0.362181E-03  0.341694E-03
[182416.703] 0    2980  0.231820E+02  0.531E-02  0.120E+01  0.334E-01  0.500E-02 -0.321731E-03  0.332373E-03
[182529.242] 0    2990  0.232349E+02  0.527E-02  0.120E+01  0.332E-01  0.500E-02 -0.294199E-03  0.328319E-03
[183013.795] 0    3000  0.232875E+02  0.525E-02  0.120E+01  0.330E-01  0.500E-02 -0.285419E-03  0.312483E-03
[183126.386] 0    3010  0.233400E+02  0.528E-02  0.120E+01  0.332E-01  0.500E-02 -0.301627E-03  0.284275E-03
[183238.996] 0    3020  0.233931E+02  0.531E-02  0.120E+01  0.334E-01  0.500E-02 -0.293892E-03  0.268342E-03
[183351.596] 0    3030  0.234460E+02  0.532E-02  0.120E+01  0.334E-01  0.500E-02 -0.277265E-03  0.245801E-03
[183504.200] 0    3040  0.234994E+02  0.537E-02  0.120E+01  0.338E-01  0.500E-02 -0.283878E-03  0.231962E-03
[183616.819] 0    3050  0.235537E+02  0.555E-02  0.120E+01  0.349E-01  0.500E-02 -0.308669E-03  0.239287E-03
[183729.452] 0    3060  0.236096E+02  0.566E-02  0.120E+01  0.356E-01  0.500E-02 -0.305545E-03  0.248039E-03
[183842.080] 0    3070  0.236650E+02  0.543E-02  0.120E+01  0.341E-01  0.500E-02 -0.313170E-03  0.277584E-03
[183954.704] 0    3080  0.237181E+02  0.518E-02  0.120E+01  0.326E-01  0.500E-02 -0.316960E-03  0.255287E-03
[184107.340] 0    3090  0.237692E+02  0.502E-02  0.120E+01  0.316E-01  0.500E-02 -0.311730E-03  0.255987E-03
[184555.906] 0    3100  0.238188E+02  0.495E-02  0.120E+01  0.312E-01  0.500E-02 -0.301916E-03  0.274555E-03
[184708.497] 0    3110  0.238683E+02  0.497E-02  0.120E+01  0.313E-01  0.500E-02 -0.295477E-03  0.248889E-03
[184821.097] 0    3120  0.239185E+02  0.506E-02  0.120E+01  0.319E-01  0.500E-02 -0.314963E-03  0.262100E-03
[184933.688] 0    3130  0.239693E+02  0.512E-02  0.120E+01  0.322E-01  0.500E-02 -0.337696E-03  0.296204E-03
[185046.292] 0    3140  0.240213E+02  0.525E-02  0.120E+01  0.330E-01  0.500E-02 -0.354662E-03  0.309838E-03
[185158.898] 0    3150  0.240734E+02  0.518E-02  0.120E+01  0.326E-01  0.500E-02 -0.361419E-03  0.300688E-03
[185311.497] 0    3160  0.241251E+02  0.509E-02  0.120E+01  0.320E-01  0.500E-02 -0.357463E-03  0.318865E-03
[185424.096] 0    3170  0.241752E+02  0.494E-02  0.120E+01  0.311E-01  0.500E-02 -0.369853E-03  0.343452E-03
[185536.688] 0    3180  0.242243E+02  0.490E-02  0.120E+01  0.308E-01  0.500E-02 -0.378707E-03  0.332037E-03
[185649.282] 0    3190  0.242737E+02  0.498E-02  0.120E+01  0.313E-01  0.500E-02 -0.399199E-03  0.311996E-03
[190140.390] 0    3200  0.243240E+02  0.513E-02  0.120E+01  0.323E-01  0.500E-02 -0.398278E-03  0.303461E-03
[190252.967] 0    3210  0.243756E+02  0.517E-02  0.120E+01  0.325E-01  0.500E-02 -0.380415E-03  0.291212E-03
[190405.548] 0    3220  0.244275E+02  0.529E-02  0.120E+01  0.332E-01  0.500E-02 -0.351998E-03  0.285087E-03
[190518.124] 0    3230  0.244810E+02  0.539E-02  0.120E+01  0.339E-01  0.500E-02 -0.324148E-03  0.272015E-03
[190630.698] 0    3240  0.245353E+02  0.552E-02  0.120E+01  0.347E-01  0.500E-02 -0.306889E-03  0.249297E-03
[190743.265] 0    3250  0.245911E+02  0.565E-02  0.120E+01  0.355E-01  0.500E-02 -0.287139E-03  0.251173E-03
[190855.832] 0    3260  0.246466E+02  0.553E-02  0.120E+01  0.348E-01  0.500E-02 -0.276811E-03  0.265885E-03
[191008.409] 0    3270  0.247011E+02  0.536E-02  0.120E+01  0.337E-01  0.500E-02 -0.280061E-03  0.295988E-03
[191120.963] 0    3280  0.247541E+02  0.521E-02  0.120E+01  0.328E-01  0.500E-02 -0.295362E-03  0.323386E-03
[191233.516] 0    3290  0.248062E+02  0.521E-02  0.120E+01  0.328E-01  0.500E-02 -0.307860E-03  0.322593E-03
[191716.668] 0    3300  0.248582E+02  0.518E-02  0.120E+01  0.326E-01  0.500E-02 -0.299761E-03  0.332081E-03
[191829.211] 0    3310  0.249094E+02  0.513E-02  0.120E+01  0.323E-01  0.500E-02 -0.292310E-03  0.333846E-03
[191941.778] 0    3320  0.249610E+02  0.523E-02  0.120E+01  0.329E-01  0.500E-02 -0.259031E-03  0.319571E-03
[192054.354] 0    3330  0.250143E+02  0.550E-02  0.120E+01  0.346E-01  0.500E-02 -0.241898E-03  0.289432E-03
[192206.929] 0    3340  0.250685E+02  0.531E-02  0.120E+01  0.334E-01  0.500E-02 -0.258398E-03  0.265377E-03
[192319.494] 0    3350  0.251212E+02  0.529E-02  0.120E+01  0.333E-01  0.500E-02 -0.248270E-03  0.272061E-03
[192432.052] 0    3360  0.251737E+02  0.520E-02  0.120E+01  0.327E-01  0.500E-02 -0.253046E-03  0.285925E-03
[192544.607] 0    3370  0.252253E+02  0.510E-02  0.120E+01  0.321E-01  0.500E-02 -0.283703E-03  0.304832E-03
[192657.162] 0    3380  0.252756E+02  0.495E-02  0.120E+01  0.311E-01  0.500E-02 -0.296223E-03  0.309330E-03
[192809.715] 0    3390  0.253249E+02  0.490E-02  0.120E+01  0.308E-01  0.500E-02 -0.302283E-03  0.297178E-03
[193255.843] 0    3400  0.253740E+02  0.499E-02  0.120E+01  0.314E-01  0.500E-02 -0.303231E-03  0.302521E-03
[193408.392] 0    3410  0.254245E+02  0.511E-02  0.120E+01  0.322E-01  0.500E-02 -0.302425E-03  0.307848E-03
[193520.919] 0    3420  0.254753E+02  0.507E-02  0.120E+01  0.319E-01  0.500E-02 -0.294800E-03  0.303403E-03
[193633.449] 0    3430  0.255253E+02  0.499E-02  0.120E+01  0.314E-01  0.500E-02 -0.303055E-03  0.300928E-03
[193745.979] 0    3440  0.255765E+02  0.513E-02  0.120E+01  0.323E-01  0.500E-02 -0.316983E-03  0.303261E-03
[193858.495] 0    3450  0.256281E+02  0.523E-02  0.120E+01  0.329E-01  0.500E-02 -0.362843E-03  0.301555E-03
[194011.025] 0    3460  0.256803E+02  0.516E-02  0.120E+01  0.324E-01  0.500E-02 -0.350559E-03  0.279720E-03
[194123.572] 0    3470  0.257325E+02  0.525E-02  0.120E+01  0.330E-01  0.500E-02 -0.363407E-03  0.274182E-03
[194236.098] 0    3480  0.257853E+02  0.528E-02  0.120E+01  0.332E-01  0.500E-02 -0.380532E-03  0.275408E-03
[194348.629] 0    3490  0.258380E+02  0.520E-02  0.120E+01  0.327E-01  0.500E-02 -0.371373E-03  0.276138E-03
[194825.580] 0    3500  0.258897E+02  0.513E-02  0.120E+01  0.323E-01  0.500E-02 -0.364787E-03  0.270843E-03
[000104.934] ###############################################################################################
[000104.952] #  Itn.    time          dt         CFL#       D#         visc       DilMin        DilMax     #
[000104.955] ###############################################################################################
[000105.001] 0    3500  0.258897E+02  0.513E-02  0.120E+01  0.323E-01  0.500E-02 -0.364787E-03  0.270843E-03
[000217.504] 0    3510  0.259409E+02  0.512E-02  0.120E+01  0.322E-01  0.500E-02 -0.356522E-03  0.270177E-03
[000330.013] 0    3520  0.259916E+02  0.501E-02  0.120E+01  0.315E-01  0.500E-02 -0.325570E-03  0.255857E-03
[000442.523] 0    3530  0.260414E+02  0.494E-02  0.120E+01  0.311E-01  0.500E-02 -0.321832E-03  0.257942E-03
[000555.043] 0    3540  0.260906E+02  0.489E-02  0.120E+01  0.308E-01  0.500E-02 -0.333727E-03  0.270900E-03
[000707.576] 0    3550  0.261393E+02  0.482E-02  0.120E+01  0.303E-01  0.500E-02 -0.330911E-03  0.282543E-03
[000820.097] 0    3560  0.261869E+02  0.470E-02  0.120E+01  0.295E-01  0.500E-02 -0.330602E-03  0.294145E-03
[000932.609] 0    3570  0.262334E+02  0.461E-02  0.120E+01  0.290E-01  0.500E-02 -0.317249E-03  0.308380E-03
[001045.140] 0    3580  0.262797E+02  0.469E-02  0.120E+01  0.295E-01  0.500E-02 -0.301791E-03  0.303324E-03
[001157.664] 0    3590  0.263274E+02  0.485E-02  0.120E+01  0.305E-01  0.500E-02 -0.291990E-03  0.296178E-03
[001644.100] 0    3600  0.263765E+02  0.503E-02  0.120E+01  0.316E-01  0.500E-02 -0.266110E-03  0.259615E-03
[001756.603] 0    3610  0.264266E+02  0.482E-02  0.120E+01  0.303E-01  0.500E-02 -0.259366E-03  0.233423E-03
[001909.101] 0    3620  0.264748E+02  0.479E-02  0.120E+01  0.301E-01  0.500E-02 -0.277534E-03  0.233148E-03
[002021.598] 0    3630  0.265231E+02  0.483E-02  0.120E+01  0.304E-01  0.500E-02 -0.278250E-03  0.241004E-03
[002134.102] 0    3640  0.265729E+02  0.508E-02  0.120E+01  0.320E-01  0.500E-02 -0.276657E-03  0.228350E-03
[002246.620] 0    3650  0.266253E+02  0.522E-02  0.120E+01  0.329E-01  0.500E-02 -0.258944E-03  0.245099E-03
[002359.117] 0    3660  0.266768E+02  0.509E-02  0.120E+01  0.320E-01  0.500E-02 -0.240842E-03  0.243710E-03
[002511.606] 0    3670  0.267278E+02  0.512E-02  0.120E+01  0.322E-01  0.500E-02 -0.241655E-03  0.231186E-03
[002624.092] 0    3680  0.267792E+02  0.517E-02  0.120E+01  0.325E-01  0.500E-02 -0.245571E-03  0.238830E-03
[002736.578] 0    3690  0.268311E+02  0.521E-02  0.120E+01  0.327E-01  0.500E-02 -0.273753E-03  0.250106E-03
[003221.978] 0    3700  0.268832E+02  0.523E-02  0.120E+01  0.329E-01  0.500E-02 -0.287852E-03  0.257108E-03
[003334.473] 0    3710  0.269356E+02  0.524E-02  0.120E+01  0.329E-01  0.500E-02 -0.268057E-03  0.268254E-03
[003446.972] 0    3720  0.269873E+02  0.509E-02  0.120E+01  0.320E-01  0.500E-02 -0.245850E-03  0.275811E-03
[003559.477] 0    3730  0.270378E+02  0.499E-02  0.120E+01  0.314E-01  0.500E-02 -0.258997E-03  0.278242E-03
[003711.980] 0    3740  0.270879E+02  0.498E-02  0.120E+01  0.313E-01  0.500E-02 -0.271301E-03  0.290094E-03
[003824.489] 0    3750  0.271375E+02  0.494E-02  0.120E+01  0.310E-01  0.500E-02 -0.290801E-03  0.290257E-03
[003937.001] 0    3760  0.271870E+02  0.487E-02  0.120E+01  0.306E-01  0.500E-02 -0.284669E-03  0.284813E-03
[004049.480] 0    3770  0.272348E+02  0.470E-02  0.120E+01  0.296E-01  0.500E-02 -0.282734E-03  0.282687E-03
[004201.983] 0    3780  0.272820E+02  0.476E-02  0.120E+01  0.299E-01  0.500E-02 -0.284013E-03  0.289344E-03
[004314.496] 0    3790  0.273306E+02  0.485E-02  0.120E+01  0.305E-01  0.500E-02 -0.281307E-03  0.300299E-03
[004801.464] 0    3800  0.273775E+02  0.457E-02  0.120E+01  0.287E-01  0.500E-02 -0.263087E-03  0.268128E-03
[004913.970] 0    3810  0.274235E+02  0.473E-02  0.120E+01  0.297E-01  0.500E-02 -0.254501E-03  0.239784E-03
[005026.480] 0    3820  0.274705E+02  0.456E-02  0.120E+01  0.287E-01  0.500E-02 -0.259401E-03  0.227091E-03
[005138.998] 0    3830  0.275182E+02  0.488E-02  0.120E+01  0.307E-01  0.500E-02 -0.257634E-03  0.222092E-03
[005251.527] 0    3840  0.275668E+02  0.485E-02  0.120E+01  0.305E-01  0.500E-02 -0.244036E-03  0.211417E-03
[005404.034] 0    3850  0.276149E+02  0.474E-02  0.120E+01  0.298E-01  0.500E-02 -0.227712E-03  0.235748E-03
[005516.565] 0    3860  0.276624E+02  0.475E-02  0.120E+01  0.299E-01  0.500E-02 -0.246645E-03  0.226881E-03
[005629.106] 0    3870  0.277102E+02  0.484E-02  0.120E+01  0.304E-01  0.500E-02 -0.255140E-03  0.233789E-03
[005741.631] 0    3880  0.277593E+02  0.504E-02  0.120E+01  0.317E-01  0.500E-02 -0.251221E-03  0.237094E-03
[005854.151] 0    3890  0.278081E+02  0.468E-02  0.120E+01  0.294E-01  0.500E-02 -0.243566E-03  0.233282E-03
[010342.382] 0    3900  0.278542E+02  0.457E-02  0.120E+01  0.287E-01  0.500E-02 -0.240156E-03  0.230663E-03
[010454.915] 0    3910  0.278996E+02  0.455E-02  0.120E+01  0.286E-01  0.500E-02 -0.241913E-03  0.236523E-03
[010607.439] 0    3920  0.279449E+02  0.454E-02  0.120E+01  0.285E-01  0.500E-02 -0.251354E-03  0.240652E-03
[010719.973] 0    3930  0.279893E+02  0.443E-02  0.120E+01  0.278E-01  0.500E-02 -0.267675E-03  0.227959E-03
[010832.502] 0    3940  0.280336E+02  0.460E-02  0.120E+01  0.289E-01  0.500E-02 -0.285663E-03  0.234569E-03
[010945.044] 0    3950  0.280803E+02  0.491E-02  0.120E+01  0.309E-01  0.500E-02 -0.307982E-03  0.243817E-03
[011057.596] 0    3960  0.281304E+02  0.513E-02  0.120E+01  0.322E-01  0.500E-02 -0.328225E-03  0.248177E-03
[011210.134] 0    3970  0.281812E+02  0.511E-02  0.120E+01  0.322E-01  0.500E-02 -0.332895E-03  0.261341E-03
[011322.692] 0    3980  0.282324E+02  0.517E-02  0.120E+01  0.325E-01  0.500E-02 -0.346792E-03  0.266940E-03
[011435.232] 0    3990  0.282841E+02  0.511E-02  0.120E+01  0.322E-01  0.500E-02 -0.351877E-03  0.276365E-03
[011925.926] 0    4000  0.283350E+02  0.505E-02  0.120E+01  0.318E-01  0.500E-02 -0.343933E-03  0.270840E-03
[113512.866] ###############################################################################################
[113512.883] #  Itn.    time          dt         CFL#       D#         visc       DilMin        DilMax     #
[113512.885] ###############################################################################################
[113512.931] 0    4000  0.283350E+02  0.505E-02  0.120E+01  0.318E-01  0.500E-02 -0.343933E-03  0.270840E-03
[113625.483] 0    4010  0.283849E+02  0.495E-02  0.120E+01  0.311E-01  0.500E-02 -0.322274E-03  0.263251E-03
[113738.028] 0    4020  0.284339E+02  0.482E-02  0.120E+01  0.303E-01  0.500E-02 -0.310363E-03  0.246036E-03
[113850.568] 0    4030  0.284818E+02  0.474E-02  0.120E+01  0.298E-01  0.500E-02 -0.307937E-03  0.230186E-03
[114003.116] 0    4040  0.285292E+02  0.480E-02  0.120E+01  0.302E-01  0.500E-02 -0.310018E-03  0.214475E-03
[114115.666] 0    4050  0.285779E+02  0.497E-02  0.120E+01  0.313E-01  0.500E-02 -0.307333E-03  0.222695E-03
[114228.227] 0    4060  0.286282E+02  0.495E-02  0.120E+01  0.311E-01  0.500E-02 -0.287584E-03  0.235161E-03
[114340.765] 0    4070  0.286764E+02  0.470E-02  0.120E+01  0.296E-01  0.500E-02 -0.288929E-03  0.257183E-03
[114453.315] 0    4080  0.287226E+02  0.454E-02  0.120E+01  0.286E-01  0.500E-02 -0.289830E-03  0.273100E-03
[114605.863] 0    4090  0.287682E+02  0.454E-02  0.120E+01  0.285E-01  0.500E-02 -0.295942E-03  0.278117E-03
[115052.592] 0    4100  0.288138E+02  0.461E-02  0.120E+01  0.290E-01  0.500E-02 -0.285197E-03  0.273323E-03
[115205.098] 0    4110  0.288595E+02  0.451E-02  0.120E+01  0.283E-01  0.500E-02 -0.266278E-03  0.248432E-03
[115317.611] 0    4120  0.289046E+02  0.455E-02  0.120E+01  0.286E-01  0.500E-02 -0.254406E-03  0.242811E-03
[115430.128] 0    4130  0.289509E+02  0.475E-02  0.120E+01  0.299E-01  0.500E-02 -0.292518E-03  0.232762E-03
[115542.634] 0    4140  0.289995E+02  0.504E-02  0.120E+01  0.317E-01  0.500E-02 -0.305607E-03  0.222631E-03
[115655.162] 0    4150  0.290509E+02  0.527E-02  0.120E+01  0.331E-01  0.500E-02 -0.316941E-03  0.217930E-03
[115807.689] 0    4160  0.291029E+02  0.505E-02  0.120E+01  0.318E-01  0.500E-02 -0.309508E-03  0.228432E-03
[115920.212] 0    4170  0.291523E+02  0.488E-02  0.120E+01  0.307E-01  0.500E-02 -0.321739E-03  0.229417E-03
[120032.715] 0    4180  0.292012E+02  0.487E-02  0.120E+01  0.306E-01  0.500E-02 -0.348372E-03  0.224437E-03
[120145.230] 0    4190  0.292500E+02  0.487E-02  0.120E+01  0.307E-01  0.500E-02 -0.361837E-03  0.216874E-03
[120635.246] 0    4200  0.292993E+02  0.499E-02  0.120E+01  0.314E-01  0.500E-02 -0.349594E-03  0.216913E-03
[120747.779] 0    4210  0.293505E+02  0.528E-02  0.120E+01  0.332E-01  0.500E-02 -0.327482E-03  0.235804E-03
[120900.310] 0    4220  0.294035E+02  0.531E-02  0.120E+01  0.334E-01  0.500E-02 -0.295468E-03  0.230825E-03
[121012.833] 0    4230  0.294571E+02  0.528E-02  0.120E+01  0.332E-01  0.500E-02 -0.288232E-03  0.221308E-03
[121125.359] 0    4240  0.295096E+02  0.527E-02  0.120E+01  0.331E-01  0.500E-02 -0.276626E-03  0.227987E-03
[121237.885] 0    4250  0.295617E+02  0.519E-02  0.120E+01  0.327E-01  0.500E-02 -0.272759E-03  0.246062E-03
[121350.401] 0    4260  0.296124E+02  0.494E-02  0.120E+01  0.311E-01  0.500E-02 -0.284121E-03  0.258577E-03
[121502.907] 0    4270  0.296619E+02  0.499E-02  0.120E+01  0.314E-01  0.500E-02 -0.259538E-03  0.263668E-03
[121615.423] 0    4280  0.297117E+02  0.491E-02  0.120E+01  0.309E-01  0.500E-02 -0.238400E-03  0.266175E-03
[121727.939] 0    4290  0.297604E+02  0.472E-02  0.120E+01  0.297E-01  0.500E-02 -0.224285E-03  0.271694E-03
[122215.892] 0    4300  0.298079E+02  0.473E-02  0.120E+01  0.298E-01  0.500E-02 -0.224191E-03  0.260330E-03
[122328.400] 0    4310  0.298563E+02  0.499E-02  0.120E+01  0.314E-01  0.500E-02 -0.227930E-03  0.258456E-03
[122440.918] 0    4320  0.299065E+02  0.517E-02  0.120E+01  0.325E-01  0.500E-02 -0.236638E-03  0.253055E-03
[122553.420] 0    4330  0.299584E+02  0.516E-02  0.120E+01  0.325E-01  0.500E-02 -0.251240E-03  0.239442E-03
[122705.930] 0    4340  0.300103E+02  0.524E-02  0.120E+01  0.330E-01  0.500E-02 -0.235182E-03  0.239590E-03
[122818.449] 0    4350  0.300628E+02  0.523E-02  0.120E+01  0.329E-01  0.500E-02 -0.244026E-03  0.252562E-03
[122930.933] 0    4360  0.301151E+02  0.526E-02  0.120E+01  0.331E-01  0.500E-02 -0.274169E-03  0.240606E-03
[123043.444] 0    4370  0.301681E+02  0.537E-02  0.120E+01  0.338E-01  0.500E-02 -0.284930E-03  0.227896E-03
[123155.953] 0    4380  0.302227E+02  0.556E-02  0.120E+01  0.350E-01  0.500E-02 -0.259369E-03  0.219336E-03
[123308.468] 0    4390  0.302793E+02  0.574E-02  0.120E+01  0.361E-01  0.500E-02 -0.255934E-03  0.213793E-03
[123747.780] 0    4400  0.303368E+02  0.579E-02  0.120E+01  0.364E-01  0.500E-02 -0.244705E-03  0.202251E-03
[123900.276] 0    4410  0.303927E+02  0.551E-02  0.120E+01  0.346E-01  0.500E-02 -0.216645E-03  0.196759E-03
[124012.791] 0    4420  0.304477E+02  0.543E-02  0.120E+01  0.341E-01  0.500E-02 -0.188800E-03  0.190262E-03
[124125.307] 0    4430  0.305010E+02  0.522E-02  0.120E+01  0.329E-01  0.500E-02 -0.190710E-03  0.185699E-03
[124237.809] 0    4440  0.305535E+02  0.532E-02  0.120E+01  0.334E-01  0.500E-02 -0.202246E-03  0.174646E-03
[124350.322] 0    4450  0.306067E+02  0.528E-02  0.120E+01  0.332E-01  0.500E-02 -0.217364E-03  0.168331E-03
[124502.831] 0    4460  0.306587E+02  0.520E-02  0.120E+01  0.327E-01  0.500E-02 -0.217404E-03  0.182090E-03
[124615.337] 0    4470  0.307126E+02  0.553E-02  0.120E+01  0.348E-01  0.500E-02 -0.213404E-03  0.209578E-03
[124727.846] 0    4480  0.307686E+02  0.560E-02  0.120E+01  0.352E-01  0.500E-02 -0.237095E-03  0.236322E-03
[124840.363] 0    4490  0.308244E+02  0.548E-02  0.120E+01  0.345E-01  0.500E-02 -0.232228E-03  0.247613E-03
[125319.926] 0    4500  0.308797E+02  0.548E-02  0.120E+01  0.344E-01  0.500E-02 -0.215384E-03  0.231211E-03
[125432.491] 0    4510  0.309347E+02  0.564E-02  0.120E+01  0.355E-01  0.500E-02 -0.205711E-03  0.239477E-03
[125545.055] 0    4520  0.309918E+02  0.577E-02  0.120E+01  0.363E-01  0.500E-02 -0.209444E-03  0.226968E-03
[125657.628] 0    4530  0.310461E+02  0.528E-02  0.120E+01  0.332E-01  0.500E-02 -0.220683E-03  0.202459E-03
[125810.199] 0    4540  0.311001E+02  0.544E-02  0.120E+01  0.342E-01  0.500E-02 -0.234182E-03  0.206976E-03
[125922.768] 0    4550  0.311543E+02  0.534E-02  0.120E+01  0.336E-01  0.500E-02 -0.249241E-03  0.210814E-03
[130035.342] 0    4560  0.312072E+02  0.521E-02  0.120E+01  0.328E-01  0.500E-02 -0.251636E-03  0.239956E-03
[130147.898] 0    4570  0.312592E+02  0.520E-02  0.120E+01  0.327E-01  0.500E-02 -0.233547E-03  0.241349E-03
[130300.451] 0    4580  0.313113E+02  0.523E-02  0.120E+01  0.329E-01  0.500E-02 -0.221481E-03  0.249227E-03
[130413.032] 0    4590  0.313640E+02  0.534E-02  0.120E+01  0.336E-01  0.500E-02 -0.225531E-03  0.248620E-03
[130852.217] 0    4600  0.314177E+02  0.539E-02  0.120E+01  0.339E-01  0.500E-02 -0.220359E-03  0.229409E-03
[131004.791] 0    4610  0.314706E+02  0.513E-02  0.120E+01  0.323E-01  0.500E-02 -0.223906E-03  0.222305E-03
[131117.366] 0    4620  0.315203E+02  0.476E-02  0.120E+01  0.299E-01  0.500E-02 -0.235972E-03  0.229272E-03
[131229.938] 0    4630  0.315670E+02  0.452E-02  0.120E+01  0.284E-01  0.500E-02 -0.241445E-03  0.218974E-03
[131342.513] 0    4640  0.316108E+02  0.426E-02  0.120E+01  0.268E-01  0.500E-02 -0.240075E-03  0.211134E-03
[131455.088] 0    4650  0.316525E+02  0.420E-02  0.120E+01  0.264E-01  0.500E-02 -0.235661E-03  0.219874E-03
[131607.675] 0    4660  0.316942E+02  0.427E-02  0.120E+01  0.268E-01  0.500E-02 -0.246316E-03  0.224440E-03
[131720.273] 0    4670  0.317372E+02  0.438E-02  0.120E+01  0.275E-01  0.500E-02 -0.249465E-03  0.222984E-03
[131832.883] 0    4680  0.317826E+02  0.479E-02  0.120E+01  0.302E-01  0.500E-02 -0.250807E-03  0.222621E-03
[131945.498] 0    4690  0.318312E+02  0.490E-02  0.120E+01  0.308E-01  0.500E-02 -0.248106E-03  0.223712E-03
[132434.569] 0    4700  0.318808E+02  0.505E-02  0.120E+01  0.318E-01  0.500E-02 -0.231165E-03  0.229422E-03
[132547.143] 0    4710  0.319316E+02  0.503E-02  0.120E+01  0.316E-01  0.500E-02 -0.218553E-03  0.219994E-03
[132659.717] 0    4720  0.319814E+02  0.492E-02  0.120E+01  0.309E-01  0.500E-02 -0.221423E-03  0.214646E-03
[132812.268] 0    4730  0.320301E+02  0.482E-02  0.120E+01  0.303E-01  0.500E-02 -0.221817E-03  0.209801E-03
[132924.835] 0    4740  0.320780E+02  0.475E-02  0.120E+01  0.299E-01  0.500E-02 -0.221429E-03  0.204339E-03
[133037.407] 0    4750  0.321253E+02  0.467E-02  0.120E+01  0.294E-01  0.500E-02 -0.215884E-03  0.203983E-03
[133149.987] 0    4760  0.321718E+02  0.462E-02  0.120E+01  0.291E-01  0.500E-02 -0.216571E-03  0.208867E-03
[133302.566] 0    4770  0.322180E+02  0.464E-02  0.120E+01  0.292E-01  0.500E-02 -0.211755E-03  0.209731E-03
[133415.153] 0    4780  0.322650E+02  0.477E-02  0.120E+01  0.300E-01  0.500E-02 -0.217489E-03  0.212971E-03
[133527.751] 0    4790  0.323136E+02  0.500E-02  0.120E+01  0.314E-01  0.500E-02 -0.214895E-03  0.221887E-03
[134014.453] 0    4800  0.323645E+02  0.522E-02  0.120E+01  0.328E-01  0.500E-02 -0.219151E-03  0.216572E-03
[134127.069] 0    4810  0.324172E+02  0.522E-02  0.120E+01  0.328E-01  0.500E-02 -0.210684E-03  0.210067E-03
[134239.692] 0    4820  0.324682E+02  0.496E-02  0.120E+01  0.312E-01  0.500E-02 -0.224270E-03  0.206672E-03
[134352.305] 0    4830  0.325179E+02  0.502E-02  0.120E+01  0.316E-01  0.500E-02 -0.216311E-03  0.207530E-03
[134504.918] 0    4840  0.325690E+02  0.528E-02  0.120E+01  0.332E-01  0.500E-02 -0.210104E-03  0.208670E-03
[134617.531] 0    4850  0.326227E+02  0.538E-02  0.120E+01  0.339E-01  0.500E-02 -0.200106E-03  0.191125E-03
[134730.138] 0    4860  0.326757E+02  0.532E-02  0.120E+01  0.335E-01  0.500E-02 -0.186143E-03  0.162543E-03
[134842.735] 0    4870  0.327300E+02  0.550E-02  0.120E+01  0.346E-01  0.500E-02 -0.188620E-03  0.149104E-03
[134955.332] 0    4880  0.327848E+02  0.546E-02  0.120E+01  0.343E-01  0.500E-02 -0.182374E-03  0.159113E-03
[135107.912] 0    4890  0.328400E+02  0.560E-02  0.120E+01  0.352E-01  0.500E-02 -0.194175E-03  0.155847E-03
[135554.820] 0    4900  0.328971E+02  0.574E-02  0.120E+01  0.361E-01  0.500E-02 -0.189934E-03  0.170292E-03
[135707.376] 0    4910  0.329539E+02  0.558E-02  0.120E+01  0.351E-01  0.500E-02 -0.189119E-03  0.168979E-03
[135819.963] 0    4920  0.330090E+02  0.542E-02  0.120E+01  0.341E-01  0.500E-02 -0.192923E-03  0.181397E-03
[135932.506] 0    4930  0.330628E+02  0.535E-02  0.120E+01  0.337E-01  0.500E-02 -0.200995E-03  0.199464E-03
[140045.068] 0    4940  0.331162E+02  0.536E-02  0.120E+01  0.337E-01  0.500E-02 -0.197059E-03  0.192839E-03
[140157.626] 0    4950  0.331703E+02  0.545E-02  0.120E+01  0.343E-01  0.500E-02 -0.182349E-03  0.198746E-03
[140310.197] 0    4960  0.332251E+02  0.546E-02  0.120E+01  0.343E-01  0.500E-02 -0.167821E-03  0.188153E-03
[140422.754] 0    4970  0.332797E+02  0.547E-02  0.120E+01  0.344E-01  0.500E-02 -0.168631E-03  0.184893E-03
[140535.325] 0    4980  0.333342E+02  0.540E-02  0.120E+01  0.340E-01  0.500E-02 -0.195124E-03  0.185440E-03
[140647.884] 0    4990  0.333886E+02  0.547E-02  0.120E+01  0.344E-01  0.500E-02 -0.202635E-03  0.191542E-03
[141124.447] 0    5000  0.334415E+02  0.523E-02  0.120E+01  0.329E-01  0.500E-02 -0.193587E-03  0.195719E-03
[141237.029] 0    5010  0.334957E+02  0.546E-02  0.120E+01  0.343E-01  0.500E-02 -0.199070E-03  0.206081E-03
[141349.616] 0    5020  0.335493E+02  0.527E-02  0.120E+01  0.331E-01  0.500E-02 -0.211220E-03  0.204710E-03
[141502.207] 0    5030  0.336014E+02  0.516E-02  0.120E+01  0.325E-01  0.500E-02 -0.225509E-03  0.205826E-03
[141614.787] 0    5040  0.336530E+02  0.518E-02  0.120E+01  0.326E-01  0.500E-02 -0.227188E-03  0.195828E-03
[141727.399] 0    5050  0.337048E+02  0.520E-02  0.120E+01  0.327E-01  0.500E-02 -0.221647E-03  0.204525E-03
[141839.993] 0    5060  0.337573E+02  0.529E-02  0.120E+01  0.333E-01  0.500E-02 -0.213103E-03  0.212997E-03
[141952.603] 0    5070  0.338103E+02  0.531E-02  0.120E+01  0.334E-01  0.500E-02 -0.197809E-03  0.201351E-03
[142105.210] 0    5080  0.338638E+02  0.540E-02  0.120E+01  0.340E-01  0.500E-02 -0.215303E-03  0.189722E-03
[142217.807] 0    5090  0.339179E+02  0.538E-02  0.120E+01  0.338E-01  0.500E-02 -0.213743E-03  0.181191E-03
[142659.827] 0    5100  0.339720E+02  0.541E-02  0.120E+01  0.340E-01  0.500E-02 -0.194598E-03  0.167084E-03
[142812.432] 0    5110  0.340261E+02  0.539E-02  0.120E+01  0.339E-01  0.500E-02 -0.201875E-03  0.161496E-03
[142925.042] 0    5120  0.340800E+02  0.541E-02  0.120E+01  0.340E-01  0.500E-02 -0.215691E-03  0.165328E-03
[143037.644] 0    5130  0.341343E+02  0.548E-02  0.120E+01  0.345E-01  0.500E-02 -0.206723E-03  0.166918E-03
[143150.244] 0    5140  0.341897E+02  0.562E-02  0.120E+01  0.353E-01  0.500E-02 -0.186264E-03  0.170221E-03
[143302.864] 0    5150  0.342453E+02  0.550E-02  0.120E+01  0.346E-01  0.500E-02 -0.185721E-03  0.170926E-03
[143415.476] 0    5160  0.342994E+02  0.533E-02  0.120E+01  0.335E-01  0.500E-02 -0.194666E-03  0.167157E-03
[143528.097] 0    5170  0.343525E+02  0.532E-02  0.120E+01  0.335E-01  0.500E-02 -0.200133E-03  0.161526E-03
[143640.696] 0    5180  0.344061E+02  0.538E-02  0.120E+01  0.338E-01  0.500E-02 -0.211332E-03  0.167338E-03
[143753.326] 0    5190  0.344593E+02  0.523E-02  0.120E+01  0.329E-01  0.500E-02 -0.205482E-03  0.169636E-03
[144244.977] 0    5200  0.345110E+02  0.508E-02  0.120E+01  0.320E-01  0.500E-02 -0.202353E-03  0.168251E-03
[144357.591] 0    5210  0.345615E+02  0.502E-02  0.120E+01  0.316E-01  0.500E-02 -0.189980E-03  0.170339E-03
[144510.215] 0    5220  0.346119E+02  0.509E-02  0.120E+01  0.320E-01  0.500E-02 -0.178664E-03  0.170639E-03
[144622.827] 0    5230  0.346631E+02  0.516E-02  0.120E+01  0.325E-01  0.500E-02 -0.172619E-03  0.162107E-03
[144735.439] 0    5240  0.347149E+02  0.514E-02  0.120E+01  0.323E-01  0.500E-02 -0.158913E-03  0.160970E-03
[144848.041] 0    5250  0.347667E+02  0.528E-02  0.120E+01  0.332E-01  0.500E-02 -0.158570E-03  0.164496E-03
[145000.641] 0    5260  0.348203E+02  0.531E-02  0.120E+01  0.334E-01  0.500E-02 -0.162075E-03  0.154907E-03
[145113.236] 0    5270  0.348718E+02  0.493E-02  0.120E+01  0.310E-01  0.500E-02 -0.167202E-03  0.168657E-03
[145225.819] 0    5280  0.349199E+02  0.472E-02  0.120E+01  0.297E-01  0.500E-02 -0.185434E-03  0.176622E-03
[145338.397] 0    5290  0.349668E+02  0.476E-02  0.120E+01  0.299E-01  0.500E-02 -0.205525E-03  0.174888E-03
[145820.724] 0    5300  0.350155E+02  0.498E-02  0.120E+01  0.313E-01  0.500E-02 -0.216472E-03  0.182447E-03
[145933.331] 0    5310  0.350672E+02  0.546E-02  0.120E+01  0.343E-01  0.500E-02 -0.207335E-03  0.182167E-03
[150045.927] 0    5320  0.351225E+02  0.557E-02  0.120E+01  0.350E-01  0.500E-02 -0.211271E-03  0.193661E-03
[150158.525] 0    5330  0.351779E+02  0.552E-02  0.120E+01  0.347E-01  0.500E-02 -0.222794E-03  0.195928E-03
[150311.126] 0    5340  0.352335E+02  0.553E-02  0.120E+01  0.348E-01  0.500E-02 -0.221642E-03  0.197992E-03
[150423.714] 0    5350  0.352886E+02  0.538E-02  0.120E+01  0.339E-01  0.500E-02 -0.228653E-03  0.197644E-03
[150536.276] 0    5360  0.353415E+02  0.517E-02  0.120E+01  0.325E-01  0.500E-02 -0.224846E-03  0.168438E-03
[150648.860] 0    5370  0.353927E+02  0.507E-02  0.120E+01  0.319E-01  0.500E-02 -0.235709E-03  0.170664E-03
[150801.441] 0    5380  0.354439E+02  0.520E-02  0.120E+01  0.327E-01  0.500E-02 -0.238757E-03  0.171391E-03
[150914.028] 0    5390  0.354967E+02  0.542E-02  0.120E+01  0.341E-01  0.500E-02 -0.245060E-03  0.180922E-03
[151401.776] 0    5400  0.355520E+02  0.548E-02  0.120E+01  0.345E-01  0.500E-02 -0.251608E-03  0.190155E-03
[151514.423] 0    5410  0.356065E+02  0.543E-02  0.120E+01  0.342E-01  0.500E-02 -0.229489E-03  0.181091E-03
[151627.066] 0    5420  0.356599E+02  0.523E-02  0.120E+01  0.329E-01  0.500E-02 -0.220426E-03  0.162789E-03
[151739.709] 0    5430  0.357116E+02  0.513E-02  0.120E+01  0.322E-01  0.500E-02 -0.213500E-03  0.150087E-03
[151852.350] 0    5440  0.357635E+02  0.522E-02  0.120E+01  0.328E-01  0.500E-02 -0.202495E-03  0.143134E-03
[152004.982] 0    5450  0.358160E+02  0.527E-02  0.120E+01  0.331E-01  0.500E-02 -0.192767E-03  0.135915E-03
[152117.648] 0    5460  0.358689E+02  0.533E-02  0.120E+01  0.335E-01  0.500E-02 -0.180033E-03  0.133841E-03
[152230.300] 0    5470  0.359227E+02  0.545E-02  0.120E+01  0.343E-01  0.500E-02 -0.162942E-03  0.140083E-03
[152342.945] 0    5480  0.359778E+02  0.558E-02  0.120E+01  0.351E-01  0.500E-02 -0.162480E-03  0.148554E-03
[152455.596] 0    5490  0.360328E+02  0.539E-02  0.120E+01  0.339E-01  0.500E-02 -0.171244E-03  0.146562E-03
[152932.698] 0    5500  0.360863E+02  0.528E-02  0.120E+01  0.332E-01  0.500E-02 -0.164474E-03  0.138133E-03
[153045.296] 0    5510  0.361396E+02  0.542E-02  0.120E+01  0.341E-01  0.500E-02 -0.179092E-03  0.157246E-03
[153157.897] 0    5520  0.361941E+02  0.542E-02  0.120E+01  0.341E-01  0.500E-02 -0.187090E-03  0.164320E-03
[153310.504] 0    5530  0.362477E+02  0.541E-02  0.120E+01  0.340E-01  0.500E-02 -0.195848E-03  0.150391E-03
[153423.108] 0    5540  0.363019E+02  0.549E-02  0.120E+01  0.345E-01  0.500E-02 -0.189297E-03  0.149278E-03
[153535.713] 0    5550  0.363572E+02  0.572E-02  0.120E+01  0.359E-01  0.500E-02 -0.188721E-03  0.156940E-03
[153648.309] 0    5560  0.364155E+02  0.588E-02  0.120E+01  0.370E-01  0.500E-02 -0.194377E-03  0.151888E-03
[153800.916] 0    5570  0.364743E+02  0.582E-02  0.120E+01  0.366E-01  0.500E-02 -0.200158E-03  0.163144E-03
[153913.510] 0    5580  0.365323E+02  0.583E-02  0.120E+01  0.366E-01  0.500E-02 -0.196178E-03  0.148607E-03
[154026.097] 0    5590  0.365905E+02  0.586E-02  0.120E+01  0.369E-01  0.500E-02 -0.203224E-03  0.150902E-03
[154509.869] 0    5600  0.366495E+02  0.593E-02  0.120E+01  0.373E-01  0.500E-02 -0.195799E-03  0.150609E-03
[154622.419] 0    5610  0.367073E+02  0.560E-02  0.120E+01  0.352E-01  0.500E-02 -0.195095E-03  0.152596E-03
[154734.958] 0    5620  0.367635E+02  0.566E-02  0.120E+01  0.356E-01  0.500E-02 -0.195790E-03  0.151962E-03
[154847.499] 0    5630  0.368199E+02  0.564E-02  0.120E+01  0.355E-01  0.500E-02 -0.200481E-03  0.151739E-03
[155000.048] 0    5640  0.368766E+02  0.561E-02  0.120E+01  0.353E-01  0.500E-02 -0.196081E-03  0.143242E-03
[155112.592] 0    5650  0.369333E+02  0.579E-02  0.120E+01  0.364E-01  0.500E-02 -0.192183E-03  0.145947E-03
[155225.125] 0    5660  0.369910E+02  0.569E-02  0.120E+01  0.358E-01  0.500E-02 -0.188057E-03  0.145702E-03
[155337.671] 0    5670  0.370480E+02  0.569E-02  0.120E+01  0.358E-01  0.500E-02 -0.180578E-03  0.149752E-03
[155450.215] 0    5680  0.371052E+02  0.569E-02  0.120E+01  0.358E-01  0.500E-02 -0.186204E-03  0.154676E-03
[155602.747] 0    5690  0.371625E+02  0.577E-02  0.120E+01  0.363E-01  0.500E-02 -0.191568E-03  0.147648E-03
[160056.568] 0    5700  0.372202E+02  0.571E-02  0.120E+01  0.359E-01  0.500E-02 -0.188132E-03  0.150378E-03
[160209.087] 0    5710  0.372755E+02  0.536E-02  0.120E+01  0.337E-01  0.500E-02 -0.191784E-03  0.153221E-03
[160321.617] 0    5720  0.373293E+02  0.539E-02  0.120E+01  0.339E-01  0.500E-02 -0.200143E-03  0.151752E-03
[160434.124] 0    5730  0.373829E+02  0.541E-02  0.120E+01  0.340E-01  0.500E-02 -0.192742E-03  0.146290E-03
[160546.639] 0    5740  0.374367E+02  0.561E-02  0.120E+01  0.353E-01  0.500E-02 -0.179119E-03  0.141733E-03
[160659.160] 0    5750  0.374939E+02  0.580E-02  0.120E+01  0.365E-01  0.500E-02 -0.180519E-03  0.154200E-03
[160811.683] 0    5760  0.375507E+02  0.563E-02  0.120E+01  0.354E-01  0.500E-02 -0.187865E-03  0.161096E-03
[160924.207] 0    5770  0.376060E+02  0.547E-02  0.120E+01  0.344E-01  0.500E-02 -0.189327E-03  0.161570E-03
[161036.714] 0    5780  0.376605E+02  0.541E-02  0.120E+01  0.340E-01  0.500E-02 -0.188035E-03  0.160568E-03
[161149.216] 0    5790  0.377150E+02  0.546E-02  0.120E+01  0.343E-01  0.500E-02 -0.168436E-03  0.153615E-03
[161632.384] 0    5800  0.377704E+02  0.559E-02  0.120E+01  0.351E-01  0.500E-02 -0.165526E-03  0.151177E-03
[161744.867] 0    5810  0.378272E+02  0.577E-02  0.120E+01  0.363E-01  0.500E-02 -0.170028E-03  0.145864E-03
[161857.342] 0    5820  0.378853E+02  0.586E-02  0.120E+01  0.368E-01  0.500E-02 -0.176640E-03  0.146183E-03
[162009.829] 0    5830  0.379445E+02  0.599E-02  0.120E+01  0.377E-01  0.500E-02 -0.186866E-03  0.139515E-03
[162122.317] 0    5840  0.380045E+02  0.598E-02  0.120E+01  0.376E-01  0.500E-02 -0.188180E-03  0.130392E-03
[162234.803] 0    5850  0.380643E+02  0.600E-02  0.120E+01  0.377E-01  0.500E-02 -0.187981E-03  0.129866E-03
[162347.292] 0    5860  0.381241E+02  0.590E-02  0.120E+01  0.371E-01  0.500E-02 -0.186341E-03  0.135407E-03
[162459.776] 0    5870  0.381830E+02  0.584E-02  0.120E+01  0.367E-01  0.500E-02 -0.195415E-03  0.129300E-03
[162612.265] 0    5880  0.382411E+02  0.577E-02  0.120E+01  0.363E-01  0.500E-02 -0.200885E-03  0.136249E-03
[162724.751] 0    5890  0.382987E+02  0.573E-02  0.120E+01  0.360E-01  0.500E-02 -0.187842E-03  0.139202E-03
[163210.390] 0    5900  0.383557E+02  0.573E-02  0.120E+01  0.360E-01  0.500E-02 -0.186092E-03  0.139080E-03
[183605.111] ###############################################################################################
[183605.144] #  Itn.    time          dt         CFL#       D#         visc       DilMin        DilMax     #
[183605.147] ###############################################################################################
[183605.193] 0    5900  0.383557E+02  0.573E-02  0.120E+01  0.360E-01  0.500E-02 -0.186092E-03  0.139080E-03
[183717.670] 0    5910  0.384126E+02  0.572E-02  0.120E+01  0.360E-01  0.500E-02 -0.190067E-03  0.145620E-03
[183830.147] 0    5920  0.384699E+02  0.573E-02  0.120E+01  0.360E-01  0.500E-02 -0.181425E-03  0.147849E-03
[183942.620] 0    5930  0.385273E+02  0.575E-02  0.120E+01  0.362E-01  0.500E-02 -0.181670E-03  0.153582E-03
[184055.088] 0    5940  0.385848E+02  0.572E-02  0.120E+01  0.360E-01  0.500E-02 -0.188686E-03  0.158535E-03
[184207.559] 0    5950  0.386419E+02  0.559E-02  0.120E+01  0.352E-01  0.500E-02 -0.188053E-03  0.147227E-03
[184320.034] 0    5960  0.386964E+02  0.531E-02  0.120E+01  0.334E-01  0.500E-02 -0.179306E-03  0.134231E-03
[184432.502] 0    5970  0.387490E+02  0.522E-02  0.120E+01  0.328E-01  0.500E-02 -0.176660E-03  0.136105E-03
[184544.958] 0    5980  0.388013E+02  0.529E-02  0.120E+01  0.333E-01  0.500E-02 -0.184445E-03  0.137729E-03
[184657.433] 0    5990  0.388545E+02  0.539E-02  0.120E+01  0.339E-01  0.500E-02 -0.185886E-03  0.138507E-03
[185148.440] 0    6000  0.389089E+02  0.549E-02  0.120E+01  0.346E-01  0.500E-02 -0.185264E-03  0.143765E-03
[185300.880] 0    6010  0.389641E+02  0.552E-02  0.120E+01  0.347E-01  0.500E-02 -0.164263E-03  0.149903E-03
[185413.310] 0    6020  0.390189E+02  0.546E-02  0.120E+01  0.344E-01  0.500E-02 -0.169600E-03  0.157890E-03
[185525.748] 0    6030  0.390735E+02  0.549E-02  0.120E+01  0.346E-01  0.500E-02 -0.156225E-03  0.163288E-03
[185638.191] 0    6040  0.391286E+02  0.555E-02  0.120E+01  0.349E-01  0.500E-02 -0.144682E-03  0.165040E-03
[185750.623] 0    6050  0.391842E+02  0.561E-02  0.120E+01  0.353E-01  0.500E-02 -0.156575E-03  0.159016E-03
[185903.054] 0    6060  0.392404E+02  0.566E-02  0.120E+01  0.356E-01  0.500E-02 -0.156112E-03  0.147124E-03
[190015.484] 0    6070  0.392976E+02  0.577E-02  0.120E+01  0.363E-01  0.500E-02 -0.155973E-03  0.147215E-03
[190127.916] 0    6080  0.393560E+02  0.594E-02  0.120E+01  0.374E-01  0.500E-02 -0.155696E-03  0.132981E-03
[190240.323] 0    6090  0.394148E+02  0.573E-02  0.120E+01  0.361E-01  0.500E-02 -0.164734E-03  0.134021E-03
[190720.767] 0    6100  0.394715E+02  0.559E-02  0.120E+01  0.352E-01  0.500E-02 -0.173036E-03  0.136690E-03
[190833.200] 0    6110  0.395274E+02  0.562E-02  0.120E+01  0.353E-01  0.500E-02 -0.174743E-03  0.146827E-03
[190945.617] 0    6120  0.395835E+02  0.544E-02  0.120E+01  0.342E-01  0.500E-02 -0.184149E-03  0.151161E-03
[191058.040] 0    6130  0.396376E+02  0.535E-02  0.120E+01  0.336E-01  0.500E-02 -0.179925E-03  0.151145E-03
[191210.473] 0    6140  0.396901E+02  0.521E-02  0.120E+01  0.328E-01  0.500E-02 -0.179031E-03  0.153760E-03
[191322.884] 0    6150  0.397418E+02  0.512E-02  0.120E+01  0.322E-01  0.500E-02 -0.177400E-03  0.152481E-03
[191435.318] 0    6160  0.397933E+02  0.513E-02  0.120E+01  0.323E-01  0.500E-02 -0.179128E-03  0.151620E-03
[191547.743] 0    6170  0.398458E+02  0.538E-02  0.120E+01  0.338E-01  0.500E-02 -0.168984E-03  0.146199E-03
[191700.193] 0    6180  0.399006E+02  0.566E-02  0.120E+01  0.356E-01  0.500E-02 -0.173782E-03  0.151368E-03
[191812.650] 0    6190  0.399570E+02  0.555E-02  0.120E+01  0.349E-01  0.500E-02 -0.166366E-03  0.147599E-03
[192301.639] 0    6200  0.400116E+02  0.539E-02  0.120E+01  0.339E-01  0.500E-02 -0.159426E-03  0.140973E-03
[192414.107] 0    6210  0.400654E+02  0.542E-02  0.120E+01  0.341E-01  0.500E-02 -0.156652E-03  0.147213E-03
[192526.561] 0    6220  0.401203E+02  0.559E-02  0.120E+01  0.352E-01  0.500E-02 -0.157873E-03  0.152607E-03
[192639.028] 0    6230  0.401774E+02  0.580E-02  0.120E+01  0.365E-01  0.500E-02 -0.157811E-03  0.152467E-03
[192751.495] 0    6240  0.402353E+02  0.581E-02  0.120E+01  0.365E-01  0.500E-02 -0.161061E-03  0.156845E-03
[192903.944] 0    6250  0.402935E+02  0.575E-02  0.120E+01  0.362E-01  0.500E-02 -0.158168E-03  0.165417E-03
[193016.379] 0    6260  0.403507E+02  0.571E-02  0.120E+01  0.359E-01  0.500E-02 -0.150518E-03  0.161205E-03
[193128.839] 0    6270  0.404085E+02  0.588E-02  0.120E+01  0.370E-01  0.500E-02 -0.149352E-03  0.160072E-03
[193241.291] 0    6280  0.404674E+02  0.581E-02  0.120E+01  0.365E-01  0.500E-02 -0.147992E-03  0.162051E-03
[193353.743] 0    6290  0.405247E+02  0.565E-02  0.120E+01  0.356E-01  0.500E-02 -0.160538E-03  0.161742E-03
[193832.359] 0    6300  0.405809E+02  0.559E-02  0.120E+01  0.352E-01  0.500E-02 -0.173597E-03  0.155928E-03
[193944.821] 0    6310  0.406372E+02  0.567E-02  0.120E+01  0.357E-01  0.500E-02 -0.191353E-03  0.153918E-03
[194057.288] 0    6320  0.406928E+02  0.556E-02  0.120E+01  0.350E-01  0.500E-02 -0.191417E-03  0.150357E-03
[194209.755] 0    6330  0.407495E+02  0.568E-02  0.120E+01  0.357E-01  0.500E-02 -0.186914E-03  0.143670E-03
[194322.219] 0    6340  0.408064E+02  0.573E-02  0.120E+01  0.360E-01  0.500E-02 -0.177004E-03  0.140297E-03
[194434.695] 0    6350  0.408638E+02  0.571E-02  0.120E+01  0.359E-01  0.500E-02 -0.169792E-03  0.142112E-03
[194547.160] 0    6360  0.409201E+02  0.554E-02  0.120E+01  0.349E-01  0.500E-02 -0.160877E-03  0.128873E-03
[194659.607] 0    6370  0.409750E+02  0.543E-02  0.120E+01  0.341E-01  0.500E-02 -0.160325E-03  0.136988E-03
[194812.056] 0    6380  0.410289E+02  0.529E-02  0.120E+01  0.333E-01  0.500E-02 -0.160888E-03  0.148558E-03
[194924.514] 0    6390  0.410810E+02  0.524E-02  0.120E+01  0.330E-01  0.500E-02 -0.154611E-03  0.163015E-03
[195416.186] 0    6400  0.411339E+02  0.542E-02  0.120E+01  0.341E-01  0.500E-02 -0.135326E-03  0.175448E-03
[195528.706] 0    6410  0.411888E+02  0.553E-02  0.120E+01  0.348E-01  0.500E-02 -0.130100E-03  0.181690E-03
[195641.234] 0    6420  0.412435E+02  0.548E-02  0.120E+01  0.344E-01  0.500E-02 -0.138407E-03  0.184713E-03
[195753.743] 0    6430  0.412980E+02  0.549E-02  0.120E+01  0.345E-01  0.500E-02 -0.149969E-03  0.184527E-03
[195906.271] 0    6440  0.413519E+02  0.508E-02  0.120E+01  0.320E-01  0.500E-02 -0.153115E-03  0.174842E-03
[200018.792] 0    6450  0.414005E+02  0.468E-02  0.120E+01  0.294E-01  0.500E-02 -0.147995E-03  0.159259E-03
[200131.304] 0    6460  0.414477E+02  0.478E-02  0.120E+01  0.301E-01  0.500E-02 -0.149517E-03  0.162078E-03
[200243.820] 0    6470  0.414958E+02  0.488E-02  0.120E+01  0.307E-01  0.500E-02 -0.138000E-03  0.155141E-03
[200356.347] 0    6480  0.415449E+02  0.503E-02  0.120E+01  0.316E-01  0.500E-02 -0.127647E-03  0.144949E-03
[200508.878] 0    6490  0.415960E+02  0.518E-02  0.120E+01  0.326E-01  0.500E-02 -0.134791E-03  0.141904E-03
[200949.236] 0    6500  0.416493E+02  0.543E-02  0.120E+01  0.341E-01  0.500E-02 -0.141052E-03  0.134844E-03
[201101.785] 0    6510  0.417032E+02  0.534E-02  0.120E+01  0.336E-01  0.500E-02 -0.147069E-03  0.136723E-03
[201214.335] 0    6520  0.417560E+02  0.525E-02  0.120E+01  0.330E-01  0.500E-02 -0.158634E-03  0.136154E-03
[201326.878] 0    6530  0.418085E+02  0.527E-02  0.120E+01  0.331E-01  0.500E-02 -0.157951E-03  0.139448E-03
[201439.415] 0    6540  0.418602E+02  0.502E-02  0.120E+01  0.316E-01  0.500E-02 -0.157914E-03  0.154642E-03
[201551.960] 0    6550  0.419095E+02  0.483E-02  0.120E+01  0.304E-01  0.500E-02 -0.165594E-03  0.156043E-03
[201704.497] 0    6560  0.419571E+02  0.467E-02  0.120E+01  0.294E-01  0.500E-02 -0.165338E-03  0.149397E-03
[201817.059] 0    6570  0.420033E+02  0.458E-02  0.120E+01  0.288E-01  0.500E-02 -0.159166E-03  0.137510E-03
[201929.626] 0    6580  0.420495E+02  0.469E-02  0.120E+01  0.295E-01  0.500E-02 -0.156438E-03  0.134665E-03
[202042.203] 0    6590  0.420970E+02  0.478E-02  0.120E+01  0.301E-01  0.500E-02 -0.154716E-03  0.131297E-03
[202526.396] 0    6600  0.421449E+02  0.482E-02  0.120E+01  0.303E-01  0.500E-02 -0.161033E-03  0.130495E-03
[202638.915] 0    6610  0.421935E+02  0.492E-02  0.120E+01  0.309E-01  0.500E-02 -0.173850E-03  0.142532E-03
[202751.432] 0    6620  0.422433E+02  0.507E-02  0.120E+01  0.319E-01  0.500E-02 -0.162887E-03  0.143548E-03
[202903.961] 0    6630  0.422949E+02  0.527E-02  0.120E+01  0.332E-01  0.500E-02 -0.151552E-03  0.147159E-03
[203016.492] 0    6640  0.423487E+02  0.551E-02  0.120E+01  0.346E-01  0.500E-02 -0.152944E-03  0.146510E-03
[203129.018] 0    6650  0.424044E+02  0.566E-02  0.120E+01  0.356E-01  0.500E-02 -0.154808E-03  0.148620E-03
[203241.531] 0    6660  0.424619E+02  0.581E-02  0.120E+01  0.365E-01  0.500E-02 -0.153155E-03  0.155116E-03
[203354.038] 0    6670  0.425201E+02  0.575E-02  0.120E+01  0.362E-01  0.500E-02 -0.153119E-03  0.150361E-03
[203506.531] 0    6680  0.425776E+02  0.582E-02  0.120E+01  0.366E-01  0.500E-02 -0.153428E-03  0.138227E-03
[203619.016] 0    6690  0.426363E+02  0.591E-02  0.120E+01  0.371E-01  0.500E-02 -0.147400E-03  0.121489E-03
[204106.157] 0    6700  0.426948E+02  0.580E-02  0.120E+01  0.365E-01  0.500E-02 -0.147393E-03  0.116623E-03
[204218.654] 0    6710  0.427531E+02  0.587E-02  0.120E+01  0.369E-01  0.500E-02 -0.148276E-03  0.115612E-03
[204331.152] 0    6720  0.428118E+02  0.589E-02  0.120E+01  0.370E-01  0.500E-02 -0.142158E-03  0.123775E-03
[204443.651] 0    6730  0.428702E+02  0.571E-02  0.120E+01  0.359E-01  0.500E-02 -0.130501E-03  0.115094E-03
[204556.158] 0    6740  0.429272E+02  0.573E-02  0.120E+01  0.360E-01  0.500E-02 -0.150246E-03  0.121492E-03
[204708.660] 0    6750  0.429842E+02  0.572E-02  0.120E+01  0.360E-01  0.500E-02 -0.164819E-03  0.121110E-03
[204821.159] 0    6760  0.430408E+02  0.549E-02  0.120E+01  0.346E-01  0.500E-02 -0.171247E-03  0.129851E-03
[204933.665] 0    6770  0.430945E+02  0.528E-02  0.120E+01  0.332E-01  0.500E-02 -0.163051E-03  0.135464E-03
[205046.167] 0    6780  0.431467E+02  0.513E-02  0.120E+01  0.323E-01  0.500E-02 -0.161153E-03  0.135398E-03
[205158.672] 0    6790  0.431977E+02  0.508E-02  0.120E+01  0.319E-01  0.500E-02 -0.171082E-03  0.138470E-03
[205634.496] 0    6800  0.432480E+02  0.496E-02  0.120E+01  0.312E-01  0.500E-02 -0.174268E-03  0.136930E-03
[205746.985] 0    6810  0.432973E+02  0.494E-02  0.120E+01  0.311E-01  0.500E-02 -0.169885E-03  0.130408E-03
[205859.499] 0    6820  0.433475E+02  0.516E-02  0.120E+01  0.325E-01  0.500E-02 -0.153645E-03  0.120241E-03
[210012.022] 0    6830  0.434009E+02  0.554E-02  0.120E+01  0.348E-01  0.500E-02 -0.137401E-03  0.111329E-03
[210124.543] 0    6840  0.434563E+02  0.557E-02  0.120E+01  0.351E-01  0.500E-02 -0.130825E-03  0.107091E-03
[210237.073] 0    6850  0.435122E+02  0.562E-02  0.120E+01  0.354E-01  0.500E-02 -0.140177E-03  0.113087E-03
[210349.606] 0    6860  0.435680E+02  0.548E-02  0.120E+01  0.345E-01  0.500E-02 -0.148620E-03  0.110496E-03
[210502.133] 0    6870  0.436230E+02  0.552E-02  0.120E+01  0.347E-01  0.500E-02 -0.145890E-03  0.109274E-03
[210614.649] 0    6880  0.436781E+02  0.551E-02  0.120E+01  0.346E-01  0.500E-02 -0.143088E-03  0.112491E-03
[210727.168] 0    6890  0.437321E+02  0.523E-02  0.120E+01  0.329E-01  0.500E-02 -0.141737E-03  0.128446E-03
[211221.635] 0    6900  0.437848E+02  0.538E-02  0.120E+01  0.339E-01  0.500E-02 -0.139302E-03  0.134578E-03
[211334.184] 0    6910  0.438398E+02  0.561E-02  0.120E+01  0.353E-01  0.500E-02 -0.138967E-03  0.119648E-03
[211446.738] 0    6920  0.438960E+02  0.563E-02  0.120E+01  0.354E-01  0.500E-02 -0.138472E-03  0.140438E-03
[211559.297] 0    6930  0.439527E+02  0.570E-02  0.120E+01  0.358E-01  0.500E-02 -0.143532E-03  0.159820E-03
[211711.845] 0    6940  0.440093E+02  0.563E-02  0.120E+01  0.354E-01  0.500E-02 -0.147793E-03  0.165772E-03
[211824.391] 0    6950  0.440652E+02  0.554E-02  0.120E+01  0.348E-01  0.500E-02 -0.128902E-03  0.163260E-03
[211936.951] 0    6960  0.441212E+02  0.561E-02  0.120E+01  0.353E-01  0.500E-02 -0.125524E-03  0.151600E-03
[212049.511] 0    6970  0.441767E+02  0.550E-02  0.120E+01  0.346E-01  0.500E-02 -0.126675E-03  0.143875E-03
[212202.076] 0    6980  0.442312E+02  0.543E-02  0.120E+01  0.342E-01  0.500E-02 -0.135237E-03  0.133133E-03
[212314.642] 0    6990  0.442855E+02  0.546E-02  0.120E+01  0.343E-01  0.500E-02 -0.139463E-03  0.124143E-03
[212758.012] 0    7000  0.443395E+02  0.537E-02  0.120E+01  0.338E-01  0.500E-02 -0.135455E-03  0.116892E-03
[212910.572] 0    7010  0.443937E+02  0.558E-02  0.120E+01  0.351E-01  0.500E-02 -0.140842E-03  0.112868E-03
[213023.108] 0    7020  0.444492E+02  0.549E-02  0.120E+01  0.346E-01  0.500E-02 -0.137704E-03  0.111067E-03
[213135.652] 0    7030  0.445030E+02  0.519E-02  0.120E+01  0.327E-01  0.500E-02 -0.131871E-03  0.124354E-03
[213248.191] 0    7040  0.445543E+02  0.510E-02  0.120E+01  0.320E-01  0.500E-02 -0.131676E-03  0.131929E-03
[213400.732] 0    7050  0.446056E+02  0.513E-02  0.120E+01  0.323E-01  0.500E-02 -0.127873E-03  0.142228E-03
[213513.272] 0    7060  0.446571E+02  0.516E-02  0.120E+01  0.325E-01  0.500E-02 -0.138203E-03  0.138224E-03
[213625.818] 0    7070  0.447075E+02  0.493E-02  0.120E+01  0.310E-01  0.500E-02 -0.146996E-03  0.134322E-03
[213738.365] 0    7080  0.447593E+02  0.539E-02  0.120E+01  0.339E-01  0.500E-02 -0.153287E-03  0.139641E-03
[213850.904] 0    7090  0.448130E+02  0.529E-02  0.120E+01  0.333E-01  0.500E-02 -0.152924E-03  0.136763E-03
[214341.622] 0    7100  0.448660E+02  0.540E-02  0.120E+01  0.340E-01  0.500E-02 -0.147546E-03  0.150308E-03
[214454.166] 0    7110  0.449206E+02  0.549E-02  0.120E+01  0.346E-01  0.500E-02 -0.134491E-03  0.161557E-03
[214606.699] 0    7120  0.449754E+02  0.542E-02  0.120E+01  0.341E-01  0.500E-02 -0.130148E-03  0.169526E-03
[214719.229] 0    7130  0.450292E+02  0.535E-02  0.120E+01  0.337E-01  0.500E-02 -0.125915E-03  0.169688E-03
[214831.762] 0    7140  0.450826E+02  0.537E-02  0.120E+01  0.338E-01  0.500E-02 -0.126628E-03  0.161684E-03
[214944.294] 0    7150  0.451368E+02  0.549E-02  0.120E+01  0.345E-01  0.500E-02 -0.136972E-03  0.150920E-03
[215056.839] 0    7160  0.451917E+02  0.550E-02  0.120E+01  0.346E-01  0.500E-02 -0.121951E-03  0.141199E-03
[215209.365] 0    7170  0.452466E+02  0.545E-02  0.120E+01  0.343E-01  0.500E-02 -0.137363E-03  0.135039E-03
[215321.882] 0    7180  0.453009E+02  0.539E-02  0.120E+01  0.339E-01  0.500E-02 -0.131834E-03  0.122715E-03
[215434.433] 0    7190  0.453551E+02  0.546E-02  0.120E+01  0.343E-01  0.500E-02 -0.122023E-03  0.102436E-03
[215922.312] 0    7200  0.454098E+02  0.553E-02  0.120E+01  0.348E-01  0.500E-02 -0.118030E-03  0.104325E-03
[220034.850] 0    7210  0.454653E+02  0.565E-02  0.120E+01  0.356E-01  0.500E-02 -0.127288E-03  0.105574E-03
[220147.391] 0    7220  0.455217E+02  0.558E-02  0.120E+01  0.351E-01  0.500E-02 -0.151275E-03  0.101264E-03
[220259.938] 0    7230  0.455774E+02  0.556E-02  0.120E+01  0.349E-01  0.500E-02 -0.177081E-03  0.972422E-04
[220412.477] 0    7240  0.456320E+02  0.530E-02  0.120E+01  0.333E-01  0.500E-02 -0.203872E-03  0.980841E-04
[220525.045] 0    7250  0.456853E+02  0.538E-02  0.120E+01  0.338E-01  0.500E-02 -0.223846E-03  0.999067E-04
[220637.619] 0    7260  0.457402E+02  0.556E-02  0.120E+01  0.349E-01  0.500E-02 -0.231726E-03  0.103693E-03
[220750.182] 0    7270  0.457954E+02  0.545E-02  0.120E+01  0.343E-01  0.500E-02 -0.217893E-03  0.104454E-03
[220902.754] 0    7280  0.458500E+02  0.545E-02  0.120E+01  0.343E-01  0.500E-02 -0.211938E-03  0.105786E-03
[221015.326] 0    7290  0.459041E+02  0.535E-02  0.120E+01  0.337E-01  0.500E-02 -0.204738E-03  0.103220E-03
[221505.589] 0    7300  0.459566E+02  0.510E-02  0.120E+01  0.321E-01  0.500E-02 -0.203337E-03  0.959256E-04
[221618.223] 0    7310  0.460074E+02  0.500E-02  0.120E+01  0.314E-01  0.500E-02 -0.191437E-03  0.101555E-03
[221730.840] 0    7320  0.460583E+02  0.522E-02  0.120E+01  0.328E-01  0.500E-02 -0.167399E-03  0.100654E-03
[221843.473] 0    7330  0.461113E+02  0.531E-02  0.120E+01  0.334E-01  0.500E-02 -0.161027E-03  0.108760E-03
[221956.098] 0    7340  0.461625E+02  0.489E-02  0.120E+01  0.308E-01  0.500E-02 -0.167740E-03  0.110581E-03
[222108.721] 0    7350  0.462106E+02  0.473E-02  0.120E+01  0.298E-01  0.500E-02 -0.165613E-03  0.110072E-03
[222221.352] 0    7360  0.462580E+02  0.478E-02  0.120E+01  0.301E-01  0.500E-02 -0.162167E-03  0.118234E-03
[222333.982] 0    7370  0.463060E+02  0.481E-02  0.120E+01  0.303E-01  0.500E-02 -0.158037E-03  0.131011E-03
[222446.604] 0    7380  0.463549E+02  0.498E-02  0.120E+01  0.313E-01  0.500E-02 -0.150891E-03  0.143125E-03
[222559.236] 0    7390  0.464055E+02  0.517E-02  0.120E+01  0.325E-01  0.500E-02 -0.156651E-03  0.146643E-03
[223047.676] 0    7400  0.464580E+02  0.528E-02  0.120E+01  0.332E-01  0.500E-02 -0.168774E-03  0.133353E-03
[223200.253] 0    7410  0.465105E+02  0.527E-02  0.120E+01  0.331E-01  0.500E-02 -0.180312E-03  0.129124E-03
[223312.837] 0    7420  0.465634E+02  0.532E-02  0.120E+01  0.334E-01  0.500E-02 -0.169244E-03  0.123864E-03
[223425.402] 0    7430  0.466153E+02  0.510E-02  0.120E+01  0.321E-01  0.500E-02 -0.149939E-03  0.122411E-03
[223537.953] 0    7440  0.466660E+02  0.505E-02  0.120E+01  0.318E-01  0.500E-02 -0.139268E-03  0.116703E-03
[223650.514] 0    7450  0.467171E+02  0.516E-02  0.120E+01  0.324E-01  0.500E-02 -0.143717E-03  0.111494E-03
[223803.069] 0    7460  0.467695E+02  0.536E-02  0.120E+01  0.337E-01  0.500E-02 -0.158529E-03  0.111115E-03
[223915.623] 0    7470  0.468227E+02  0.525E-02  0.120E+01  0.330E-01  0.500E-02 -0.149978E-03  0.112690E-03
[224028.184] 0    7480  0.468750E+02  0.520E-02  0.120E+01  0.327E-01  0.500E-02 -0.137944E-03  0.120469E-03
[224140.744] 0    7490  0.469266E+02  0.516E-02  0.120E+01  0.325E-01  0.500E-02 -0.130795E-03  0.131475E-03
[224631.055] 0    7500  0.469784E+02  0.516E-02  0.120E+01  0.325E-01  0.500E-02 -0.135684E-03  0.130361E-03
[224743.581] 0    7510  0.470297E+02  0.510E-02  0.120E+01  0.321E-01  0.500E-02 -0.142304E-03  0.136400E-03
[224856.109] 0    7520  0.470808E+02  0.513E-02  0.120E+01  0.322E-01  0.500E-02 -0.142517E-03  0.130236E-03
[225008.650] 0    7530  0.471322E+02  0.519E-02  0.120E+01  0.326E-01  0.500E-02 -0.146914E-03  0.130903E-03
[225121.189] 0    7540  0.471843E+02  0.523E-02  0.120E+01  0.329E-01  0.500E-02 -0.147477E-03  0.123022E-03
[225233.731] 0    7550  0.472369E+02  0.531E-02  0.120E+01  0.334E-01  0.500E-02 -0.147374E-03  0.119801E-03
[225346.277] 0    7560  0.472904E+02  0.534E-02  0.120E+01  0.336E-01  0.500E-02 -0.160269E-03  0.115643E-03
[225458.820] 0    7570  0.473435E+02  0.532E-02  0.120E+01  0.335E-01  0.500E-02 -0.143610E-03  0.108271E-03
[225611.376] 0    7580  0.473963E+02  0.525E-02  0.120E+01  0.330E-01  0.500E-02 -0.126221E-03  0.962216E-04
[225723.930] 0    7590  0.474483E+02  0.512E-02  0.120E+01  0.322E-01  0.500E-02 -0.128394E-03  0.933276E-04
[230209.146] 0    7600  0.474986E+02  0.493E-02  0.120E+01  0.310E-01  0.500E-02 -0.126574E-03  0.101588E-03
[230321.701] 0    7610  0.475476E+02  0.490E-02  0.120E+01  0.308E-01  0.500E-02 -0.121549E-03  0.100094E-03
[230434.243] 0    7620  0.475967E+02  0.493E-02  0.120E+01  0.310E-01  0.500E-02 -0.124122E-03  0.107337E-03
[230546.805] 0    7630  0.476467E+02  0.512E-02  0.120E+01  0.322E-01  0.500E-02 -0.126262E-03  0.111827E-03
[230659.362] 0    7640  0.476977E+02  0.503E-02  0.120E+01  0.316E-01  0.500E-02 -0.138531E-03  0.122097E-03
[230811.913] 0    7650  0.477483E+02  0.514E-02  0.120E+01  0.324E-01  0.500E-02 -0.151763E-03  0.124697E-03
[230924.479] 0    7660  0.478011E+02  0.533E-02  0.120E+01  0.335E-01  0.500E-02 -0.142658E-03  0.138308E-03
[231037.038] 0    7670  0.478553E+02  0.552E-02  0.120E+01  0.347E-01  0.500E-02 -0.137748E-03  0.140161E-03
[231149.589] 0    7680  0.479108E+02  0.556E-02  0.120E+01  0.349E-01  0.500E-02 -0.141251E-03  0.152131E-03
[231302.137] 0    7690  0.479662E+02  0.557E-02  0.120E+01  0.350E-01  0.500E-02 -0.138864E-03  0.151530E-03
[231742.446] 0    7700  0.480212E+02  0.538E-02  0.120E+01  0.338E-01  0.500E-02 -0.147301E-03  0.146704E-03
[231854.970] 0    7710  0.480746E+02  0.531E-02  0.120E+01  0.334E-01  0.500E-02 -0.159425E-03  0.150120E-03
[232007.491] 0    7720  0.481276E+02  0.529E-02  0.120E+01  0.333E-01  0.500E-02 -0.148936E-03  0.157095E-03
[232120.002] 0    7730  0.481801E+02  0.523E-02  0.120E+01  0.329E-01  0.500E-02 -0.141675E-03  0.151051E-03
[232232.509] 0    7740  0.482324E+02  0.521E-02  0.120E+01  0.328E-01  0.500E-02 -0.133079E-03  0.137379E-03
[232345.028] 0    7750  0.482843E+02  0.515E-02  0.120E+01  0.324E-01  0.500E-02 -0.117986E-03  0.129788E-03
[232457.550] 0    7760  0.483354E+02  0.506E-02  0.120E+01  0.319E-01  0.500E-02 -0.107499E-03  0.124826E-03
[232610.060] 0    7770  0.483860E+02  0.505E-02  0.120E+01  0.317E-01  0.500E-02 -0.104878E-03  0.129738E-03
[232722.561] 0    7780  0.484361E+02  0.499E-02  0.120E+01  0.314E-01  0.500E-02 -0.116911E-03  0.129478E-03
[232835.066] 0    7790  0.484858E+02  0.494E-02  0.120E+01  0.311E-01  0.500E-02 -0.116265E-03  0.120790E-03
[233321.272] 0    7800  0.485348E+02  0.491E-02  0.120E+01  0.309E-01  0.500E-02 -0.118542E-03  0.112643E-03
[233433.793] 0    7810  0.485835E+02  0.490E-02  0.120E+01  0.308E-01  0.500E-02 -0.136021E-03  0.104435E-03
[233546.290] 0    7820  0.486325E+02  0.493E-02  0.120E+01  0.310E-01  0.500E-02 -0.143894E-03  0.122064E-03
[233658.794] 0    7830  0.486820E+02  0.501E-02  0.120E+01  0.315E-01  0.500E-02 -0.145203E-03  0.135848E-03
[233811.301] 0    7840  0.487327E+02  0.519E-02  0.120E+01  0.327E-01  0.500E-02 -0.148611E-03  0.143614E-03
[233923.813] 0    7850  0.487840E+02  0.509E-02  0.120E+01  0.320E-01  0.500E-02 -0.149197E-03  0.146630E-03
[234036.314] 0    7860  0.488370E+02  0.557E-02  0.120E+01  0.350E-01  0.500E-02 -0.140684E-03  0.143285E-03
[234148.832] 0    7870  0.488930E+02  0.542E-02  0.120E+01  0.341E-01  0.500E-02 -0.144800E-03  0.136050E-03
[234301.336] 0    7880  0.489467E+02  0.531E-02  0.120E+01  0.334E-01  0.500E-02 -0.144570E-03  0.125664E-03
[234413.855] 0    7890  0.490006E+02  0.543E-02  0.120E+01  0.342E-01  0.500E-02 -0.138931E-03  0.105843E-03
[234858.367] 0    7900  0.490552E+02  0.549E-02  0.120E+01  0.345E-01  0.500E-02 -0.141735E-03  0.946527E-04
[235010.866] 0    7910  0.491093E+02  0.531E-02  0.120E+01  0.334E-01  0.500E-02 -0.126859E-03  0.894962E-04
[235123.376] 0    7920  0.491622E+02  0.534E-02  0.120E+01  0.336E-01  0.500E-02 -0.105353E-03  0.876297E-04
[235235.874] 0    7930  0.492160E+02  0.534E-02  0.120E+01  0.336E-01  0.500E-02 -0.110583E-03  0.914718E-04
[235348.381] 0    7940  0.492688E+02  0.522E-02  0.120E+01  0.328E-01  0.500E-02 -0.111186E-03  0.990543E-04
[235500.884] 0    7950  0.493206E+02  0.516E-02  0.120E+01  0.325E-01  0.500E-02 -0.107505E-03  0.841266E-04
[235613.395] 0    7960  0.493724E+02  0.522E-02  0.120E+01  0.328E-01  0.500E-02 -0.100333E-03  0.856002E-04
[235725.906] 0    7970  0.494250E+02  0.531E-02  0.120E+01  0.334E-01  0.500E-02 -0.935404E-04  0.794937E-04
[235838.417] 0    7980  0.494783E+02  0.535E-02  0.120E+01  0.336E-01  0.500E-02 -0.114187E-03  0.754376E-04
[235950.914] 0    7990  0.495314E+02  0.522E-02  0.120E+01  0.328E-01  0.500E-02 -0.131667E-03  0.913479E-04
[000432.339] 0    8000  0.495825E+02  0.497E-02  0.120E+01  0.312E-01  0.500E-02 -0.137030E-03  0.108461E-03
[144519.092] ###############################################################################################
[144519.111] #  Itn.    time          dt         CFL#       D#         visc       DilMin        DilMax     #
[144519.114] ###############################################################################################
[144519.160] 0    8000  0.495825E+02  0.497E-02  0.120E+01  0.312E-01  0.500E-02 -0.137030E-03  0.108461E-03
[144631.667] 0    8010  0.496314E+02  0.483E-02  0.120E+01  0.304E-01  0.500E-02 -0.139229E-03  0.107050E-03
[144744.171] 0    8020  0.496797E+02  0.486E-02  0.120E+01  0.305E-01  0.500E-02 -0.151952E-03  0.109459E-03
[144856.689] 0    8030  0.497290E+02  0.505E-02  0.120E+01  0.317E-01  0.500E-02 -0.146986E-03  0.115667E-03
[145009.191] 0    8040  0.497807E+02  0.531E-02  0.120E+01  0.334E-01  0.500E-02 -0.137165E-03  0.117234E-03
[145121.696] 0    8050  0.498341E+02  0.530E-02  0.120E+01  0.334E-01  0.500E-02 -0.133047E-03  0.130253E-03
[145234.208] 0    8060  0.498868E+02  0.526E-02  0.120E+01  0.331E-01  0.500E-02 -0.126545E-03  0.133325E-03
[145346.709] 0    8070  0.499395E+02  0.530E-02  0.120E+01  0.333E-01  0.500E-02 -0.133958E-03  0.123259E-03
[145459.221] 0    8080  0.499923E+02  0.527E-02  0.120E+01  0.332E-01  0.500E-02 -0.148511E-03  0.106016E-03
[145611.721] 0    8090  0.500439E+02  0.523E-02  0.120E+01  0.329E-01  0.500E-02 -0.148540E-03  0.933915E-04
[150058.419] 0    8100  0.500965E+02  0.534E-02  0.120E+01  0.336E-01  0.500E-02 -0.151714E-03  0.105959E-03
[150210.880] 0    8110  0.501499E+02  0.533E-02  0.120E+01  0.335E-01  0.500E-02 -0.144728E-03  0.115912E-03
[150323.355] 0    8120  0.502027E+02  0.494E-02  0.120E+01  0.311E-01  0.500E-02 -0.141421E-03  0.121579E-03
[150435.824] 0    8130  0.502531E+02  0.526E-02  0.120E+01  0.331E-01  0.500E-02 -0.137027E-03  0.130431E-03
[150548.285] 0    8140  0.503062E+02  0.532E-02  0.120E+01  0.334E-01  0.500E-02 -0.134662E-03  0.126322E-03
[150700.749] 0    8150  0.503576E+02  0.474E-02  0.120E+01  0.298E-01  0.500E-02 -0.130175E-03  0.117854E-03
[150813.209] 0    8160  0.504047E+02  0.473E-02  0.120E+01  0.298E-01  0.500E-02 -0.118099E-03  0.109951E-03
[150925.686] 0    8170  0.504539E+02  0.516E-02  0.120E+01  0.324E-01  0.500E-02 -0.119841E-03  0.105239E-03
[151038.162] 0    8180  0.505059E+02  0.521E-02  0.120E+01  0.327E-01  0.500E-02 -0.110392E-03  0.986051E-04
[151150.631] 0    8190  0.505568E+02  0.500E-02  0.120E+01  0.314E-01  0.500E-02 -0.104598E-03  0.915150E-04
[151638.193] 0    8200  0.506061E+02  0.490E-02  0.120E+01  0.308E-01  0.500E-02 -0.103922E-03  0.896057E-04
[151750.671] 0    8210  0.506555E+02  0.502E-02  0.120E+01  0.316E-01  0.500E-02 -0.100679E-03  0.929732E-04
[151903.163] 0    8220  0.507062E+02  0.515E-02  0.120E+01  0.324E-01  0.500E-02 -0.997755E-04  0.965981E-04
[152015.651] 0    8230  0.507578E+02  0.517E-02  0.120E+01  0.325E-01  0.500E-02 -0.103193E-03  0.103264E-03
[152128.137] 0    8240  0.508100E+02  0.522E-02  0.120E+01  0.328E-01  0.500E-02 -0.105998E-03  0.105392E-03
[152240.618] 0    8250  0.508617E+02  0.509E-02  0.120E+01  0.320E-01  0.500E-02 -0.104498E-03  0.109273E-03
[152353.108] 0    8260  0.509123E+02  0.504E-02  0.120E+01  0.317E-01  0.500E-02 -0.108056E-03  0.110808E-03
[152505.588] 0    8270  0.509628E+02  0.501E-02  0.120E+01  0.315E-01  0.500E-02 -0.122905E-03  0.116633E-03
[152618.078] 0    8280  0.510116E+02  0.473E-02  0.120E+01  0.297E-01  0.500E-02 -0.123691E-03  0.123194E-03
[152730.559] 0    8290  0.510584E+02  0.465E-02  0.120E+01  0.292E-01  0.500E-02 -0.119991E-03  0.124258E-03
[153213.770] 0    8300  0.511047E+02  0.465E-02  0.120E+01  0.292E-01  0.500E-02 -0.120276E-03  0.113853E-03
[153326.269] 0    8310  0.511512E+02  0.468E-02  0.120E+01  0.294E-01  0.500E-02 -0.115378E-03  0.103970E-03
[153438.748] 0    8320  0.511985E+02  0.475E-02  0.120E+01  0.299E-01  0.500E-02 -0.112882E-03  0.101069E-03
[153551.244] 0    8330  0.512464E+02  0.485E-02  0.120E+01  0.305E-01  0.500E-02 -0.104678E-03  0.972008E-04
[153703.735] 0    8340  0.512953E+02  0.496E-02  0.120E+01  0.312E-01  0.500E-02 -0.108834E-03  0.932981E-04
[153816.236] 0    8350  0.513449E+02  0.492E-02  0.120E+01  0.310E-01  0.500E-02 -0.107381E-03  0.987219E-04
[153928.736] 0    8360  0.513939E+02  0.487E-02  0.120E+01  0.306E-01  0.500E-02 -0.114213E-03  0.928509E-04
[154041.240] 0    8370  0.514420E+02  0.482E-02  0.120E+01  0.303E-01  0.500E-02 -0.112420E-03  0.865568E-04
[154153.743] 0    8380  0.514900E+02  0.475E-02  0.120E+01  0.299E-01  0.500E-02 -0.112234E-03  0.982158E-04
[154306.256] 0    8390  0.515373E+02  0.472E-02  0.120E+01  0.297E-01  0.500E-02 -0.112171E-03  0.955558E-04
[154746.715] 0    8400  0.515845E+02  0.473E-02  0.120E+01  0.298E-01  0.500E-02 -0.110849E-03  0.938032E-04
[154859.247] 0    8410  0.516326E+02  0.491E-02  0.120E+01  0.309E-01  0.500E-02 -0.126746E-03  0.999121E-04
[155011.783] 0    8420  0.516810E+02  0.479E-02  0.120E+01  0.301E-01  0.500E-02 -0.149663E-03  0.105290E-03
[155124.316] 0    8430  0.517288E+02  0.479E-02  0.120E+01  0.301E-01  0.500E-02 -0.162767E-03  0.109061E-03
[155236.844] 0    8440  0.517773E+02  0.496E-02  0.120E+01  0.312E-01  0.500E-02 -0.139284E-03  0.103223E-03
[155349.377] 0    8450  0.518269E+02  0.483E-02  0.120E+01  0.304E-01  0.500E-02 -0.115971E-03  0.101991E-03
[155501.912] 0    8460  0.518750E+02  0.500E-02  0.120E+01  0.315E-01  0.500E-02 -0.108069E-03  0.995511E-04
[155614.449] 0    8470  0.519247E+02  0.488E-02  0.120E+01  0.307E-01  0.500E-02 -0.111387E-03  0.100859E-03
[155726.987] 0    8480  0.519732E+02  0.478E-02  0.120E+01  0.300E-01  0.500E-02 -0.101392E-03  0.893085E-04
[155839.535] 0    8490  0.520203E+02  0.463E-02  0.120E+01  0.291E-01  0.500E-02 -0.932914E-04  0.811912E-04
[160325.043] 0    8500  0.520658E+02  0.448E-02  0.120E+01  0.281E-01  0.500E-02 -0.879505E-04  0.843577E-04
[160437.640] 0    8510  0.521104E+02  0.448E-02  0.120E+01  0.282E-01  0.500E-02 -0.977739E-04  0.909844E-04
[160550.255] 0    8520  0.521558E+02  0.461E-02  0.120E+01  0.290E-01  0.500E-02 -0.106619E-03  0.874710E-04
[160702.854] 0    8530  0.522032E+02  0.485E-02  0.120E+01  0.305E-01  0.500E-02 -0.109220E-03  0.810687E-04
[160815.470] 0    8540  0.522525E+02  0.505E-02  0.120E+01  0.318E-01  0.500E-02 -0.117989E-03  0.873179E-04
[160928.078] 0    8550  0.523022E+02  0.488E-02  0.120E+01  0.307E-01  0.500E-02 -0.124380E-03  0.107695E-03
[161040.691] 0    8560  0.523502E+02  0.474E-02  0.120E+01  0.298E-01  0.500E-02 -0.119178E-03  0.104171E-03
[161153.314] 0    8570  0.523975E+02  0.476E-02  0.120E+01  0.299E-01  0.500E-02 -0.109170E-03  0.995997E-04
[161305.918] 0    8580  0.524453E+02  0.484E-02  0.120E+01  0.305E-01  0.500E-02 -0.124067E-03  0.108932E-03
[161418.530] 0    8590  0.524947E+02  0.502E-02  0.120E+01  0.316E-01  0.500E-02 -0.130384E-03  0.105202E-03
[161858.991] 0    8600  0.525449E+02  0.507E-02  0.120E+01  0.319E-01  0.500E-02 -0.124044E-03  0.984241E-04
[162011.599] 0    8610  0.525962E+02  0.517E-02  0.120E+01  0.325E-01  0.500E-02 -0.118461E-03  0.962281E-04
[162124.188] 0    8620  0.526478E+02  0.517E-02  0.120E+01  0.325E-01  0.500E-02 -0.112896E-03  0.102208E-03
[162236.795] 0    8630  0.526993E+02  0.515E-02  0.120E+01  0.324E-01  0.500E-02 -0.126374E-03  0.105324E-03
[162349.392] 0    8640  0.527495E+02  0.481E-02  0.120E+01  0.302E-01  0.500E-02 -0.129302E-03  0.101703E-03
[162501.987] 0    8650  0.527966E+02  0.461E-02  0.120E+01  0.290E-01  0.500E-02 -0.104073E-03  0.872960E-04
[162614.581] 0    8660  0.528424E+02  0.460E-02  0.120E+01  0.289E-01  0.500E-02 -0.787194E-04  0.816654E-04
[162727.184] 0    8670  0.528887E+02  0.473E-02  0.120E+01  0.297E-01  0.500E-02 -0.945848E-04  0.804703E-04
[162839.777] 0    8680  0.529368E+02  0.492E-02  0.120E+01  0.309E-01  0.500E-02 -0.107474E-03  0.767363E-04
[162952.371] 0    8690  0.529861E+02  0.485E-02  0.120E+01  0.305E-01  0.500E-02 -0.110641E-03  0.736365E-04
[163436.232] 0    8700  0.530336E+02  0.462E-02  0.120E+01  0.291E-01  0.500E-02 -0.109305E-03  0.780573E-04
[163548.773] 0    8710  0.530797E+02  0.462E-02  0.120E+01  0.291E-01  0.500E-02 -0.123308E-03  0.808680E-04
[163701.318] 0    8720  0.531261E+02  0.467E-02  0.120E+01  0.294E-01  0.500E-02 -0.129904E-03  0.851466E-04
[163813.861] 0    8730  0.531739E+02  0.493E-02  0.120E+01  0.310E-01  0.500E-02 -0.126887E-03  0.874421E-04
[163926.410] 0    8740  0.532241E+02  0.514E-02  0.120E+01  0.323E-01  0.500E-02 -0.124281E-03  0.924561E-04
[164038.954] 0    8750  0.532765E+02  0.526E-02  0.120E+01  0.331E-01  0.500E-02 -0.136719E-03  0.105474E-03
[164151.493] 0    8760  0.533281E+02  0.501E-02  0.120E+01  0.315E-01  0.500E-02 -0.132194E-03  0.915642E-04
[164304.044] 0    8770  0.533783E+02  0.498E-02  0.120E+01  0.313E-01  0.500E-02 -0.128185E-03  0.876821E-04
[164416.597] 0    8780  0.534279E+02  0.495E-02  0.120E+01  0.311E-01  0.500E-02 -0.121628E-03  0.835776E-04
[164529.152] 0    8790  0.534773E+02  0.484E-02  0.120E+01  0.305E-01  0.500E-02 -0.126391E-03  0.905879E-04
[165010.588] 0    8800  0.535246E+02  0.467E-02  0.120E+01  0.293E-01  0.500E-02 -0.129128E-03  0.863801E-04
[165123.155] 0    8810  0.535716E+02  0.485E-02  0.120E+01  0.305E-01  0.500E-02 -0.108451E-03  0.860222E-04
[165235.756] 0    8820  0.536219E+02  0.531E-02  0.120E+01  0.334E-01  0.500E-02 -0.114290E-03  0.960275E-04
[165348.335] 0    8830  0.536757E+02  0.533E-02  0.120E+01  0.335E-01  0.500E-02 -0.133745E-03  0.963883E-04
[165500.928] 0    8840  0.537288E+02  0.527E-02  0.120E+01  0.332E-01  0.500E-02 -0.143481E-03  0.963157E-04
[165613.499] 0    8850  0.537814E+02  0.526E-02  0.120E+01  0.331E-01  0.500E-02 -0.137213E-03  0.934538E-04
[165726.077] 0    8860  0.538334E+02  0.510E-02  0.120E+01  0.321E-01  0.500E-02 -0.126259E-03  0.103894E-03
[165838.641] 0    8870  0.538834E+02  0.487E-02  0.120E+01  0.307E-01  0.500E-02 -0.115644E-03  0.112441E-03
[165951.209] 0    8880  0.539329E+02  0.492E-02  0.120E+01  0.309E-01  0.500E-02 -0.109262E-03  0.100957E-03
[170103.777] 0    8890  0.539814E+02  0.479E-02  0.120E+01  0.301E-01  0.500E-02 -0.115297E-03  0.981659E-04
[170551.732] 0    8900  0.540291E+02  0.474E-02  0.120E+01  0.298E-01  0.500E-02 -0.118186E-03  0.994451E-04
[170704.316] 0    8910  0.540764E+02  0.464E-02  0.120E+01  0.292E-01  0.500E-02 -0.117234E-03  0.969516E-04
[170816.892] 0    8920  0.541228E+02  0.468E-02  0.120E+01  0.294E-01  0.500E-02 -0.112606E-03  0.852601E-04
[170929.460] 0    8930  0.541689E+02  0.456E-02  0.120E+01  0.287E-01  0.500E-02 -0.120319E-03  0.865846E-04
[171042.031] 0    8940  0.542144E+02  0.456E-02  0.120E+01  0.287E-01  0.500E-02 -0.121833E-03  0.903939E-04
[171154.620] 0    8950  0.542604E+02  0.464E-02  0.120E+01  0.292E-01  0.500E-02 -0.118042E-03  0.859111E-04
[171307.195] 0    8960  0.543078E+02  0.484E-02  0.120E+01  0.304E-01  0.500E-02 -0.123843E-03  0.803166E-04
[171419.774] 0    8970  0.543567E+02  0.484E-02  0.120E+01  0.304E-01  0.500E-02 -0.108971E-03  0.804476E-04
[171532.340] 0    8980  0.544044E+02  0.472E-02  0.120E+01  0.297E-01  0.500E-02 -0.977154E-04  0.757321E-04
[171644.925] 0    8990  0.544514E+02  0.470E-02  0.120E+01  0.295E-01  0.500E-02 -0.906406E-04  0.833546E-04
[172130.096] 0    9000  0.544982E+02  0.468E-02  0.120E+01  0.294E-01  0.500E-02 -0.865181E-04  0.851852E-04
[172242.722] 0    9010  0.545451E+02  0.464E-02  0.120E+01  0.292E-01  0.500E-02 -0.865031E-04  0.908935E-04
[172355.315] 0    9020  0.545908E+02  0.451E-02  0.120E+01  0.284E-01  0.500E-02 -0.932971E-04  0.970414E-04
[172507.918] 0    9030  0.546352E+02  0.439E-02  0.120E+01  0.276E-01  0.500E-02 -0.992965E-04  0.105316E-03
[172620.521] 0    9040  0.546791E+02  0.440E-02  0.120E+01  0.277E-01  0.500E-02 -0.106619E-03  0.971604E-04
[172733.110] 0    9050  0.547229E+02  0.434E-02  0.120E+01  0.273E-01  0.500E-02 -0.121354E-03  0.830294E-04
[172845.711] 0    9060  0.547663E+02  0.431E-02  0.120E+01  0.271E-01  0.500E-02 -0.126141E-03  0.774943E-04
[172958.327] 0    9070  0.548095E+02  0.433E-02  0.120E+01  0.272E-01  0.500E-02 -0.123415E-03  0.721559E-04
[173110.950] 0    9080  0.548525E+02  0.426E-02  0.120E+01  0.268E-01  0.500E-02 -0.116203E-03  0.767165E-04
[173223.562] 0    9090  0.548949E+02  0.424E-02  0.120E+01  0.266E-01  0.500E-02 -0.111943E-03  0.787933E-04
[173708.999] 0    9100  0.549375E+02  0.424E-02  0.120E+01  0.267E-01  0.500E-02 -0.109200E-03  0.710022E-04
[173821.596] 0    9110  0.549798E+02  0.421E-02  0.120E+01  0.265E-01  0.500E-02 -0.105863E-03  0.737748E-04
[173934.197] 0    9120  0.550215E+02  0.414E-02  0.120E+01  0.261E-01  0.500E-02 -0.104185E-03  0.752543E-04
[174046.796] 0    9130  0.550626E+02  0.407E-02  0.120E+01  0.256E-01  0.500E-02 -0.971492E-04  0.806686E-04
[174159.396] 0    9140  0.551031E+02  0.404E-02  0.120E+01  0.254E-01  0.500E-02 -0.937851E-04  0.860717E-04
[174311.998] 0    9150  0.551433E+02  0.395E-02  0.120E+01  0.249E-01  0.500E-02 -0.970030E-04  0.900842E-04
[174424.592] 0    9160  0.551822E+02  0.382E-02  0.120E+01  0.240E-01  0.500E-02 -0.975236E-04  0.890190E-04
[174537.196] 0    9170  0.552196E+02  0.365E-02  0.120E+01  0.229E-01  0.500E-02 -0.104144E-03  0.848967E-04
[174649.799] 0    9180  0.552553E+02  0.349E-02  0.120E+01  0.219E-01  0.500E-02 -0.115480E-03  0.878271E-04
[174802.408] 0    9190  0.552901E+02  0.349E-02  0.120E+01  0.219E-01  0.500E-02 -0.125042E-03  0.889661E-04
[175249.143] 0    9200  0.553247E+02  0.344E-02  0.120E+01  0.216E-01  0.500E-02 -0.139242E-03  0.914844E-04
[175401.751] 0    9210  0.553594E+02  0.339E-02  0.120E+01  0.213E-01  0.500E-02 -0.150407E-03  0.949028E-04
[175514.347] 0    9220  0.553927E+02  0.327E-02  0.120E+01  0.206E-01  0.500E-02 -0.158544E-03  0.101482E-03
[175626.940] 0    9230  0.554259E+02  0.335E-02  0.120E+01  0.211E-01  0.500E-02 -0.169431E-03  0.108029E-03
[175739.550] 0    9240  0.554603E+02  0.355E-02  0.120E+01  0.223E-01  0.500E-02 -0.183031E-03  0.114133E-03
[175852.152] 0    9250  0.554973E+02  0.386E-02  0.120E+01  0.243E-01  0.500E-02 -0.190800E-03  0.122532E-03
[180004.756] 0    9260  0.555373E+02  0.404E-02  0.120E+01  0.254E-01  0.500E-02 -0.193863E-03  0.128587E-03
[180117.368] 0    9270  0.555778E+02  0.404E-02  0.120E+01  0.254E-01  0.500E-02 -0.190122E-03  0.131334E-03
[180229.973] 0    9280  0.556182E+02  0.406E-02  0.120E+01  0.256E-01  0.500E-02 -0.178472E-03  0.132015E-03
[180342.579] 0    9290  0.556594E+02  0.421E-02  0.120E+01  0.265E-01  0.500E-02 -0.150225E-03  0.134919E-03
[180824.655] 0    9300  0.557017E+02  0.422E-02  0.120E+01  0.265E-01  0.500E-02 -0.130001E-03  0.132815E-03
[180937.291] 0    9310  0.557438E+02  0.421E-02  0.120E+01  0.265E-01  0.500E-02 -0.113973E-03  0.129843E-03
[181049.918] 0    9320  0.557862E+02  0.428E-02  0.120E+01  0.269E-01  0.500E-02 -0.104836E-03  0.130764E-03
[181202.535] 0    9330  0.558295E+02  0.439E-02  0.120E+01  0.276E-01  0.500E-02 -0.964470E-04  0.132651E-03
[181315.152] 0    9340  0.558738E+02  0.449E-02  0.120E+01  0.283E-01  0.500E-02 -0.837353E-04  0.134776E-03
[181427.772] 0    9350  0.559194E+02  0.465E-02  0.120E+01  0.292E-01  0.500E-02 -0.845960E-04  0.135339E-03
[181540.396] 0    9360  0.559667E+02  0.487E-02  0.120E+01  0.306E-01  0.500E-02 -0.876516E-04  0.131190E-03
[181653.034] 0    9370  0.560165E+02  0.513E-02  0.120E+01  0.323E-01  0.500E-02 -0.866322E-04  0.128951E-03
[181805.655] 0    9380  0.560681E+02  0.521E-02  0.120E+01  0.328E-01  0.500E-02 -0.947478E-04  0.125377E-03
[181918.283] 0    9390  0.561200E+02  0.506E-02  0.120E+01  0.319E-01  0.500E-02 -0.955625E-04  0.118510E-03
[182400.329] 0    9400  0.561699E+02  0.491E-02  0.120E+01  0.309E-01  0.500E-02 -0.995973E-04  0.108924E-03
[182513.007] 0    9410  0.562188E+02  0.490E-02  0.120E+01  0.308E-01  0.500E-02 -0.938306E-04  0.105344E-03
[182625.669] 0    9420  0.562681E+02  0.501E-02  0.120E+01  0.315E-01  0.500E-02 -0.986735E-04  0.104305E-03
[182738.348] 0    9430  0.563189E+02  0.516E-02  0.120E+01  0.324E-01  0.500E-02 -0.100446E-03  0.930580E-04
[182851.045] 0    9440  0.563702E+02  0.506E-02  0.120E+01  0.318E-01  0.500E-02 -0.100860E-03  0.815527E-04
[183003.740] 0    9450  0.564201E+02  0.500E-02  0.120E+01  0.315E-01  0.500E-02 -0.981686E-04  0.868473E-04
[183116.445] 0    9460  0.564705E+02  0.506E-02  0.120E+01  0.318E-01  0.500E-02 -0.113496E-03  0.826711E-04
[183229.140] 0    9470  0.565213E+02  0.503E-02  0.120E+01  0.316E-01  0.500E-02 -0.127518E-03  0.900091E-04
[183341.833] 0    9480  0.565721E+02  0.508E-02  0.120E+01  0.320E-01  0.500E-02 -0.126389E-03  0.888139E-04
[183454.542] 0    9490  0.566230E+02  0.508E-02  0.120E+01  0.320E-01  0.500E-02 -0.127319E-03  0.904482E-04
[183953.634] 0    9500  0.566738E+02  0.503E-02  0.120E+01  0.317E-01  0.500E-02 -0.137991E-03  0.952238E-04
[184106.294] 0    9510  0.567236E+02  0.488E-02  0.120E+01  0.307E-01  0.500E-02 -0.144672E-03  0.942959E-04
[184218.956] 0    9520  0.567721E+02  0.481E-02  0.120E+01  0.302E-01  0.500E-02 -0.146699E-03  0.927444E-04
[184331.629] 0    9530  0.568205E+02  0.490E-02  0.120E+01  0.308E-01  0.500E-02 -0.152400E-03  0.952429E-04
[184444.313] 0    9540  0.568701E+02  0.505E-02  0.120E+01  0.318E-01  0.500E-02 -0.161760E-03  0.942592E-04
[184557.009] 0    9550  0.569206E+02  0.504E-02  0.120E+01  0.317E-01  0.500E-02 -0.170930E-03  0.101349E-03
[184709.712] 0    9560  0.569715E+02  0.519E-02  0.120E+01  0.326E-01  0.500E-02 -0.173097E-03  0.105675E-03
[184822.415] 0    9570  0.570227E+02  0.506E-02  0.120E+01  0.318E-01  0.500E-02 -0.166551E-03  0.114905E-03
[184935.114] 0    9580  0.570725E+02  0.493E-02  0.120E+01  0.310E-01  0.500E-02 -0.163700E-03  0.117937E-03
[185047.815] 0    9590  0.571218E+02  0.494E-02  0.120E+01  0.311E-01  0.500E-02 -0.157020E-03  0.105857E-03
[185532.282] 0    9600  0.571716E+02  0.505E-02  0.120E+01  0.318E-01  0.500E-02 -0.147491E-03  0.101962E-03
[185644.960] 0    9610  0.572231E+02  0.526E-02  0.120E+01  0.331E-01  0.500E-02 -0.136814E-03  0.995764E-04
[185757.645] 0    9620  0.572764E+02  0.534E-02  0.120E+01  0.336E-01  0.500E-02 -0.129323E-03  0.108107E-03
[185910.286] 0    9630  0.573297E+02  0.531E-02  0.120E+01  0.334E-01  0.500E-02 -0.123303E-03  0.113610E-03
[190022.938] 0    9640  0.573825E+02  0.520E-02  0.120E+01  0.327E-01  0.500E-02 -0.114445E-03  0.116549E-03
[190135.585] 0    9650  0.574340E+02  0.504E-02  0.120E+01  0.317E-01  0.500E-02 -0.116732E-03  0.104477E-03
[190248.209] 0    9660  0.574839E+02  0.496E-02  0.120E+01  0.312E-01  0.500E-02 -0.119315E-03  0.881684E-04
[190400.824] 0    9670  0.575331E+02  0.492E-02  0.120E+01  0.310E-01  0.500E-02 -0.118070E-03  0.807537E-04
[190513.441] 0    9680  0.575826E+02  0.498E-02  0.120E+01  0.313E-01  0.500E-02 -0.114568E-03  0.862453E-04
[190626.035] 0    9690  0.576327E+02  0.507E-02  0.120E+01  0.319E-01  0.500E-02 -0.103077E-03  0.882849E-04
[191118.208] 0    9700  0.576832E+02  0.514E-02  0.120E+01  0.323E-01  0.500E-02 -0.896896E-04  0.804420E-04
[191230.823] 0    9710  0.577342E+02  0.514E-02  0.120E+01  0.323E-01  0.500E-02 -0.909133E-04  0.775490E-04
[191343.438] 0    9720  0.577846E+02  0.493E-02  0.120E+01  0.310E-01  0.500E-02 -0.879877E-04  0.840232E-04
[191456.039] 0    9730  0.578333E+02  0.483E-02  0.120E+01  0.304E-01  0.500E-02 -0.868563E-04  0.823944E-04
[191608.650] 0    9740  0.578815E+02  0.485E-02  0.120E+01  0.305E-01  0.500E-02 -0.923749E-04  0.853067E-04
[191721.261] 0    9750  0.579301E+02  0.489E-02  0.120E+01  0.308E-01  0.500E-02 -0.100788E-03  0.923121E-04
[191833.870] 0    9760  0.579790E+02  0.486E-02  0.120E+01  0.306E-01  0.500E-02 -0.115089E-03  0.977179E-04
[191946.473] 0    9770  0.580276E+02  0.486E-02  0.120E+01  0.306E-01  0.500E-02 -0.121233E-03  0.996777E-04
[192059.088] 0    9780  0.580764E+02  0.489E-02  0.120E+01  0.307E-01  0.500E-02 -0.115750E-03  0.981689E-04
[192211.705] 0    9790  0.581249E+02  0.480E-02  0.120E+01  0.302E-01  0.500E-02 -0.110412E-03  0.907777E-04
[192702.977] 0    9800  0.581729E+02  0.481E-02  0.120E+01  0.302E-01  0.500E-02 -0.115082E-03  0.881436E-04
[192815.581] 0    9810  0.582206E+02  0.473E-02  0.120E+01  0.298E-01  0.500E-02 -0.121642E-03  0.903744E-04
[192928.185] 0    9820  0.582680E+02  0.478E-02  0.120E+01  0.300E-01  0.500E-02 -0.129702E-03  0.971494E-04
[193040.781] 0    9830  0.583160E+02  0.483E-02  0.120E+01  0.304E-01  0.500E-02 -0.131779E-03  0.963088E-04
[193153.371] 0    9840  0.583642E+02  0.480E-02  0.120E+01  0.302E-01  0.500E-02 -0.125681E-03  0.884411E-04
[193305.971] 0    9850  0.584128E+02  0.495E-02  0.120E+01  0.311E-01  0.500E-02 -0.117056E-03  0.821223E-04
[193418.581] 0    9860  0.584626E+02  0.497E-02  0.120E+01  0.313E-01  0.500E-02 -0.104772E-03  0.872778E-04
[193531.186] 0    9870  0.585122E+02  0.495E-02  0.120E+01  0.311E-01  0.500E-02 -0.922664E-04  0.754940E-04
[193643.810] 0    9880  0.585616E+02  0.492E-02  0.120E+01  0.309E-01  0.500E-02 -0.835058E-04  0.675249E-04
[193756.412] 0    9890  0.586105E+02  0.488E-02  0.120E+01  0.307E-01  0.500E-02 -0.854847E-04  0.715531E-04
[194245.723] 0    9900  0.586590E+02  0.484E-02  0.120E+01  0.305E-01  0.500E-02 -0.874579E-04  0.804222E-04
[194358.332] 0    9910  0.587074E+02  0.488E-02  0.120E+01  0.307E-01  0.500E-02 -0.100119E-03  0.797742E-04
[194510.937] 0    9920  0.587566E+02  0.501E-02  0.120E+01  0.315E-01  0.500E-02 -0.924099E-04  0.723138E-04
[194623.576] 0    9930  0.588065E+02  0.492E-02  0.120E+01  0.310E-01  0.500E-02 -0.847692E-04  0.731173E-04
[194736.197] 0    9940  0.588556E+02  0.492E-02  0.120E+01  0.310E-01  0.500E-02 -0.784600E-04  0.733032E-04
[194848.800] 0    9950  0.589057E+02  0.509E-02  0.120E+01  0.320E-01  0.500E-02 -0.736771E-04  0.661720E-04
[195001.421] 0    9960  0.589571E+02  0.512E-02  0.120E+01  0.322E-01  0.500E-02 -0.739775E-04  0.549643E-04
[195114.035] 0    9970  0.590080E+02  0.507E-02  0.120E+01  0.319E-01  0.500E-02 -0.772739E-04  0.557943E-04
[195226.655] 0    9980  0.590589E+02  0.505E-02  0.120E+01  0.317E-01  0.500E-02 -0.838319E-04  0.614183E-04
[195339.272] 0    9990  0.591088E+02  0.492E-02  0.120E+01  0.310E-01  0.500E-02 -0.849362E-04  0.660264E-04
[195815.809] 0   10000  0.591579E+02  0.489E-02  0.120E+01  0.308E-01  0.500E-02 -0.813474E-04  0.830028E-04
