0.184125E+01
0.396022E+01
0.527254E+01
0.621374E+01
0.706029E+01
0.786828E+01
0.870241E+01
0.948737E+01
0.102816E+02
0.110531E+02
0.118024E+02
0.125498E+02
0.132961E+02
0.140525E+02
0.147565E+02
0.154425E+02
0.160788E+02
0.166619E+02
0.172287E+02
0.178330E+02
0.184289E+02
0.189731E+02
0.194982E+02
0.200378E+02
0.205889E+02
0.211474E+02
0.216944E+02
0.222435E+02
0.227589E+02
0.232875E+02
0.238188E+02
0.243240E+02
0.248582E+02
0.253740E+02
0.258897E+02
0.263765E+02
0.268832E+02
0.273775E+02
0.278542E+02
0.283350E+02
0.288138E+02
0.292993E+02
0.298079E+02
0.303368E+02
0.308797E+02
0.314177E+02
0.318808E+02
0.323645E+02
0.328971E+02
0.334415E+02
0.339720E+02
0.345110E+02
0.350155E+02
0.355520E+02
0.360863E+02
0.366495E+02
0.372202E+02
0.377704E+02
0.383557E+02
0.389089E+02
0.394715E+02
0.400116E+02
0.405809E+02
0.411339E+02
0.416493E+02
0.421449E+02
0.426948E+02
0.432480E+02
0.437848E+02
0.443395E+02
0.448660E+02
0.454098E+02
0.459566E+02
0.464580E+02
0.469784E+02
0.474986E+02
0.480212E+02
0.485348E+02
0.490552E+02
0.495825E+02
0.500965E+02
0.506061E+02
0.511047E+02
0.515845E+02
0.520658E+02
0.525449E+02
0.530336E+02
0.535246E+02
0.540291E+02
0.544982E+02
0.549375E+02
0.553247E+02
0.557017E+02
0.561699E+02
0.566738E+02
0.571716E+02
0.576832E+02
0.581729E+02
0.586590E+02
0.591579E+02
