 300  0.158204E+01
 400  0.239070E+01
 500  0.315231E+01
 600  0.378132E+01
 700  0.433225E+01
 800  0.481475E+01
 900  0.524925E+01
1000  0.563994E+01
1100  0.600156E+01
1200  0.634790E+01
1300  0.666755E+01
1400  0.695757E+01
1500  0.724300E+01
1600  0.751305E+01
1700  0.778750E+01
1800  0.803714E+01
1900  0.828060E+01
2000  0.854857E+01
2100  0.880635E+01
2200  0.907390E+01
2300  0.933094E+01
2400  0.958121E+01
2500  0.981721E+01
2600  0.100537E+02
2700  0.102974E+02
2800  0.105403E+02
2900  0.107846E+02
3000  0.110336E+02
3100  0.112700E+02
3200  0.115033E+02
3300  0.117418E+02
3400  0.119806E+02
3500  0.122161E+02
