[140103.941] Time 0.91666E+000
[140210.355] Time 0.16014E+001
[140318.652] Time 0.24710E+001
[140425.127] Time 0.31937E+001
[140531.635] Time 0.37865E+001
[140638.080] Time 0.42852E+001
[140744.088] Time 0.47787E+001
[140850.771] Time 0.51969E+001
[140956.993] Time 0.55813E+001
[141103.633] Time 0.59268E+001
[141210.246] Time 0.62387E+001
[141316.680] Time 0.65656E+001
[141423.313] Time 0.68405E+001
[141529.429] Time 0.71127E+001
[141635.987] Time 0.73984E+001
[141742.975] Time 0.76626E+001
[141849.852] Time 0.79106E+001
[141955.956] Time 0.81594E+001
[142103.618] Time 0.83878E+001
[142210.464] Time 0.86152E+001
[142317.132] Time 0.88437E+001
[142423.418] Time 0.90750E+001
[142530.718] Time 0.92979E+001
[142637.637] Time 0.95223E+001
[142744.381] Time 0.97387E+001
[142850.575] Time 0.99451E+001
[142957.671] Time 0.10156E+002
[143104.599] Time 0.10388E+002
[143211.190] Time 0.10622E+002
[143317.496] Time 0.10845E+002
