[122328.290] ###############################################################################################
[122328.290] #  Itn.    time          dt         CFL#       D#         visc       DilMin        DilMax     #
[122328.290] ###############################################################################################
[122328.340] 0       0  0.000000E+00  0.538E-02  0.120E+01  0.435E-01  0.125E-02 -0.146082E-03  0.203523E-03
[122450.267] 0      10  0.559160E-01  0.541E-02  0.120E+01  0.438E-01  0.125E-02 -0.209114E-04  0.211909E-04
[122612.093] 0      20  0.110861E+00  0.556E-02  0.120E+01  0.450E-01  0.125E-02 -0.636501E-04  0.111828E-03
[122734.028] 0      30  0.165852E+00  0.551E-02  0.120E+01  0.446E-01  0.125E-02 -0.749731E-04  0.866325E-04
[122855.987] 0      40  0.222494E+00  0.585E-02  0.120E+01  0.473E-01  0.125E-02 -0.124924E-03  0.111090E-03
[123017.889] 0      50  0.279716E+00  0.565E-02  0.120E+01  0.457E-01  0.125E-02 -0.115598E-03  0.864449E-04
[123139.877] 0      60  0.338011E+00  0.624E-02  0.120E+01  0.504E-01  0.125E-02 -0.112197E-03  0.827692E-04
[123302.670] 0      70  0.400660E+00  0.635E-02  0.120E+01  0.513E-01  0.125E-02 -0.117621E-03  0.745277E-04
[123424.789] 0      80  0.466062E+00  0.680E-02  0.120E+01  0.550E-01  0.125E-02 -0.102487E-03  0.678744E-04
[123547.741] 0      90  0.536814E+00  0.725E-02  0.120E+01  0.586E-01  0.125E-02 -0.131055E-03  0.122882E-03
[123727.454] 0     100  0.609801E+00  0.743E-02  0.120E+01  0.600E-01  0.125E-02 -0.157528E-03  0.140634E-03
[123849.894] 0     110  0.686728E+00  0.805E-02  0.120E+01  0.651E-01  0.125E-02 -0.131028E-03  0.101082E-03
[124011.927] 0     120  0.767807E+00  0.810E-02  0.120E+01  0.654E-01  0.125E-02 -0.124886E-03  0.923223E-04
[124133.982] 0     130  0.849095E+00  0.821E-02  0.120E+01  0.664E-01  0.125E-02 -0.127512E-03  0.887074E-04
[124256.013] 0     140  0.931117E+00  0.817E-02  0.120E+01  0.660E-01  0.125E-02 -0.125794E-03  0.818130E-04
[124417.982] 0     150  0.101314E+01  0.824E-02  0.120E+01  0.666E-01  0.125E-02 -0.742093E-04  0.562138E-04
[124539.979] 0     160  0.109578E+01  0.811E-02  0.120E+01  0.656E-01  0.125E-02 -0.880719E-04  0.637847E-04
[124701.884] 0     170  0.117487E+01  0.770E-02  0.120E+01  0.623E-01  0.125E-02 -0.768922E-04  0.907721E-04
[124823.946] 0     180  0.124938E+01  0.719E-02  0.120E+01  0.581E-01  0.125E-02 -0.731353E-04  0.802590E-04
[124945.860] 0     190  0.132011E+01  0.698E-02  0.120E+01  0.564E-01  0.125E-02 -0.736321E-04  0.789713E-04
[125124.807] 0     200  0.139017E+01  0.705E-02  0.120E+01  0.570E-01  0.125E-02 -0.812284E-04  0.510743E-04
[125246.672] 0     210  0.146138E+01  0.723E-02  0.120E+01  0.585E-01  0.125E-02 -0.103104E-03  0.715455E-04
[125408.554] 0     220  0.153464E+01  0.742E-02  0.120E+01  0.600E-01  0.125E-02 -0.126242E-03  0.101058E-03
[125530.429] 0     230  0.160965E+01  0.759E-02  0.120E+01  0.614E-01  0.125E-02 -0.116176E-03  0.918547E-04
[125652.251] 0     240  0.168638E+01  0.777E-02  0.120E+01  0.628E-01  0.125E-02 -0.128464E-03  0.903811E-04
[125814.214] 0     250  0.176490E+01  0.797E-02  0.120E+01  0.644E-01  0.125E-02 -0.929043E-04  0.838121E-04
[125936.009] 0     260  0.184535E+01  0.815E-02  0.120E+01  0.658E-01  0.125E-02 -0.754458E-04  0.100202E-03
[130057.870] 0     270  0.192757E+01  0.832E-02  0.120E+01  0.672E-01  0.125E-02 -0.104507E-03  0.972228E-04
[130219.649] 0     280  0.201078E+01  0.831E-02  0.120E+01  0.671E-01  0.125E-02 -0.128238E-03  0.977625E-04
[130341.426] 0     290  0.209375E+01  0.829E-02  0.120E+01  0.670E-01  0.125E-02 -0.104644E-03  0.109398E-03
[130520.758] 0     300  0.217601E+01  0.813E-02  0.120E+01  0.658E-01  0.125E-02 -0.125393E-03  0.106021E-03
[130642.588] 0     310  0.225689E+01  0.803E-02  0.120E+01  0.649E-01  0.125E-02 -0.117807E-03  0.827705E-04
[130804.412] 0     320  0.233720E+01  0.803E-02  0.120E+01  0.649E-01  0.125E-02 -0.114528E-03  0.779942E-04
[130926.218] 0     330  0.241787E+01  0.811E-02  0.120E+01  0.656E-01  0.125E-02 -0.141532E-03  0.104686E-03
[131048.042] 0     340  0.249945E+01  0.812E-02  0.120E+01  0.656E-01  0.125E-02 -0.139658E-03  0.115882E-03
[131209.867] 0     350  0.257816E+01  0.760E-02  0.120E+01  0.614E-01  0.125E-02 -0.143531E-03  0.108563E-03
[131331.682] 0     360  0.265260E+01  0.730E-02  0.120E+01  0.590E-01  0.125E-02 -0.122610E-03  0.962673E-04
[131453.455] 0     370  0.272484E+01  0.718E-02  0.120E+01  0.580E-01  0.125E-02 -0.969180E-04  0.863385E-04
[131615.295] 0     380  0.279683E+01  0.726E-02  0.120E+01  0.587E-01  0.125E-02 -0.982235E-04  0.715837E-04
[131737.168] 0     390  0.287032E+01  0.748E-02  0.120E+01  0.604E-01  0.125E-02 -0.115079E-03  0.672640E-04
[131915.924] 0     400  0.294606E+01  0.765E-02  0.120E+01  0.618E-01  0.125E-02 -0.862322E-04  0.580490E-04
[132037.720] 0     410  0.302227E+01  0.755E-02  0.120E+01  0.610E-01  0.125E-02 -0.880043E-04  0.604419E-04
[132159.481] 0     420  0.309709E+01  0.741E-02  0.120E+01  0.599E-01  0.125E-02 -0.870145E-04  0.687013E-04
[132321.253] 0     430  0.317083E+01  0.735E-02  0.120E+01  0.594E-01  0.125E-02 -0.809394E-04  0.576320E-04
[132443.048] 0     440  0.324437E+01  0.737E-02  0.120E+01  0.596E-01  0.125E-02 -0.107825E-03  0.102207E-03
[132604.863] 0     450  0.331826E+01  0.741E-02  0.120E+01  0.599E-01  0.125E-02 -0.102312E-03  0.710166E-04
[132726.801] 0     460  0.339237E+01  0.742E-02  0.120E+01  0.600E-01  0.125E-02 -0.101046E-03  0.809555E-04
[132848.661] 0     470  0.346659E+01  0.743E-02  0.120E+01  0.601E-01  0.125E-02 -0.107641E-03  0.120486E-03
[133010.426] 0     480  0.354094E+01  0.744E-02  0.120E+01  0.602E-01  0.125E-02 -0.893751E-04  0.565435E-04
[133132.232] 0     490  0.361540E+01  0.745E-02  0.120E+01  0.603E-01  0.125E-02 -0.105300E-03  0.126094E-03
[133310.968] 0     500  0.368994E+01  0.745E-02  0.120E+01  0.603E-01  0.125E-02 -0.113439E-03  0.152373E-03
[174231.240] ###############################################################################################
[174231.240] #  Itn.    time          dt         CFL#       D#         visc       DilMin        DilMax     #
[174231.240] ###############################################################################################
[174231.292] 0       0  0.000000E+00  0.538E-02  0.120E+01  0.435E-01  0.125E-02 -0.146082E-03  0.203523E-03
[174412.727] 0      10  0.559108E-01  0.541E-02  0.120E+01  0.437E-01  0.125E-02 -0.497481E-04  0.360049E-04
[174622.962] 0      20  0.110879E+00  0.557E-02  0.120E+01  0.450E-01  0.125E-02 -0.707901E-04  0.100278E-03
[174826.981] 0      30  0.165913E+00  0.552E-02  0.120E+01  0.446E-01  0.125E-02 -0.590380E-04  0.950672E-04
[175032.877] 0      40  0.222557E+00  0.585E-02  0.120E+01  0.473E-01  0.125E-02 -0.116033E-03  0.998637E-04
[175247.128] 0      50  0.279725E+00  0.564E-02  0.120E+01  0.456E-01  0.125E-02 -0.783270E-04  0.750242E-04
[175501.040] 0      60  0.337915E+00  0.623E-02  0.120E+01  0.504E-01  0.125E-02 -0.787395E-04  0.820649E-04
[175714.616] 0      70  0.401636E+00  0.647E-02  0.120E+01  0.523E-01  0.125E-02 -0.729058E-04  0.791452E-04
[175927.775] 0      80  0.468119E+00  0.687E-02  0.120E+01  0.555E-01  0.125E-02 -0.818916E-04  0.859725E-04
[180141.463] 0      90  0.539032E+00  0.722E-02  0.120E+01  0.583E-01  0.125E-02 -0.113997E-03  0.103936E-03
[180415.164] 0     100  0.612385E+00  0.748E-02  0.120E+01  0.605E-01  0.125E-02 -0.704361E-04  0.955993E-04
[180633.837] 0     110  0.689742E+00  0.811E-02  0.120E+01  0.655E-01  0.125E-02 -0.857896E-04  0.100370E-03
[180851.929] 0     120  0.770862E+00  0.810E-02  0.120E+01  0.654E-01  0.125E-02 -0.126785E-03  0.104445E-03
[181105.753] 0     130  0.852579E+00  0.829E-02  0.120E+01  0.670E-01  0.125E-02 -0.113265E-03  0.844657E-04
[181318.029] 0     140  0.935461E+00  0.828E-02  0.120E+01  0.669E-01  0.125E-02 -0.994094E-04  0.745703E-04
[181528.714] 0     150  0.101853E+01  0.834E-02  0.120E+01  0.674E-01  0.125E-02 -0.129868E-03  0.748798E-04
[181733.055] 0     160  0.110268E+01  0.849E-02  0.120E+01  0.686E-01  0.125E-02 -0.129428E-03  0.898179E-04
[181948.720] 0     170  0.118516E+01  0.799E-02  0.120E+01  0.646E-01  0.125E-02 -0.105461E-03  0.788996E-04
[182200.076] 0     180  0.126377E+01  0.776E-02  0.120E+01  0.627E-01  0.125E-02 -0.136495E-03  0.932845E-04
[182414.328] 0     190  0.134141E+01  0.783E-02  0.120E+01  0.633E-01  0.125E-02 -0.142750E-03  0.114885E-03
[182638.392] 0     200  0.142107E+01  0.817E-02  0.120E+01  0.660E-01  0.125E-02 -0.113484E-03  0.906443E-04
[182842.689] 0     210  0.150493E+01  0.865E-02  0.120E+01  0.699E-01  0.125E-02 -0.101626E-03  0.901500E-04
[183046.926] 0     220  0.159334E+01  0.898E-02  0.120E+01  0.726E-01  0.125E-02 -0.145774E-03  0.122524E-03
[183253.193] 0     230  0.168397E+01  0.918E-02  0.120E+01  0.742E-01  0.125E-02 -0.140029E-03  0.868198E-04
[183505.466] 0     240  0.177693E+01  0.941E-02  0.120E+01  0.761E-01  0.125E-02 -0.132914E-03  0.111482E-03
[183717.625] 0     250  0.187247E+01  0.970E-02  0.120E+01  0.784E-01  0.125E-02 -0.130218E-03  0.918659E-04
[183928.619] 0     260  0.196988E+01  0.969E-02  0.120E+01  0.783E-01  0.125E-02 -0.138483E-03  0.126162E-03
[184138.753] 0     270  0.206600E+01  0.962E-02  0.120E+01  0.778E-01  0.125E-02 -0.991955E-04  0.931490E-04
[184346.488] 0     280  0.216283E+01  0.958E-02  0.120E+01  0.774E-01  0.125E-02 -0.816049E-04  0.512747E-04
[184552.381] 0     290  0.225655E+01  0.915E-02  0.120E+01  0.740E-01  0.125E-02 -0.102863E-03  0.547986E-04
[184817.564] 0     300  0.234672E+01  0.890E-02  0.120E+01  0.719E-01  0.125E-02 -0.131017E-03  0.713698E-04
[185024.797] 0     310  0.243474E+01  0.860E-02  0.120E+01  0.695E-01  0.125E-02 -0.108575E-03  0.764007E-04
[185239.573] 0     320  0.251874E+01  0.821E-02  0.120E+01  0.663E-01  0.125E-02 -0.116703E-03  0.679068E-04
[185446.534] 0     330  0.259984E+01  0.805E-02  0.120E+01  0.651E-01  0.125E-02 -0.116996E-03  0.687023E-04
[185656.478] 0     340  0.268048E+01  0.811E-02  0.120E+01  0.656E-01  0.125E-02 -0.112972E-03  0.705126E-04
[185908.061] 0     350  0.276267E+01  0.836E-02  0.120E+01  0.676E-01  0.125E-02 -0.840165E-04  0.591716E-04
[190117.353] 0     360  0.284775E+01  0.858E-02  0.120E+01  0.693E-01  0.125E-02 -0.107882E-03  0.648751E-04
[190324.706] 0     370  0.293258E+01  0.838E-02  0.120E+01  0.677E-01  0.125E-02 -0.102411E-03  0.574961E-04
[190536.114] 0     380  0.301568E+01  0.823E-02  0.120E+01  0.665E-01  0.125E-02 -0.107714E-03  0.660119E-04
[190746.888] 0     390  0.309759E+01  0.816E-02  0.120E+01  0.660E-01  0.125E-02 -0.964395E-04  0.724921E-04
[191009.139] 0     400  0.317833E+01  0.792E-02  0.120E+01  0.640E-01  0.125E-02 -0.761622E-04  0.700806E-04
[191215.827] 0     410  0.325622E+01  0.764E-02  0.120E+01  0.618E-01  0.125E-02 -0.756710E-04  0.827448E-04
[191425.771] 0     420  0.333162E+01  0.742E-02  0.120E+01  0.600E-01  0.125E-02 -0.986759E-04  0.803809E-04
[191628.573] 0     430  0.340500E+01  0.725E-02  0.120E+01  0.586E-01  0.125E-02 -0.120398E-03  0.718760E-04
[191827.148] 0     440  0.347692E+01  0.714E-02  0.120E+01  0.577E-01  0.125E-02 -0.121609E-03  0.873260E-04
[192038.570] 0     450  0.354801E+01  0.709E-02  0.120E+01  0.573E-01  0.125E-02 -0.107348E-03  0.931638E-04
[192248.869] 0     460  0.361891E+01  0.711E-02  0.120E+01  0.574E-01  0.125E-02 -0.114614E-03  0.107503E-03
[192452.158] 0     470  0.369026E+01  0.719E-02  0.120E+01  0.581E-01  0.125E-02 -0.100580E-03  0.702457E-04
[192707.817] 0     480  0.376274E+01  0.734E-02  0.120E+01  0.593E-01  0.125E-02 -0.766072E-04  0.503574E-04
[192925.006] 0     490  0.383701E+01  0.751E-02  0.120E+01  0.607E-01  0.125E-02 -0.911284E-04  0.648887E-04
[193159.572] 0     500  0.391192E+01  0.745E-02  0.120E+01  0.602E-01  0.125E-02 -0.564175E-04  0.443606E-04
[193321.539] 0     510  0.398598E+01  0.734E-02  0.120E+01  0.593E-01  0.125E-02 -0.698788E-04  0.641543E-04
[193443.410] 0     520  0.405863E+01  0.716E-02  0.120E+01  0.579E-01  0.125E-02 -0.102924E-03  0.103139E-03
[193604.669] 0     530  0.412959E+01  0.703E-02  0.120E+01  0.569E-01  0.125E-02 -0.117696E-03  0.101408E-03
[193725.861] 0     540  0.419956E+01  0.697E-02  0.120E+01  0.563E-01  0.125E-02 -0.118409E-03  0.862739E-04
[193846.982] 0     550  0.426917E+01  0.688E-02  0.120E+01  0.556E-01  0.125E-02 -0.911972E-04  0.699504E-04
[194008.162] 0     560  0.433693E+01  0.668E-02  0.120E+01  0.540E-01  0.125E-02 -0.758298E-04  0.544986E-04
[194129.296] 0     570  0.440288E+01  0.642E-02  0.120E+01  0.519E-01  0.125E-02 -0.938670E-04  0.647946E-04
[194250.443] 0     580  0.446562E+01  0.611E-02  0.120E+01  0.494E-01  0.125E-02 -0.100071E-03  0.673256E-04
[194411.490] 0     590  0.452571E+01  0.589E-02  0.120E+01  0.476E-01  0.125E-02 -0.965709E-04  0.780296E-04
[194549.507] 0     600  0.458405E+01  0.577E-02  0.120E+01  0.467E-01  0.125E-02 -0.810648E-04  0.723648E-04
[094528.092] ###############################################################################################
[094528.092] #  Itn.    time          dt         CFL#       D#         visc       DilMin        DilMax     #
[094528.092] ###############################################################################################
[094528.168] 0     600  0.458405E+01  0.577E-02  0.120E+01  0.467E-01  0.125E-02 -0.810648E-04  0.723648E-04
[094735.810] 0     610  0.464156E+01  0.573E-02  0.120E+01  0.463E-01  0.125E-02 -0.773678E-04  0.540424E-04
[094952.146] 0     620  0.469902E+01  0.576E-02  0.120E+01  0.466E-01  0.125E-02 -0.807438E-04  0.591783E-04
[095158.731] 0     630  0.475702E+01  0.582E-02  0.120E+01  0.470E-01  0.125E-02 -0.833853E-04  0.722337E-04
[095409.640] 0     640  0.481525E+01  0.579E-02  0.120E+01  0.468E-01  0.125E-02 -0.903440E-04  0.869928E-04
[095609.927] 0     650  0.487240E+01  0.563E-02  0.120E+01  0.455E-01  0.125E-02 -0.857092E-04  0.697882E-04
[095818.610] 0     660  0.492819E+01  0.552E-02  0.120E+01  0.447E-01  0.125E-02 -0.105369E-03  0.667557E-04
[100024.396] 0     670  0.498316E+01  0.547E-02  0.120E+01  0.442E-01  0.125E-02 -0.829871E-04  0.546505E-04
[100234.024] 0     680  0.503786E+01  0.548E-02  0.120E+01  0.443E-01  0.125E-02 -0.625202E-04  0.443584E-04
[100442.215] 0     690  0.509286E+01  0.554E-02  0.120E+01  0.448E-01  0.125E-02 -0.807870E-04  0.554983E-04
[100713.414] 0     700  0.514877E+01  0.567E-02  0.120E+01  0.458E-01  0.125E-02 -0.800774E-04  0.552545E-04
